[0.013s] Invoking command in '/home/baixiaobo/work/chassiss_odom_ws/ros2_for_rviz/odom_evo/build/odom_map_tum': CMAKE_PREFIX_PATH=${CMAKE_PREFIX_PATH}:/home/baixiaobo/work/chassiss_odom_ws/ros2_for_rviz/odom_evo/install/odom_map:/opt/ros/galactic /usr/local/bin/cmake --build /home/baixiaobo/work/chassiss_odom_ws/ros2_for_rviz/odom_evo/build/odom_map_tum -- -j16 -l16
[0.043s] [35m[1mConsolidate compiler generated dependencies of target odom_map_tum[0m
[0.093s] [  2%] [32mBuilding CXX object CMakeFiles/odom_map_tum.dir/src/local_map_on_odom.cpp.o[0m
[1.331s] In file included from [01m[K/home/baixiaobo/work/chassiss_odom_ws/ros2_for_rviz/odom_evo/include/odom_subscriber_for_rviz.hpp:9[m[K,
[1.331s]                  from [01m[K/home/baixiaobo/work/chassiss_odom_ws/ros2_for_rviz/odom_evo/src/local_map_on_odom.cpp:10[m[K:
[1.331s] [01m[K/home/baixiaobo/work/chassiss_odom_ws/ros2_for_rviz/odom_evo/include/odom_header.h:60:33:[m[K [01;35m[Kwarning: [m[Kmissing terminating " character
[1.332s]    60 | #include "nav_msgs/msg/path.hpp"[01;35m[K"[m[K
[1.332s]       |                                 [01;35m[K^[m[K
[1.332s] [01m[K/home/baixiaobo/work/chassiss_odom_ws/ros2_for_rviz/odom_evo/include/odom_header.h:60:33:[m[K [01;35m[Kwarning: [m[Kextra tokens at end of #include directive
[1.366s] In file included from [01m[K/home/baixiaobo/work/chassiss_odom_ws/ros2_for_rviz/odom_evo/src/local_map_on_odom.cpp:12[m[K:
[1.366s] [01m[K/home/baixiaobo/work/chassiss_odom_ws/ros2_for_rviz/odom_evo/include/odom_header.h:60:33:[m[K [01;35m[Kwarning: [m[Kmissing terminating " character
[1.366s]    60 | #include "nav_msgs/msg/path.hpp"[01;35m[K"[m[K
[1.366s]       |                                 [01;35m[K^[m[K
[4.963s] In file included from [01m[K/home/baixiaobo/work/chassiss_odom_ws/ros2_for_rviz/odom_evo/src/local_map_on_odom.cpp:11[m[K:
[4.963s] [01m[K/home/baixiaobo/work/chassiss_odom_ws/ros2_for_rviz/odom_evo/include/odom_publisher_for_rviz.hpp:[m[K In member function ‘[01m[Kvoid OdomPublisher::Publish(std::deque<odom::proto::Frame>&, std::string)[m[K’:
[4.963s] [01m[K/home/baixiaobo/work/chassiss_odom_ws/ros2_for_rviz/odom_evo/include/odom_publisher_for_rviz.hpp:68:40:[m[K [01;35m[Kwarning: [m[Kformat ‘[01m[K%f[m[K’ expects argument of type ‘[01m[Kdouble[m[K’, but argument 2 has type ‘[01m[Kgoogle::protobuf::uint64[m[K’ {aka ‘[01m[Klong unsigned int[m[K’} [[01;35m[K-Wformat=[m[K]
[4.963s]    68 |             printf("chassis_time: [01;35m[K%20.9f[m[K\n",[32m[Kodom_input.at(i).header().sys_timestamp()[m[K);
[4.963s]       |                                   [01;35m[K~~~~~^[m[K    [32m[K~~~~~~~~~~~~~~~~~~~~~~~~~~~~~~~~~~~~~~~~~[m[K
[4.963s]       |                                        [01;35m[K|[m[K                                           [32m[K|[m[K
[4.963s]       |                                        [01;35m[Kdouble[m[K                                      [32m[Kgoogle::protobuf::uint64 {aka long unsigned int}[m[K
[4.963s]       |                                   [32m[K%20.9ld[m[K
[15.064s] [  4%] [32m[1mLinking CXX executable odom_map_tum[0m
[16.811s] [100%] Built target odom_map_tum
[16.820s] Invoked command in '/home/baixiaobo/work/chassiss_odom_ws/ros2_for_rviz/odom_evo/build/odom_map_tum' returned '0': CMAKE_PREFIX_PATH=${CMAKE_PREFIX_PATH}:/home/baixiaobo/work/chassiss_odom_ws/ros2_for_rviz/odom_evo/install/odom_map:/opt/ros/galactic /usr/local/bin/cmake --build /home/baixiaobo/work/chassiss_odom_ws/ros2_for_rviz/odom_evo/build/odom_map_tum -- -j16 -l16
[16.884s] Invoking command in '/home/baixiaobo/work/chassiss_odom_ws/ros2_for_rviz/odom_evo/build/odom_map_tum': CMAKE_PREFIX_PATH=${CMAKE_PREFIX_PATH}:/home/baixiaobo/work/chassiss_odom_ws/ros2_for_rviz/odom_evo/install/odom_map:/opt/ros/galactic /usr/local/bin/cmake --install /home/baixiaobo/work/chassiss_odom_ws/ros2_for_rviz/odom_evo/build/odom_map_tum
[16.886s] -- Install configuration: "RELEASE"
[16.886s] -- Installing: /home/baixiaobo/work/chassiss_odom_ws/ros2_for_rviz/odom_evo/install/odom_map_tum/lib/odom_map_tum/odom_map_tum
[16.894s] -- Set runtime path of "/home/baixiaobo/work/chassiss_odom_ws/ros2_for_rviz/odom_evo/install/odom_map_tum/lib/odom_map_tum/odom_map_tum" to ""
[16.894s] -- Up-to-date: /home/baixiaobo/work/chassiss_odom_ws/ros2_for_rviz/odom_evo/install/odom_map_tum/share/ament_index/resource_index/package_run_dependencies/odom_map_tum
[16.894s] -- Up-to-date: /home/baixiaobo/work/chassiss_odom_ws/ros2_for_rviz/odom_evo/install/odom_map_tum/share/ament_index/resource_index/parent_prefix_path/odom_map_tum
[16.894s] -- Up-to-date: /home/baixiaobo/work/chassiss_odom_ws/ros2_for_rviz/odom_evo/install/odom_map_tum/share/odom_map_tum/environment/ament_prefix_path.sh
[16.894s] -- Up-to-date: /home/baixiaobo/work/chassiss_odom_ws/ros2_for_rviz/odom_evo/install/odom_map_tum/share/odom_map_tum/environment/ament_prefix_path.dsv
[16.894s] -- Up-to-date: /home/baixiaobo/work/chassiss_odom_ws/ros2_for_rviz/odom_evo/install/odom_map_tum/share/odom_map_tum/environment/path.sh
[16.894s] -- Up-to-date: /home/baixiaobo/work/chassiss_odom_ws/ros2_for_rviz/odom_evo/install/odom_map_tum/share/odom_map_tum/environment/path.dsv
[16.894s] -- Up-to-date: /home/baixiaobo/work/chassiss_odom_ws/ros2_for_rviz/odom_evo/install/odom_map_tum/share/odom_map_tum/local_setup.bash
[16.894s] -- Up-to-date: /home/baixiaobo/work/chassiss_odom_ws/ros2_for_rviz/odom_evo/install/odom_map_tum/share/odom_map_tum/local_setup.sh
[16.894s] -- Up-to-date: /home/baixiaobo/work/chassiss_odom_ws/ros2_for_rviz/odom_evo/install/odom_map_tum/share/odom_map_tum/local_setup.zsh
[16.894s] -- Up-to-date: /home/baixiaobo/work/chassiss_odom_ws/ros2_for_rviz/odom_evo/install/odom_map_tum/share/odom_map_tum/local_setup.dsv
[16.894s] -- Installing: /home/baixiaobo/work/chassiss_odom_ws/ros2_for_rviz/odom_evo/install/odom_map_tum/share/odom_map_tum/package.dsv
[16.894s] -- Up-to-date: /home/baixiaobo/work/chassiss_odom_ws/ros2_for_rviz/odom_evo/install/odom_map_tum/share/ament_index/resource_index/packages/odom_map_tum
[16.894s] -- Up-to-date: /home/baixiaobo/work/chassiss_odom_ws/ros2_for_rviz/odom_evo/install/odom_map_tum/share/odom_map_tum/cmake/ament_cmake_export_dependencies-extras.cmake
[16.894s] -- Up-to-date: /home/baixiaobo/work/chassiss_odom_ws/ros2_for_rviz/odom_evo/install/odom_map_tum/share/odom_map_tum/cmake/odom_map_tumConfig.cmake
[16.894s] -- Up-to-date: /home/baixiaobo/work/chassiss_odom_ws/ros2_for_rviz/odom_evo/install/odom_map_tum/share/odom_map_tum/cmake/odom_map_tumConfig-version.cmake
[16.895s] -- Up-to-date: /home/baixiaobo/work/chassiss_odom_ws/ros2_for_rviz/odom_evo/install/odom_map_tum/share/odom_map_tum/package.xml
[16.896s] Invoked command in '/home/baixiaobo/work/chassiss_odom_ws/ros2_for_rviz/odom_evo/build/odom_map_tum' returned '0': CMAKE_PREFIX_PATH=${CMAKE_PREFIX_PATH}:/home/baixiaobo/work/chassiss_odom_ws/ros2_for_rviz/odom_evo/install/odom_map:/opt/ros/galactic /usr/local/bin/cmake --install /home/baixiaobo/work/chassiss_odom_ws/ros2_for_rviz/odom_evo/build/odom_map_tum
