[0.361s] DEBUG:colcon:Command line arguments: ['/usr/bin/colcon', 'build']
[0.361s] DEBUG:colcon:Parsed command line arguments: Namespace(allow_overriding=[], ament_cmake_args=None, base_paths=['.'], build_base='build', catkin_cmake_args=None, catkin_skip_building_tests=False, cmake_args=None, cmake_clean_cache=False, cmake_clean_first=False, cmake_force_configure=False, cmake_target=None, cmake_target_skip_unavailable=False, continue_on_error=False, event_handlers=None, executor='parallel', ignore_user_meta=False, install_base='install', log_base=None, log_level=None, main=<bound method BuildVerb.main of <colcon_core.verb.build.BuildVerb object at 0x7f5f17a93fa0>>, merge_install=False, metas=['./colcon.meta'], packages_above=None, packages_above_and_dependencies=None, packages_above_depth=None, packages_end=None, packages_ignore=None, packages_ignore_regex=None, packages_select=None, packages_select_build_failed=False, packages_select_by_dep=None, packages_select_regex=None, packages_select_test_failures=False, packages_skip=None, packages_skip_build_finished=False, packages_skip_by_dep=None, packages_skip_regex=None, packages_skip_test_passed=False, packages_skip_up_to=None, packages_start=None, packages_up_to=None, packages_up_to_regex=None, parallel_workers=16, paths=None, symlink_install=False, test_result_base=None, verb_extension=<colcon_core.verb.build.BuildVerb object at 0x7f5f17a93fa0>, verb_name='build', verb_parser=<colcon_defaults.argument_parser.defaults.DefaultArgumentsDecorator object at 0x7f5f177c6e50>)
[0.408s] Level 1:colcon.colcon_core.package_discovery:discover_packages(colcon_meta) check parameters
[0.408s] Level 1:colcon.colcon_core.package_discovery:discover_packages(recursive) check parameters
[0.408s] Level 1:colcon.colcon_core.package_discovery:discover_packages(ignore) check parameters
[0.408s] Level 1:colcon.colcon_core.package_discovery:discover_packages(path) check parameters
[0.408s] Level 1:colcon.colcon_core.package_discovery:discover_packages(colcon_meta) discover
[0.408s] Level 1:colcon.colcon_core.package_discovery:discover_packages(recursive) discover
[0.408s] INFO:colcon.colcon_core.package_discovery:Crawling recursively for packages in '/home/baixiaobo/work/chassiss_odom_ws/ros2_for_rviz/ChassisOdomMap'
[0.408s] Level 1:colcon.colcon_core.package_identification:_identify(.) by extensions ['ignore', 'ignore_ament_install']
[0.408s] Level 1:colcon.colcon_core.package_identification:_identify(.) by extension 'ignore'
[0.408s] Level 1:colcon.colcon_core.package_identification:_identify(.) by extension 'ignore_ament_install'
[0.408s] Level 1:colcon.colcon_core.package_identification:_identify(.) by extensions ['colcon_pkg']
[0.409s] Level 1:colcon.colcon_core.package_identification:_identify(.) by extension 'colcon_pkg'
[0.409s] Level 1:colcon.colcon_core.package_identification:_identify(.) by extensions ['colcon_meta']
[0.409s] Level 1:colcon.colcon_core.package_identification:_identify(.) by extension 'colcon_meta'
[0.409s] Level 1:colcon.colcon_core.package_identification:_identify(.) by extensions ['ros']
[0.409s] Level 1:colcon.colcon_core.package_identification:_identify(.) by extension 'ros'
[0.421s] DEBUG:colcon.colcon_core.package_identification:Package '.' with type 'ros.ament_cmake' and name 'odom_map_for_rviz'
[0.421s] Level 1:colcon.colcon_core.package_discovery:discover_packages(recursive) using defaults
[0.422s] Level 1:colcon.colcon_core.package_discovery:discover_packages(ignore) discover
[0.422s] Level 1:colcon.colcon_core.package_discovery:discover_packages(ignore) using defaults
[0.422s] Level 1:colcon.colcon_core.package_discovery:discover_packages(path) discover
[0.422s] Level 1:colcon.colcon_core.package_discovery:discover_packages(path) using defaults
[0.442s] Level 1:colcon.colcon_core.package_discovery:discover_packages(prefix_path) check parameters
[0.442s] Level 1:colcon.colcon_core.package_discovery:discover_packages(prefix_path) discover
[0.448s] DEBUG:colcon.colcon_installed_package_information.package_discovery:Found 5 installed packages in /home/baixiaobo/work/chassiss_odom_ws/ros2_for_rviz/ChassisOdomMap/install
[0.450s] DEBUG:colcon.colcon_installed_package_information.package_discovery:Found 268 installed packages in /opt/ros/galactic
[0.451s] Level 1:colcon.colcon_core.package_discovery:discover_packages(prefix_path) using defaults
[0.533s] Level 5:colcon.colcon_core.verb:set package 'odom_map_for_rviz' build argument 'cmake_args' from command line to 'None'
[0.533s] Level 5:colcon.colcon_core.verb:set package 'odom_map_for_rviz' build argument 'cmake_target' from command line to 'None'
[0.533s] Level 5:colcon.colcon_core.verb:set package 'odom_map_for_rviz' build argument 'cmake_target_skip_unavailable' from command line to 'False'
[0.533s] Level 5:colcon.colcon_core.verb:set package 'odom_map_for_rviz' build argument 'cmake_clean_cache' from command line to 'False'
[0.533s] Level 5:colcon.colcon_core.verb:set package 'odom_map_for_rviz' build argument 'cmake_clean_first' from command line to 'False'
[0.533s] Level 5:colcon.colcon_core.verb:set package 'odom_map_for_rviz' build argument 'cmake_force_configure' from command line to 'False'
[0.533s] Level 5:colcon.colcon_core.verb:set package 'odom_map_for_rviz' build argument 'ament_cmake_args' from command line to 'None'
[0.533s] Level 5:colcon.colcon_core.verb:set package 'odom_map_for_rviz' build argument 'catkin_cmake_args' from command line to 'None'
[0.533s] Level 5:colcon.colcon_core.verb:set package 'odom_map_for_rviz' build argument 'catkin_skip_building_tests' from command line to 'False'
[0.533s] DEBUG:colcon.colcon_core.verb:Building package 'odom_map_for_rviz' with the following arguments: {'ament_cmake_args': None, 'build_base': '/home/baixiaobo/work/chassiss_odom_ws/ros2_for_rviz/ChassisOdomMap/build/odom_map_for_rviz', 'catkin_cmake_args': None, 'catkin_skip_building_tests': False, 'cmake_args': None, 'cmake_clean_cache': False, 'cmake_clean_first': False, 'cmake_force_configure': False, 'cmake_target': None, 'cmake_target_skip_unavailable': False, 'install_base': '/home/baixiaobo/work/chassiss_odom_ws/ros2_for_rviz/ChassisOdomMap/install/odom_map_for_rviz', 'merge_install': False, 'path': '/home/baixiaobo/work/chassiss_odom_ws/ros2_for_rviz/ChassisOdomMap', 'symlink_install': False, 'test_result_base': None}
[0.534s] INFO:colcon.colcon_core.executor:Executing jobs using 'parallel' executor
[0.537s] DEBUG:colcon.colcon_parallel_executor.executor.parallel:run_until_complete
[0.537s] INFO:colcon.colcon_ros.task.ament_cmake.build:Building ROS package in '/home/baixiaobo/work/chassiss_odom_ws/ros2_for_rviz/ChassisOdomMap' with build type 'ament_cmake'
[0.538s] INFO:colcon.colcon_cmake.task.cmake.build:Building CMake package in '/home/baixiaobo/work/chassiss_odom_ws/ros2_for_rviz/ChassisOdomMap'
[0.543s] INFO:colcon.colcon_core.plugin_system:Skipping extension 'colcon_core.shell.bat': Not used on non-Windows systems
[0.544s] INFO:colcon.colcon_core.shell:Skip shell extension 'powershell' for command environment: Not usable outside of PowerShell
[0.544s] DEBUG:colcon.colcon_core.shell:Skip shell extension 'dsv' for command environment
[0.552s] DEBUG:colcon.colcon_core.event_handler.log_command:Invoking command in '/home/baixiaobo/work/chassiss_odom_ws/ros2_for_rviz/ChassisOdomMap/build/odom_map_for_rviz': CMAKE_PREFIX_PATH=${CMAKE_PREFIX_PATH}:/opt/ros/galactic /usr/local/bin/cmake --build /home/baixiaobo/work/chassiss_odom_ws/ros2_for_rviz/ChassisOdomMap/build/odom_map_for_rviz -- -j16 -l16
[18.554s] DEBUG:colcon.colcon_core.event_handler.log_command:Invoked command in '/home/baixiaobo/work/chassiss_odom_ws/ros2_for_rviz/ChassisOdomMap/build/odom_map_for_rviz' returned '0': CMAKE_PREFIX_PATH=${CMAKE_PREFIX_PATH}:/opt/ros/galactic /usr/local/bin/cmake --build /home/baixiaobo/work/chassiss_odom_ws/ros2_for_rviz/ChassisOdomMap/build/odom_map_for_rviz -- -j16 -l16
[18.606s] DEBUG:colcon.colcon_core.event_handler.log_command:Invoking command in '/home/baixiaobo/work/chassiss_odom_ws/ros2_for_rviz/ChassisOdomMap/build/odom_map_for_rviz': CMAKE_PREFIX_PATH=${CMAKE_PREFIX_PATH}:/opt/ros/galactic /usr/local/bin/cmake --install /home/baixiaobo/work/chassiss_odom_ws/ros2_for_rviz/ChassisOdomMap/build/odom_map_for_rviz
[18.616s] Level 1:colcon.colcon_core.environment:create_environment_scripts_only(odom_map_for_rviz)
[18.617s] DEBUG:colcon.colcon_core.event_handler.log_command:Invoked command in '/home/baixiaobo/work/chassiss_odom_ws/ros2_for_rviz/ChassisOdomMap/build/odom_map_for_rviz' returned '0': CMAKE_PREFIX_PATH=${CMAKE_PREFIX_PATH}:/opt/ros/galactic /usr/local/bin/cmake --install /home/baixiaobo/work/chassiss_odom_ws/ros2_for_rviz/ChassisOdomMap/build/odom_map_for_rviz
[18.623s] Level 1:colcon.colcon_core.environment:checking '/home/baixiaobo/work/chassiss_odom_ws/ros2_for_rviz/ChassisOdomMap/install/odom_map_for_rviz' for CMake module files
[18.624s] Level 1:colcon.colcon_core.environment:checking '/home/baixiaobo/work/chassiss_odom_ws/ros2_for_rviz/ChassisOdomMap/install/odom_map_for_rviz' for CMake config files
[18.624s] Level 1:colcon.colcon_core.shell:create_environment_hook('odom_map_for_rviz', 'cmake_prefix_path')
[18.625s] INFO:colcon.colcon_core.shell:Creating environment hook '/home/baixiaobo/work/chassiss_odom_ws/ros2_for_rviz/ChassisOdomMap/install/odom_map_for_rviz/share/odom_map_for_rviz/hook/cmake_prefix_path.ps1'
[18.626s] INFO:colcon.colcon_core.shell:Creating environment descriptor '/home/baixiaobo/work/chassiss_odom_ws/ros2_for_rviz/ChassisOdomMap/install/odom_map_for_rviz/share/odom_map_for_rviz/hook/cmake_prefix_path.dsv'
[18.627s] INFO:colcon.colcon_core.shell:Creating environment hook '/home/baixiaobo/work/chassiss_odom_ws/ros2_for_rviz/ChassisOdomMap/install/odom_map_for_rviz/share/odom_map_for_rviz/hook/cmake_prefix_path.sh'
[18.627s] Level 1:colcon.colcon_core.environment:checking '/home/baixiaobo/work/chassiss_odom_ws/ros2_for_rviz/ChassisOdomMap/install/odom_map_for_rviz/lib'
[18.627s] Level 1:colcon.colcon_core.environment:checking '/home/baixiaobo/work/chassiss_odom_ws/ros2_for_rviz/ChassisOdomMap/install/odom_map_for_rviz/bin'
[18.627s] Level 1:colcon.colcon_core.environment:checking '/home/baixiaobo/work/chassiss_odom_ws/ros2_for_rviz/ChassisOdomMap/install/odom_map_for_rviz/lib/pkgconfig/odom_map_for_rviz.pc'
[18.628s] Level 1:colcon.colcon_core.environment:checking '/home/baixiaobo/work/chassiss_odom_ws/ros2_for_rviz/ChassisOdomMap/install/odom_map_for_rviz/lib/python3.8/site-packages'
[18.628s] Level 1:colcon.colcon_core.environment:checking '/home/baixiaobo/work/chassiss_odom_ws/ros2_for_rviz/ChassisOdomMap/install/odom_map_for_rviz/bin'
[18.629s] INFO:colcon.colcon_core.shell:Creating package script '/home/baixiaobo/work/chassiss_odom_ws/ros2_for_rviz/ChassisOdomMap/install/odom_map_for_rviz/share/odom_map_for_rviz/package.ps1'
[18.629s] INFO:colcon.colcon_core.shell:Creating package descriptor '/home/baixiaobo/work/chassiss_odom_ws/ros2_for_rviz/ChassisOdomMap/install/odom_map_for_rviz/share/odom_map_for_rviz/package.dsv'
[18.630s] INFO:colcon.colcon_core.shell:Creating package script '/home/baixiaobo/work/chassiss_odom_ws/ros2_for_rviz/ChassisOdomMap/install/odom_map_for_rviz/share/odom_map_for_rviz/package.sh'
[18.630s] INFO:colcon.colcon_core.shell:Creating package script '/home/baixiaobo/work/chassiss_odom_ws/ros2_for_rviz/ChassisOdomMap/install/odom_map_for_rviz/share/odom_map_for_rviz/package.bash'
[18.631s] INFO:colcon.colcon_core.shell:Creating package script '/home/baixiaobo/work/chassiss_odom_ws/ros2_for_rviz/ChassisOdomMap/install/odom_map_for_rviz/share/odom_map_for_rviz/package.zsh'
[18.632s] Level 1:colcon.colcon_core.environment:create_file_with_runtime_dependencies(/home/baixiaobo/work/chassiss_odom_ws/ros2_for_rviz/ChassisOdomMap/install/odom_map_for_rviz/share/colcon-core/packages/odom_map_for_rviz)
[18.681s] Level 1:colcon.colcon_core.environment:create_environment_scripts_only(odom_map_for_rviz)
[18.683s] Level 1:colcon.colcon_core.environment:checking '/home/baixiaobo/work/chassiss_odom_ws/ros2_for_rviz/ChassisOdomMap/install/odom_map_for_rviz' for CMake module files
[18.683s] Level 1:colcon.colcon_core.environment:checking '/home/baixiaobo/work/chassiss_odom_ws/ros2_for_rviz/ChassisOdomMap/install/odom_map_for_rviz' for CMake config files
[18.683s] Level 1:colcon.colcon_core.shell:create_environment_hook('odom_map_for_rviz', 'cmake_prefix_path')
[18.684s] INFO:colcon.colcon_core.shell:Creating environment hook '/home/baixiaobo/work/chassiss_odom_ws/ros2_for_rviz/ChassisOdomMap/install/odom_map_for_rviz/share/odom_map_for_rviz/hook/cmake_prefix_path.ps1'
[18.685s] INFO:colcon.colcon_core.shell:Creating environment descriptor '/home/baixiaobo/work/chassiss_odom_ws/ros2_for_rviz/ChassisOdomMap/install/odom_map_for_rviz/share/odom_map_for_rviz/hook/cmake_prefix_path.dsv'
[18.685s] INFO:colcon.colcon_core.shell:Creating environment hook '/home/baixiaobo/work/chassiss_odom_ws/ros2_for_rviz/ChassisOdomMap/install/odom_map_for_rviz/share/odom_map_for_rviz/hook/cmake_prefix_path.sh'
[18.686s] Level 1:colcon.colcon_core.environment:checking '/home/baixiaobo/work/chassiss_odom_ws/ros2_for_rviz/ChassisOdomMap/install/odom_map_for_rviz/lib'
[18.686s] Level 1:colcon.colcon_core.environment:checking '/home/baixiaobo/work/chassiss_odom_ws/ros2_for_rviz/ChassisOdomMap/install/odom_map_for_rviz/bin'
[18.686s] Level 1:colcon.colcon_core.environment:checking '/home/baixiaobo/work/chassiss_odom_ws/ros2_for_rviz/ChassisOdomMap/install/odom_map_for_rviz/lib/pkgconfig/odom_map_for_rviz.pc'
[18.686s] Level 1:colcon.colcon_core.environment:checking '/home/baixiaobo/work/chassiss_odom_ws/ros2_for_rviz/ChassisOdomMap/install/odom_map_for_rviz/lib/python3.8/site-packages'
[18.686s] Level 1:colcon.colcon_core.environment:checking '/home/baixiaobo/work/chassiss_odom_ws/ros2_for_rviz/ChassisOdomMap/install/odom_map_for_rviz/bin'
[18.687s] INFO:colcon.colcon_core.shell:Creating package script '/home/baixiaobo/work/chassiss_odom_ws/ros2_for_rviz/ChassisOdomMap/install/odom_map_for_rviz/share/odom_map_for_rviz/package.ps1'
[18.687s] INFO:colcon.colcon_core.shell:Creating package descriptor '/home/baixiaobo/work/chassiss_odom_ws/ros2_for_rviz/ChassisOdomMap/install/odom_map_for_rviz/share/odom_map_for_rviz/package.dsv'
[18.688s] INFO:colcon.colcon_core.shell:Creating package script '/home/baixiaobo/work/chassiss_odom_ws/ros2_for_rviz/ChassisOdomMap/install/odom_map_for_rviz/share/odom_map_for_rviz/package.sh'
[18.688s] INFO:colcon.colcon_core.shell:Creating package script '/home/baixiaobo/work/chassiss_odom_ws/ros2_for_rviz/ChassisOdomMap/install/odom_map_for_rviz/share/odom_map_for_rviz/package.bash'
[18.688s] INFO:colcon.colcon_core.shell:Creating package script '/home/baixiaobo/work/chassiss_odom_ws/ros2_for_rviz/ChassisOdomMap/install/odom_map_for_rviz/share/odom_map_for_rviz/package.zsh'
[18.688s] Level 1:colcon.colcon_core.environment:create_file_with_runtime_dependencies(/home/baixiaobo/work/chassiss_odom_ws/ros2_for_rviz/ChassisOdomMap/install/odom_map_for_rviz/share/colcon-core/packages/odom_map_for_rviz)
[18.689s] DEBUG:colcon.colcon_parallel_executor.executor.parallel:closing loop
[18.689s] DEBUG:colcon.colcon_parallel_executor.executor.parallel:loop closed
[18.689s] DEBUG:colcon.colcon_parallel_executor.executor.parallel:run_until_complete finished with '0'
[18.689s] DEBUG:colcon.colcon_core.event_reactor:joining thread
[18.698s] INFO:colcon.colcon_core.plugin_system:Skipping extension 'colcon_notification.desktop_notification.terminal_notifier': Not used on non-Darwin systems
[18.698s] INFO:colcon.colcon_core.plugin_system:Skipping extension 'colcon_notification.desktop_notification.win32': Not used on non-Windows systems
[18.698s] INFO:colcon.colcon_notification.desktop_notification:Sending desktop notification using 'notify2'
[18.711s] DEBUG:colcon.colcon_core.event_reactor:joined thread
[18.713s] INFO:colcon.colcon_core.shell:Creating prefix script '/home/baixiaobo/work/chassiss_odom_ws/ros2_for_rviz/ChassisOdomMap/install/local_setup.ps1'
[18.714s] INFO:colcon.colcon_core.shell:Creating prefix util module '/home/baixiaobo/work/chassiss_odom_ws/ros2_for_rviz/ChassisOdomMap/install/_local_setup_util_ps1.py'
[18.715s] INFO:colcon.colcon_core.shell:Creating prefix chain script '/home/baixiaobo/work/chassiss_odom_ws/ros2_for_rviz/ChassisOdomMap/install/setup.ps1'
[18.716s] INFO:colcon.colcon_core.shell:Creating prefix script '/home/baixiaobo/work/chassiss_odom_ws/ros2_for_rviz/ChassisOdomMap/install/local_setup.sh'
[18.716s] INFO:colcon.colcon_core.shell:Creating prefix util module '/home/baixiaobo/work/chassiss_odom_ws/ros2_for_rviz/ChassisOdomMap/install/_local_setup_util_sh.py'
[18.717s] INFO:colcon.colcon_core.shell:Creating prefix chain script '/home/baixiaobo/work/chassiss_odom_ws/ros2_for_rviz/ChassisOdomMap/install/setup.sh'
[18.718s] INFO:colcon.colcon_core.shell:Creating prefix script '/home/baixiaobo/work/chassiss_odom_ws/ros2_for_rviz/ChassisOdomMap/install/local_setup.bash'
[18.718s] INFO:colcon.colcon_core.shell:Creating prefix chain script '/home/baixiaobo/work/chassiss_odom_ws/ros2_for_rviz/ChassisOdomMap/install/setup.bash'
[18.719s] INFO:colcon.colcon_core.shell:Creating prefix script '/home/baixiaobo/work/chassiss_odom_ws/ros2_for_rviz/ChassisOdomMap/install/local_setup.zsh'
[18.720s] INFO:colcon.colcon_core.shell:Creating prefix chain script '/home/baixiaobo/work/chassiss_odom_ws/ros2_for_rviz/ChassisOdomMap/install/setup.zsh'
