In file included from [01m[K/home/baixiaobo/work/chassiss_odom_ws/ros2_for_rviz/ChassisOdomMap/src/local_map_on_odom.cpp:9[m[K:
[01m[K/home/baixiaobo/work/chassiss_odom_ws/ros2_for_rviz/ChassisOdomMap/include/baselink_to_map_tf_for_rviz.hpp:[m[K In constructor ‘[01m[KTfPublisher::TfPublisher(std::shared_ptr<rclcpp::Node>&, std::deque<odom::proto::Frame>)[m[K’:
[01m[K/home/baixiaobo/work/chassiss_odom_ws/ros2_for_rviz/ChassisOdomMap/include/baselink_to_map_tf_for_rviz.hpp:20:35:[m[K [01;35m[Kwarning: [m[K‘[01m[KTfPublisher::node_[m[K’ will be initialized after [[01;35m[K-Wreorder[m[K]
   20 |     std::shared_ptr<rclcpp::Node> [01;35m[Knode_[m[K;
      |                                   [01;35m[K^~~~~[m[K
[01m[K/home/baixiaobo/work/chassiss_odom_ws/ros2_for_rviz/ChassisOdomMap/include/baselink_to_map_tf_for_rviz.hpp:17:36:[m[K [01;35m[Kwarning: [m[K  ‘[01m[Kstd::deque<odom::proto::Frame> TfPublisher::odom_frame_[m[K’ [[01;35m[K-Wreorder[m[K]
   17 |     std::deque<odom::proto::Frame> [01;35m[Kodom_frame_[m[K;
      |                                    [01;35m[K^~~~~~~~~~~[m[K
[01m[K/home/baixiaobo/work/chassiss_odom_ws/ros2_for_rviz/ChassisOdomMap/include/baselink_to_map_tf_for_rviz.hpp:25:1:[m[K [01;35m[Kwarning: [m[K  when initialized here [[01;35m[K-Wreorder[m[K]
   25 | [01;35m[KTfPublisher[m[K::TfPublisher(std::shared_ptr<rclcpp::Node> &node,std::deque<odom::proto::Frame> odom_frame) : node_(node),odom_frame_(odom_frame)
      | [01;35m[K^~~~~~~~~~~[m[K
[01m[K/home/baixiaobo/work/chassiss_odom_ws/ros2_for_rviz/ChassisOdomMap/src/local_map_on_odom.cpp:[m[K In function ‘[01m[Kint main(int, char**)[m[K’:
[01m[K/home/baixiaobo/work/chassiss_odom_ws/ros2_for_rviz/ChassisOdomMap/src/local_map_on_odom.cpp:53:13:[m[K [01;31m[Kerror: [m[K‘[01m[Kodom_publisher[m[K’ was not declared in this scope; did you mean ‘[01m[KOdomPublisher[m[K’?
   53 |             [01;31m[Kodom_publisher[m[K->Publish(odom_frame);
      |             [01;31m[K^~~~~~~~~~~~~~[m[K
      |             [32m[KOdomPublisher[m[K
In file included from [01m[K/usr/include/x86_64-linux-gnu/c++/9/bits/c++allocator.h:33[m[K,
                 from [01m[K/usr/include/c++/9/bits/allocator.h:46[m[K,
                 from [01m[K/usr/include/c++/9/string:41[m[K,
                 from [01m[K/usr/include/c++/9/bits/locale_classes.h:40[m[K,
                 from [01m[K/usr/include/c++/9/bits/ios_base.h:41[m[K,
                 from [01m[K/usr/include/c++/9/ios:42[m[K,
                 from [01m[K/usr/include/c++/9/istream:38[m[K,
                 from [01m[K/usr/include/c++/9/fstream:38[m[K,
                 from [01m[K/home/baixiaobo/work/chassiss_odom_ws/ros2_for_rviz/ChassisOdomMap/include/odom_header.h:14[m[K,
                 from [01m[K/home/baixiaobo/work/chassiss_odom_ws/ros2_for_rviz/ChassisOdomMap/include/baselink_to_map_tf_for_rviz.hpp:10[m[K,
                 from [01m[K/home/baixiaobo/work/chassiss_odom_ws/ros2_for_rviz/ChassisOdomMap/src/local_map_on_odom.cpp:9[m[K:
/usr/include/c++/9/ext/new_allocator.h: In instantiation of ‘[01m[Kvoid __gnu_cxx::new_allocator<_Tp>::construct(_Up*, _Args&& ...) [with _Up = TfPublisher; _Args = {std::shared_ptr<rclcpp::Node>&, const char (&)[6], int, std::deque<odom::proto::Frame, std::allocator<odom::proto::Frame> >&}; _Tp = TfPublisher][m[K’:
[01m[K/usr/include/c++/9/bits/alloc_traits.h:483:4:[m[K   required from ‘[01m[Kstatic void std::allocator_traits<std::allocator<_CharT> >::construct(std::allocator_traits<std::allocator<_CharT> >::allocator_type&, _Up*, _Args&& ...) [with _Up = TfPublisher; _Args = {std::shared_ptr<rclcpp::Node>&, const char (&)[6], int, std::deque<odom::proto::Frame, std::allocator<odom::proto::Frame> >&}; _Tp = TfPublisher; std::allocator_traits<std::allocator<_CharT> >::allocator_type = std::allocator<TfPublisher>][m[K’
[01m[K/usr/include/c++/9/bits/shared_ptr_base.h:548:39:[m[K   required from ‘[01m[Kstd::_Sp_counted_ptr_inplace<_Tp, _Alloc, _Lp>::_Sp_counted_ptr_inplace(_Alloc, _Args&& ...) [with _Args = {std::shared_ptr<rclcpp::Node>&, const char (&)[6], int, std::deque<odom::proto::Frame, std::allocator<odom::proto::Frame> >&}; _Tp = TfPublisher; _Alloc = std::allocator<TfPublisher>; __gnu_cxx::_Lock_policy _Lp = __gnu_cxx::_S_atomic][m[K’
[01m[K/usr/include/c++/9/bits/shared_ptr_base.h:679:16:[m[K   required from ‘[01m[Kstd::__shared_count<_Lp>::__shared_count(_Tp*&, std::_Sp_alloc_shared_tag<_Alloc>, _Args&& ...) [with _Tp = TfPublisher; _Alloc = std::allocator<TfPublisher>; _Args = {std::shared_ptr<rclcpp::Node>&, const char (&)[6], int, std::deque<odom::proto::Frame, std::allocator<odom::proto::Frame> >&}; __gnu_cxx::_Lock_policy _Lp = __gnu_cxx::_S_atomic][m[K’
[01m[K/usr/include/c++/9/bits/shared_ptr_base.h:1344:71:[m[K   required from ‘[01m[Kstd::__shared_ptr<_Tp, _Lp>::__shared_ptr(std::_Sp_alloc_shared_tag<_Tp>, _Args&& ...) [with _Alloc = std::allocator<TfPublisher>; _Args = {std::shared_ptr<rclcpp::Node>&, const char (&)[6], int, std::deque<odom::proto::Frame, std::allocator<odom::proto::Frame> >&}; _Tp = TfPublisher; __gnu_cxx::_Lock_policy _Lp = __gnu_cxx::_S_atomic][m[K’
[01m[K/usr/include/c++/9/bits/shared_ptr.h:359:59:[m[K   required from ‘[01m[Kstd::shared_ptr<_Tp>::shared_ptr(std::_Sp_alloc_shared_tag<_Tp>, _Args&& ...) [with _Alloc = std::allocator<TfPublisher>; _Args = {std::shared_ptr<rclcpp::Node>&, const char (&)[6], int, std::deque<odom::proto::Frame, std::allocator<odom::proto::Frame> >&}; _Tp = TfPublisher][m[K’
[01m[K/usr/include/c++/9/bits/shared_ptr.h:701:14:[m[K   required from ‘[01m[Kstd::shared_ptr<_Tp> std::allocate_shared(const _Alloc&, _Args&& ...) [with _Tp = TfPublisher; _Alloc = std::allocator<TfPublisher>; _Args = {std::shared_ptr<rclcpp::Node>&, const char (&)[6], int, std::deque<odom::proto::Frame, std::allocator<odom::proto::Frame> >&}][m[K’
[01m[K/usr/include/c++/9/bits/shared_ptr.h:717:39:[m[K   required from ‘[01m[Kstd::shared_ptr<_Tp> std::make_shared(_Args&& ...) [with _Tp = TfPublisher; _Args = {std::shared_ptr<rclcpp::Node>&, const char (&)[6], int, std::deque<odom::proto::Frame, std::allocator<odom::proto::Frame> >&}][m[K’
[01m[K/home/baixiaobo/work/chassiss_odom_ws/ros2_for_rviz/ChassisOdomMap/src/local_map_on_odom.cpp:48:102:[m[K   required from here
[01m[K/usr/include/c++/9/ext/new_allocator.h:146:4:[m[K [01;31m[Kerror: [m[Kno matching function for call to ‘[01m[KTfPublisher::TfPublisher(std::shared_ptr<rclcpp::Node>&, const char [6], int, std::deque<odom::proto::Frame>&)[m[K’
  146 |  { [01;31m[K::new((void *)__p) _Up(std::forward<_Args>(__args)...)[m[K; }
      |    [01;31m[K^~~~~~~~~~~~~~~~~~~~~~~~~~~~~~~~~~~~~~~~~~~~~~~~~~~~~~[m[K
In file included from [01m[K/home/baixiaobo/work/chassiss_odom_ws/ros2_for_rviz/ChassisOdomMap/src/local_map_on_odom.cpp:9[m[K:
[01m[K/home/baixiaobo/work/chassiss_odom_ws/ros2_for_rviz/ChassisOdomMap/include/baselink_to_map_tf_for_rviz.hpp:16:5:[m[K [01;36m[Knote: [m[Kcandidate: ‘[01m[KTfPublisher::TfPublisher()[m[K’
   16 |     [01;36m[KTfPublisher[m[K() = default;
      |     [01;36m[K^~~~~~~~~~~[m[K
[01m[K/home/baixiaobo/work/chassiss_odom_ws/ros2_for_rviz/ChassisOdomMap/include/baselink_to_map_tf_for_rviz.hpp:16:5:[m[K [01;36m[Knote: [m[K  candidate expects 0 arguments, 4 provided
[01m[K/home/baixiaobo/work/chassiss_odom_ws/ros2_for_rviz/ChassisOdomMap/include/baselink_to_map_tf_for_rviz.hpp:25:1:[m[K [01;36m[Knote: [m[Kcandidate: ‘[01m[KTfPublisher::TfPublisher(std::shared_ptr<rclcpp::Node>&, std::deque<odom::proto::Frame>)[m[K’
   25 | [01;36m[KTfPublisher[m[K::TfPublisher(std::shared_ptr<rclcpp::Node> &node,std::deque<odom::proto::Frame> odom_frame) : node_(node),odom_frame_(odom_frame)
      | [01;36m[K^~~~~~~~~~~[m[K
[01m[K/home/baixiaobo/work/chassiss_odom_ws/ros2_for_rviz/ChassisOdomMap/include/baselink_to_map_tf_for_rviz.hpp:25:1:[m[K [01;36m[Knote: [m[K  candidate expects 2 arguments, 4 provided
[01m[K/home/baixiaobo/work/chassiss_odom_ws/ros2_for_rviz/ChassisOdomMap/include/baselink_to_map_tf_for_rviz.hpp:11:7:[m[K [01;36m[Knote: [m[Kcandidate: ‘[01m[KTfPublisher::TfPublisher(const TfPublisher&)[m[K’
   11 | class [01;36m[KTfPublisher[m[K
      |       [01;36m[K^~~~~~~~~~~[m[K
[01m[K/home/baixiaobo/work/chassiss_odom_ws/ros2_for_rviz/ChassisOdomMap/include/baselink_to_map_tf_for_rviz.hpp:11:7:[m[K [01;36m[Knote: [m[K  candidate expects 1 argument, 4 provided
[01m[K/home/baixiaobo/work/chassiss_odom_ws/ros2_for_rviz/ChassisOdomMap/include/baselink_to_map_tf_for_rviz.hpp:11:7:[m[K [01;36m[Knote: [m[Kcandidate: ‘[01m[KTfPublisher::TfPublisher(TfPublisher&&)[m[K’
[01m[K/home/baixiaobo/work/chassiss_odom_ws/ros2_for_rviz/ChassisOdomMap/include/baselink_to_map_tf_for_rviz.hpp:11:7:[m[K [01;36m[Knote: [m[K  candidate expects 1 argument, 4 provided
make[2]: *** [CMakeFiles/odom_map_for_rviz.dir/build.make:76: CMakeFiles/odom_map_for_rviz.dir/src/local_map_on_odom.cpp.o] Error 1
make[1]: *** [CMakeFiles/Makefile2:137: CMakeFiles/odom_map_for_rviz.dir/all] Error 2
make: *** [Makefile:146: all] Error 2
