-- Found ament_cmake: 1.1.5 (/opt/ros/galactic/share/ament_cmake/cmake)
-- Using PYTHON_EXECUTABLE: /home/baixiaobo/anaconda3/bin/python3
-- Found rclcpp: 9.2.1 (/opt/ros/galactic/share/rclcpp/cmake)
-- Using all available rosidl_typesupport_c: rosidl_typesupport_fastrtps_c;rosidl_typesupport_introspection_c
-- Found rosidl_adapter: 2.2.2 (/opt/ros/galactic/share/rosidl_adapter/cmake)
-- Using all available rosidl_typesupport_cpp: rosidl_typesupport_fastrtps_cpp;rosidl_typesupport_introspection_cpp
-- Found rmw_implementation_cmake: 3.3.1 (/opt/ros/galactic/share/rmw_implementation_cmake/cmake)
-- Found rmw_cyclonedds_cpp: 0.22.5 (/opt/ros/galactic/share/rmw_cyclonedds_cpp/cmake)
-- Using RMW implementation 'rmw_cyclonedds_cpp' as default
-- Found sensor_msgs: 2.2.4 (/opt/ros/galactic/share/sensor_msgs/cmake)
-- Eigen found (include: /usr/include/eigen3, version: 3.3.4)
-- The imported target "vtkParseOGLExt" references the file
   "/usr/bin/vtkParseOGLExt-7.1"
but this file does not exist.  Possible reasons include:
* The file was deleted, renamed, or moved to another location.
* An install or uninstall procedure did not complete successfully.
* The installation package was faulty and contained
   "/usr/lib/cmake/vtk-7.1/VTKTargets.cmake"
but not all the files it references.

-- The imported target "vtkRenderingPythonTkWidgets" references the file
   "/usr/lib/x86_64-linux-gnu/libvtkRenderingPythonTkWidgets.so"
but this file does not exist.  Possible reasons include:
* The file was deleted, renamed, or moved to another location.
* An install or uninstall procedure did not complete successfully.
* The installation package was faulty and contained
   "/usr/lib/cmake/vtk-7.1/VTKTargets.cmake"
but not all the files it references.

-- The imported target "vtk" references the file
   "/usr/bin/vtk"
but this file does not exist.  Possible reasons include:
* The file was deleted, renamed, or moved to another location.
* An install or uninstall procedure did not complete successfully.
* The installation package was faulty and contained
   "/usr/lib/cmake/vtk-7.1/VTKTargets.cmake"
but not all the files it references.

-- The imported target "pvtk" references the file
   "/usr/bin/pvtk"
but this file does not exist.  Possible reasons include:
* The file was deleted, renamed, or moved to another location.
* An install or uninstall procedure did not complete successfully.
* The installation package was faulty and contained
   "/usr/lib/cmake/vtk-7.1/VTKTargets.cmake"
but not all the files it references.

-- OpenNI found (include: /usr/include/ni, lib: /usr/lib/libOpenNI.so)
-- OpenNI2 found (include: /usr/include/openni2, lib: /usr/lib/libOpenNI2.so)
-- OpenNI found (include: /usr/include/ni, lib: /usr/lib/libOpenNI.so)
-- OpenNI2 found (include: /usr/include/openni2, lib: /usr/lib/libOpenNI2.so)
-- QHULL found (include: /usr/include, lib: optimized;/usr/lib/x86_64-linux-gnu/libqhull.so;debug;/usr/lib/x86_64-linux-gnu/libqhull.so)
-- OpenNI found (include: /usr/include/ni, lib: /usr/lib/libOpenNI.so)
-- Found nav_msgs: 2.2.4 (/opt/ros/galactic/share/nav_msgs/cmake)
-- Found rosidl_default_generators: 1.1.1 (/opt/ros/galactic/share/rosidl_default_generators/cmake)
-- Found Boost: /usr/include (found version "1.71.0")  
-- Found tf2: 0.17.3 (/opt/ros/galactic/share/tf2/cmake)
-- Found tf2_ros: 0.17.3 (/opt/ros/galactic/share/tf2_ros/cmake)
-- Found ament_lint_auto: 0.10.7 (/opt/ros/galactic/share/ament_lint_auto/cmake)
-- Found calmcar: 0.0.0 (/home/baixiaobo/work/chassiss_odom_ws/ros2_for_rviz/ChassisOdomMap/install/calmcar/share/calmcar/cmake)
-- Added test 'copyright' to check source files copyright and LICENSE
-- Added test 'cppcheck' to perform static code analysis on C / C++ code
-- Configured cppcheck include dirs: /home/baixiaobo/work/chassiss_odom_ws/ros2_for_rviz/ChassisOdomMap/driver/rs_driver/src;/home/baixiaobo/work/chassiss_odom_ws/ros2_for_rviz/ChassisOdomMap/include;/home/baixiaobo/work/chassiss_odom_ws/ros2_for_rviz/ChassisOdomMap/proto;/home/baixiaobo/work/chassiss_odom_ws/ros2_for_rviz/ChassisOdomMap/install/calmcar/include
-- Configured cppcheck exclude dirs and/or files: 
-- Added test 'cpplint' to check C / C++ code against the Google style
-- Configured cpplint exclude dirs and/or files: 
-- Added test 'flake8' to check Python code syntax and style conventions
-- Added test 'lint_cmake' to check CMake code style
-- Added test 'pep257' to check Python code against some of the style conventions in PEP 257
-- Added test 'uncrustify' to check C / C++ code style
-- Configured uncrustify additional arguments: 
-- Added test 'xmllint' to check XML markup files
-- Configuring done
-- Generating done
-- Build files have been written to: /home/baixiaobo/work/chassiss_odom_ws/ros2_for_rviz/ChassisOdomMap/build/odom_map_for_rviz
[  2%] [32mBuilding CXX object CMakeFiles/odom_map_for_rviz.dir/src/local_map_on_odom.cpp.o[0m
[  5%] [32mBuilding CXX object CMakeFiles/odom_map_for_rviz.dir/proto/VcuInfo.pb.cc.o[0m
[  8%] [32mBuilding CXX object CMakeFiles/odom_map_for_rviz.dir/proto/ads_adptrin.pb.cc.o[0m
[ 10%] [32mBuilding CXX object CMakeFiles/odom_map_for_rviz.dir/proto/ads_com.pb.cc.o[0m
[ 16%] [32mBuilding CXX object CMakeFiles/odom_map_for_rviz.dir/proto/ads_ctrl.pb.cc.o[0m
[ 16%] [32mBuilding CXX object CMakeFiles/odom_map_for_rviz.dir/proto/ads_adptrout.pb.cc.o[0m
[ 18%] [32mBuilding CXX object CMakeFiles/odom_map_for_rviz.dir/proto/ads_adptrin_od.pb.cc.o[0m
[ 21%] [32mBuilding CXX object CMakeFiles/odom_map_for_rviz.dir/proto/ads_em.pb.cc.o[0m
[ 29%] [32mBuilding CXX object CMakeFiles/odom_map_for_rviz.dir/proto/ads_pln.pb.cc.o[0m
[ 29%] [32mBuilding CXX object CMakeFiles/odom_map_for_rviz.dir/proto/ads_fct.pb.cc.o[0m
[ 29%] [32mBuilding CXX object CMakeFiles/odom_map_for_rviz.dir/proto/camera_me_failsafe.pb.cc.o[0m
[ 32%] [32mBuilding CXX object CMakeFiles/odom_map_for_rviz.dir/proto/camera_me_hazard.pb.cc.o[0m
[ 35%] [32mBuilding CXX object CMakeFiles/odom_map_for_rviz.dir/proto/camera_me_lane.pb.cc.o[0m
[ 37%] [32mBuilding CXX object CMakeFiles/odom_map_for_rviz.dir/proto/camera_me_od.pb.cc.o[0m
[ 40%] [32mBuilding CXX object CMakeFiles/odom_map_for_rviz.dir/proto/chasis.pb.cc.o[0m
[ 43%] [32mBuilding CXX object CMakeFiles/odom_map_for_rviz.dir/proto/f_radar.pb.cc.o[0m
[ 45%] [32mBuilding CXX object CMakeFiles/odom_map_for_rviz.dir/proto/fusion_lane_out_v1_0.pb.cc.o[0m
[ 48%] [32mBuilding CXX object CMakeFiles/odom_map_for_rviz.dir/proto/fusion_od_out_v1_0.pb.cc.o[0m
[ 51%] [32mBuilding CXX object CMakeFiles/odom_map_for_rviz.dir/proto/gnss_in.pb.cc.o[0m
[ 54%] [32mBuilding CXX object CMakeFiles/odom_map_for_rviz.dir/proto/header.pb.cc.o[0m
[ 56%] [32mBuilding CXX object CMakeFiles/odom_map_for_rviz.dir/proto/imu.pb.cc.o[0m
[ 59%] [32mBuilding CXX object CMakeFiles/odom_map_for_rviz.dir/proto/lidar_obj.pb.cc.o[0m
[ 62%] [32mBuilding CXX object CMakeFiles/odom_map_for_rviz.dir/proto/ins_in.pb.cc.o[0m
[ 64%] [32mBuilding CXX object CMakeFiles/odom_map_for_rviz.dir/proto/lidar_track_obj.pb.cc.o[0m
[ 67%] [32mBuilding CXX object CMakeFiles/odom_map_for_rviz.dir/proto/mobileye.pb.cc.o[0m
[ 70%] [32mBuilding CXX object CMakeFiles/odom_map_for_rviz.dir/proto/odom.pb.cc.o[0m
[ 72%] [32mBuilding CXX object CMakeFiles/odom_map_for_rviz.dir/proto/pnc_log.pb.cc.o[0m
[ 75%] [32mBuilding CXX object CMakeFiles/odom_map_for_rviz.dir/proto/radar_ars_od.pb.cc.o[0m
[ 78%] [32mBuilding CXX object CMakeFiles/odom_map_for_rviz.dir/proto/radar_srr5.pb.cc.o[0m
[ 81%] [32mBuilding CXX object CMakeFiles/odom_map_for_rviz.dir/proto/radar_srr_fc_fs.pb.cc.o[0m
[ 83%] [32mBuilding CXX object CMakeFiles/odom_map_for_rviz.dir/proto/radar_srr_fc_lane.pb.cc.o[0m
[ 86%] [32mBuilding CXX object CMakeFiles/odom_map_for_rviz.dir/proto/radar_srr_fc_od.pb.cc.o[0m
[ 89%] [32mBuilding CXX object CMakeFiles/odom_map_for_rviz.dir/proto/radar_srr_rc_fs.pb.cc.o[0m
[ 91%] [32mBuilding CXX object CMakeFiles/odom_map_for_rviz.dir/proto/radar_srr_rc_lane.pb.cc.o[0m
[ 94%] [32mBuilding CXX object CMakeFiles/odom_map_for_rviz.dir/proto/radar_srr_rc_od.pb.cc.o[0m
[ 97%] [32mBuilding CXX object CMakeFiles/odom_map_for_rviz.dir/proto/tsr.pb.cc.o[0m
