[0.013s] Invoking command in '/home/baixiaobo/work/chassiss_odom_ws/ros2_for_rviz/odom_evo/build/odom_map_tum': CMAKE_PREFIX_PATH=${CMAKE_PREFIX_PATH}:/home/baixiaobo/work/chassiss_odom_ws/ros2_for_rviz/odom_evo/install/odom_map:/opt/ros/galactic CONDA_PROMPT_MODIFIER=(new_python3.6) /usr/local/bin/cmake --build /home/baixiaobo/work/chassiss_odom_ws/ros2_for_rviz/odom_evo/build/odom_map_tum -- -j16 -l16
[0.041s] [35m[1mConsolidate compiler generated dependencies of target odom_map_tum[0m
[0.091s] [  2%] [32mBuilding CXX object CMakeFiles/odom_map_tum.dir/src/local_map_on_odom.cpp.o[0m
[1.341s] In file included from [01m[K/home/baixiaobo/work/chassiss_odom_ws/ros2_for_rviz/odom_evo/include/odom_subscriber_for_rviz.hpp:9[m[K,
[1.341s]                  from [01m[K/home/baixiaobo/work/chassiss_odom_ws/ros2_for_rviz/odom_evo/src/local_map_on_odom.cpp:10[m[K:
[1.341s] [01m[K/home/baixiaobo/work/chassiss_odom_ws/ros2_for_rviz/odom_evo/include/odom_header.h:60:33:[m[K [01;35m[Kwarning: [m[Kmissing terminating " character
[1.341s]    60 | #include "nav_msgs/msg/path.hpp"[01;35m[K"[m[K
[1.341s]       |                                 [01;35m[K^[m[K
[1.341s] [01m[K/home/baixiaobo/work/chassiss_odom_ws/ros2_for_rviz/odom_evo/include/odom_header.h:60:33:[m[K [01;35m[Kwarning: [m[Kextra tokens at end of #include directive
[1.383s] In file included from [01m[K/home/baixiaobo/work/chassiss_odom_ws/ros2_for_rviz/odom_evo/src/local_map_on_odom.cpp:12[m[K:
[1.383s] [01m[K/home/baixiaobo/work/chassiss_odom_ws/ros2_for_rviz/odom_evo/include/odom_header.h:60:33:[m[K [01;35m[Kwarning: [m[Kmissing terminating " character
[1.383s]    60 | #include "nav_msgs/msg/path.hpp"[01;35m[K"[m[K
[1.383s]       |                                 [01;35m[K^[m[K
[5.041s] In file included from [01m[K/home/baixiaobo/work/chassiss_odom_ws/ros2_for_rviz/odom_evo/src/local_map_on_odom.cpp:11[m[K:
[5.041s] [01m[K/home/baixiaobo/work/chassiss_odom_ws/ros2_for_rviz/odom_evo/include/odom_publisher_for_rviz.hpp:[m[K In member function ‘[01m[Kvoid OdomPublisher::Publish(std::deque<odom::proto::Frame>&, std::string)[m[K’:
[5.042s] [01m[K/home/baixiaobo/work/chassiss_odom_ws/ros2_for_rviz/odom_evo/include/odom_publisher_for_rviz.hpp:122:25:[m[K [01;31m[Kerror: [m[Kno match for ‘[01m[Koperator=[m[K’ (operand types are ‘[01m[KEigen::Matrix<double, 4, 4>[m[K’ and ‘[01m[KEigen::Transform<double, 3, 2>[m[K’)
[5.042s]   122 |             transform = [01;31m[Ktransform_affine[m[K;
[5.042s]       |                         [01;31m[K^~~~~~~~~~~~~~~~[m[K
[5.042s] In file included from [01m[K/usr/include/eigen3/Eigen/Core:437[m[K,
[5.042s]                  from [01m[K/usr/include/eigen3/Eigen/Dense:1[m[K,
[5.042s]                  from [01m[K/home/baixiaobo/work/chassiss_odom_ws/ros2_for_rviz/odom_evo/include/odom_header.h:27[m[K,
[5.042s]                  from [01m[K/home/baixiaobo/work/chassiss_odom_ws/ros2_for_rviz/odom_evo/include/odom_subscriber_for_rviz.hpp:9[m[K,
[5.042s]                  from [01m[K/home/baixiaobo/work/chassiss_odom_ws/ros2_for_rviz/odom_evo/src/local_map_on_odom.cpp:10[m[K:
[5.042s] [01m[K/usr/include/eigen3/Eigen/src/Core/Matrix.h:206:33:[m[K [01;36m[Knote: [m[Kcandidate: ‘[01m[KEigen::Matrix<_Scalar, _Rows, _Cols, _Options, _MaxRows, _MaxCols>& Eigen::Matrix<_Scalar, _Rows, _Cols, _Options, _MaxRows, _MaxCols>::operator=(const Eigen::Matrix<_Scalar, _Rows, _Cols, _Options, _MaxRows, _MaxCols>&) [with _Scalar = double; int _Rows = 4; int _Cols = 4; int _Options = 0; int _MaxRows = 4; int _MaxCols = 4][m[K’
[5.042s]   206 |     EIGEN_STRONG_INLINE Matrix& [01;36m[Koperator[m[K=(const Matrix& other)
[5.042s]       |                                 [01;36m[K^~~~~~~~[m[K
[5.042s] [01m[K/usr/include/eigen3/Eigen/src/Core/Matrix.h:206:57:[m[K [01;36m[Knote: [m[K  no known conversion for argument 1 from ‘[01m[KEigen::Transform<double, 3, 2>[m[K’ to ‘[01m[Kconst Eigen::Matrix<double, 4, 4>&[m[K’
[5.042s]   206 |     EIGEN_STRONG_INLINE Matrix& operator=([01;36m[Kconst Matrix& other[m[K)
[5.042s]       |                                           [01;36m[K~~~~~~~~~~~~~~^~~~~[m[K
[5.042s] [01m[K/usr/include/eigen3/Eigen/src/Core/Matrix.h:223:33:[m[K [01;36m[Knote: [m[Kcandidate: ‘[01m[Ktemplate<class OtherDerived> Eigen::Matrix<_Scalar, _Rows, _Cols, _Options, _MaxRows, _MaxCols>& Eigen::Matrix<_Scalar, _Rows, _Cols, _Options, _MaxRows, _MaxCols>::operator=(const Eigen::DenseBase<OtherDerived>&) [with OtherDerived = OtherDerived; _Scalar = double; int _Rows = 4; int _Cols = 4; int _Options = 0; int _MaxRows = 4; int _MaxCols = 4][m[K’
[5.042s]   223 |     EIGEN_STRONG_INLINE Matrix& [01;36m[Koperator[m[K=(const DenseBase<OtherDerived>& other)
[5.042s]       |                                 [01;36m[K^~~~~~~~[m[K
[5.042s] [01m[K/usr/include/eigen3/Eigen/src/Core/Matrix.h:223:33:[m[K [01;36m[Knote: [m[K  template argument deduction/substitution failed:
[5.042s] In file included from [01m[K/home/baixiaobo/work/chassiss_odom_ws/ros2_for_rviz/odom_evo/src/local_map_on_odom.cpp:11[m[K:
[5.042s] [01m[K/home/baixiaobo/work/chassiss_odom_ws/ros2_for_rviz/odom_evo/include/odom_publisher_for_rviz.hpp:122:25:[m[K [01;36m[Knote: [m[K  ‘[01m[KEigen::Transform<double, 3, 2>[m[K’ is not derived from ‘[01m[Kconst Eigen::DenseBase<Derived>[m[K’
[5.042s]   122 |             transform = [01;36m[Ktransform_affine[m[K;
[5.042s]       |                         [01;36m[K^~~~~~~~~~~~~~~~[m[K
[5.042s] In file included from [01m[K/usr/include/eigen3/Eigen/Core:437[m[K,
[5.042s]                  from [01m[K/usr/include/eigen3/Eigen/Dense:1[m[K,
[5.043s]                  from [01m[K/home/baixiaobo/work/chassiss_odom_ws/ros2_for_rviz/odom_evo/include/odom_header.h:27[m[K,
[5.043s]                  from [01m[K/home/baixiaobo/work/chassiss_odom_ws/ros2_for_rviz/odom_evo/include/odom_subscriber_for_rviz.hpp:9[m[K,
[5.043s]                  from [01m[K/home/baixiaobo/work/chassiss_odom_ws/ros2_for_rviz/odom_evo/src/local_map_on_odom.cpp:10[m[K:
[5.043s] [01m[K/usr/include/eigen3/Eigen/src/Core/Matrix.h:236:33:[m[K [01;36m[Knote: [m[Kcandidate: ‘[01m[Ktemplate<class OtherDerived> Eigen::Matrix<_Scalar, _Rows, _Cols, _Options, _MaxRows, _MaxCols>& Eigen::Matrix<_Scalar, _Rows, _Cols, _Options, _MaxRows, _MaxCols>::operator=(const Eigen::EigenBase<OtherDerived>&) [with OtherDerived = OtherDerived; _Scalar = double; int _Rows = 4; int _Cols = 4; int _Options = 0; int _MaxRows = 4; int _MaxCols = 4][m[K’
[5.043s]   236 |     EIGEN_STRONG_INLINE Matrix& [01;36m[Koperator[m[K=(const EigenBase<OtherDerived> &other)
[5.043s]       |                                 [01;36m[K^~~~~~~~[m[K
[5.043s] [01m[K/usr/include/eigen3/Eigen/src/Core/Matrix.h:236:33:[m[K [01;36m[Knote: [m[K  template argument deduction/substitution failed:
[5.043s] In file included from [01m[K/home/baixiaobo/work/chassiss_odom_ws/ros2_for_rviz/odom_evo/src/local_map_on_odom.cpp:11[m[K:
[5.043s] [01m[K/home/baixiaobo/work/chassiss_odom_ws/ros2_for_rviz/odom_evo/include/odom_publisher_for_rviz.hpp:122:25:[m[K [01;36m[Knote: [m[K  ‘[01m[KEigen::Transform<double, 3, 2>[m[K’ is not derived from ‘[01m[Kconst Eigen::EigenBase<Derived>[m[K’
[5.043s]   122 |             transform = [01;36m[Ktransform_affine[m[K;
[5.043s]       |                         [01;36m[K^~~~~~~~~~~~~~~~[m[K
[5.043s] In file included from [01m[K/usr/include/eigen3/Eigen/Core:437[m[K,
[5.043s]                  from [01m[K/usr/include/eigen3/Eigen/Dense:1[m[K,
[5.043s]                  from [01m[K/home/baixiaobo/work/chassiss_odom_ws/ros2_for_rviz/odom_evo/include/odom_header.h:27[m[K,
[5.043s]                  from [01m[K/home/baixiaobo/work/chassiss_odom_ws/ros2_for_rviz/odom_evo/include/odom_subscriber_for_rviz.hpp:9[m[K,
[5.043s]                  from [01m[K/home/baixiaobo/work/chassiss_odom_ws/ros2_for_rviz/odom_evo/src/local_map_on_odom.cpp:10[m[K:
[5.043s] [01m[K/usr/include/eigen3/Eigen/src/Core/Matrix.h:243:33:[m[K [01;36m[Knote: [m[Kcandidate: ‘[01m[Ktemplate<class OtherDerived> Eigen::Matrix<_Scalar, _Rows, _Cols, _Options, _MaxRows, _MaxCols>& Eigen::Matrix<_Scalar, _Rows, _Cols, _Options, _MaxRows, _MaxCols>::operator=(const Eigen::ReturnByValue<OtherDerived>&) [with OtherDerived = OtherDerived; _Scalar = double; int _Rows = 4; int _Cols = 4; int _Options = 0; int _MaxRows = 4; int _MaxCols = 4][m[K’
[5.043s]   243 |     EIGEN_STRONG_INLINE Matrix& [01;36m[Koperator[m[K=(const ReturnByValue<OtherDerived>& func)
[5.043s]       |                                 [01;36m[K^~~~~~~~[m[K
[5.043s] [01m[K/usr/include/eigen3/Eigen/src/Core/Matrix.h:243:33:[m[K [01;36m[Knote: [m[K  template argument deduction/substitution failed:
[5.043s] In file included from [01m[K/home/baixiaobo/work/chassiss_odom_ws/ros2_for_rviz/odom_evo/src/local_map_on_odom.cpp:11[m[K:
[5.043s] [01m[K/home/baixiaobo/work/chassiss_odom_ws/ros2_for_rviz/odom_evo/include/odom_publisher_for_rviz.hpp:122:25:[m[K [01;36m[Knote: [m[K  ‘[01m[KEigen::Transform<double, 3, 2>[m[K’ is not derived from ‘[01m[Kconst Eigen::ReturnByValue<Derived>[m[K’
[5.043s]   122 |             transform = [01;36m[Ktransform_affine[m[K;
[5.043s]       |                         [01;36m[K^~~~~~~~~~~~~~~~[m[K
[5.043s] In file included from [01m[K/usr/include/eigen3/Eigen/Core:437[m[K,
[5.043s]                  from [01m[K/usr/include/eigen3/Eigen/Dense:1[m[K,
[5.044s]                  from [01m[K/home/baixiaobo/work/chassiss_odom_ws/ros2_for_rviz/odom_evo/include/odom_header.h:27[m[K,
[5.044s]                  from [01m[K/home/baixiaobo/work/chassiss_odom_ws/ros2_for_rviz/odom_evo/include/odom_subscriber_for_rviz.hpp:9[m[K,
[5.044s]                  from [01m[K/home/baixiaobo/work/chassiss_odom_ws/ros2_for_rviz/odom_evo/src/local_map_on_odom.cpp:10[m[K:
[5.044s] [01m[K/usr/include/eigen3/Eigen/src/Core/Matrix.h:281:13:[m[K [01;36m[Knote: [m[Kcandidate: ‘[01m[KEigen::Matrix<_Scalar, _Rows, _Cols, _Options, _MaxRows, _MaxCols>& Eigen::Matrix<_Scalar, _Rows, _Cols, _Options, _MaxRows, _MaxCols>::operator=(Eigen::Matrix<_Scalar, _Rows, _Cols, _Options, _MaxRows, _MaxCols>&&) [with _Scalar = double; int _Rows = 4; int _Cols = 4; int _Options = 0; int _MaxRows = 4; int _MaxCols = 4][m[K’
[5.044s]   281 |     Matrix& [01;36m[Koperator[m[K=(Matrix&& other) EIGEN_NOEXCEPT_IF(std::is_nothrow_move_assignable<Scalar>::value)
[5.044s]       |             [01;36m[K^~~~~~~~[m[K
[5.044s] [01m[K/usr/include/eigen3/Eigen/src/Core/Matrix.h:281:32:[m[K [01;36m[Knote: [m[K  no known conversion for argument 1 from ‘[01m[KEigen::Transform<double, 3, 2>[m[K’ to ‘[01m[KEigen::Matrix<double, 4, 4>&&[m[K’
[5.044s]   281 |     Matrix& operator=([01;36m[KMatrix&& other[m[K) EIGEN_NOEXCEPT_IF(std::is_nothrow_move_assignable<Scalar>::value)
[5.044s]       |                       [01;36m[K~~~~~~~~~^~~~~[m[K
[5.044s] [01m[K/usr/include/eigen3/Eigen/src/Core/Matrix.h:392:13:[m[K [01;36m[Knote: [m[Kcandidate: ‘[01m[Ktemplate<class OtherDerived> Eigen::Matrix<_Scalar, _Rows, _Cols, _Options, _MaxRows, _MaxCols>& Eigen::Matrix<_Scalar, _Rows, _Cols, _Options, _MaxRows, _MaxCols>::operator=(const Eigen::RotationBase<OtherDerived, Eigen::Matrix<_Scalar, _Rows, _Cols, _Options, _MaxRows, _MaxCols>::ColsAtCompileTime>&) [with OtherDerived = OtherDerived; _Scalar = double; int _Rows = 4; int _Cols = 4; int _Options = 0; int _MaxRows = 4; int _MaxCols = 4][m[K’
[5.044s]   392 |     Matrix& [01;36m[Koperator[m[K=(const RotationBase<OtherDerived,ColsAtCompileTime>& r);
[5.044s]       |             [01;36m[K^~~~~~~~[m[K
[5.044s] [01m[K/usr/include/eigen3/Eigen/src/Core/Matrix.h:392:13:[m[K [01;36m[Knote: [m[K  template argument deduction/substitution failed:
[5.044s] In file included from [01m[K/home/baixiaobo/work/chassiss_odom_ws/ros2_for_rviz/odom_evo/src/local_map_on_odom.cpp:11[m[K:
[5.044s] [01m[K/home/baixiaobo/work/chassiss_odom_ws/ros2_for_rviz/odom_evo/include/odom_publisher_for_rviz.hpp:122:25:[m[K [01;36m[Knote: [m[K  ‘[01m[KEigen::Transform<double, 3, 2>[m[K’ is not derived from ‘[01m[Kconst Eigen::RotationBase<OtherDerived, 4>[m[K’
[5.044s]   122 |             transform = [01;36m[Ktransform_affine[m[K;
[5.044s]       |                         [01;36m[K^~~~~~~~~~~~~~~~[m[K
[5.048s] [01m[K/home/baixiaobo/work/chassiss_odom_ws/ros2_for_rviz/odom_evo/include/odom_publisher_for_rviz.hpp:164:50:[m[K [01;31m[Kerror: [m[K‘[01m[Kwx[m[K’ was not declared in this scope; did you mean ‘[01m[Kqx[m[K’?
[5.048s]   164 |                 Eigen::Quaterniond quaternion(qw,[01;31m[Kwx[m[K,qy,qz);
[5.048s]       |                                                  [01;31m[K^~[m[K
[5.048s]       |                                                  [32m[Kqx[m[K
[5.048s] [01m[K/home/baixiaobo/work/chassiss_odom_ws/ros2_for_rviz/odom_evo/include/odom_publisher_for_rviz.hpp:165:39:[m[K [01;31m[Kerror: [m[Kinvalid use of non-static member function ‘[01m[KEigen::QuaternionBase<Derived>::Matrix3 Eigen::QuaternionBase<Derived>::toRotationMatrix() const [with Derived = Eigen::Quaternion<double>; Eigen::QuaternionBase<Derived>::Matrix3 = Eigen::Matrix<double, 3, 3>; typename Eigen::internal::traits<T>::Scalar = double][m[K’
[5.048s]   165 |                 rotation = quaternion.[01;31m[KtoRotationMatrix[m[K;
[5.049s]       |                                       [01;31m[K^~~~~~~~~~~~~~~~[m[K
[5.049s] In file included from [01m[K/usr/include/eigen3/Eigen/Geometry:42[m[K,
[5.049s]                  from [01m[K/usr/include/eigen3/Eigen/Dense:6[m[K,
[5.049s]                  from [01m[K/home/baixiaobo/work/chassiss_odom_ws/ros2_for_rviz/odom_evo/include/odom_header.h:27[m[K,
[5.049s]                  from [01m[K/home/baixiaobo/work/chassiss_odom_ws/ros2_for_rviz/odom_evo/include/odom_subscriber_for_rviz.hpp:9[m[K,
[5.049s]                  from [01m[K/home/baixiaobo/work/chassiss_odom_ws/ros2_for_rviz/odom_evo/src/local_map_on_odom.cpp:10[m[K:
[5.049s] [01m[K/usr/include/eigen3/Eigen/src/Geometry/Quaternion.h:531:1:[m[K [01;36m[Knote: [m[Kdeclared here
[5.049s]   531 | [01;36m[KQuaternionBase<Derived>[m[K::toRotationMatrix(void) const
[5.049s]       | [01;36m[K^~~~~~~~~~~~~~~~~~~~~~~[m[K
[5.049s] In file included from [01m[K/home/baixiaobo/work/chassiss_odom_ws/ros2_for_rviz/odom_evo/src/local_map_on_odom.cpp:11[m[K:
[5.049s] [01m[K/home/baixiaobo/work/chassiss_odom_ws/ros2_for_rviz/odom_evo/include/odom_publisher_for_rviz.hpp:160:23:[m[K [01;35m[Kwarning: [m[Kunused variable ‘[01m[Kqx[m[K’ [[01;35m[K-Wunused-variable[m[K]
[5.049s]   160 |                 float [01;35m[Kqx[m[K = odom_input.at(i).odom().pose_quaternion().x();
[5.049s]       |                       [01;35m[K^~[m[K
[5.052s] [01m[K/home/baixiaobo/work/chassiss_odom_ws/ros2_for_rviz/odom_evo/include/odom_publisher_for_rviz.hpp:187:46:[m[K [01;31m[Kerror: [m[K‘[01m[Kwx[m[K’ was not declared in this scope; did you mean ‘[01m[Kqx[m[K’?
[5.052s]   187 |             Eigen::Quaterniond quaternion(qw,[01;31m[Kwx[m[K,qy,qz);
[5.052s]       |                                              [01;31m[K^~[m[K
[5.052s]       |                                              [32m[Kqx[m[K
[5.052s] [01m[K/home/baixiaobo/work/chassiss_odom_ws/ros2_for_rviz/odom_evo/include/odom_publisher_for_rviz.hpp:188:35:[m[K [01;31m[Kerror: [m[Kinvalid use of non-static member function ‘[01m[KEigen::QuaternionBase<Derived>::Matrix3 Eigen::QuaternionBase<Derived>::toRotationMatrix() const [with Derived = Eigen::Quaternion<double>; Eigen::QuaternionBase<Derived>::Matrix3 = Eigen::Matrix<double, 3, 3>; typename Eigen::internal::traits<T>::Scalar = double][m[K’
[5.052s]   188 |             rotation = quaternion.[01;31m[KtoRotationMatrix[m[K;
[5.052s]       |                                   [01;31m[K^~~~~~~~~~~~~~~~[m[K
[5.053s] In file included from [01m[K/usr/include/eigen3/Eigen/Geometry:42[m[K,
[5.053s]                  from [01m[K/usr/include/eigen3/Eigen/Dense:6[m[K,
[5.053s]                  from [01m[K/home/baixiaobo/work/chassiss_odom_ws/ros2_for_rviz/odom_evo/include/odom_header.h:27[m[K,
[5.053s]                  from [01m[K/home/baixiaobo/work/chassiss_odom_ws/ros2_for_rviz/odom_evo/include/odom_subscriber_for_rviz.hpp:9[m[K,
[5.053s]                  from [01m[K/home/baixiaobo/work/chassiss_odom_ws/ros2_for_rviz/odom_evo/src/local_map_on_odom.cpp:10[m[K:
[5.053s] [01m[K/usr/include/eigen3/Eigen/src/Geometry/Quaternion.h:531:1:[m[K [01;36m[Knote: [m[Kdeclared here
[5.053s]   531 | [01;36m[KQuaternionBase<Derived>[m[K::toRotationMatrix(void) const
[5.053s]       | [01;36m[K^~~~~~~~~~~~~~~~~~~~~~~[m[K
[5.053s] In file included from [01m[K/home/baixiaobo/work/chassiss_odom_ws/ros2_for_rviz/odom_evo/src/local_map_on_odom.cpp:11[m[K:
[5.053s] [01m[K/home/baixiaobo/work/chassiss_odom_ws/ros2_for_rviz/odom_evo/include/odom_publisher_for_rviz.hpp:203:25:[m[K [01;31m[Kerror: [m[Kno match for ‘[01m[Koperator=[m[K’ (operand types are ‘[01m[KEigen::Matrix<double, 4, 4>[m[K’ and ‘[01m[KEigen::Transform<double, 3, 2>[m[K’)
[5.053s]   203 |             transform = [01;31m[Ktransform_affine[m[K;
[5.053s]       |                         [01;31m[K^~~~~~~~~~~~~~~~[m[K
[5.053s] In file included from [01m[K/usr/include/eigen3/Eigen/Core:437[m[K,
[5.053s]                  from [01m[K/usr/include/eigen3/Eigen/Dense:1[m[K,
[5.053s]                  from [01m[K/home/baixiaobo/work/chassiss_odom_ws/ros2_for_rviz/odom_evo/include/odom_header.h:27[m[K,
[5.053s]                  from [01m[K/home/baixiaobo/work/chassiss_odom_ws/ros2_for_rviz/odom_evo/include/odom_subscriber_for_rviz.hpp:9[m[K,
[5.053s]                  from [01m[K/home/baixiaobo/work/chassiss_odom_ws/ros2_for_rviz/odom_evo/src/local_map_on_odom.cpp:10[m[K:
[5.053s] [01m[K/usr/include/eigen3/Eigen/src/Core/Matrix.h:206:33:[m[K [01;36m[Knote: [m[Kcandidate: ‘[01m[KEigen::Matrix<_Scalar, _Rows, _Cols, _Options, _MaxRows, _MaxCols>& Eigen::Matrix<_Scalar, _Rows, _Cols, _Options, _MaxRows, _MaxCols>::operator=(const Eigen::Matrix<_Scalar, _Rows, _Cols, _Options, _MaxRows, _MaxCols>&) [with _Scalar = double; int _Rows = 4; int _Cols = 4; int _Options = 0; int _MaxRows = 4; int _MaxCols = 4][m[K’
[5.053s]   206 |     EIGEN_STRONG_INLINE Matrix& [01;36m[Koperator[m[K=(const Matrix& other)
[5.053s]       |                                 [01;36m[K^~~~~~~~[m[K
[5.053s] [01m[K/usr/include/eigen3/Eigen/src/Core/Matrix.h:206:57:[m[K [01;36m[Knote: [m[K  no known conversion for argument 1 from ‘[01m[KEigen::Transform<double, 3, 2>[m[K’ to ‘[01m[Kconst Eigen::Matrix<double, 4, 4>&[m[K’
[5.053s]   206 |     EIGEN_STRONG_INLINE Matrix& operator=([01;36m[Kconst Matrix& other[m[K)
[5.053s]       |                                           [01;36m[K~~~~~~~~~~~~~~^~~~~[m[K
[5.053s] [01m[K/usr/include/eigen3/Eigen/src/Core/Matrix.h:223:33:[m[K [01;36m[Knote: [m[Kcandidate: ‘[01m[Ktemplate<class OtherDerived> Eigen::Matrix<_Scalar, _Rows, _Cols, _Options, _MaxRows, _MaxCols>& Eigen::Matrix<_Scalar, _Rows, _Cols, _Options, _MaxRows, _MaxCols>::operator=(const Eigen::DenseBase<OtherDerived>&) [with OtherDerived = OtherDerived; _Scalar = double; int _Rows = 4; int _Cols = 4; int _Options = 0; int _MaxRows = 4; int _MaxCols = 4][m[K’
[5.054s]   223 |     EIGEN_STRONG_INLINE Matrix& [01;36m[Koperator[m[K=(const DenseBase<OtherDerived>& other)
[5.054s]       |                                 [01;36m[K^~~~~~~~[m[K
[5.054s] [01m[K/usr/include/eigen3/Eigen/src/Core/Matrix.h:223:33:[m[K [01;36m[Knote: [m[K  template argument deduction/substitution failed:
[5.054s] In file included from [01m[K/home/baixiaobo/work/chassiss_odom_ws/ros2_for_rviz/odom_evo/src/local_map_on_odom.cpp:11[m[K:
[5.054s] [01m[K/home/baixiaobo/work/chassiss_odom_ws/ros2_for_rviz/odom_evo/include/odom_publisher_for_rviz.hpp:203:25:[m[K [01;36m[Knote: [m[K  ‘[01m[KEigen::Transform<double, 3, 2>[m[K’ is not derived from ‘[01m[Kconst Eigen::DenseBase<Derived>[m[K’
[5.054s]   203 |             transform = [01;36m[Ktransform_affine[m[K;
[5.054s]       |                         [01;36m[K^~~~~~~~~~~~~~~~[m[K
[5.054s] In file included from [01m[K/usr/include/eigen3/Eigen/Core:437[m[K,
[5.054s]                  from [01m[K/usr/include/eigen3/Eigen/Dense:1[m[K,
[5.054s]                  from [01m[K/home/baixiaobo/work/chassiss_odom_ws/ros2_for_rviz/odom_evo/include/odom_header.h:27[m[K,
[5.054s]                  from [01m[K/home/baixiaobo/work/chassiss_odom_ws/ros2_for_rviz/odom_evo/include/odom_subscriber_for_rviz.hpp:9[m[K,
[5.054s]                  from [01m[K/home/baixiaobo/work/chassiss_odom_ws/ros2_for_rviz/odom_evo/src/local_map_on_odom.cpp:10[m[K:
[5.054s] [01m[K/usr/include/eigen3/Eigen/src/Core/Matrix.h:236:33:[m[K [01;36m[Knote: [m[Kcandidate: ‘[01m[Ktemplate<class OtherDerived> Eigen::Matrix<_Scalar, _Rows, _Cols, _Options, _MaxRows, _MaxCols>& Eigen::Matrix<_Scalar, _Rows, _Cols, _Options, _MaxRows, _MaxCols>::operator=(const Eigen::EigenBase<OtherDerived>&) [with OtherDerived = OtherDerived; _Scalar = double; int _Rows = 4; int _Cols = 4; int _Options = 0; int _MaxRows = 4; int _MaxCols = 4][m[K’
[5.054s]   236 |     EIGEN_STRONG_INLINE Matrix& [01;36m[Koperator[m[K=(const EigenBase<OtherDerived> &other)
[5.054s]       |                                 [01;36m[K^~~~~~~~[m[K
[5.054s] [01m[K/usr/include/eigen3/Eigen/src/Core/Matrix.h:236:33:[m[K [01;36m[Knote: [m[K  template argument deduction/substitution failed:
[5.054s] In file included from [01m[K/home/baixiaobo/work/chassiss_odom_ws/ros2_for_rviz/odom_evo/src/local_map_on_odom.cpp:11[m[K:
[5.054s] [01m[K/home/baixiaobo/work/chassiss_odom_ws/ros2_for_rviz/odom_evo/include/odom_publisher_for_rviz.hpp:203:25:[m[K [01;36m[Knote: [m[K  ‘[01m[KEigen::Transform<double, 3, 2>[m[K’ is not derived from ‘[01m[Kconst Eigen::EigenBase<Derived>[m[K’
[5.054s]   203 |             transform = [01;36m[Ktransform_affine[m[K;
[5.054s]       |                         [01;36m[K^~~~~~~~~~~~~~~~[m[K
[5.054s] In file included from [01m[K/usr/include/eigen3/Eigen/Core:437[m[K,
[5.054s]                  from [01m[K/usr/include/eigen3/Eigen/Dense:1[m[K,
[5.054s]                  from [01m[K/home/baixiaobo/work/chassiss_odom_ws/ros2_for_rviz/odom_evo/include/odom_header.h:27[m[K,
[5.054s]                  from [01m[K/home/baixiaobo/work/chassiss_odom_ws/ros2_for_rviz/odom_evo/include/odom_subscriber_for_rviz.hpp:9[m[K,
[5.054s]                  from [01m[K/home/baixiaobo/work/chassiss_odom_ws/ros2_for_rviz/odom_evo/src/local_map_on_odom.cpp:10[m[K:
[5.054s] [01m[K/usr/include/eigen3/Eigen/src/Core/Matrix.h:243:33:[m[K [01;36m[Knote: [m[Kcandidate: ‘[01m[Ktemplate<class OtherDerived> Eigen::Matrix<_Scalar, _Rows, _Cols, _Options, _MaxRows, _MaxCols>& Eigen::Matrix<_Scalar, _Rows, _Cols, _Options, _MaxRows, _MaxCols>::operator=(const Eigen::ReturnByValue<OtherDerived>&) [with OtherDerived = OtherDerived; _Scalar = double; int _Rows = 4; int _Cols = 4; int _Options = 0; int _MaxRows = 4; int _MaxCols = 4][m[K’
[5.054s]   243 |     EIGEN_STRONG_INLINE Matrix& [01;36m[Koperator[m[K=(const ReturnByValue<OtherDerived>& func)
[5.055s]       |                                 [01;36m[K^~~~~~~~[m[K
[5.055s] [01m[K/usr/include/eigen3/Eigen/src/Core/Matrix.h:243:33:[m[K [01;36m[Knote: [m[K  template argument deduction/substitution failed:
[5.055s] In file included from [01m[K/home/baixiaobo/work/chassiss_odom_ws/ros2_for_rviz/odom_evo/src/local_map_on_odom.cpp:11[m[K:
[5.055s] [01m[K/home/baixiaobo/work/chassiss_odom_ws/ros2_for_rviz/odom_evo/include/odom_publisher_for_rviz.hpp:203:25:[m[K [01;36m[Knote: [m[K  ‘[01m[KEigen::Transform<double, 3, 2>[m[K’ is not derived from ‘[01m[Kconst Eigen::ReturnByValue<Derived>[m[K’
[5.055s]   203 |             transform = [01;36m[Ktransform_affine[m[K;
[5.055s]       |                         [01;36m[K^~~~~~~~~~~~~~~~[m[K
[5.055s] In file included from [01m[K/usr/include/eigen3/Eigen/Core:437[m[K,
[5.055s]                  from [01m[K/usr/include/eigen3/Eigen/Dense:1[m[K,
[5.055s]                  from [01m[K/home/baixiaobo/work/chassiss_odom_ws/ros2_for_rviz/odom_evo/include/odom_header.h:27[m[K,
[5.055s]                  from [01m[K/home/baixiaobo/work/chassiss_odom_ws/ros2_for_rviz/odom_evo/include/odom_subscriber_for_rviz.hpp:9[m[K,
[5.055s]                  from [01m[K/home/baixiaobo/work/chassiss_odom_ws/ros2_for_rviz/odom_evo/src/local_map_on_odom.cpp:10[m[K:
[5.055s] [01m[K/usr/include/eigen3/Eigen/src/Core/Matrix.h:281:13:[m[K [01;36m[Knote: [m[Kcandidate: ‘[01m[KEigen::Matrix<_Scalar, _Rows, _Cols, _Options, _MaxRows, _MaxCols>& Eigen::Matrix<_Scalar, _Rows, _Cols, _Options, _MaxRows, _MaxCols>::operator=(Eigen::Matrix<_Scalar, _Rows, _Cols, _Options, _MaxRows, _MaxCols>&&) [with _Scalar = double; int _Rows = 4; int _Cols = 4; int _Options = 0; int _MaxRows = 4; int _MaxCols = 4][m[K’
[5.055s]   281 |     Matrix& [01;36m[Koperator[m[K=(Matrix&& other) EIGEN_NOEXCEPT_IF(std::is_nothrow_move_assignable<Scalar>::value)
[5.055s]       |             [01;36m[K^~~~~~~~[m[K
[5.055s] [01m[K/usr/include/eigen3/Eigen/src/Core/Matrix.h:281:32:[m[K [01;36m[Knote: [m[K  no known conversion for argument 1 from ‘[01m[KEigen::Transform<double, 3, 2>[m[K’ to ‘[01m[KEigen::Matrix<double, 4, 4>&&[m[K’
[5.055s]   281 |     Matrix& operator=([01;36m[KMatrix&& other[m[K) EIGEN_NOEXCEPT_IF(std::is_nothrow_move_assignable<Scalar>::value)
[5.055s]       |                       [01;36m[K~~~~~~~~~^~~~~[m[K
[5.055s] [01m[K/usr/include/eigen3/Eigen/src/Core/Matrix.h:392:13:[m[K [01;36m[Knote: [m[Kcandidate: ‘[01m[Ktemplate<class OtherDerived> Eigen::Matrix<_Scalar, _Rows, _Cols, _Options, _MaxRows, _MaxCols>& Eigen::Matrix<_Scalar, _Rows, _Cols, _Options, _MaxRows, _MaxCols>::operator=(const Eigen::RotationBase<OtherDerived, Eigen::Matrix<_Scalar, _Rows, _Cols, _Options, _MaxRows, _MaxCols>::ColsAtCompileTime>&) [with OtherDerived = OtherDerived; _Scalar = double; int _Rows = 4; int _Cols = 4; int _Options = 0; int _MaxRows = 4; int _MaxCols = 4][m[K’
[5.055s]   392 |     Matrix& [01;36m[Koperator[m[K=(const RotationBase<OtherDerived,ColsAtCompileTime>& r);
[5.055s]       |             [01;36m[K^~~~~~~~[m[K
[5.055s] [01m[K/usr/include/eigen3/Eigen/src/Core/Matrix.h:392:13:[m[K [01;36m[Knote: [m[K  template argument deduction/substitution failed:
[5.055s] In file included from [01m[K/home/baixiaobo/work/chassiss_odom_ws/ros2_for_rviz/odom_evo/src/local_map_on_odom.cpp:11[m[K:
[5.055s] [01m[K/home/baixiaobo/work/chassiss_odom_ws/ros2_for_rviz/odom_evo/include/odom_publisher_for_rviz.hpp:203:25:[m[K [01;36m[Knote: [m[K  ‘[01m[KEigen::Transform<double, 3, 2>[m[K’ is not derived from ‘[01m[Kconst Eigen::RotationBase<OtherDerived, 4>[m[K’
[5.055s]   203 |             transform = [01;36m[Ktransform_affine[m[K;
[5.055s]       |                         [01;36m[K^~~~~~~~~~~~~~~~[m[K
[5.056s] [01m[K/home/baixiaobo/work/chassiss_odom_ws/ros2_for_rviz/odom_evo/include/odom_publisher_for_rviz.hpp:245:50:[m[K [01;31m[Kerror: [m[K‘[01m[Kwx[m[K’ was not declared in this scope; did you mean ‘[01m[Kqx[m[K’?
[5.056s]   245 |                 Eigen::Quaterniond quaternion(qw,[01;31m[Kwx[m[K,qy,qz);
[5.056s]       |                                                  [01;31m[K^~[m[K
[5.056s]       |                                                  [32m[Kqx[m[K
[5.056s] [01m[K/home/baixiaobo/work/chassiss_odom_ws/ros2_for_rviz/odom_evo/include/odom_publisher_for_rviz.hpp:246:39:[m[K [01;31m[Kerror: [m[Kinvalid use of non-static member function ‘[01m[KEigen::QuaternionBase<Derived>::Matrix3 Eigen::QuaternionBase<Derived>::toRotationMatrix() const [with Derived = Eigen::Quaternion<double>; Eigen::QuaternionBase<Derived>::Matrix3 = Eigen::Matrix<double, 3, 3>; typename Eigen::internal::traits<T>::Scalar = double][m[K’
[5.056s]   246 |                 rotation = quaternion.[01;31m[KtoRotationMatrix[m[K;
[5.056s]       |                                       [01;31m[K^~~~~~~~~~~~~~~~[m[K
[5.057s] In file included from [01m[K/usr/include/eigen3/Eigen/Geometry:42[m[K,
[5.057s]                  from [01m[K/usr/include/eigen3/Eigen/Dense:6[m[K,
[5.057s]                  from [01m[K/home/baixiaobo/work/chassiss_odom_ws/ros2_for_rviz/odom_evo/include/odom_header.h:27[m[K,
[5.057s]                  from [01m[K/home/baixiaobo/work/chassiss_odom_ws/ros2_for_rviz/odom_evo/include/odom_subscriber_for_rviz.hpp:9[m[K,
[5.057s]                  from [01m[K/home/baixiaobo/work/chassiss_odom_ws/ros2_for_rviz/odom_evo/src/local_map_on_odom.cpp:10[m[K:
[5.057s] [01m[K/usr/include/eigen3/Eigen/src/Geometry/Quaternion.h:531:1:[m[K [01;36m[Knote: [m[Kdeclared here
[5.057s]   531 | [01;36m[KQuaternionBase<Derived>[m[K::toRotationMatrix(void) const
[5.057s]       | [01;36m[K^~~~~~~~~~~~~~~~~~~~~~~[m[K
[5.057s] In file included from [01m[K/home/baixiaobo/work/chassiss_odom_ws/ros2_for_rviz/odom_evo/src/local_map_on_odom.cpp:11[m[K:
[5.057s] [01m[K/home/baixiaobo/work/chassiss_odom_ws/ros2_for_rviz/odom_evo/include/odom_publisher_for_rviz.hpp:241:23:[m[K [01;35m[Kwarning: [m[Kunused variable ‘[01m[Kqx[m[K’ [[01;35m[K-Wunused-variable[m[K]
[5.057s]   241 |                 float [01;35m[Kqx[m[K = odom_input.at(i).odom().pose_quaternion().x();
[5.057s]       |                       [01;35m[K^~[m[K
[5.059s] [01m[K/home/baixiaobo/work/chassiss_odom_ws/ros2_for_rviz/odom_evo/include/odom_publisher_for_rviz.hpp:268:46:[m[K [01;31m[Kerror: [m[K‘[01m[Kwx[m[K’ was not declared in this scope; did you mean ‘[01m[Kqx[m[K’?
[5.059s]   268 |             Eigen::Quaterniond quaternion(qw,[01;31m[Kwx[m[K,qy,qz);
[5.059s]       |                                              [01;31m[K^~[m[K
[5.059s]       |                                              [32m[Kqx[m[K
[5.059s] [01m[K/home/baixiaobo/work/chassiss_odom_ws/ros2_for_rviz/odom_evo/include/odom_publisher_for_rviz.hpp:269:35:[m[K [01;31m[Kerror: [m[Kinvalid use of non-static member function ‘[01m[KEigen::QuaternionBase<Derived>::Matrix3 Eigen::QuaternionBase<Derived>::toRotationMatrix() const [with Derived = Eigen::Quaternion<double>; Eigen::QuaternionBase<Derived>::Matrix3 = Eigen::Matrix<double, 3, 3>; typename Eigen::internal::traits<T>::Scalar = double][m[K’
[5.059s]   269 |             rotation = quaternion.[01;31m[KtoRotationMatrix[m[K;
[5.059s]       |                                   [01;31m[K^~~~~~~~~~~~~~~~[m[K
[5.059s] In file included from [01m[K/usr/include/eigen3/Eigen/Geometry:42[m[K,
[5.059s]                  from [01m[K/usr/include/eigen3/Eigen/Dense:6[m[K,
[5.059s]                  from [01m[K/home/baixiaobo/work/chassiss_odom_ws/ros2_for_rviz/odom_evo/include/odom_header.h:27[m[K,
[5.059s]                  from [01m[K/home/baixiaobo/work/chassiss_odom_ws/ros2_for_rviz/odom_evo/include/odom_subscriber_for_rviz.hpp:9[m[K,
[5.059s]                  from [01m[K/home/baixiaobo/work/chassiss_odom_ws/ros2_for_rviz/odom_evo/src/local_map_on_odom.cpp:10[m[K:
[5.059s] [01m[K/usr/include/eigen3/Eigen/src/Geometry/Quaternion.h:531:1:[m[K [01;36m[Knote: [m[Kdeclared here
[5.060s]   531 | [01;36m[KQuaternionBase<Derived>[m[K::toRotationMatrix(void) const
[5.060s]       | [01;36m[K^~~~~~~~~~~~~~~~~~~~~~~[m[K
[5.060s] In file included from [01m[K/home/baixiaobo/work/chassiss_odom_ws/ros2_for_rviz/odom_evo/src/local_map_on_odom.cpp:11[m[K:
[5.060s] [01m[K/home/baixiaobo/work/chassiss_odom_ws/ros2_for_rviz/odom_evo/include/odom_publisher_for_rviz.hpp:284:25:[m[K [01;31m[Kerror: [m[Kno match for ‘[01m[Koperator=[m[K’ (operand types are ‘[01m[KEigen::Matrix<double, 4, 4>[m[K’ and ‘[01m[KEigen::Transform<double, 3, 2>[m[K’)
[5.060s]   284 |             transform = [01;31m[Ktransform_affine[m[K;
[5.060s]       |                         [01;31m[K^~~~~~~~~~~~~~~~[m[K
[5.060s] In file included from [01m[K/usr/include/eigen3/Eigen/Core:437[m[K,
[5.060s]                  from [01m[K/usr/include/eigen3/Eigen/Dense:1[m[K,
[5.060s]                  from [01m[K/home/baixiaobo/work/chassiss_odom_ws/ros2_for_rviz/odom_evo/include/odom_header.h:27[m[K,
[5.060s]                  from [01m[K/home/baixiaobo/work/chassiss_odom_ws/ros2_for_rviz/odom_evo/include/odom_subscriber_for_rviz.hpp:9[m[K,
[5.060s]                  from [01m[K/home/baixiaobo/work/chassiss_odom_ws/ros2_for_rviz/odom_evo/src/local_map_on_odom.cpp:10[m[K:
[5.060s] [01m[K/usr/include/eigen3/Eigen/src/Core/Matrix.h:206:33:[m[K [01;36m[Knote: [m[Kcandidate: ‘[01m[KEigen::Matrix<_Scalar, _Rows, _Cols, _Options, _MaxRows, _MaxCols>& Eigen::Matrix<_Scalar, _Rows, _Cols, _Options, _MaxRows, _MaxCols>::operator=(const Eigen::Matrix<_Scalar, _Rows, _Cols, _Options, _MaxRows, _MaxCols>&) [with _Scalar = double; int _Rows = 4; int _Cols = 4; int _Options = 0; int _MaxRows = 4; int _MaxCols = 4][m[K’
[5.060s]   206 |     EIGEN_STRONG_INLINE Matrix& [01;36m[Koperator[m[K=(const Matrix& other)
[5.060s]       |                                 [01;36m[K^~~~~~~~[m[K
[5.060s] [01m[K/usr/include/eigen3/Eigen/src/Core/Matrix.h:206:57:[m[K [01;36m[Knote: [m[K  no known conversion for argument 1 from ‘[01m[KEigen::Transform<double, 3, 2>[m[K’ to ‘[01m[Kconst Eigen::Matrix<double, 4, 4>&[m[K’
[5.060s]   206 |     EIGEN_STRONG_INLINE Matrix& operator=([01;36m[Kconst Matrix& other[m[K)
[5.060s]       |                                           [01;36m[K~~~~~~~~~~~~~~^~~~~[m[K
[5.060s] [01m[K/usr/include/eigen3/Eigen/src/Core/Matrix.h:223:33:[m[K [01;36m[Knote: [m[Kcandidate: ‘[01m[Ktemplate<class OtherDerived> Eigen::Matrix<_Scalar, _Rows, _Cols, _Options, _MaxRows, _MaxCols>& Eigen::Matrix<_Scalar, _Rows, _Cols, _Options, _MaxRows, _MaxCols>::operator=(const Eigen::DenseBase<OtherDerived>&) [with OtherDerived = OtherDerived; _Scalar = double; int _Rows = 4; int _Cols = 4; int _Options = 0; int _MaxRows = 4; int _MaxCols = 4][m[K’
[5.060s]   223 |     EIGEN_STRONG_INLINE Matrix& [01;36m[Koperator[m[K=(const DenseBase<OtherDerived>& other)
[5.060s]       |                                 [01;36m[K^~~~~~~~[m[K
[5.060s] [01m[K/usr/include/eigen3/Eigen/src/Core/Matrix.h:223:33:[m[K [01;36m[Knote: [m[K  template argument deduction/substitution failed:
[5.060s] In file included from [01m[K/home/baixiaobo/work/chassiss_odom_ws/ros2_for_rviz/odom_evo/src/local_map_on_odom.cpp:11[m[K:
[5.060s] [01m[K/home/baixiaobo/work/chassiss_odom_ws/ros2_for_rviz/odom_evo/include/odom_publisher_for_rviz.hpp:284:25:[m[K [01;36m[Knote: [m[K  ‘[01m[KEigen::Transform<double, 3, 2>[m[K’ is not derived from ‘[01m[Kconst Eigen::DenseBase<Derived>[m[K’
[5.060s]   284 |             transform = [01;36m[Ktransform_affine[m[K;
[5.060s]       |                         [01;36m[K^~~~~~~~~~~~~~~~[m[K
[5.060s] In file included from [01m[K/usr/include/eigen3/Eigen/Core:437[m[K,
[5.061s]                  from [01m[K/usr/include/eigen3/Eigen/Dense:1[m[K,
[5.061s]                  from [01m[K/home/baixiaobo/work/chassiss_odom_ws/ros2_for_rviz/odom_evo/include/odom_header.h:27[m[K,
[5.061s]                  from [01m[K/home/baixiaobo/work/chassiss_odom_ws/ros2_for_rviz/odom_evo/include/odom_subscriber_for_rviz.hpp:9[m[K,
[5.061s]                  from [01m[K/home/baixiaobo/work/chassiss_odom_ws/ros2_for_rviz/odom_evo/src/local_map_on_odom.cpp:10[m[K:
[5.061s] [01m[K/usr/include/eigen3/Eigen/src/Core/Matrix.h:236:33:[m[K [01;36m[Knote: [m[Kcandidate: ‘[01m[Ktemplate<class OtherDerived> Eigen::Matrix<_Scalar, _Rows, _Cols, _Options, _MaxRows, _MaxCols>& Eigen::Matrix<_Scalar, _Rows, _Cols, _Options, _MaxRows, _MaxCols>::operator=(const Eigen::EigenBase<OtherDerived>&) [with OtherDerived = OtherDerived; _Scalar = double; int _Rows = 4; int _Cols = 4; int _Options = 0; int _MaxRows = 4; int _MaxCols = 4][m[K’
[5.061s]   236 |     EIGEN_STRONG_INLINE Matrix& [01;36m[Koperator[m[K=(const EigenBase<OtherDerived> &other)
[5.061s]       |                                 [01;36m[K^~~~~~~~[m[K
[5.061s] [01m[K/usr/include/eigen3/Eigen/src/Core/Matrix.h:236:33:[m[K [01;36m[Knote: [m[K  template argument deduction/substitution failed:
[5.061s] In file included from [01m[K/home/baixiaobo/work/chassiss_odom_ws/ros2_for_rviz/odom_evo/src/local_map_on_odom.cpp:11[m[K:
[5.061s] [01m[K/home/baixiaobo/work/chassiss_odom_ws/ros2_for_rviz/odom_evo/include/odom_publisher_for_rviz.hpp:284:25:[m[K [01;36m[Knote: [m[K  ‘[01m[KEigen::Transform<double, 3, 2>[m[K’ is not derived from ‘[01m[Kconst Eigen::EigenBase<Derived>[m[K’
[5.061s]   284 |             transform = [01;36m[Ktransform_affine[m[K;
[5.061s]       |                         [01;36m[K^~~~~~~~~~~~~~~~[m[K
[5.061s] In file included from [01m[K/usr/include/eigen3/Eigen/Core:437[m[K,
[5.061s]                  from [01m[K/usr/include/eigen3/Eigen/Dense:1[m[K,
[5.061s]                  from [01m[K/home/baixiaobo/work/chassiss_odom_ws/ros2_for_rviz/odom_evo/include/odom_header.h:27[m[K,
[5.061s]                  from [01m[K/home/baixiaobo/work/chassiss_odom_ws/ros2_for_rviz/odom_evo/include/odom_subscriber_for_rviz.hpp:9[m[K,
[5.061s]                  from [01m[K/home/baixiaobo/work/chassiss_odom_ws/ros2_for_rviz/odom_evo/src/local_map_on_odom.cpp:10[m[K:
[5.061s] [01m[K/usr/include/eigen3/Eigen/src/Core/Matrix.h:243:33:[m[K [01;36m[Knote: [m[Kcandidate: ‘[01m[Ktemplate<class OtherDerived> Eigen::Matrix<_Scalar, _Rows, _Cols, _Options, _MaxRows, _MaxCols>& Eigen::Matrix<_Scalar, _Rows, _Cols, _Options, _MaxRows, _MaxCols>::operator=(const Eigen::ReturnByValue<OtherDerived>&) [with OtherDerived = OtherDerived; _Scalar = double; int _Rows = 4; int _Cols = 4; int _Options = 0; int _MaxRows = 4; int _MaxCols = 4][m[K’
[5.061s]   243 |     EIGEN_STRONG_INLINE Matrix& [01;36m[Koperator[m[K=(const ReturnByValue<OtherDerived>& func)
[5.061s]       |                                 [01;36m[K^~~~~~~~[m[K
[5.061s] [01m[K/usr/include/eigen3/Eigen/src/Core/Matrix.h:243:33:[m[K [01;36m[Knote: [m[K  template argument deduction/substitution failed:
[5.061s] In file included from [01m[K/home/baixiaobo/work/chassiss_odom_ws/ros2_for_rviz/odom_evo/src/local_map_on_odom.cpp:11[m[K:
[5.061s] [01m[K/home/baixiaobo/work/chassiss_odom_ws/ros2_for_rviz/odom_evo/include/odom_publisher_for_rviz.hpp:284:25:[m[K [01;36m[Knote: [m[K  ‘[01m[KEigen::Transform<double, 3, 2>[m[K’ is not derived from ‘[01m[Kconst Eigen::ReturnByValue<Derived>[m[K’
[5.061s]   284 |             transform = [01;36m[Ktransform_affine[m[K;
[5.061s]       |                         [01;36m[K^~~~~~~~~~~~~~~~[m[K
[5.061s] In file included from [01m[K/usr/include/eigen3/Eigen/Core:437[m[K,
[5.061s]                  from [01m[K/usr/include/eigen3/Eigen/Dense:1[m[K,
[5.062s]                  from [01m[K/home/baixiaobo/work/chassiss_odom_ws/ros2_for_rviz/odom_evo/include/odom_header.h:27[m[K,
[5.062s]                  from [01m[K/home/baixiaobo/work/chassiss_odom_ws/ros2_for_rviz/odom_evo/include/odom_subscriber_for_rviz.hpp:9[m[K,
[5.062s]                  from [01m[K/home/baixiaobo/work/chassiss_odom_ws/ros2_for_rviz/odom_evo/src/local_map_on_odom.cpp:10[m[K:
[5.062s] [01m[K/usr/include/eigen3/Eigen/src/Core/Matrix.h:281:13:[m[K [01;36m[Knote: [m[Kcandidate: ‘[01m[KEigen::Matrix<_Scalar, _Rows, _Cols, _Options, _MaxRows, _MaxCols>& Eigen::Matrix<_Scalar, _Rows, _Cols, _Options, _MaxRows, _MaxCols>::operator=(Eigen::Matrix<_Scalar, _Rows, _Cols, _Options, _MaxRows, _MaxCols>&&) [with _Scalar = double; int _Rows = 4; int _Cols = 4; int _Options = 0; int _MaxRows = 4; int _MaxCols = 4][m[K’
[5.062s]   281 |     Matrix& [01;36m[Koperator[m[K=(Matrix&& other) EIGEN_NOEXCEPT_IF(std::is_nothrow_move_assignable<Scalar>::value)
[5.062s]       |             [01;36m[K^~~~~~~~[m[K
[5.062s] [01m[K/usr/include/eigen3/Eigen/src/Core/Matrix.h:281:32:[m[K [01;36m[Knote: [m[K  no known conversion for argument 1 from ‘[01m[KEigen::Transform<double, 3, 2>[m[K’ to ‘[01m[KEigen::Matrix<double, 4, 4>&&[m[K’
[5.062s]   281 |     Matrix& operator=([01;36m[KMatrix&& other[m[K) EIGEN_NOEXCEPT_IF(std::is_nothrow_move_assignable<Scalar>::value)
[5.062s]       |                       [01;36m[K~~~~~~~~~^~~~~[m[K
[5.062s] [01m[K/usr/include/eigen3/Eigen/src/Core/Matrix.h:392:13:[m[K [01;36m[Knote: [m[Kcandidate: ‘[01m[Ktemplate<class OtherDerived> Eigen::Matrix<_Scalar, _Rows, _Cols, _Options, _MaxRows, _MaxCols>& Eigen::Matrix<_Scalar, _Rows, _Cols, _Options, _MaxRows, _MaxCols>::operator=(const Eigen::RotationBase<OtherDerived, Eigen::Matrix<_Scalar, _Rows, _Cols, _Options, _MaxRows, _MaxCols>::ColsAtCompileTime>&) [with OtherDerived = OtherDerived; _Scalar = double; int _Rows = 4; int _Cols = 4; int _Options = 0; int _MaxRows = 4; int _MaxCols = 4][m[K’
[5.062s]   392 |     Matrix& [01;36m[Koperator[m[K=(const RotationBase<OtherDerived,ColsAtCompileTime>& r);
[5.062s]       |             [01;36m[K^~~~~~~~[m[K
[5.062s] [01m[K/usr/include/eigen3/Eigen/src/Core/Matrix.h:392:13:[m[K [01;36m[Knote: [m[K  template argument deduction/substitution failed:
[5.062s] In file included from [01m[K/home/baixiaobo/work/chassiss_odom_ws/ros2_for_rviz/odom_evo/src/local_map_on_odom.cpp:11[m[K:
[5.062s] [01m[K/home/baixiaobo/work/chassiss_odom_ws/ros2_for_rviz/odom_evo/include/odom_publisher_for_rviz.hpp:284:25:[m[K [01;36m[Knote: [m[K  ‘[01m[KEigen::Transform<double, 3, 2>[m[K’ is not derived from ‘[01m[Kconst Eigen::RotationBase<OtherDerived, 4>[m[K’
[5.062s]   284 |             transform = [01;36m[Ktransform_affine[m[K;
[5.062s]       |                         [01;36m[K^~~~~~~~~~~~~~~~[m[K
[9.898s] make[2]: *** [CMakeFiles/odom_map_tum.dir/build.make:76: CMakeFiles/odom_map_tum.dir/src/local_map_on_odom.cpp.o] Error 1
[9.898s] make[1]: *** [CMakeFiles/Makefile2:137: CMakeFiles/odom_map_tum.dir/all] Error 2
[9.898s] make: *** [Makefile:146: all] Error 2
[9.900s] Invoked command in '/home/baixiaobo/work/chassiss_odom_ws/ros2_for_rviz/odom_evo/build/odom_map_tum' returned '2': CMAKE_PREFIX_PATH=${CMAKE_PREFIX_PATH}:/home/baixiaobo/work/chassiss_odom_ws/ros2_for_rviz/odom_evo/install/odom_map:/opt/ros/galactic CONDA_PROMPT_MODIFIER=(new_python3.6) /usr/local/bin/cmake --build /home/baixiaobo/work/chassiss_odom_ws/ros2_for_rviz/odom_evo/build/odom_map_tum -- -j16 -l16
