[0.014s] Invoking command in '/home/baixiaobo/work/chassiss_odom_ws/ros2_for_rviz/ChassisOdomMap/build/odom_map_for_rviz': CMAKE_PREFIX_PATH=${CMAKE_PREFIX_PATH}:/opt/ros/galactic /usr/local/bin/cmake --build /home/baixiaobo/work/chassiss_odom_ws/ros2_for_rviz/ChassisOdomMap/build/odom_map_for_rviz -- -j16 -l16
[0.108s] [35m[1mConsolidate compiler generated dependencies of target odom_map_for_rviz[0m
[0.160s] [  2%] [32mBuilding CXX object CMakeFiles/odom_map_for_rviz.dir/src/local_map_on_odom.cpp.o[0m
[15.896s] [  5%] [32m[1mLinking CXX executable odom_map_for_rviz[0m
[18.007s] [100%] Built target odom_map_for_rviz
[18.016s] Invoked command in '/home/baixiaobo/work/chassiss_odom_ws/ros2_for_rviz/ChassisOdomMap/build/odom_map_for_rviz' returned '0': CMAKE_PREFIX_PATH=${CMAKE_PREFIX_PATH}:/opt/ros/galactic /usr/local/bin/cmake --build /home/baixiaobo/work/chassiss_odom_ws/ros2_for_rviz/ChassisOdomMap/build/odom_map_for_rviz -- -j16 -l16
[18.068s] Invoking command in '/home/baixiaobo/work/chassiss_odom_ws/ros2_for_rviz/ChassisOdomMap/build/odom_map_for_rviz': CMAKE_PREFIX_PATH=${CMAKE_PREFIX_PATH}:/opt/ros/galactic /usr/local/bin/cmake --install /home/baixiaobo/work/chassiss_odom_ws/ros2_for_rviz/ChassisOdomMap/build/odom_map_for_rviz
[18.070s] -- Install configuration: "RELEASE"
[18.071s] -- Installing: /home/baixiaobo/work/chassiss_odom_ws/ros2_for_rviz/ChassisOdomMap/install/odom_map_for_rviz/lib/odom_map_for_rviz/odom_map_for_rviz
[18.076s] -- Set runtime path of "/home/baixiaobo/work/chassiss_odom_ws/ros2_for_rviz/ChassisOdomMap/install/odom_map_for_rviz/lib/odom_map_for_rviz/odom_map_for_rviz" to ""
[18.076s] -- Up-to-date: /home/baixiaobo/work/chassiss_odom_ws/ros2_for_rviz/ChassisOdomMap/install/odom_map_for_rviz/share/ament_index/resource_index/package_run_dependencies/odom_map_for_rviz
[18.076s] -- Up-to-date: /home/baixiaobo/work/chassiss_odom_ws/ros2_for_rviz/ChassisOdomMap/install/odom_map_for_rviz/share/ament_index/resource_index/parent_prefix_path/odom_map_for_rviz
[18.077s] -- Up-to-date: /home/baixiaobo/work/chassiss_odom_ws/ros2_for_rviz/ChassisOdomMap/install/odom_map_for_rviz/share/odom_map_for_rviz/environment/ament_prefix_path.sh
[18.077s] -- Up-to-date: /home/baixiaobo/work/chassiss_odom_ws/ros2_for_rviz/ChassisOdomMap/install/odom_map_for_rviz/share/odom_map_for_rviz/environment/ament_prefix_path.dsv
[18.077s] -- Up-to-date: /home/baixiaobo/work/chassiss_odom_ws/ros2_for_rviz/ChassisOdomMap/install/odom_map_for_rviz/share/odom_map_for_rviz/environment/path.sh
[18.077s] -- Up-to-date: /home/baixiaobo/work/chassiss_odom_ws/ros2_for_rviz/ChassisOdomMap/install/odom_map_for_rviz/share/odom_map_for_rviz/environment/path.dsv
[18.077s] -- Up-to-date: /home/baixiaobo/work/chassiss_odom_ws/ros2_for_rviz/ChassisOdomMap/install/odom_map_for_rviz/share/odom_map_for_rviz/local_setup.bash
[18.077s] -- Up-to-date: /home/baixiaobo/work/chassiss_odom_ws/ros2_for_rviz/ChassisOdomMap/install/odom_map_for_rviz/share/odom_map_for_rviz/local_setup.sh
[18.077s] -- Up-to-date: /home/baixiaobo/work/chassiss_odom_ws/ros2_for_rviz/ChassisOdomMap/install/odom_map_for_rviz/share/odom_map_for_rviz/local_setup.zsh
[18.077s] -- Up-to-date: /home/baixiaobo/work/chassiss_odom_ws/ros2_for_rviz/ChassisOdomMap/install/odom_map_for_rviz/share/odom_map_for_rviz/local_setup.dsv
[18.077s] -- Installing: /home/baixiaobo/work/chassiss_odom_ws/ros2_for_rviz/ChassisOdomMap/install/odom_map_for_rviz/share/odom_map_for_rviz/package.dsv
[18.077s] -- Up-to-date: /home/baixiaobo/work/chassiss_odom_ws/ros2_for_rviz/ChassisOdomMap/install/odom_map_for_rviz/share/ament_index/resource_index/packages/odom_map_for_rviz
[18.078s] -- Up-to-date: /home/baixiaobo/work/chassiss_odom_ws/ros2_for_rviz/ChassisOdomMap/install/odom_map_for_rviz/share/odom_map_for_rviz/cmake/ament_cmake_export_dependencies-extras.cmake
[18.078s] -- Up-to-date: /home/baixiaobo/work/chassiss_odom_ws/ros2_for_rviz/ChassisOdomMap/install/odom_map_for_rviz/share/odom_map_for_rviz/cmake/odom_map_for_rvizConfig.cmake
[18.078s] -- Up-to-date: /home/baixiaobo/work/chassiss_odom_ws/ros2_for_rviz/ChassisOdomMap/install/odom_map_for_rviz/share/odom_map_for_rviz/cmake/odom_map_for_rvizConfig-version.cmake
[18.078s] -- Up-to-date: /home/baixiaobo/work/chassiss_odom_ws/ros2_for_rviz/ChassisOdomMap/install/odom_map_for_rviz/share/odom_map_for_rviz/package.xml
[18.079s] Invoked command in '/home/baixiaobo/work/chassiss_odom_ws/ros2_for_rviz/ChassisOdomMap/build/odom_map_for_rviz' returned '0': CMAKE_PREFIX_PATH=${CMAKE_PREFIX_PATH}:/opt/ros/galactic /usr/local/bin/cmake --install /home/baixiaobo/work/chassiss_odom_ws/ros2_for_rviz/ChassisOdomMap/build/odom_map_for_rviz
