[0.012s] Invoking command in '/home/baixiaobo/work/chassiss_odom_ws/ros2_for_rviz/build/odom_map_for_rviz': CMAKE_PREFIX_PATH=${CMAKE_PREFIX_PATH}:/home/baixiaobo/work/chassiss_odom_ws/ros2_for_rviz/install/odom_map:/opt/ros/galactic /usr/local/bin/cmake --build /home/baixiaobo/work/chassiss_odom_ws/ros2_for_rviz/build/odom_map_for_rviz -- -j16 -l16
[0.037s] [35m[1mConsolidate compiler generated dependencies of target odom_map_for_rviz[0m
[0.082s] [  2%] [32mBuilding CXX object CMakeFiles/odom_map_for_rviz.dir/src/local_map_on_odom.cpp.o[0m
[1.313s] In file included from [01m[K/home/baixiaobo/work/chassiss_odom_ws/ros2_for_rviz/include/odom_subscriber_for_rviz.hpp:9[m[K,
[1.313s]                  from [01m[K/home/baixiaobo/work/chassiss_odom_ws/ros2_for_rviz/src/local_map_on_odom.cpp:9[m[K:
[1.313s] [01m[K/home/baixiaobo/work/chassiss_odom_ws/ros2_for_rviz/include/odom_header.h:60:33:[m[K [01;35m[Kwarning: [m[Kmissing terminating " character
[1.313s]    60 | #include "nav_msgs/msg/path.hpp"[01;35m[K"[m[K
[1.313s]       |                                 [01;35m[K^[m[K
[1.313s] [01m[K/home/baixiaobo/work/chassiss_odom_ws/ros2_for_rviz/include/odom_header.h:60:33:[m[K [01;35m[Kwarning: [m[Kextra tokens at end of #include directive
[1.357s] In file included from [01m[K/home/baixiaobo/work/chassiss_odom_ws/ros2_for_rviz/src/local_map_on_odom.cpp:11[m[K:
[1.357s] [01m[K/home/baixiaobo/work/chassiss_odom_ws/ros2_for_rviz/include/odom_header.h:60:33:[m[K [01;35m[Kwarning: [m[Kmissing terminating " character
[1.357s]    60 | #include "nav_msgs/msg/path.hpp"[01;35m[K"[m[K
[1.357s]       |                                 [01;35m[K^[m[K
[5.088s] In file included from [01m[K/home/baixiaobo/work/chassiss_odom_ws/ros2_for_rviz/src/local_map_on_odom.cpp:10[m[K:
[5.088s] [01m[K/home/baixiaobo/work/chassiss_odom_ws/ros2_for_rviz/include/odom_publisher_for_rviz.hpp:[m[K In constructor ‘[01m[KOdomPublisher::OdomPublisher(std::shared_ptr<rclcpp::Node>&, std::string, size_t)[m[K’:
[5.088s] [01m[K/home/baixiaobo/work/chassiss_odom_ws/ros2_for_rviz/include/odom_publisher_for_rviz.hpp:39:68:[m[K [01;31m[Kerror: [m[Kno matching function for call to ‘[01m[Krclcpp::Node::create_publisher<nav_msgs::msg::Path>()[m[K’
[5.088s]    39 |     publisher_path_ = node_->create_publisher<nav_msgs::msg::Path>([01;31m[K)[m[K;
[5.088s]       |                                                                    [01;31m[K^[m[K
[5.088s] In file included from [01m[K/opt/ros/galactic/include/rclcpp/node.hpp:1329[m[K,
[5.088s]                  from [01m[K/opt/ros/galactic/include/rclcpp/executors/single_threaded_executor.hpp:28[m[K,
[5.088s]                  from [01m[K/opt/ros/galactic/include/rclcpp/executors.hpp:22[m[K,
[5.088s]                  from [01m[K/opt/ros/galactic/include/rclcpp/rclcpp.hpp:156[m[K,
[5.088s]                  from [01m[K/opt/ros/galactic/include/pcl_conversions/pcl_conversions.h:42[m[K,
[5.088s]                  from [01m[K/home/baixiaobo/work/chassiss_odom_ws/ros2_for_rviz/include/odom_header.h:55[m[K,
[5.088s]                  from [01m[K/home/baixiaobo/work/chassiss_odom_ws/ros2_for_rviz/include/odom_subscriber_for_rviz.hpp:9[m[K,
[5.088s]                  from [01m[K/home/baixiaobo/work/chassiss_odom_ws/ros2_for_rviz/src/local_map_on_odom.cpp:9[m[K:
[5.088s] [01m[K/opt/ros/galactic/include/rclcpp/node_impl.hpp:73:1:[m[K [01;36m[Knote: [m[Kcandidate: ‘[01m[Ktemplate<class MessageT, class AllocatorT, class PublisherT> std::shared_ptr<PublisherT> rclcpp::Node::create_publisher(const string&, const rclcpp::QoS&, const rclcpp::PublisherOptionsWithAllocator<AllocatorT>&)[m[K’
[5.088s]    73 | [01;36m[KNode[m[K::create_publisher(
[5.088s]       | [01;36m[K^~~~[m[K
[5.088s] [01m[K/opt/ros/galactic/include/rclcpp/node_impl.hpp:73:1:[m[K [01;36m[Knote: [m[K  template argument deduction/substitution failed:
[5.088s] In file included from [01m[K/home/baixiaobo/work/chassiss_odom_ws/ros2_for_rviz/src/local_map_on_odom.cpp:10[m[K:
[5.088s] [01m[K/home/baixiaobo/work/chassiss_odom_ws/ros2_for_rviz/include/odom_publisher_for_rviz.hpp:39:68:[m[K [01;36m[Knote: [m[K  candidate expects 3 arguments, 0 provided
[5.089s]    39 |     publisher_path_ = node_->create_publisher<nav_msgs::msg::Path>([01;36m[K)[m[K;
[5.089s]       |                                                                    [01;36m[K^[m[K
[10.108s] make[2]: *** [CMakeFiles/odom_map_for_rviz.dir/build.make:76: CMakeFiles/odom_map_for_rviz.dir/src/local_map_on_odom.cpp.o] Error 1
[10.108s] make[1]: *** [CMakeFiles/Makefile2:137: CMakeFiles/odom_map_for_rviz.dir/all] Error 2
[10.108s] make: *** [Makefile:146: all] Error 2
[10.109s] Invoked command in '/home/baixiaobo/work/chassiss_odom_ws/ros2_for_rviz/build/odom_map_for_rviz' returned '2': CMAKE_PREFIX_PATH=${CMAKE_PREFIX_PATH}:/home/baixiaobo/work/chassiss_odom_ws/ros2_for_rviz/install/odom_map:/opt/ros/galactic /usr/local/bin/cmake --build /home/baixiaobo/work/chassiss_odom_ws/ros2_for_rviz/build/odom_map_for_rviz -- -j16 -l16
