[0.013s] Invoking command in '/home/baixiaobo/work/chassiss_odom_ws/ros2_for_rviz/build/odom_map_for_rviz': CMAKE_PREFIX_PATH=${CMAKE_PREFIX_PATH}:/home/baixiaobo/work/chassiss_odom_ws/ros2_for_rviz/install/odom_map:/opt/ros/galactic /usr/local/bin/cmake --build /home/baixiaobo/work/chassiss_odom_ws/ros2_for_rviz/build/odom_map_for_rviz -- -j16 -l16
[0.039s] [35m[1mConsolidate compiler generated dependencies of target odom_map_for_rviz[0m
[0.087s] [  2%] [32mBuilding CXX object CMakeFiles/odom_map_for_rviz.dir/src/local_map_on_odom.cpp.o[0m
[1.290s] In file included from [01m[K/home/baixiaobo/work/chassiss_odom_ws/ros2_for_rviz/include/odom_subscriber_for_rviz.hpp:9[m[K,
[1.290s]                  from [01m[K/home/baixiaobo/work/chassiss_odom_ws/ros2_for_rviz/src/local_map_on_odom.cpp:9[m[K:
[1.290s] [01m[K/home/baixiaobo/work/chassiss_odom_ws/ros2_for_rviz/include/odom_header.h:60:33:[m[K [01;35m[Kwarning: [m[Kmissing terminating " character
[1.290s]    60 | #include "nav_msgs/msg/path.hpp"[01;35m[K"[m[K
[1.290s]       |                                 [01;35m[K^[m[K
[1.290s] [01m[K/home/baixiaobo/work/chassiss_odom_ws/ros2_for_rviz/include/odom_header.h:60:33:[m[K [01;35m[Kwarning: [m[Kextra tokens at end of #include directive
[1.338s] In file included from [01m[K/home/baixiaobo/work/chassiss_odom_ws/ros2_for_rviz/src/local_map_on_odom.cpp:11[m[K:
[1.338s] [01m[K/home/baixiaobo/work/chassiss_odom_ws/ros2_for_rviz/include/odom_header.h:60:33:[m[K [01;35m[Kwarning: [m[Kmissing terminating " character
[1.338s]    60 | #include "nav_msgs/msg/path.hpp"[01;35m[K"[m[K
[1.338s]       |                                 [01;35m[K^[m[K
[15.119s] [  5%] [32m[1mLinking CXX executable odom_map_for_rviz[0m
[16.906s] [100%] Built target odom_map_for_rviz
[16.915s] Invoked command in '/home/baixiaobo/work/chassiss_odom_ws/ros2_for_rviz/build/odom_map_for_rviz' returned '0': CMAKE_PREFIX_PATH=${CMAKE_PREFIX_PATH}:/home/baixiaobo/work/chassiss_odom_ws/ros2_for_rviz/install/odom_map:/opt/ros/galactic /usr/local/bin/cmake --build /home/baixiaobo/work/chassiss_odom_ws/ros2_for_rviz/build/odom_map_for_rviz -- -j16 -l16
[16.963s] Invoking command in '/home/baixiaobo/work/chassiss_odom_ws/ros2_for_rviz/build/odom_map_for_rviz': CMAKE_PREFIX_PATH=${CMAKE_PREFIX_PATH}:/home/baixiaobo/work/chassiss_odom_ws/ros2_for_rviz/install/odom_map:/opt/ros/galactic /usr/local/bin/cmake --install /home/baixiaobo/work/chassiss_odom_ws/ros2_for_rviz/build/odom_map_for_rviz
[16.964s] -- Install configuration: "RELEASE"
[16.964s] -- Installing: /home/baixiaobo/work/chassiss_odom_ws/ros2_for_rviz/install/odom_map_for_rviz/lib/odom_map_for_rviz/odom_map_for_rviz
[16.970s] -- Set runtime path of "/home/baixiaobo/work/chassiss_odom_ws/ros2_for_rviz/install/odom_map_for_rviz/lib/odom_map_for_rviz/odom_map_for_rviz" to ""
[16.970s] -- Up-to-date: /home/baixiaobo/work/chassiss_odom_ws/ros2_for_rviz/install/odom_map_for_rviz/share/ament_index/resource_index/package_run_dependencies/odom_map_for_rviz
[16.970s] -- Up-to-date: /home/baixiaobo/work/chassiss_odom_ws/ros2_for_rviz/install/odom_map_for_rviz/share/ament_index/resource_index/parent_prefix_path/odom_map_for_rviz
[16.970s] -- Up-to-date: /home/baixiaobo/work/chassiss_odom_ws/ros2_for_rviz/install/odom_map_for_rviz/share/odom_map_for_rviz/environment/ament_prefix_path.sh
[16.970s] -- Up-to-date: /home/baixiaobo/work/chassiss_odom_ws/ros2_for_rviz/install/odom_map_for_rviz/share/odom_map_for_rviz/environment/ament_prefix_path.dsv
[16.970s] -- Up-to-date: /home/baixiaobo/work/chassiss_odom_ws/ros2_for_rviz/install/odom_map_for_rviz/share/odom_map_for_rviz/environment/path.sh
[16.970s] -- Up-to-date: /home/baixiaobo/work/chassiss_odom_ws/ros2_for_rviz/install/odom_map_for_rviz/share/odom_map_for_rviz/environment/path.dsv
[16.970s] -- Up-to-date: /home/baixiaobo/work/chassiss_odom_ws/ros2_for_rviz/install/odom_map_for_rviz/share/odom_map_for_rviz/local_setup.bash
[16.970s] -- Up-to-date: /home/baixiaobo/work/chassiss_odom_ws/ros2_for_rviz/install/odom_map_for_rviz/share/odom_map_for_rviz/local_setup.sh
[16.970s] -- Up-to-date: /home/baixiaobo/work/chassiss_odom_ws/ros2_for_rviz/install/odom_map_for_rviz/share/odom_map_for_rviz/local_setup.zsh
[16.970s] -- Up-to-date: /home/baixiaobo/work/chassiss_odom_ws/ros2_for_rviz/install/odom_map_for_rviz/share/odom_map_for_rviz/local_setup.dsv
[16.971s] -- Installing: /home/baixiaobo/work/chassiss_odom_ws/ros2_for_rviz/install/odom_map_for_rviz/share/odom_map_for_rviz/package.dsv
[16.971s] -- Up-to-date: /home/baixiaobo/work/chassiss_odom_ws/ros2_for_rviz/install/odom_map_for_rviz/share/ament_index/resource_index/packages/odom_map_for_rviz
[16.972s] -- Up-to-date: /home/baixiaobo/work/chassiss_odom_ws/ros2_for_rviz/install/odom_map_for_rviz/share/odom_map_for_rviz/cmake/ament_cmake_export_dependencies-extras.cmake
[16.972s] -- Up-to-date: /home/baixiaobo/work/chassiss_odom_ws/ros2_for_rviz/install/odom_map_for_rviz/share/odom_map_for_rviz/cmake/odom_map_for_rvizConfig.cmake
[16.972s] -- Up-to-date: /home/baixiaobo/work/chassiss_odom_ws/ros2_for_rviz/install/odom_map_for_rviz/share/odom_map_for_rviz/cmake/odom_map_for_rvizConfig-version.cmake
[16.973s] -- Up-to-date: /home/baixiaobo/work/chassiss_odom_ws/ros2_for_rviz/install/odom_map_for_rviz/share/odom_map_for_rviz/package.xml
[16.973s] Invoked command in '/home/baixiaobo/work/chassiss_odom_ws/ros2_for_rviz/build/odom_map_for_rviz' returned '0': CMAKE_PREFIX_PATH=${CMAKE_PREFIX_PATH}:/home/baixiaobo/work/chassiss_odom_ws/ros2_for_rviz/install/odom_map:/opt/ros/galactic /usr/local/bin/cmake --install /home/baixiaobo/work/chassiss_odom_ws/ros2_for_rviz/build/odom_map_for_rviz
