[35m[1mConsolidate compiler generated dependencies of target odom_map_for_rviz[0m
[  2%] [32mBuilding CXX object CMakeFiles/odom_map_for_rviz.dir/src/local_map_on_odom.cpp.o[0m
In file included from [01m[K/home/baixiaobo/work/chassiss_odom_ws/ros2_for_rviz/odom_evo/include/odom_ins_subscriber_for_rviz.hpp:9[m[K,
                 from [01m[K/home/baixiaobo/work/chassiss_odom_ws/ros2_for_rviz/odom_evo/src/local_map_on_odom.cpp:10[m[K:
[01m[K/home/baixiaobo/work/chassiss_odom_ws/ros2_for_rviz/odom_evo/include/odom_header.h:60:33:[m[K [01;35m[Kwarning: [m[Kmissing terminating " character
   60 | #include "nav_msgs/msg/path.hpp"[01;35m[K"[m[K
      |                                 [01;35m[K^[m[K
[01m[K/home/baixiaobo/work/chassiss_odom_ws/ros2_for_rviz/odom_evo/include/odom_header.h:60:33:[m[K [01;35m[Kwarning: [m[Kextra tokens at end of #include directive
In file included from [01m[K/home/baixiaobo/work/chassiss_odom_ws/ros2_for_rviz/odom_evo/src/local_map_on_odom.cpp:13[m[K:
[01m[K/home/baixiaobo/work/chassiss_odom_ws/ros2_for_rviz/odom_evo/include/odom_header.h:60:33:[m[K [01;35m[Kwarning: [m[Kmissing terminating " character
   60 | #include "nav_msgs/msg/path.hpp"[01;35m[K"[m[K
      |                                 [01;35m[K^[m[K
In file included from [01m[K/home/baixiaobo/work/chassiss_odom_ws/ros2_for_rviz/odom_evo/src/local_map_on_odom.cpp:12[m[K:
[01m[K/home/baixiaobo/work/chassiss_odom_ws/ros2_for_rviz/odom_evo/include/odom_publisher_for_rviz.hpp:[m[K In constructor ‘[01m[KOdomPublisher::OdomPublisher(std::shared_ptr<rclcpp::Node>&, std::string, size_t)[m[K’:
[01m[K/home/baixiaobo/work/chassiss_odom_ws/ros2_for_rviz/odom_evo/include/odom_publisher_for_rviz.hpp:47:37:[m[K [01;31m[Kerror: [m[Kexpected primary-expression before ‘[01m[K;[m[K’ token
   47 |     trans.transform.translation.y = [01;31m[K;[m[K
      |                                     [01;31m[K^[m[K
[01m[K/home/baixiaobo/work/chassiss_odom_ws/ros2_for_rviz/odom_evo/include/odom_publisher_for_rviz.hpp:48:37:[m[K [01;31m[Kerror: [m[Kexpected primary-expression before ‘[01m[K;[m[K’ token
   48 |     trans.transform.translation.z = [01;31m[K;[m[K
      |                                     [01;31m[K^[m[K
[01m[K/home/baixiaobo/work/chassiss_odom_ws/ros2_for_rviz/odom_evo/include/odom_publisher_for_rviz.hpp:49:34:[m[K [01;31m[Kerror: [m[Kexpected primary-expression before ‘[01m[K;[m[K’ token
   49 |     trans.transform.rotation.x = [01;31m[K;[m[K
      |                                  [01;31m[K^[m[K
[01m[K/home/baixiaobo/work/chassiss_odom_ws/ros2_for_rviz/odom_evo/include/odom_publisher_for_rviz.hpp:50:34:[m[K [01;31m[Kerror: [m[Kexpected primary-expression before ‘[01m[K;[m[K’ token
   50 |     trans.transform.rotation.y = [01;31m[K;[m[K
      |                                  [01;31m[K^[m[K
[01m[K/home/baixiaobo/work/chassiss_odom_ws/ros2_for_rviz/odom_evo/include/odom_publisher_for_rviz.hpp:51:34:[m[K [01;31m[Kerror: [m[Kexpected primary-expression before ‘[01m[K;[m[K’ token
   51 |     trans.transform.rotation.z = [01;31m[K;[m[K
      |                                  [01;31m[K^[m[K
[01m[K/home/baixiaobo/work/chassiss_odom_ws/ros2_for_rviz/odom_evo/include/odom_publisher_for_rviz.hpp:52:34:[m[K [01;31m[Kerror: [m[Kexpected primary-expression before ‘[01m[K;[m[K’ token
   52 |     trans.transform.rotation.w = [01;31m[K;[m[K
      |                                  [01;31m[K^[m[K
[01m[K/home/baixiaobo/work/chassiss_odom_ws/ros2_for_rviz/odom_evo/include/odom_publisher_for_rviz.hpp:[m[K At global scope:
[01m[K/home/baixiaobo/work/chassiss_odom_ws/ros2_for_rviz/odom_evo/include/odom_publisher_for_rviz.hpp:55:73:[m[K [01;31m[Kerror: [m[K‘[01m[Kstdd[m[K’ has not been declared
   55 | void OdomPublisher::Publish(std::deque<odom::proto::Frame> &odom_input, [01;31m[Kstdd[m[K::string odom_source)
      |                                                                         [01;31m[K^~~~[m[K
[01m[K/home/baixiaobo/work/chassiss_odom_ws/ros2_for_rviz/odom_evo/include/odom_publisher_for_rviz.hpp:55:6:[m[K [01;31m[Kerror: [m[Kno declaration matches ‘[01m[Kvoid OdomPublisher::Publish(std::deque<odom::proto::Frame>&, int)[m[K’
   55 | void [01;31m[KOdomPublisher[m[K::Publish(std::deque<odom::proto::Frame> &odom_input, stdd::string odom_source)
      |      [01;31m[K^~~~~~~~~~~~~[m[K
[01m[K/home/baixiaobo/work/chassiss_odom_ws/ros2_for_rviz/odom_evo/include/odom_publisher_for_rviz.hpp:22:10:[m[K [01;36m[Knote: [m[Kcandidate is: ‘[01m[Kvoid OdomPublisher::Publish(std::deque<odom::proto::Frame>&)[m[K’
   22 |     void [01;36m[KPublish[m[K(std::deque<odom::proto::Frame> &odom_input);
      |          [01;36m[K^~~~~~~[m[K
[01m[K/home/baixiaobo/work/chassiss_odom_ws/ros2_for_rviz/odom_evo/include/odom_publisher_for_rviz.hpp:11:7:[m[K [01;36m[Knote: [m[K‘[01m[Kclass OdomPublisher[m[K’ defined here
   11 | class [01;36m[KOdomPublisher[m[K
      |       [01;36m[K^~~~~~~~~~~~~[m[K
[01m[K/home/baixiaobo/work/chassiss_odom_ws/ros2_for_rviz/odom_evo/src/local_map_on_odom.cpp:[m[K In function ‘[01m[Kint main(int, char**)[m[K’:
[01m[K/home/baixiaobo/work/chassiss_odom_ws/ros2_for_rviz/odom_evo/src/local_map_on_odom.cpp:33:78:[m[K [01;31m[Kerror: [m[Kno matching function for call to ‘[01m[KOdomPublisher::Publish(std::deque<odom::proto::Frame>&, const char [13])[m[K’
   33 |             odom_publisher_chassis->Publish(odom_frame_chassis,"chassis_odom"[01;31m[K)[m[K;
      |                                                                              [01;31m[K^[m[K
In file included from [01m[K/home/baixiaobo/work/chassiss_odom_ws/ros2_for_rviz/odom_evo/src/local_map_on_odom.cpp:12[m[K:
[01m[K/home/baixiaobo/work/chassiss_odom_ws/ros2_for_rviz/odom_evo/include/odom_publisher_for_rviz.hpp:22:10:[m[K [01;36m[Knote: [m[Kcandidate: ‘[01m[Kvoid OdomPublisher::Publish(std::deque<odom::proto::Frame>&)[m[K’
   22 |     void [01;36m[KPublish[m[K(std::deque<odom::proto::Frame> &odom_input);
      |          [01;36m[K^~~~~~~[m[K
[01m[K/home/baixiaobo/work/chassiss_odom_ws/ros2_for_rviz/odom_evo/include/odom_publisher_for_rviz.hpp:22:10:[m[K [01;36m[Knote: [m[K  candidate expects 1 argument, 2 provided
[01m[K/home/baixiaobo/work/chassiss_odom_ws/ros2_for_rviz/odom_evo/src/local_map_on_odom.cpp:38:66:[m[K [01;31m[Kerror: [m[Kno matching function for call to ‘[01m[KOdomPublisher::Publish(std::deque<odom::proto::Frame>&, const char [9])[m[K’
   38 |             odom_publisher_ins->Publish(odom_frame_ins,"ins_odom"[01;31m[K)[m[K;
      |                                                                  [01;31m[K^[m[K
In file included from [01m[K/home/baixiaobo/work/chassiss_odom_ws/ros2_for_rviz/odom_evo/src/local_map_on_odom.cpp:12[m[K:
[01m[K/home/baixiaobo/work/chassiss_odom_ws/ros2_for_rviz/odom_evo/include/odom_publisher_for_rviz.hpp:22:10:[m[K [01;36m[Knote: [m[Kcandidate: ‘[01m[Kvoid OdomPublisher::Publish(std::deque<odom::proto::Frame>&)[m[K’
   22 |     void [01;36m[KPublish[m[K(std::deque<odom::proto::Frame> &odom_input);
      |          [01;36m[K^~~~~~~[m[K
[01m[K/home/baixiaobo/work/chassiss_odom_ws/ros2_for_rviz/odom_evo/include/odom_publisher_for_rviz.hpp:22:10:[m[K [01;36m[Knote: [m[K  candidate expects 1 argument, 2 provided
make[2]: *** [CMakeFiles/odom_map_for_rviz.dir/build.make:76: CMakeFiles/odom_map_for_rviz.dir/src/local_map_on_odom.cpp.o] Error 1
make[1]: *** [CMakeFiles/Makefile2:137: CMakeFiles/odom_map_for_rviz.dir/all] Error 2
make: *** [Makefile:146: all] Error 2
