In file included from [01m[K/home/baixiaobo/work/chassiss_odom_ws/ros2_for_rviz/ChassisOdomMap/src/local_map_on_odom.cpp:2[m[K:
[01m[K/home/baixiaobo/work/chassiss_odom_ws/ros2_for_rviz/ChassisOdomMap/include/baselink_to_map_pub_for_rviz.hpp:[m[K In constructor ‘[01m[KTfPublisher::TfPublisher(std::shared_ptr<rclcpp::Node>&)[m[K’:
[01m[K/home/baixiaobo/work/chassiss_odom_ws/ros2_for_rviz/ChassisOdomMap/include/baselink_to_map_pub_for_rviz.hpp:45:24:[m[K [01;31m[Kerror: [m[K‘[01m[Kusing element_type = class rclcpp::Publisher<tf2_ros::TransformBroadcaster>[m[K’ {aka ‘[01m[Kclass rclcpp::Publisher<tf2_ros::TransformBroadcaster>[m[K’} has no member named ‘[01m[KsendTransform[m[K’
   45 |         tf_publisher_->[01;31m[KsendTransform[m[K(trans);
      |                        [01;31m[K^~~~~~~~~~~~~[m[K
In file included from [01m[K/home/baixiaobo/work/chassiss_odom_ws/ros2_for_rviz/ChassisOdomMap/src/local_map_on_odom.cpp:3[m[K:
[01m[K/home/baixiaobo/work/chassiss_odom_ws/ros2_for_rviz/ChassisOdomMap/include/odom_subscriber_for_rviz.hpp:[m[K In member function ‘[01m[Kbool OdomSubscriber::check_odom_()[m[K’:
[01m[K/home/baixiaobo/work/chassiss_odom_ws/ros2_for_rviz/ChassisOdomMap/include/odom_subscriber_for_rviz.hpp:30:39:[m[K [01;31m[Kerror: [m[K‘[01m[Kclass odom::proto::Frame[m[K’ has no member named ‘[01m[Ksys_timestamp[m[K’
   30 |     double delta_time = current_odom_.[01;31m[Ksys_timestamp[m[K() - last_odom_.sys_timestamp();
      |                                       [01;31m[K^~~~~~~~~~~~~[m[K
[01m[K/home/baixiaobo/work/chassiss_odom_ws/ros2_for_rviz/ChassisOdomMap/include/odom_subscriber_for_rviz.hpp:30:68:[m[K [01;31m[Kerror: [m[K‘[01m[Kclass odom::proto::Frame[m[K’ has no member named ‘[01m[Ksys_timestamp[m[K’
   30 |     double delta_time = current_odom_.sys_timestamp() - last_odom_.[01;31m[Ksys_timestamp[m[K();
      |                                                                    [01;31m[K^~~~~~~~~~~~~[m[K
In file included from [01m[K/home/baixiaobo/work/chassiss_odom_ws/ros2_for_rviz/ChassisOdomMap/src/local_map_on_odom.cpp:4[m[K:
[01m[K/home/baixiaobo/work/chassiss_odom_ws/ros2_for_rviz/ChassisOdomMap/include/odom_publisher_for_rviz.hpp:[m[K In member function ‘[01m[Kvoid OdomPublisher::Publish(std::deque<odom::proto::Frame>&)[m[K’:
[01m[K/home/baixiaobo/work/chassiss_odom_ws/ros2_for_rviz/ChassisOdomMap/include/odom_publisher_for_rviz.hpp:47:54:[m[K [01;31m[Kerror: [m[K‘[01m[Kclass std::deque<odom::proto::Frame>[m[K’ has no member named ‘[01m[Kodom[m[K’
   47 |         pub_msg.pose.pose.orientation.w = odom_input.[01;31m[Kodom[m[K().pose_quaternion().w();
      |                                                      [01;31m[K^~~~[m[K
[01m[K/home/baixiaobo/work/chassiss_odom_ws/ros2_for_rviz/ChassisOdomMap/include/odom_publisher_for_rviz.hpp:48:54:[m[K [01;31m[Kerror: [m[K‘[01m[Kclass std::deque<odom::proto::Frame>[m[K’ has no member named ‘[01m[Kodom[m[K’
   48 |         pub_msg.pose.pose.orientation.x = odom_input.[01;31m[Kodom[m[K().pose_quaternion().x();
      |                                                      [01;31m[K^~~~[m[K
[01m[K/home/baixiaobo/work/chassiss_odom_ws/ros2_for_rviz/ChassisOdomMap/include/odom_publisher_for_rviz.hpp:49:54:[m[K [01;31m[Kerror: [m[K‘[01m[Kclass std::deque<odom::proto::Frame>[m[K’ has no member named ‘[01m[Kodom[m[K’
   49 |         pub_msg.pose.pose.orientation.y = odom_input.[01;31m[Kodom[m[K().pose_quaternion().y();
      |                                                      [01;31m[K^~~~[m[K
[01m[K/home/baixiaobo/work/chassiss_odom_ws/ros2_for_rviz/ChassisOdomMap/include/odom_publisher_for_rviz.hpp:50:54:[m[K [01;31m[Kerror: [m[K‘[01m[Kclass std::deque<odom::proto::Frame>[m[K’ has no member named ‘[01m[Kodom[m[K’
   50 |         pub_msg.pose.pose.orientation.z = odom_input.[01;31m[Kodom[m[K().pose_quaternion().z();
      |                                                      [01;31m[K^~~~[m[K
[01m[K/home/baixiaobo/work/chassiss_odom_ws/ros2_for_rviz/ChassisOdomMap/include/odom_publisher_for_rviz.hpp:51:51:[m[K [01;31m[Kerror: [m[K‘[01m[Kclass std::deque<odom::proto::Frame>[m[K’ has no member named ‘[01m[Kodom[m[K’
   51 |         pub_msg.pose.pose.position.x = odom_input.[01;31m[Kodom[m[K().position().x();
      |                                                   [01;31m[K^~~~[m[K
[01m[K/home/baixiaobo/work/chassiss_odom_ws/ros2_for_rviz/ChassisOdomMap/include/odom_publisher_for_rviz.hpp:52:51:[m[K [01;31m[Kerror: [m[K‘[01m[Kclass std::deque<odom::proto::Frame>[m[K’ has no member named ‘[01m[Kodom[m[K’
   52 |         pub_msg.pose.pose.position.y = odom_input.[01;31m[Kodom[m[K().position().y();
      |                                                   [01;31m[K^~~~[m[K
[01m[K/home/baixiaobo/work/chassiss_odom_ws/ros2_for_rviz/ChassisOdomMap/include/odom_publisher_for_rviz.hpp:53:51:[m[K [01;31m[Kerror: [m[K‘[01m[Kclass std::deque<odom::proto::Frame>[m[K’ has no member named ‘[01m[Kodom[m[K’
   53 |         pub_msg.pose.pose.position.z = odom_input.[01;31m[Kodom[m[K().position().z();
      |                                                   [01;31m[K^~~~[m[K
[01m[K/home/baixiaobo/work/chassiss_odom_ws/ros2_for_rviz/ChassisOdomMap/include/odom_publisher_for_rviz.hpp:54:51:[m[K [01;31m[Kerror: [m[K‘[01m[Kclass std::deque<odom::proto::Frame>[m[K’ has no member named ‘[01m[Kodom[m[K’
   54 |         pub_msg.twist.twist.linear.x = odom_input.[01;31m[Kodom[m[K().linear_speed().x();
      |                                                   [01;31m[K^~~~[m[K
[01m[K/home/baixiaobo/work/chassiss_odom_ws/ros2_for_rviz/ChassisOdomMap/include/odom_publisher_for_rviz.hpp:55:51:[m[K [01;31m[Kerror: [m[K‘[01m[Kclass std::deque<odom::proto::Frame>[m[K’ has no member named ‘[01m[Kodom[m[K’
   55 |         pub_msg.twist.twist.linear.y = odom_input.[01;31m[Kodom[m[K().linear_speed().y();
      |                                                   [01;31m[K^~~~[m[K
[01m[K/home/baixiaobo/work/chassiss_odom_ws/ros2_for_rviz/ChassisOdomMap/include/odom_publisher_for_rviz.hpp:56:51:[m[K [01;31m[Kerror: [m[K‘[01m[Kclass std::deque<odom::proto::Frame>[m[K’ has no member named ‘[01m[Kodom[m[K’
   56 |         pub_msg.twist.twist.linear.z = odom_input.[01;31m[Kodom[m[K().linear_speed().z();
      |                                                   [01;31m[K^~~~[m[K
[01m[K/home/baixiaobo/work/chassiss_odom_ws/ros2_for_rviz/ChassisOdomMap/include/odom_publisher_for_rviz.hpp:[m[K At global scope:
[01m[K/home/baixiaobo/work/chassiss_odom_ws/ros2_for_rviz/ChassisOdomMap/include/odom_publisher_for_rviz.hpp:59:2:[m[K [01;35m[Kwarning: [m[Kextra ‘[01m[K;[m[K’ [[01;35m[K-Wpedantic[m[K]
   59 | }[01;35m[K;[m[K
      |  [01;35m[K^[m[K
In file included from [01m[K/usr/include/x86_64-linux-gnu/c++/9/bits/c++allocator.h:33[m[K,
                 from [01m[K/usr/include/c++/9/bits/allocator.h:46[m[K,
                 from [01m[K/usr/include/c++/9/string:41[m[K,
                 from [01m[K/usr/include/c++/9/bits/locale_classes.h:40[m[K,
                 from [01m[K/usr/include/c++/9/bits/ios_base.h:41[m[K,
                 from [01m[K/usr/include/c++/9/ios:42[m[K,
                 from [01m[K/usr/include/c++/9/istream:38[m[K,
                 from [01m[K/usr/include/c++/9/fstream:38[m[K,
                 from [01m[K/home/baixiaobo/work/chassiss_odom_ws/ros2_for_rviz/ChassisOdomMap/include/odom_header.h:14[m[K,
                 from [01m[K/home/baixiaobo/work/chassiss_odom_ws/ros2_for_rviz/ChassisOdomMap/include/baselink_to_map_pub_for_rviz.hpp:16[m[K,
                 from [01m[K/home/baixiaobo/work/chassiss_odom_ws/ros2_for_rviz/ChassisOdomMap/src/local_map_on_odom.cpp:2[m[K:
/usr/include/c++/9/ext/new_allocator.h: In instantiation of ‘[01m[Kvoid __gnu_cxx::new_allocator<_Tp>::construct(_Up*, _Args&& ...) [with _Up = OdomPublisher; _Args = {std::shared_ptr<rclcpp::Node>&}; _Tp = OdomPublisher][m[K’:
[01m[K/usr/include/c++/9/bits/alloc_traits.h:483:4:[m[K   required from ‘[01m[Kstatic void std::allocator_traits<std::allocator<_CharT> >::construct(std::allocator_traits<std::allocator<_CharT> >::allocator_type&, _Up*, _Args&& ...) [with _Up = OdomPublisher; _Args = {std::shared_ptr<rclcpp::Node>&}; _Tp = OdomPublisher; std::allocator_traits<std::allocator<_CharT> >::allocator_type = std::allocator<OdomPublisher>][m[K’
[01m[K/usr/include/c++/9/bits/shared_ptr_base.h:548:39:[m[K   required from ‘[01m[Kstd::_Sp_counted_ptr_inplace<_Tp, _Alloc, _Lp>::_Sp_counted_ptr_inplace(_Alloc, _Args&& ...) [with _Args = {std::shared_ptr<rclcpp::Node>&}; _Tp = OdomPublisher; _Alloc = std::allocator<OdomPublisher>; __gnu_cxx::_Lock_policy _Lp = __gnu_cxx::_S_atomic][m[K’
[01m[K/usr/include/c++/9/bits/shared_ptr_base.h:679:16:[m[K   required from ‘[01m[Kstd::__shared_count<_Lp>::__shared_count(_Tp*&, std::_Sp_alloc_shared_tag<_Alloc>, _Args&& ...) [with _Tp = OdomPublisher; _Alloc = std::allocator<OdomPublisher>; _Args = {std::shared_ptr<rclcpp::Node>&}; __gnu_cxx::_Lock_policy _Lp = __gnu_cxx::_S_atomic][m[K’
[01m[K/usr/include/c++/9/bits/shared_ptr_base.h:1344:71:[m[K   required from ‘[01m[Kstd::__shared_ptr<_Tp, _Lp>::__shared_ptr(std::_Sp_alloc_shared_tag<_Tp>, _Args&& ...) [with _Alloc = std::allocator<OdomPublisher>; _Args = {std::shared_ptr<rclcpp::Node>&}; _Tp = OdomPublisher; __gnu_cxx::_Lock_policy _Lp = __gnu_cxx::_S_atomic][m[K’
[01m[K/usr/include/c++/9/bits/shared_ptr.h:359:59:[m[K   required from ‘[01m[Kstd::shared_ptr<_Tp>::shared_ptr(std::_Sp_alloc_shared_tag<_Tp>, _Args&& ...) [with _Alloc = std::allocator<OdomPublisher>; _Args = {std::shared_ptr<rclcpp::Node>&}; _Tp = OdomPublisher][m[K’
[01m[K/usr/include/c++/9/bits/shared_ptr.h:701:14:[m[K   required from ‘[01m[Kstd::shared_ptr<_Tp> std::allocate_shared(const _Alloc&, _Args&& ...) [with _Tp = OdomPublisher; _Alloc = std::allocator<OdomPublisher>; _Args = {std::shared_ptr<rclcpp::Node>&}][m[K’
[01m[K/usr/include/c++/9/bits/shared_ptr.h:717:39:[m[K   required from ‘[01m[Kstd::shared_ptr<_Tp> std::make_shared(_Args&& ...) [with _Tp = OdomPublisher; _Args = {std::shared_ptr<rclcpp::Node>&}][m[K’
[01m[K/home/baixiaobo/work/chassiss_odom_ws/ros2_for_rviz/ChassisOdomMap/src/local_map_on_odom.cpp:16:89:[m[K   required from here
[01m[K/usr/include/c++/9/ext/new_allocator.h:146:4:[m[K [01;31m[Kerror: [m[Kno matching function for call to ‘[01m[KOdomPublisher::OdomPublisher(std::shared_ptr<rclcpp::Node>&)[m[K’
  146 |  { [01;31m[K::new((void *)__p) _Up(std::forward<_Args>(__args)...)[m[K; }
      |    [01;31m[K^~~~~~~~~~~~~~~~~~~~~~~~~~~~~~~~~~~~~~~~~~~~~~~~~~~~~~[m[K
In file included from [01m[K/home/baixiaobo/work/chassiss_odom_ws/ros2_for_rviz/ChassisOdomMap/src/local_map_on_odom.cpp:4[m[K:
[01m[K/home/baixiaobo/work/chassiss_odom_ws/ros2_for_rviz/ChassisOdomMap/include/odom_publisher_for_rviz.hpp:16:5:[m[K [01;36m[Knote: [m[Kcandidate: ‘[01m[KOdomPublisher::OdomPublisher()[m[K’
   16 |     [01;36m[KOdomPublisher[m[K() = default;
      |     [01;36m[K^~~~~~~~~~~~~[m[K
[01m[K/home/baixiaobo/work/chassiss_odom_ws/ros2_for_rviz/ChassisOdomMap/include/odom_publisher_for_rviz.hpp:16:5:[m[K [01;36m[Knote: [m[K  candidate expects 0 arguments, 1 provided
[01m[K/home/baixiaobo/work/chassiss_odom_ws/ros2_for_rviz/ChassisOdomMap/include/odom_publisher_for_rviz.hpp:31:1:[m[K [01;36m[Knote: [m[Kcandidate: ‘[01m[KOdomPublisher::OdomPublisher(std::shared_ptr<rclcpp::Node>&, std::string, size_t, std::string)[m[K’
   31 | [01;36m[KOdomPublisher[m[K::OdomPublisher(std::shared_ptr<rclcpp::Node> &node,
      | [01;36m[K^~~~~~~~~~~~~[m[K
[01m[K/home/baixiaobo/work/chassiss_odom_ws/ros2_for_rviz/ChassisOdomMap/include/odom_publisher_for_rviz.hpp:31:1:[m[K [01;36m[Knote: [m[K  candidate expects 4 arguments, 1 provided
[01m[K/home/baixiaobo/work/chassiss_odom_ws/ros2_for_rviz/ChassisOdomMap/include/odom_publisher_for_rviz.hpp:11:7:[m[K [01;36m[Knote: [m[Kcandidate: ‘[01m[KOdomPublisher::OdomPublisher(const OdomPublisher&)[m[K’
   11 | class [01;36m[KOdomPublisher[m[K
      |       [01;36m[K^~~~~~~~~~~~~[m[K
[01m[K/home/baixiaobo/work/chassiss_odom_ws/ros2_for_rviz/ChassisOdomMap/include/odom_publisher_for_rviz.hpp:11:7:[m[K [01;36m[Knote: [m[K  no known conversion for argument 1 from ‘[01m[Kstd::shared_ptr<rclcpp::Node>[m[K’ to ‘[01m[Kconst OdomPublisher&[m[K’
[01m[K/home/baixiaobo/work/chassiss_odom_ws/ros2_for_rviz/ChassisOdomMap/include/odom_publisher_for_rviz.hpp:11:7:[m[K [01;36m[Knote: [m[Kcandidate: ‘[01m[KOdomPublisher::OdomPublisher(OdomPublisher&&)[m[K’
[01m[K/home/baixiaobo/work/chassiss_odom_ws/ros2_for_rviz/ChassisOdomMap/include/odom_publisher_for_rviz.hpp:11:7:[m[K [01;36m[Knote: [m[K  no known conversion for argument 1 from ‘[01m[Kstd::shared_ptr<rclcpp::Node>[m[K’ to ‘[01m[KOdomPublisher&&[m[K’
make[2]: *** [CMakeFiles/odom_map_for_rviz.dir/build.make:76: CMakeFiles/odom_map_for_rviz.dir/src/local_map_on_odom.cpp.o] Error 1
make[1]: *** [CMakeFiles/Makefile2:137: CMakeFiles/odom_map_for_rviz.dir/all] Error 2
make: *** [Makefile:146: all] Error 2
