[0.020s] Invoking command in '/home/baixiaobo/work/chassiss_odom_ws/ros2_for_rviz/ChassisOdomMap/build/odom_map_for_rviz': CMAKE_PREFIX_PATH=${CMAKE_PREFIX_PATH}:/opt/ros/galactic /usr/local/bin/cmake /home/baixiaobo/work/chassiss_odom_ws/ros2_for_rviz/ChassisOdomMap -DCMAKE_INSTALL_PREFIX=/home/baixiaobo/work/chassiss_odom_ws/ros2_for_rviz/ChassisOdomMap/install/odom_map_for_rviz
[0.049s] -- The C compiler identification is GNU 7.5.0
[0.082s] -- The CXX compiler identification is GNU 9.4.0
[0.086s] -- Detecting C compiler ABI info
[0.118s] -- Detecting C compiler ABI info - done
[0.123s] -- Check for working C compiler: /usr/bin/cc - skipped
[0.123s] -- Detecting C compile features
[0.124s] -- Detecting C compile features - done
[0.126s] -- Detecting CXX compiler ABI info
[0.164s] -- Detecting CXX compiler ABI info - done
[0.169s] -- Check for working CXX compiler: /usr/bin/c++ - skipped
[0.169s] -- Detecting CXX compile features
[0.170s] -- Detecting CXX compile features - done
[0.306s] -- Found Protobuf: /usr/lib/x86_64-linux-gnu/libprotobuf.so;-lpthread (found version "3.6.1") 
[0.311s] -- Found ament_cmake: 1.1.5 (/opt/ros/galactic/share/ament_cmake/cmake)
[0.326s] -- Found PythonInterp: /home/baixiaobo/anaconda3/bin/python3 (found suitable version "3.7", minimum required is "3") 
[0.326s] -- Using PYTHON_EXECUTABLE: /home/baixiaobo/anaconda3/bin/python3
[0.384s] -- Found rclcpp: 9.2.1 (/opt/ros/galactic/share/rclcpp/cmake)
[0.407s] -- Using all available rosidl_typesupport_c: rosidl_typesupport_fastrtps_c;rosidl_typesupport_introspection_c
[0.411s] -- Found rosidl_adapter: 2.2.2 (/opt/ros/galactic/share/rosidl_adapter/cmake)
[0.462s] -- Found OpenSSL: /usr/lib/x86_64-linux-gnu/libcrypto.so (found version "1.1.1f")  
[0.488s] -- Found FastRTPS: /opt/ros/galactic/include  
[0.542s] -- Using all available rosidl_typesupport_cpp: rosidl_typesupport_fastrtps_cpp;rosidl_typesupport_introspection_cpp
[0.575s] -- Found rmw_implementation_cmake: 3.3.1 (/opt/ros/galactic/share/rmw_implementation_cmake/cmake)
[0.577s] -- Found rmw_cyclonedds_cpp: 0.22.5 (/opt/ros/galactic/share/rmw_cyclonedds_cpp/cmake)
[0.587s] -- Using RMW implementation 'rmw_cyclonedds_cpp' as default
[0.588s] -- Found Threads: TRUE  
[0.666s] -- Found sensor_msgs: 2.2.4 (/opt/ros/galactic/share/sensor_msgs/cmake)
[0.738s] -- Checking for module 'eigen3'
[0.746s] --   Found eigen3, version 3.3.4
[0.765s] -- Found Eigen: /usr/include/eigen3 (Required is at least version "3.1") 
[0.765s] -- Eigen found (include: /usr/include/eigen3, version: 3.3.4)
[0.810s] -- Checking for module 'flann'
[0.819s] --   Found flann, version 1.9.1
[0.842s] -- Found FLANN: /usr/lib/x86_64-linux-gnu/libflann_cpp.so  
[0.863s] -- The imported target "vtkParseOGLExt" references the file
[0.864s]    "/usr/bin/vtkParseOGLExt-7.1"
[0.864s] but this file does not exist.  Possible reasons include:
[0.864s] * The file was deleted, renamed, or moved to another location.
[0.864s] * An install or uninstall procedure did not complete successfully.
[0.864s] * The installation package was faulty and contained
[0.864s]    "/usr/lib/cmake/vtk-7.1/VTKTargets.cmake"
[0.864s] but not all the files it references.
[0.864s] 
[0.864s] -- The imported target "vtkRenderingPythonTkWidgets" references the file
[0.864s]    "/usr/lib/x86_64-linux-gnu/libvtkRenderingPythonTkWidgets.so"
[0.864s] but this file does not exist.  Possible reasons include:
[0.864s] * The file was deleted, renamed, or moved to another location.
[0.864s] * An install or uninstall procedure did not complete successfully.
[0.864s] * The installation package was faulty and contained
[0.864s]    "/usr/lib/cmake/vtk-7.1/VTKTargets.cmake"
[0.864s] but not all the files it references.
[0.864s] 
[0.864s] -- The imported target "vtk" references the file
[0.864s]    "/usr/bin/vtk"
[0.864s] but this file does not exist.  Possible reasons include:
[0.864s] * The file was deleted, renamed, or moved to another location.
[0.864s] * An install or uninstall procedure did not complete successfully.
[0.864s] * The installation package was faulty and contained
[0.865s]    "/usr/lib/cmake/vtk-7.1/VTKTargets.cmake"
[0.865s] but not all the files it references.
[0.865s] 
[0.865s] -- The imported target "pvtk" references the file
[0.865s]    "/usr/bin/pvtk"
[0.865s] but this file does not exist.  Possible reasons include:
[0.865s] * The file was deleted, renamed, or moved to another location.
[0.865s] * An install or uninstall procedure did not complete successfully.
[0.865s] * The installation package was faulty and contained
[0.865s]    "/usr/lib/cmake/vtk-7.1/VTKTargets.cmake"
[0.865s] but not all the files it references.
[0.865s] 
[0.873s] -- Checking for module 'libusb-1.0'
[0.882s] --   Found libusb-1.0, version 1.0.23
[0.903s] [33mCMake Warning (dev) at /usr/local/share/cmake-3.22/Modules/FindPackageHandleStandardArgs.cmake:438 (message):
[0.903s]   The package name passed to `find_package_handle_standard_args` (USB_10)
[0.903s]   does not match the name of the calling package (OpenNI).  This can lead to
[0.903s]   problems in calling code that expects `find_package` result variables
[0.903s]   (e.g., `_FOUND`) to follow a certain pattern.
[0.903s] Call Stack (most recent call first):
[0.903s]   /usr/lib/x86_64-linux-gnu/cmake/pcl/Modules/FindOpenNI.cmake:28 (find_package_handle_standard_args)
[0.903s]   /usr/lib/x86_64-linux-gnu/cmake/pcl/PCLConfig.cmake:179 (find_package)
[0.903s]   /usr/lib/x86_64-linux-gnu/cmake/pcl/PCLConfig.cmake:322 (find_openni)
[0.903s]   /usr/lib/x86_64-linux-gnu/cmake/pcl/PCLConfig.cmake:548 (find_external_library)
[0.903s]   CMakeLists.txt:39 (find_package)
[0.903s] This warning is for project developers.  Use -Wno-dev to suppress it.
[0.903s] [0m
[0.903s] -- Found USB_10: /usr/lib/x86_64-linux-gnu/libusb-1.0.so  
[0.931s] -- OpenNI found (include: /usr/include/ni, lib: /usr/lib/libOpenNI.so)
[0.934s] [33mCMake Warning (dev) at /usr/local/share/cmake-3.22/Modules/FindPackageHandleStandardArgs.cmake:438 (message):
[0.934s]   The package name passed to `find_package_handle_standard_args` (USB_10)
[0.934s]   does not match the name of the calling package (OpenNI2).  This can lead to
[0.934s]   problems in calling code that expects `find_package` result variables
[0.935s]   (e.g., `_FOUND`) to follow a certain pattern.
[0.935s] Call Stack (most recent call first):
[0.935s]   /usr/lib/x86_64-linux-gnu/cmake/pcl/Modules/FindOpenNI2.cmake:28 (find_package_handle_standard_args)
[0.935s]   /usr/lib/x86_64-linux-gnu/cmake/pcl/PCLConfig.cmake:193 (find_package)
[0.935s]   /usr/lib/x86_64-linux-gnu/cmake/pcl/PCLConfig.cmake:324 (find_openni2)
[0.935s]   /usr/lib/x86_64-linux-gnu/cmake/pcl/PCLConfig.cmake:548 (find_external_library)
[0.935s]   CMakeLists.txt:39 (find_package)
[0.935s] This warning is for project developers.  Use -Wno-dev to suppress it.
[0.935s] [0m
[0.964s] -- OpenNI2 found (include: /usr/include/openni2, lib: /usr/lib/libOpenNI2.so)
[0.971s] [33mCMake Warning (dev) at /usr/local/share/cmake-3.22/Modules/FindPackageHandleStandardArgs.cmake:438 (message):
[0.971s]   The package name passed to `find_package_handle_standard_args` (libusb-1.0)
[0.971s]   does not match the name of the calling package (PCL).  This can lead to
[0.971s]   problems in calling code that expects `find_package` result variables
[0.971s]   (e.g., `_FOUND`) to follow a certain pattern.
[0.971s] Call Stack (most recent call first):
[0.971s]   /usr/lib/x86_64-linux-gnu/cmake/pcl/PCLConfig.cmake:291 (find_package_handle_standard_args)
[0.971s]   /usr/lib/x86_64-linux-gnu/cmake/pcl/PCLConfig.cmake:338 (find_libusb)
[0.971s]   /usr/lib/x86_64-linux-gnu/cmake/pcl/PCLConfig.cmake:548 (find_external_library)
[0.971s]   CMakeLists.txt:39 (find_package)
[0.971s] This warning is for project developers.  Use -Wno-dev to suppress it.
[0.971s] [0m
[0.971s] -- Found libusb-1.0: /usr/include  
[0.974s] [33mCMake Warning (dev) at /usr/local/share/cmake-3.22/Modules/FindPackageHandleStandardArgs.cmake:438 (message):
[0.974s]   The package name passed to `find_package_handle_standard_args` (USB_10)
[0.974s]   does not match the name of the calling package (OpenNI).  This can lead to
[0.974s]   problems in calling code that expects `find_package` result variables
[0.974s]   (e.g., `_FOUND`) to follow a certain pattern.
[0.974s] Call Stack (most recent call first):
[0.974s]   /usr/lib/x86_64-linux-gnu/cmake/pcl/Modules/FindOpenNI.cmake:28 (find_package_handle_standard_args)
[0.974s]   /usr/lib/x86_64-linux-gnu/cmake/pcl/PCLConfig.cmake:179 (find_package)
[0.974s]   /usr/lib/x86_64-linux-gnu/cmake/pcl/PCLConfig.cmake:322 (find_openni)
[0.974s]   /usr/lib/x86_64-linux-gnu/cmake/pcl/PCLConfig.cmake:548 (find_external_library)
[0.974s]   CMakeLists.txt:39 (find_package)
[0.974s] This warning is for project developers.  Use -Wno-dev to suppress it.
[0.974s] [0m
[0.974s] -- OpenNI found (include: /usr/include/ni, lib: /usr/lib/libOpenNI.so)
[0.977s] [33mCMake Warning (dev) at /usr/local/share/cmake-3.22/Modules/FindPackageHandleStandardArgs.cmake:438 (message):
[0.977s]   The package name passed to `find_package_handle_standard_args` (USB_10)
[0.978s]   does not match the name of the calling package (OpenNI2).  This can lead to
[0.978s]   problems in calling code that expects `find_package` result variables
[0.978s]   (e.g., `_FOUND`) to follow a certain pattern.
[0.978s] Call Stack (most recent call first):
[0.978s]   /usr/lib/x86_64-linux-gnu/cmake/pcl/Modules/FindOpenNI2.cmake:28 (find_package_handle_standard_args)
[0.978s]   /usr/lib/x86_64-linux-gnu/cmake/pcl/PCLConfig.cmake:193 (find_package)
[0.978s]   /usr/lib/x86_64-linux-gnu/cmake/pcl/PCLConfig.cmake:324 (find_openni2)
[0.978s]   /usr/lib/x86_64-linux-gnu/cmake/pcl/PCLConfig.cmake:548 (find_external_library)
[0.978s]   CMakeLists.txt:39 (find_package)
[0.978s] This warning is for project developers.  Use -Wno-dev to suppress it.
[0.978s] [0m
[0.978s] -- OpenNI2 found (include: /usr/include/openni2, lib: /usr/lib/libOpenNI2.so)
[0.994s] -- Found Qhull: optimized;/usr/lib/x86_64-linux-gnu/libqhull.so;debug;/usr/lib/x86_64-linux-gnu/libqhull.so  
[0.994s] -- QHULL found (include: /usr/include, lib: optimized;/usr/lib/x86_64-linux-gnu/libqhull.so;debug;/usr/lib/x86_64-linux-gnu/libqhull.so)
[0.997s] [33mCMake Warning (dev) at /usr/local/share/cmake-3.22/Modules/FindPackageHandleStandardArgs.cmake:438 (message):
[0.997s]   The package name passed to `find_package_handle_standard_args` (USB_10)
[0.997s]   does not match the name of the calling package (OpenNI).  This can lead to
[0.997s]   problems in calling code that expects `find_package` result variables
[0.997s]   (e.g., `_FOUND`) to follow a certain pattern.
[0.997s] Call Stack (most recent call first):
[0.997s]   /usr/lib/x86_64-linux-gnu/cmake/pcl/Modules/FindOpenNI.cmake:28 (find_package_handle_standard_args)
[0.997s]   /usr/lib/x86_64-linux-gnu/cmake/pcl/PCLConfig.cmake:179 (find_package)
[0.997s]   /usr/lib/x86_64-linux-gnu/cmake/pcl/PCLConfig.cmake:322 (find_openni)
[0.997s]   /usr/lib/x86_64-linux-gnu/cmake/pcl/PCLConfig.cmake:548 (find_external_library)
[0.997s]   CMakeLists.txt:39 (find_package)
[0.997s] This warning is for project developers.  Use -Wno-dev to suppress it.
[0.997s] [0m
[0.998s] -- OpenNI found (include: /usr/include/ni, lib: /usr/lib/libOpenNI.so)
[1.004s] [33mCMake Warning (dev) at /usr/local/share/cmake-3.22/Modules/FindPackageHandleStandardArgs.cmake:438 (message):
[1.004s]   The package name passed to `find_package_handle_standard_args` (PCL_COMMON)
[1.004s]   does not match the name of the calling package (PCL).  This can lead to
[1.004s]   problems in calling code that expects `find_package` result variables
[1.004s]   (e.g., `_FOUND`) to follow a certain pattern.
[1.004s] Call Stack (most recent call first):
[1.004s]   /usr/lib/x86_64-linux-gnu/cmake/pcl/PCLConfig.cmake:616 (find_package_handle_standard_args)
[1.005s]   CMakeLists.txt:39 (find_package)
[1.005s] This warning is for project developers.  Use -Wno-dev to suppress it.
[1.005s] [0m
[1.005s] -- Found PCL_COMMON: /usr/lib/x86_64-linux-gnu/libpcl_common.so  
[1.005s] [33mCMake Warning (dev) at /usr/local/share/cmake-3.22/Modules/FindPackageHandleStandardArgs.cmake:438 (message):
[1.005s]   The package name passed to `find_package_handle_standard_args` (PCL_KDTREE)
[1.005s]   does not match the name of the calling package (PCL).  This can lead to
[1.005s]   problems in calling code that expects `find_package` result variables
[1.005s]   (e.g., `_FOUND`) to follow a certain pattern.
[1.005s] Call Stack (most recent call first):
[1.005s]   /usr/lib/x86_64-linux-gnu/cmake/pcl/PCLConfig.cmake:616 (find_package_handle_standard_args)
[1.005s]   CMakeLists.txt:39 (find_package)
[1.005s] This warning is for project developers.  Use -Wno-dev to suppress it.
[1.005s] [0m
[1.005s] -- Found PCL_KDTREE: /usr/lib/x86_64-linux-gnu/libpcl_kdtree.so  
[1.006s] [33mCMake Warning (dev) at /usr/local/share/cmake-3.22/Modules/FindPackageHandleStandardArgs.cmake:438 (message):
[1.006s]   The package name passed to `find_package_handle_standard_args` (PCL_OCTREE)
[1.006s]   does not match the name of the calling package (PCL).  This can lead to
[1.006s]   problems in calling code that expects `find_package` result variables
[1.006s]   (e.g., `_FOUND`) to follow a certain pattern.
[1.006s] Call Stack (most recent call first):
[1.006s]   /usr/lib/x86_64-linux-gnu/cmake/pcl/PCLConfig.cmake:616 (find_package_handle_standard_args)
[1.006s]   CMakeLists.txt:39 (find_package)
[1.006s] This warning is for project developers.  Use -Wno-dev to suppress it.
[1.006s] [0m
[1.006s] -- Found PCL_OCTREE: /usr/lib/x86_64-linux-gnu/libpcl_octree.so  
[1.006s] [33mCMake Warning (dev) at /usr/local/share/cmake-3.22/Modules/FindPackageHandleStandardArgs.cmake:438 (message):
[1.006s]   The package name passed to `find_package_handle_standard_args` (PCL_SEARCH)
[1.007s]   does not match the name of the calling package (PCL).  This can lead to
[1.007s]   problems in calling code that expects `find_package` result variables
[1.007s]   (e.g., `_FOUND`) to follow a certain pattern.
[1.007s] Call Stack (most recent call first):
[1.007s]   /usr/lib/x86_64-linux-gnu/cmake/pcl/PCLConfig.cmake:616 (find_package_handle_standard_args)
[1.007s]   CMakeLists.txt:39 (find_package)
[1.007s] This warning is for project developers.  Use -Wno-dev to suppress it.
[1.007s] [0m
[1.007s] -- Found PCL_SEARCH: /usr/lib/x86_64-linux-gnu/libpcl_search.so  
[1.007s] [33mCMake Warning (dev) at /usr/local/share/cmake-3.22/Modules/FindPackageHandleStandardArgs.cmake:438 (message):
[1.007s]   The package name passed to `find_package_handle_standard_args`
[1.007s]   (PCL_SAMPLE_CONSENSUS) does not match the name of the calling package
[1.007s]   (PCL).  This can lead to problems in calling code that expects
[1.007s]   `find_package` result variables (e.g., `_FOUND`) to follow a certain
[1.007s]   pattern.
[1.007s] Call Stack (most recent call first):
[1.007s]   /usr/lib/x86_64-linux-gnu/cmake/pcl/PCLConfig.cmake:616 (find_package_handle_standard_args)
[1.008s]   CMakeLists.txt:39 (find_package)
[1.008s] This warning is for project developers.  Use -Wno-dev to suppress it.
[1.008s] [0m
[1.008s] -- Found PCL_SAMPLE_CONSENSUS: /usr/lib/x86_64-linux-gnu/libpcl_sample_consensus.so  
[1.008s] [33mCMake Warning (dev) at /usr/local/share/cmake-3.22/Modules/FindPackageHandleStandardArgs.cmake:438 (message):
[1.008s]   The package name passed to `find_package_handle_standard_args`
[1.008s]   (PCL_FILTERS) does not match the name of the calling package (PCL).  This
[1.008s]   can lead to problems in calling code that expects `find_package` result
[1.008s]   variables (e.g., `_FOUND`) to follow a certain pattern.
[1.008s] Call Stack (most recent call first):
[1.008s]   /usr/lib/x86_64-linux-gnu/cmake/pcl/PCLConfig.cmake:616 (find_package_handle_standard_args)
[1.008s]   CMakeLists.txt:39 (find_package)
[1.008s] This warning is for project developers.  Use -Wno-dev to suppress it.
[1.008s] [0m
[1.008s] -- Found PCL_FILTERS: /usr/lib/x86_64-linux-gnu/libpcl_filters.so  
[1.008s] -- Found PCL_2D: /usr/include/pcl-1.10  
[1.008s] [33mCMake Warning (dev) at /usr/local/share/cmake-3.22/Modules/FindPackageHandleStandardArgs.cmake:438 (message):
[1.008s]   The package name passed to `find_package_handle_standard_args` (PCL_2D)
[1.009s]   does not match the name of the calling package (PCL).  This can lead to
[1.009s]   problems in calling code that expects `find_package` result variables
[1.009s]   (e.g., `_FOUND`) to follow a certain pattern.
[1.009s] Call Stack (most recent call first):
[1.009s]   /usr/lib/x86_64-linux-gnu/cmake/pcl/PCLConfig.cmake:619 (find_package_handle_standard_args)
[1.009s]   CMakeLists.txt:39 (find_package)
[1.009s] This warning is for project developers.  Use -Wno-dev to suppress it.
[1.009s] [0m
[1.009s] [33mCMake Warning (dev) at /usr/local/share/cmake-3.22/Modules/FindPackageHandleStandardArgs.cmake:438 (message):
[1.009s]   The package name passed to `find_package_handle_standard_args`
[1.009s]   (PCL_GEOMETRY) does not match the name of the calling package (PCL).  This
[1.009s]   can lead to problems in calling code that expects `find_package` result
[1.009s]   variables (e.g., `_FOUND`) to follow a certain pattern.
[1.009s] Call Stack (most recent call first):
[1.009s]   /usr/lib/x86_64-linux-gnu/cmake/pcl/PCLConfig.cmake:619 (find_package_handle_standard_args)
[1.009s]   CMakeLists.txt:39 (find_package)
[1.009s] This warning is for project developers.  Use -Wno-dev to suppress it.
[1.009s] [0m
[1.009s] -- Found PCL_GEOMETRY: /usr/include/pcl-1.10  
[1.009s] [33mCMake Warning (dev) at /usr/local/share/cmake-3.22/Modules/FindPackageHandleStandardArgs.cmake:438 (message):
[1.009s]   The package name passed to `find_package_handle_standard_args` (PCL_IO)
[1.009s]   does not match the name of the calling package (PCL).  This can lead to
[1.009s]   problems in calling code that expects `find_package` result variables
[1.009s]   (e.g., `_FOUND`) to follow a certain pattern.
[1.009s] Call Stack (most recent call first):
[1.009s]   /usr/lib/x86_64-linux-gnu/cmake/pcl/PCLConfig.cmake:616 (find_package_handle_standard_args)
[1.009s]   CMakeLists.txt:39 (find_package)
[1.010s] This warning is for project developers.  Use -Wno-dev to suppress it.
[1.010s] [0m
[1.010s] -- Found PCL_IO: /usr/lib/x86_64-linux-gnu/libpcl_io.so  
[1.010s] [33mCMake Warning (dev) at /usr/local/share/cmake-3.22/Modules/FindPackageHandleStandardArgs.cmake:438 (message):
[1.010s]   The package name passed to `find_package_handle_standard_args`
[1.010s]   (PCL_FEATURES) does not match the name of the calling package (PCL).  This
[1.010s]   can lead to problems in calling code that expects `find_package` result
[1.010s]   variables (e.g., `_FOUND`) to follow a certain pattern.
[1.010s] Call Stack (most recent call first):
[1.010s]   /usr/lib/x86_64-linux-gnu/cmake/pcl/PCLConfig.cmake:616 (find_package_handle_standard_args)
[1.010s]   CMakeLists.txt:39 (find_package)
[1.010s] This warning is for project developers.  Use -Wno-dev to suppress it.
[1.010s] [0m
[1.010s] -- Found PCL_FEATURES: /usr/lib/x86_64-linux-gnu/libpcl_features.so  
[1.011s] [33mCMake Warning (dev) at /usr/local/share/cmake-3.22/Modules/FindPackageHandleStandardArgs.cmake:438 (message):
[1.011s]   The package name passed to `find_package_handle_standard_args` (PCL_ML)
[1.011s]   does not match the name of the calling package (PCL).  This can lead to
[1.011s]   problems in calling code that expects `find_package` result variables
[1.011s]   (e.g., `_FOUND`) to follow a certain pattern.
[1.011s] Call Stack (most recent call first):
[1.011s]   /usr/lib/x86_64-linux-gnu/cmake/pcl/PCLConfig.cmake:616 (find_package_handle_standard_args)
[1.011s]   CMakeLists.txt:39 (find_package)
[1.011s] This warning is for project developers.  Use -Wno-dev to suppress it.
[1.011s] [0m
[1.011s] -- Found PCL_ML: /usr/lib/x86_64-linux-gnu/libpcl_ml.so  
[1.011s] [33mCMake Warning (dev) at /usr/local/share/cmake-3.22/Modules/FindPackageHandleStandardArgs.cmake:438 (message):
[1.011s]   The package name passed to `find_package_handle_standard_args`
[1.012s]   (PCL_SEGMENTATION) does not match the name of the calling package (PCL).
[1.012s]   This can lead to problems in calling code that expects `find_package`
[1.012s]   result variables (e.g., `_FOUND`) to follow a certain pattern.
[1.012s] Call Stack (most recent call first):
[1.012s]   /usr/lib/x86_64-linux-gnu/cmake/pcl/PCLConfig.cmake:616 (find_package_handle_standard_args)
[1.012s]   CMakeLists.txt:39 (find_package)
[1.012s] This warning is for project developers.  Use -Wno-dev to suppress it.
[1.012s] [0m
[1.012s] -- Found PCL_SEGMENTATION: /usr/lib/x86_64-linux-gnu/libpcl_segmentation.so  
[1.012s] [33mCMake Warning (dev) at /usr/local/share/cmake-3.22/Modules/FindPackageHandleStandardArgs.cmake:438 (message):
[1.012s]   The package name passed to `find_package_handle_standard_args`
[1.012s]   (PCL_VISUALIZATION) does not match the name of the calling package (PCL).
[1.012s]   This can lead to problems in calling code that expects `find_package`
[1.012s]   result variables (e.g., `_FOUND`) to follow a certain pattern.
[1.013s] Call Stack (most recent call first):
[1.013s]   /usr/lib/x86_64-linux-gnu/cmake/pcl/PCLConfig.cmake:616 (find_package_handle_standard_args)
[1.013s]   CMakeLists.txt:39 (find_package)
[1.013s] This warning is for project developers.  Use -Wno-dev to suppress it.
[1.013s] [0m
[1.013s] -- Found PCL_VISUALIZATION: /usr/lib/x86_64-linux-gnu/libpcl_visualization.so  
[1.013s] [33mCMake Warning (dev) at /usr/local/share/cmake-3.22/Modules/FindPackageHandleStandardArgs.cmake:438 (message):
[1.013s]   The package name passed to `find_package_handle_standard_args`
[1.013s]   (PCL_SURFACE) does not match the name of the calling package (PCL).  This
[1.013s]   can lead to problems in calling code that expects `find_package` result
[1.013s]   variables (e.g., `_FOUND`) to follow a certain pattern.
[1.013s] Call Stack (most recent call first):
[1.013s]   /usr/lib/x86_64-linux-gnu/cmake/pcl/PCLConfig.cmake:616 (find_package_handle_standard_args)
[1.013s]   CMakeLists.txt:39 (find_package)
[1.013s] This warning is for project developers.  Use -Wno-dev to suppress it.
[1.013s] [0m
[1.014s] -- Found PCL_SURFACE: /usr/lib/x86_64-linux-gnu/libpcl_surface.so  
[1.014s] [33mCMake Warning (dev) at /usr/local/share/cmake-3.22/Modules/FindPackageHandleStandardArgs.cmake:438 (message):
[1.014s]   The package name passed to `find_package_handle_standard_args`
[1.014s]   (PCL_REGISTRATION) does not match the name of the calling package (PCL).
[1.014s]   This can lead to problems in calling code that expects `find_package`
[1.014s]   result variables (e.g., `_FOUND`) to follow a certain pattern.
[1.014s] Call Stack (most recent call first):
[1.014s]   /usr/lib/x86_64-linux-gnu/cmake/pcl/PCLConfig.cmake:616 (find_package_handle_standard_args)
[1.014s]   CMakeLists.txt:39 (find_package)
[1.014s] This warning is for project developers.  Use -Wno-dev to suppress it.
[1.014s] [0m
[1.014s] -- Found PCL_REGISTRATION: /usr/lib/x86_64-linux-gnu/libpcl_registration.so  
[1.015s] [33mCMake Warning (dev) at /usr/local/share/cmake-3.22/Modules/FindPackageHandleStandardArgs.cmake:438 (message):
[1.015s]   The package name passed to `find_package_handle_standard_args`
[1.015s]   (PCL_KEYPOINTS) does not match the name of the calling package (PCL).  This
[1.015s]   can lead to problems in calling code that expects `find_package` result
[1.015s]   variables (e.g., `_FOUND`) to follow a certain pattern.
[1.015s] Call Stack (most recent call first):
[1.015s]   /usr/lib/x86_64-linux-gnu/cmake/pcl/PCLConfig.cmake:616 (find_package_handle_standard_args)
[1.015s]   CMakeLists.txt:39 (find_package)
[1.015s] This warning is for project developers.  Use -Wno-dev to suppress it.
[1.015s] [0m
[1.015s] -- Found PCL_KEYPOINTS: /usr/lib/x86_64-linux-gnu/libpcl_keypoints.so  
[1.015s] [33mCMake Warning (dev) at /usr/local/share/cmake-3.22/Modules/FindPackageHandleStandardArgs.cmake:438 (message):
[1.016s]   The package name passed to `find_package_handle_standard_args`
[1.016s]   (PCL_TRACKING) does not match the name of the calling package (PCL).  This
[1.016s]   can lead to problems in calling code that expects `find_package` result
[1.016s]   variables (e.g., `_FOUND`) to follow a certain pattern.
[1.016s] Call Stack (most recent call first):
[1.016s]   /usr/lib/x86_64-linux-gnu/cmake/pcl/PCLConfig.cmake:616 (find_package_handle_standard_args)
[1.016s]   CMakeLists.txt:39 (find_package)
[1.016s] This warning is for project developers.  Use -Wno-dev to suppress it.
[1.016s] [0m
[1.016s] -- Found PCL_TRACKING: /usr/lib/x86_64-linux-gnu/libpcl_tracking.so  
[1.016s] [33mCMake Warning (dev) at /usr/local/share/cmake-3.22/Modules/FindPackageHandleStandardArgs.cmake:438 (message):
[1.016s]   The package name passed to `find_package_handle_standard_args`
[1.016s]   (PCL_RECOGNITION) does not match the name of the calling package (PCL).
[1.016s]   This can lead to problems in calling code that expects `find_package`
[1.016s]   result variables (e.g., `_FOUND`) to follow a certain pattern.
[1.016s] Call Stack (most recent call first):
[1.017s]   /usr/lib/x86_64-linux-gnu/cmake/pcl/PCLConfig.cmake:616 (find_package_handle_standard_args)
[1.017s]   CMakeLists.txt:39 (find_package)
[1.017s] This warning is for project developers.  Use -Wno-dev to suppress it.
[1.017s] [0m
[1.017s] -- Found PCL_RECOGNITION: /usr/lib/x86_64-linux-gnu/libpcl_recognition.so  
[1.017s] [33mCMake Warning (dev) at /usr/local/share/cmake-3.22/Modules/FindPackageHandleStandardArgs.cmake:438 (message):
[1.017s]   The package name passed to `find_package_handle_standard_args` (PCL_STEREO)
[1.017s]   does not match the name of the calling package (PCL).  This can lead to
[1.017s]   problems in calling code that expects `find_package` result variables
[1.017s]   (e.g., `_FOUND`) to follow a certain pattern.
[1.017s] Call Stack (most recent call first):
[1.017s]   /usr/lib/x86_64-linux-gnu/cmake/pcl/PCLConfig.cmake:616 (find_package_handle_standard_args)
[1.017s]   CMakeLists.txt:39 (find_package)
[1.017s] This warning is for project developers.  Use -Wno-dev to suppress it.
[1.018s] [0m
[1.018s] -- Found PCL_STEREO: /usr/lib/x86_64-linux-gnu/libpcl_stereo.so  
[1.018s] [33mCMake Warning (dev) at /usr/local/share/cmake-3.22/Modules/FindPackageHandleStandardArgs.cmake:438 (message):
[1.018s]   The package name passed to `find_package_handle_standard_args` (PCL_APPS)
[1.018s]   does not match the name of the calling package (PCL).  This can lead to
[1.018s]   problems in calling code that expects `find_package` result variables
[1.018s]   (e.g., `_FOUND`) to follow a certain pattern.
[1.018s] Call Stack (most recent call first):
[1.018s]   /usr/lib/x86_64-linux-gnu/cmake/pcl/PCLConfig.cmake:616 (find_package_handle_standard_args)
[1.018s]   CMakeLists.txt:39 (find_package)
[1.018s] This warning is for project developers.  Use -Wno-dev to suppress it.
[1.018s] [0m
[1.018s] -- Found PCL_APPS: /usr/lib/x86_64-linux-gnu/libpcl_apps.so  
[1.018s] [33mCMake Warning (dev) at /usr/local/share/cmake-3.22/Modules/FindPackageHandleStandardArgs.cmake:438 (message):
[1.019s]   The package name passed to `find_package_handle_standard_args`
[1.019s]   (PCL_IN_HAND_SCANNER) does not match the name of the calling package (PCL).
[1.019s]   This can lead to problems in calling code that expects `find_package`
[1.019s]   result variables (e.g., `_FOUND`) to follow a certain pattern.
[1.019s] Call Stack (most recent call first):
[1.019s]   /usr/lib/x86_64-linux-gnu/cmake/pcl/PCLConfig.cmake:619 (find_package_handle_standard_args)
[1.019s]   CMakeLists.txt:39 (find_package)
[1.019s] This warning is for project developers.  Use -Wno-dev to suppress it.
[1.019s] [0m
[1.019s] -- Found PCL_IN_HAND_SCANNER: /usr/include/pcl-1.10  
[1.019s] [33mCMake Warning (dev) at /usr/local/share/cmake-3.22/Modules/FindPackageHandleStandardArgs.cmake:438 (message):
[1.019s]   The package name passed to `find_package_handle_standard_args`
[1.019s]   (PCL_POINT_CLOUD_EDITOR) does not match the name of the calling package
[1.019s]   (PCL).  This can lead to problems in calling code that expects
[1.019s]   `find_package` result variables (e.g., `_FOUND`) to follow a certain
[1.019s]   pattern.
[1.019s] Call Stack (most recent call first):
[1.019s]   /usr/lib/x86_64-linux-gnu/cmake/pcl/PCLConfig.cmake:619 (find_package_handle_standard_args)
[1.019s]   CMakeLists.txt:39 (find_package)
[1.019s] This warning is for project developers.  Use -Wno-dev to suppress it.
[1.019s] [0m
[1.019s] -- Found PCL_POINT_CLOUD_EDITOR: /usr/include/pcl-1.10  
[1.020s] [33mCMake Warning (dev) at /usr/local/share/cmake-3.22/Modules/FindPackageHandleStandardArgs.cmake:438 (message):
[1.020s]   The package name passed to `find_package_handle_standard_args`
[1.020s]   (PCL_OUTOFCORE) does not match the name of the calling package (PCL).  This
[1.020s]   can lead to problems in calling code that expects `find_package` result
[1.020s]   variables (e.g., `_FOUND`) to follow a certain pattern.
[1.020s] Call Stack (most recent call first):
[1.020s]   /usr/lib/x86_64-linux-gnu/cmake/pcl/PCLConfig.cmake:616 (find_package_handle_standard_args)
[1.020s]   CMakeLists.txt:39 (find_package)
[1.020s] This warning is for project developers.  Use -Wno-dev to suppress it.
[1.020s] [0m
[1.020s] -- Found PCL_OUTOFCORE: /usr/lib/x86_64-linux-gnu/libpcl_outofcore.so  
[1.020s] [33mCMake Warning (dev) at /usr/local/share/cmake-3.22/Modules/FindPackageHandleStandardArgs.cmake:438 (message):
[1.020s]   The package name passed to `find_package_handle_standard_args` (PCL_PEOPLE)
[1.021s]   does not match the name of the calling package (PCL).  This can lead to
[1.021s]   problems in calling code that expects `find_package` result variables
[1.021s]   (e.g., `_FOUND`) to follow a certain pattern.
[1.021s] Call Stack (most recent call first):
[1.021s]   /usr/lib/x86_64-linux-gnu/cmake/pcl/PCLConfig.cmake:616 (find_package_handle_standard_args)
[1.021s]   CMakeLists.txt:39 (find_package)
[1.021s] This warning is for project developers.  Use -Wno-dev to suppress it.
[1.021s] [0m
[1.021s] -- Found PCL_PEOPLE: /usr/lib/x86_64-linux-gnu/libpcl_people.so  
[1.028s] -- Found OpenCV: /usr (found version "4.2.0") 
[1.029s] -- Found nav_msgs: 2.2.4 (/opt/ros/galactic/share/nav_msgs/cmake)
[1.071s] -- Found rosidl_default_generators: 1.1.1 (/opt/ros/galactic/share/rosidl_default_generators/cmake)
[1.080s] -- Found Boost: /usr/include (found version "1.71.0")  
[1.081s] -- Found tf2: 0.17.3 (/opt/ros/galactic/share/tf2/cmake)
[1.087s] -- Found tf2_ros: 0.17.3 (/opt/ros/galactic/share/tf2_ros/cmake)
[1.276s] -- Found ament_lint_auto: 0.10.7 (/opt/ros/galactic/share/ament_lint_auto/cmake)
[1.319s] [31mCMake Error at /opt/ros/galactic/share/ament_cmake_target_dependencies/cmake/ament_target_dependencies.cmake:42 (message):
[1.319s]   ament_target_dependencies() the first argument must be a valid target name
[1.319s] Call Stack (most recent call first):
[1.319s]   CMakeLists.txt:93 (ament_target_dependencies)
[1.319s] 
[1.319s] [0m
[1.319s] -- Configuring incomplete, errors occurred!
[1.319s] See also "/home/baixiaobo/work/chassiss_odom_ws/ros2_for_rviz/ChassisOdomMap/build/odom_map_for_rviz/CMakeFiles/CMakeOutput.log".
[1.319s] See also "/home/baixiaobo/work/chassiss_odom_ws/ros2_for_rviz/ChassisOdomMap/build/odom_map_for_rviz/CMakeFiles/CMakeError.log".
[1.328s] Invoked command in '/home/baixiaobo/work/chassiss_odom_ws/ros2_for_rviz/ChassisOdomMap/build/odom_map_for_rviz' returned '1': CMAKE_PREFIX_PATH=${CMAKE_PREFIX_PATH}:/opt/ros/galactic /usr/local/bin/cmake /home/baixiaobo/work/chassiss_odom_ws/ros2_for_rviz/ChassisOdomMap -DCMAKE_INSTALL_PREFIX=/home/baixiaobo/work/chassiss_odom_ws/ros2_for_rviz/ChassisOdomMap/install/odom_map_for_rviz
