[0.218s] DEBUG:colcon:Command line arguments: ['/usr/bin/colcon', 'build']
[0.218s] DEBUG:colcon:Parsed command line arguments: Namespace(allow_overriding=[], ament_cmake_args=None, base_paths=['.'], build_base='build', catkin_cmake_args=None, catkin_skip_building_tests=False, cmake_args=None, cmake_clean_cache=False, cmake_clean_first=False, cmake_force_configure=False, cmake_target=None, cmake_target_skip_unavailable=False, continue_on_error=False, event_handlers=None, executor='parallel', ignore_user_meta=False, install_base='install', log_base=None, log_level=None, main=<bound method BuildVerb.main of <colcon_core.verb.build.BuildVerb object at 0x7f581b9fdcd0>>, merge_install=False, metas=['./colcon.meta'], packages_above=None, packages_above_and_dependencies=None, packages_above_depth=None, packages_end=None, packages_ignore=None, packages_ignore_regex=None, packages_select=None, packages_select_build_failed=False, packages_select_by_dep=None, packages_select_regex=None, packages_select_test_failures=False, packages_skip=None, packages_skip_build_finished=False, packages_skip_by_dep=None, packages_skip_regex=None, packages_skip_test_passed=False, packages_skip_up_to=None, packages_start=None, packages_up_to=None, packages_up_to_regex=None, parallel_workers=16, paths=None, symlink_install=False, test_result_base=None, verb_extension=<colcon_core.verb.build.BuildVerb object at 0x7f581b9fdcd0>, verb_name='build', verb_parser=<colcon_defaults.argument_parser.defaults.DefaultArgumentsDecorator object at 0x7f581b06a940>)
[0.246s] Level 1:colcon.colcon_core.package_discovery:discover_packages(colcon_meta) check parameters
[0.246s] Level 1:colcon.colcon_core.package_discovery:discover_packages(recursive) check parameters
[0.246s] Level 1:colcon.colcon_core.package_discovery:discover_packages(ignore) check parameters
[0.246s] Level 1:colcon.colcon_core.package_discovery:discover_packages(path) check parameters
[0.246s] Level 1:colcon.colcon_core.package_discovery:discover_packages(colcon_meta) discover
[0.246s] Level 1:colcon.colcon_core.package_discovery:discover_packages(recursive) discover
[0.246s] INFO:colcon.colcon_core.package_discovery:Crawling recursively for packages in '/home/baixiaobo/work/chassiss_odom_ws/ros2_for_rviz/odom_evo'
[0.246s] Level 1:colcon.colcon_core.package_identification:_identify(.) by extensions ['ignore', 'ignore_ament_install']
[0.246s] Level 1:colcon.colcon_core.package_identification:_identify(.) by extension 'ignore'
[0.246s] Level 1:colcon.colcon_core.package_identification:_identify(.) by extension 'ignore_ament_install'
[0.246s] Level 1:colcon.colcon_core.package_identification:_identify(.) by extensions ['colcon_pkg']
[0.246s] Level 1:colcon.colcon_core.package_identification:_identify(.) by extension 'colcon_pkg'
[0.246s] Level 1:colcon.colcon_core.package_identification:_identify(.) by extensions ['colcon_meta']
[0.246s] Level 1:colcon.colcon_core.package_identification:_identify(.) by extension 'colcon_meta'
[0.246s] Level 1:colcon.colcon_core.package_identification:_identify(.) by extensions ['ros']
[0.246s] Level 1:colcon.colcon_core.package_identification:_identify(.) by extension 'ros'
[0.255s] DEBUG:colcon.colcon_core.package_identification:Package '.' with type 'ros.ament_cmake' and name 'odom_map_for_rviz'
[0.255s] Level 1:colcon.colcon_core.package_discovery:discover_packages(recursive) using defaults
[0.255s] Level 1:colcon.colcon_core.package_discovery:discover_packages(ignore) discover
[0.255s] Level 1:colcon.colcon_core.package_discovery:discover_packages(ignore) using defaults
[0.255s] Level 1:colcon.colcon_core.package_discovery:discover_packages(path) discover
[0.255s] Level 1:colcon.colcon_core.package_discovery:discover_packages(path) using defaults
[0.270s] Level 1:colcon.colcon_core.package_discovery:discover_packages(prefix_path) check parameters
[0.270s] Level 1:colcon.colcon_core.package_discovery:discover_packages(prefix_path) discover
[0.272s] DEBUG:colcon.colcon_installed_package_information.package_discovery:Found 268 installed packages in /opt/ros/galactic
[0.273s] Level 1:colcon.colcon_core.package_discovery:discover_packages(prefix_path) using defaults
[0.317s] Level 5:colcon.colcon_core.verb:set package 'odom_map_for_rviz' build argument 'cmake_args' from command line to 'None'
[0.317s] Level 5:colcon.colcon_core.verb:set package 'odom_map_for_rviz' build argument 'cmake_target' from command line to 'None'
[0.317s] Level 5:colcon.colcon_core.verb:set package 'odom_map_for_rviz' build argument 'cmake_target_skip_unavailable' from command line to 'False'
[0.317s] Level 5:colcon.colcon_core.verb:set package 'odom_map_for_rviz' build argument 'cmake_clean_cache' from command line to 'False'
[0.317s] Level 5:colcon.colcon_core.verb:set package 'odom_map_for_rviz' build argument 'cmake_clean_first' from command line to 'False'
[0.317s] Level 5:colcon.colcon_core.verb:set package 'odom_map_for_rviz' build argument 'cmake_force_configure' from command line to 'False'
[0.317s] Level 5:colcon.colcon_core.verb:set package 'odom_map_for_rviz' build argument 'ament_cmake_args' from command line to 'None'
[0.317s] Level 5:colcon.colcon_core.verb:set package 'odom_map_for_rviz' build argument 'catkin_cmake_args' from command line to 'None'
[0.317s] Level 5:colcon.colcon_core.verb:set package 'odom_map_for_rviz' build argument 'catkin_skip_building_tests' from command line to 'False'
[0.317s] DEBUG:colcon.colcon_core.verb:Building package 'odom_map_for_rviz' with the following arguments: {'ament_cmake_args': None, 'build_base': '/home/baixiaobo/work/chassiss_odom_ws/ros2_for_rviz/odom_evo/build/odom_map_for_rviz', 'catkin_cmake_args': None, 'catkin_skip_building_tests': False, 'cmake_args': None, 'cmake_clean_cache': False, 'cmake_clean_first': False, 'cmake_force_configure': False, 'cmake_target': None, 'cmake_target_skip_unavailable': False, 'install_base': '/home/baixiaobo/work/chassiss_odom_ws/ros2_for_rviz/odom_evo/install/odom_map_for_rviz', 'merge_install': False, 'path': '/home/baixiaobo/work/chassiss_odom_ws/ros2_for_rviz/odom_evo', 'symlink_install': False, 'test_result_base': None}
[0.318s] INFO:colcon.colcon_core.executor:Executing jobs using 'parallel' executor
[0.321s] DEBUG:colcon.colcon_parallel_executor.executor.parallel:run_until_complete
[0.321s] INFO:colcon.colcon_ros.task.ament_cmake.build:Building ROS package in '/home/baixiaobo/work/chassiss_odom_ws/ros2_for_rviz/odom_evo' with build type 'ament_cmake'
[0.321s] INFO:colcon.colcon_cmake.task.cmake.build:Building CMake package in '/home/baixiaobo/work/chassiss_odom_ws/ros2_for_rviz/odom_evo'
[0.324s] INFO:colcon.colcon_core.plugin_system:Skipping extension 'colcon_core.shell.bat': Not used on non-Windows systems
[0.324s] INFO:colcon.colcon_core.shell:Skip shell extension 'powershell' for command environment: Not usable outside of PowerShell
[0.324s] DEBUG:colcon.colcon_core.shell:Skip shell extension 'dsv' for command environment
[0.332s] DEBUG:colcon.colcon_core.event_handler.log_command:Invoking command in '/home/baixiaobo/work/chassiss_odom_ws/ros2_for_rviz/odom_evo/build/odom_map_for_rviz': CMAKE_PREFIX_PATH=/opt/ros/galactic /usr/local/bin/cmake --build /home/baixiaobo/work/chassiss_odom_ws/ros2_for_rviz/odom_evo/build/odom_map_for_rviz -- -j16 -l16
[9.815s] DEBUG:colcon.colcon_core.event_handler.log_command:Invoked command in '/home/baixiaobo/work/chassiss_odom_ws/ros2_for_rviz/odom_evo/build/odom_map_for_rviz' returned '2': CMAKE_PREFIX_PATH=/opt/ros/galactic /usr/local/bin/cmake --build /home/baixiaobo/work/chassiss_odom_ws/ros2_for_rviz/odom_evo/build/odom_map_for_rviz -- -j16 -l16
[9.853s] Level 1:colcon.colcon_core.environment:create_environment_scripts_only(odom_map_for_rviz)
[9.857s] Level 1:colcon.colcon_core.environment:checking '/home/baixiaobo/work/chassiss_odom_ws/ros2_for_rviz/odom_evo/install/odom_map_for_rviz' for CMake module files
[9.857s] Level 1:colcon.colcon_core.environment:checking '/home/baixiaobo/work/chassiss_odom_ws/ros2_for_rviz/odom_evo/install/odom_map_for_rviz' for CMake config files
[9.857s] Level 1:colcon.colcon_core.shell:create_environment_hook('odom_map_for_rviz', 'cmake_prefix_path')
[9.858s] INFO:colcon.colcon_core.shell:Creating environment hook '/home/baixiaobo/work/chassiss_odom_ws/ros2_for_rviz/odom_evo/install/odom_map_for_rviz/share/odom_map_for_rviz/hook/cmake_prefix_path.ps1'
[9.858s] INFO:colcon.colcon_core.shell:Creating environment descriptor '/home/baixiaobo/work/chassiss_odom_ws/ros2_for_rviz/odom_evo/install/odom_map_for_rviz/share/odom_map_for_rviz/hook/cmake_prefix_path.dsv'
[9.859s] INFO:colcon.colcon_core.shell:Creating environment hook '/home/baixiaobo/work/chassiss_odom_ws/ros2_for_rviz/odom_evo/install/odom_map_for_rviz/share/odom_map_for_rviz/hook/cmake_prefix_path.sh'
[9.859s] Level 1:colcon.colcon_core.environment:checking '/home/baixiaobo/work/chassiss_odom_ws/ros2_for_rviz/odom_evo/install/odom_map_for_rviz/lib'
[9.859s] Level 1:colcon.colcon_core.environment:checking '/home/baixiaobo/work/chassiss_odom_ws/ros2_for_rviz/odom_evo/install/odom_map_for_rviz/bin'
[9.859s] Level 1:colcon.colcon_core.environment:checking '/home/baixiaobo/work/chassiss_odom_ws/ros2_for_rviz/odom_evo/install/odom_map_for_rviz/lib/pkgconfig/odom_map_for_rviz.pc'
[9.860s] Level 1:colcon.colcon_core.environment:checking '/home/baixiaobo/work/chassiss_odom_ws/ros2_for_rviz/odom_evo/install/odom_map_for_rviz/lib/python3.8/site-packages'
[9.860s] Level 1:colcon.colcon_core.environment:checking '/home/baixiaobo/work/chassiss_odom_ws/ros2_for_rviz/odom_evo/install/odom_map_for_rviz/bin'
[9.861s] INFO:colcon.colcon_core.shell:Creating package script '/home/baixiaobo/work/chassiss_odom_ws/ros2_for_rviz/odom_evo/install/odom_map_for_rviz/share/odom_map_for_rviz/package.ps1'
[9.861s] INFO:colcon.colcon_core.shell:Creating package descriptor '/home/baixiaobo/work/chassiss_odom_ws/ros2_for_rviz/odom_evo/install/odom_map_for_rviz/share/odom_map_for_rviz/package.dsv'
[9.862s] INFO:colcon.colcon_core.shell:Creating package script '/home/baixiaobo/work/chassiss_odom_ws/ros2_for_rviz/odom_evo/install/odom_map_for_rviz/share/odom_map_for_rviz/package.sh'
[9.862s] INFO:colcon.colcon_core.shell:Creating package script '/home/baixiaobo/work/chassiss_odom_ws/ros2_for_rviz/odom_evo/install/odom_map_for_rviz/share/odom_map_for_rviz/package.bash'
[9.862s] INFO:colcon.colcon_core.shell:Creating package script '/home/baixiaobo/work/chassiss_odom_ws/ros2_for_rviz/odom_evo/install/odom_map_for_rviz/share/odom_map_for_rviz/package.zsh'
[9.863s] Level 1:colcon.colcon_core.environment:create_file_with_runtime_dependencies(/home/baixiaobo/work/chassiss_odom_ws/ros2_for_rviz/odom_evo/install/odom_map_for_rviz/share/colcon-core/packages/odom_map_for_rviz)
[9.873s] DEBUG:colcon.colcon_parallel_executor.executor.parallel:closing loop
[9.873s] DEBUG:colcon.colcon_parallel_executor.executor.parallel:loop closed
[9.873s] DEBUG:colcon.colcon_parallel_executor.executor.parallel:run_until_complete finished with '2'
[9.873s] DEBUG:colcon.colcon_core.event_reactor:joining thread
[9.877s] INFO:colcon.colcon_core.plugin_system:Skipping extension 'colcon_notification.desktop_notification.terminal_notifier': Not used on non-Darwin systems
[9.877s] INFO:colcon.colcon_core.plugin_system:Skipping extension 'colcon_notification.desktop_notification.win32': Not used on non-Windows systems
[9.877s] INFO:colcon.colcon_notification.desktop_notification:Sending desktop notification using 'notify2'
[9.892s] DEBUG:colcon.colcon_core.event_reactor:joined thread
[9.893s] INFO:colcon.colcon_core.shell:Creating prefix script '/home/baixiaobo/work/chassiss_odom_ws/ros2_for_rviz/odom_evo/install/local_setup.ps1'
[9.894s] INFO:colcon.colcon_core.shell:Creating prefix util module '/home/baixiaobo/work/chassiss_odom_ws/ros2_for_rviz/odom_evo/install/_local_setup_util_ps1.py'
[9.894s] INFO:colcon.colcon_core.shell:Creating prefix chain script '/home/baixiaobo/work/chassiss_odom_ws/ros2_for_rviz/odom_evo/install/setup.ps1'
[9.895s] INFO:colcon.colcon_core.shell:Creating prefix script '/home/baixiaobo/work/chassiss_odom_ws/ros2_for_rviz/odom_evo/install/local_setup.sh'
[9.896s] INFO:colcon.colcon_core.shell:Creating prefix util module '/home/baixiaobo/work/chassiss_odom_ws/ros2_for_rviz/odom_evo/install/_local_setup_util_sh.py'
[9.896s] INFO:colcon.colcon_core.shell:Creating prefix chain script '/home/baixiaobo/work/chassiss_odom_ws/ros2_for_rviz/odom_evo/install/setup.sh'
[9.897s] INFO:colcon.colcon_core.shell:Creating prefix script '/home/baixiaobo/work/chassiss_odom_ws/ros2_for_rviz/odom_evo/install/local_setup.bash'
[9.897s] INFO:colcon.colcon_core.shell:Creating prefix chain script '/home/baixiaobo/work/chassiss_odom_ws/ros2_for_rviz/odom_evo/install/setup.bash'
[9.898s] INFO:colcon.colcon_core.shell:Creating prefix script '/home/baixiaobo/work/chassiss_odom_ws/ros2_for_rviz/odom_evo/install/local_setup.zsh'
[9.898s] INFO:colcon.colcon_core.shell:Creating prefix chain script '/home/baixiaobo/work/chassiss_odom_ws/ros2_for_rviz/odom_evo/install/setup.zsh'
