[0.017s] Invoking command in '/home/baixiaobo/work/chassiss_odom_ws/ros2_for_rviz/odom_evo/build/odom_map_tum': CMAKE_PREFIX_PATH=${CMAKE_PREFIX_PATH}:/home/baixiaobo/work/chassiss_odom_ws/ros2_for_rviz/odom_evo/install/odom_map:/opt/ros/galactic CONDA_PROMPT_MODIFIER=(new_python3.6) /usr/local/bin/cmake --build /home/baixiaobo/work/chassiss_odom_ws/ros2_for_rviz/odom_evo/build/odom_map_tum -- -j16 -l16
[0.063s] [  2%] [32mBuilding CXX object CMakeFiles/odom_map_tum.dir/src/local_map_on_odom.cpp.o[0m
[1.279s] In file included from [01m[K/home/baixiaobo/work/chassiss_odom_ws/ros2_for_rviz/odom_evo/include/odom_subscriber_for_rviz.hpp:9[m[K,
[1.279s]                  from [01m[K/home/baixiaobo/work/chassiss_odom_ws/ros2_for_rviz/odom_evo/src/local_map_on_odom.cpp:10[m[K:
[1.279s] [01m[K/home/baixiaobo/work/chassiss_odom_ws/ros2_for_rviz/odom_evo/include/odom_header.h:60:33:[m[K [01;35m[Kwarning: [m[Kmissing terminating " character
[1.279s]    60 | #include "nav_msgs/msg/path.hpp"[01;35m[K"[m[K
[1.279s]       |                                 [01;35m[K^[m[K
[1.279s] [01m[K/home/baixiaobo/work/chassiss_odom_ws/ros2_for_rviz/odom_evo/include/odom_header.h:60:33:[m[K [01;35m[Kwarning: [m[Kextra tokens at end of #include directive
[1.317s] In file included from [01m[K/home/baixiaobo/work/chassiss_odom_ws/ros2_for_rviz/odom_evo/src/local_map_on_odom.cpp:12[m[K:
[1.317s] [01m[K/home/baixiaobo/work/chassiss_odom_ws/ros2_for_rviz/odom_evo/include/odom_header.h:60:33:[m[K [01;35m[Kwarning: [m[Kmissing terminating " character
[1.317s]    60 | #include "nav_msgs/msg/path.hpp"[01;35m[K"[m[K
[1.317s]       |                                 [01;35m[K^[m[K
[4.922s] In file included from [01m[K/home/baixiaobo/work/chassiss_odom_ws/ros2_for_rviz/odom_evo/src/local_map_on_odom.cpp:11[m[K:
[4.923s] [01m[K/home/baixiaobo/work/chassiss_odom_ws/ros2_for_rviz/odom_evo/include/odom_publisher_for_rviz.hpp:[m[K In member function ‘[01m[Kvoid OdomPublisher::Publish(std::deque<odom::proto::Frame>&, std::string)[m[K’:
[4.923s] [01m[K/home/baixiaobo/work/chassiss_odom_ws/ros2_for_rviz/odom_evo/include/odom_publisher_for_rviz.hpp:83:50:[m[K [01;31m[Kerror: [m[K‘[01m[Kwx[m[K’ was not declared in this scope; did you mean ‘[01m[Kqx[m[K’?
[4.923s]    83 |                 Eigen::Quaterniond quaternion(qw,[01;31m[Kwx[m[K,qy,qz);
[4.923s]       |                                                  [01;31m[K^~[m[K
[4.923s]       |                                                  [32m[Kqx[m[K
[4.923s] [01m[K/home/baixiaobo/work/chassiss_odom_ws/ros2_for_rviz/odom_evo/include/odom_publisher_for_rviz.hpp:84:39:[m[K [01;31m[Kerror: [m[Kinvalid use of non-static member function ‘[01m[KEigen::QuaternionBase<Derived>::Matrix3 Eigen::QuaternionBase<Derived>::toRotationMatrix() const [with Derived = Eigen::Quaternion<double>; Eigen::QuaternionBase<Derived>::Matrix3 = Eigen::Matrix<double, 3, 3>; typename Eigen::internal::traits<T>::Scalar = double][m[K’
[4.923s]    84 |                 rotation = quaternion.[01;31m[KtoRotationMatrix[m[K;
[4.923s]       |                                       [01;31m[K^~~~~~~~~~~~~~~~[m[K
[4.923s] In file included from [01m[K/usr/include/eigen3/Eigen/Geometry:42[m[K,
[4.923s]                  from [01m[K/usr/include/eigen3/Eigen/Dense:6[m[K,
[4.923s]                  from [01m[K/home/baixiaobo/work/chassiss_odom_ws/ros2_for_rviz/odom_evo/include/odom_header.h:27[m[K,
[4.923s]                  from [01m[K/home/baixiaobo/work/chassiss_odom_ws/ros2_for_rviz/odom_evo/include/odom_subscriber_for_rviz.hpp:9[m[K,
[4.923s]                  from [01m[K/home/baixiaobo/work/chassiss_odom_ws/ros2_for_rviz/odom_evo/src/local_map_on_odom.cpp:10[m[K:
[4.923s] [01m[K/usr/include/eigen3/Eigen/src/Geometry/Quaternion.h:531:1:[m[K [01;36m[Knote: [m[Kdeclared here
[4.923s]   531 | [01;36m[KQuaternionBase<Derived>[m[K::toRotationMatrix(void) const
[4.923s]       | [01;36m[K^~~~~~~~~~~~~~~~~~~~~~~[m[K
[4.940s] In file included from [01m[K/home/baixiaobo/work/chassiss_odom_ws/ros2_for_rviz/odom_evo/src/local_map_on_odom.cpp:11[m[K:
[4.940s] [01m[K/home/baixiaobo/work/chassiss_odom_ws/ros2_for_rviz/odom_evo/include/odom_publisher_for_rviz.hpp:79:23:[m[K [01;35m[Kwarning: [m[Kunused variable ‘[01m[Kqx[m[K’ [[01;35m[K-Wunused-variable[m[K]
[4.940s]    79 |                 float [01;35m[Kqx[m[K = odom_input.at(i).odom().pose_quaternion().x();
[4.941s]       |                       [01;35m[K^~[m[K
[4.944s] [01m[K/home/baixiaobo/work/chassiss_odom_ws/ros2_for_rviz/odom_evo/include/odom_publisher_for_rviz.hpp:106:46:[m[K [01;31m[Kerror: [m[K‘[01m[Kwx[m[K’ was not declared in this scope; did you mean ‘[01m[Kqx[m[K’?
[4.944s]   106 |             Eigen::Quaterniond quaternion(qw,[01;31m[Kwx[m[K,qy,qz);
[4.944s]       |                                              [01;31m[K^~[m[K
[4.944s]       |                                              [32m[Kqx[m[K
[4.944s] [01m[K/home/baixiaobo/work/chassiss_odom_ws/ros2_for_rviz/odom_evo/include/odom_publisher_for_rviz.hpp:107:35:[m[K [01;31m[Kerror: [m[Kinvalid use of non-static member function ‘[01m[KEigen::QuaternionBase<Derived>::Matrix3 Eigen::QuaternionBase<Derived>::toRotationMatrix() const [with Derived = Eigen::Quaternion<double>; Eigen::QuaternionBase<Derived>::Matrix3 = Eigen::Matrix<double, 3, 3>; typename Eigen::internal::traits<T>::Scalar = double][m[K’
[4.944s]   107 |             rotation = quaternion.[01;31m[KtoRotationMatrix[m[K;
[4.944s]       |                                   [01;31m[K^~~~~~~~~~~~~~~~[m[K
[4.944s] In file included from [01m[K/usr/include/eigen3/Eigen/Geometry:42[m[K,
[4.944s]                  from [01m[K/usr/include/eigen3/Eigen/Dense:6[m[K,
[4.944s]                  from [01m[K/home/baixiaobo/work/chassiss_odom_ws/ros2_for_rviz/odom_evo/include/odom_header.h:27[m[K,
[4.944s]                  from [01m[K/home/baixiaobo/work/chassiss_odom_ws/ros2_for_rviz/odom_evo/include/odom_subscriber_for_rviz.hpp:9[m[K,
[4.944s]                  from [01m[K/home/baixiaobo/work/chassiss_odom_ws/ros2_for_rviz/odom_evo/src/local_map_on_odom.cpp:10[m[K:
[4.944s] [01m[K/usr/include/eigen3/Eigen/src/Geometry/Quaternion.h:531:1:[m[K [01;36m[Knote: [m[Kdeclared here
[4.944s]   531 | [01;36m[KQuaternionBase<Derived>[m[K::toRotationMatrix(void) const
[4.944s]       | [01;36m[K^~~~~~~~~~~~~~~~~~~~~~~[m[K
[4.945s] In file included from [01m[K/home/baixiaobo/work/chassiss_odom_ws/ros2_for_rviz/odom_evo/src/local_map_on_odom.cpp:11[m[K:
[4.945s] [01m[K/home/baixiaobo/work/chassiss_odom_ws/ros2_for_rviz/odom_evo/include/odom_publisher_for_rviz.hpp:122:25:[m[K [01;31m[Kerror: [m[Kno match for ‘[01m[Koperator=[m[K’ (operand types are ‘[01m[KEigen::Matrix<double, 4, 4>[m[K’ and ‘[01m[KEigen::Transform<double, 3, 2>[m[K’)
[4.945s]   122 |             transform = [01;31m[Ktransform_affine[m[K;
[4.945s]       |                         [01;31m[K^~~~~~~~~~~~~~~~[m[K
[4.945s] In file included from [01m[K/usr/include/eigen3/Eigen/Core:437[m[K,
[4.945s]                  from [01m[K/usr/include/eigen3/Eigen/Dense:1[m[K,
[4.945s]                  from [01m[K/home/baixiaobo/work/chassiss_odom_ws/ros2_for_rviz/odom_evo/include/odom_header.h:27[m[K,
[4.945s]                  from [01m[K/home/baixiaobo/work/chassiss_odom_ws/ros2_for_rviz/odom_evo/include/odom_subscriber_for_rviz.hpp:9[m[K,
[4.945s]                  from [01m[K/home/baixiaobo/work/chassiss_odom_ws/ros2_for_rviz/odom_evo/src/local_map_on_odom.cpp:10[m[K:
[4.945s] [01m[K/usr/include/eigen3/Eigen/src/Core/Matrix.h:206:33:[m[K [01;36m[Knote: [m[Kcandidate: ‘[01m[KEigen::Matrix<_Scalar, _Rows, _Cols, _Options, _MaxRows, _MaxCols>& Eigen::Matrix<_Scalar, _Rows, _Cols, _Options, _MaxRows, _MaxCols>::operator=(const Eigen::Matrix<_Scalar, _Rows, _Cols, _Options, _MaxRows, _MaxCols>&) [with _Scalar = double; int _Rows = 4; int _Cols = 4; int _Options = 0; int _MaxRows = 4; int _MaxCols = 4][m[K’
[4.946s]   206 |     EIGEN_STRONG_INLINE Matrix& [01;36m[Koperator[m[K=(const Matrix& other)
[4.946s]       |                                 [01;36m[K^~~~~~~~[m[K
[4.946s] [01m[K/usr/include/eigen3/Eigen/src/Core/Matrix.h:206:57:[m[K [01;36m[Knote: [m[K  no known conversion for argument 1 from ‘[01m[KEigen::Transform<double, 3, 2>[m[K’ to ‘[01m[Kconst Eigen::Matrix<double, 4, 4>&[m[K’
[4.946s]   206 |     EIGEN_STRONG_INLINE Matrix& operator=([01;36m[Kconst Matrix& other[m[K)
[4.946s]       |                                           [01;36m[K~~~~~~~~~~~~~~^~~~~[m[K
[4.946s] [01m[K/usr/include/eigen3/Eigen/src/Core/Matrix.h:223:33:[m[K [01;36m[Knote: [m[Kcandidate: ‘[01m[Ktemplate<class OtherDerived> Eigen::Matrix<_Scalar, _Rows, _Cols, _Options, _MaxRows, _MaxCols>& Eigen::Matrix<_Scalar, _Rows, _Cols, _Options, _MaxRows, _MaxCols>::operator=(const Eigen::DenseBase<OtherDerived>&) [with OtherDerived = OtherDerived; _Scalar = double; int _Rows = 4; int _Cols = 4; int _Options = 0; int _MaxRows = 4; int _MaxCols = 4][m[K’
[4.946s]   223 |     EIGEN_STRONG_INLINE Matrix& [01;36m[Koperator[m[K=(const DenseBase<OtherDerived>& other)
[4.946s]       |                                 [01;36m[K^~~~~~~~[m[K
[4.946s] [01m[K/usr/include/eigen3/Eigen/src/Core/Matrix.h:223:33:[m[K [01;36m[Knote: [m[K  template argument deduction/substitution failed:
[4.946s] In file included from [01m[K/home/baixiaobo/work/chassiss_odom_ws/ros2_for_rviz/odom_evo/src/local_map_on_odom.cpp:11[m[K:
[4.946s] [01m[K/home/baixiaobo/work/chassiss_odom_ws/ros2_for_rviz/odom_evo/include/odom_publisher_for_rviz.hpp:122:25:[m[K [01;36m[Knote: [m[K  ‘[01m[KEigen::Transform<double, 3, 2>[m[K’ is not derived from ‘[01m[Kconst Eigen::DenseBase<Derived>[m[K’
[4.946s]   122 |             transform = [01;36m[Ktransform_affine[m[K;
[4.946s]       |                         [01;36m[K^~~~~~~~~~~~~~~~[m[K
[4.946s] In file included from [01m[K/usr/include/eigen3/Eigen/Core:437[m[K,
[4.946s]                  from [01m[K/usr/include/eigen3/Eigen/Dense:1[m[K,
[4.946s]                  from [01m[K/home/baixiaobo/work/chassiss_odom_ws/ros2_for_rviz/odom_evo/include/odom_header.h:27[m[K,
[4.946s]                  from [01m[K/home/baixiaobo/work/chassiss_odom_ws/ros2_for_rviz/odom_evo/include/odom_subscriber_for_rviz.hpp:9[m[K,
[4.946s]                  from [01m[K/home/baixiaobo/work/chassiss_odom_ws/ros2_for_rviz/odom_evo/src/local_map_on_odom.cpp:10[m[K:
[4.946s] [01m[K/usr/include/eigen3/Eigen/src/Core/Matrix.h:236:33:[m[K [01;36m[Knote: [m[Kcandidate: ‘[01m[Ktemplate<class OtherDerived> Eigen::Matrix<_Scalar, _Rows, _Cols, _Options, _MaxRows, _MaxCols>& Eigen::Matrix<_Scalar, _Rows, _Cols, _Options, _MaxRows, _MaxCols>::operator=(const Eigen::EigenBase<OtherDerived>&) [with OtherDerived = OtherDerived; _Scalar = double; int _Rows = 4; int _Cols = 4; int _Options = 0; int _MaxRows = 4; int _MaxCols = 4][m[K’
[4.946s]   236 |     EIGEN_STRONG_INLINE Matrix& [01;36m[Koperator[m[K=(const EigenBase<OtherDerived> &other)
[4.946s]       |                                 [01;36m[K^~~~~~~~[m[K
[4.946s] [01m[K/usr/include/eigen3/Eigen/src/Core/Matrix.h:236:33:[m[K [01;36m[Knote: [m[K  template argument deduction/substitution failed:
[4.946s] In file included from [01m[K/home/baixiaobo/work/chassiss_odom_ws/ros2_for_rviz/odom_evo/src/local_map_on_odom.cpp:11[m[K:
[4.946s] [01m[K/home/baixiaobo/work/chassiss_odom_ws/ros2_for_rviz/odom_evo/include/odom_publisher_for_rviz.hpp:122:25:[m[K [01;36m[Knote: [m[K  ‘[01m[KEigen::Transform<double, 3, 2>[m[K’ is not derived from ‘[01m[Kconst Eigen::EigenBase<Derived>[m[K’
[4.946s]   122 |             transform = [01;36m[Ktransform_affine[m[K;
[4.946s]       |                         [01;36m[K^~~~~~~~~~~~~~~~[m[K
[4.946s] In file included from [01m[K/usr/include/eigen3/Eigen/Core:437[m[K,
[4.947s]                  from [01m[K/usr/include/eigen3/Eigen/Dense:1[m[K,
[4.947s]                  from [01m[K/home/baixiaobo/work/chassiss_odom_ws/ros2_for_rviz/odom_evo/include/odom_header.h:27[m[K,
[4.947s]                  from [01m[K/home/baixiaobo/work/chassiss_odom_ws/ros2_for_rviz/odom_evo/include/odom_subscriber_for_rviz.hpp:9[m[K,
[4.947s]                  from [01m[K/home/baixiaobo/work/chassiss_odom_ws/ros2_for_rviz/odom_evo/src/local_map_on_odom.cpp:10[m[K:
[4.947s] [01m[K/usr/include/eigen3/Eigen/src/Core/Matrix.h:243:33:[m[K [01;36m[Knote: [m[Kcandidate: ‘[01m[Ktemplate<class OtherDerived> Eigen::Matrix<_Scalar, _Rows, _Cols, _Options, _MaxRows, _MaxCols>& Eigen::Matrix<_Scalar, _Rows, _Cols, _Options, _MaxRows, _MaxCols>::operator=(const Eigen::ReturnByValue<OtherDerived>&) [with OtherDerived = OtherDerived; _Scalar = double; int _Rows = 4; int _Cols = 4; int _Options = 0; int _MaxRows = 4; int _MaxCols = 4][m[K’
[4.947s]   243 |     EIGEN_STRONG_INLINE Matrix& [01;36m[Koperator[m[K=(const ReturnByValue<OtherDerived>& func)
[4.947s]       |                                 [01;36m[K^~~~~~~~[m[K
[4.947s] [01m[K/usr/include/eigen3/Eigen/src/Core/Matrix.h:243:33:[m[K [01;36m[Knote: [m[K  template argument deduction/substitution failed:
[4.947s] In file included from [01m[K/home/baixiaobo/work/chassiss_odom_ws/ros2_for_rviz/odom_evo/src/local_map_on_odom.cpp:11[m[K:
[4.947s] [01m[K/home/baixiaobo/work/chassiss_odom_ws/ros2_for_rviz/odom_evo/include/odom_publisher_for_rviz.hpp:122:25:[m[K [01;36m[Knote: [m[K  ‘[01m[KEigen::Transform<double, 3, 2>[m[K’ is not derived from ‘[01m[Kconst Eigen::ReturnByValue<Derived>[m[K’
[4.947s]   122 |             transform = [01;36m[Ktransform_affine[m[K;
[4.947s]       |                         [01;36m[K^~~~~~~~~~~~~~~~[m[K
[4.947s] In file included from [01m[K/usr/include/eigen3/Eigen/Core:437[m[K,
[4.947s]                  from [01m[K/usr/include/eigen3/Eigen/Dense:1[m[K,
[4.947s]                  from [01m[K/home/baixiaobo/work/chassiss_odom_ws/ros2_for_rviz/odom_evo/include/odom_header.h:27[m[K,
[4.947s]                  from [01m[K/home/baixiaobo/work/chassiss_odom_ws/ros2_for_rviz/odom_evo/include/odom_subscriber_for_rviz.hpp:9[m[K,
[4.947s]                  from [01m[K/home/baixiaobo/work/chassiss_odom_ws/ros2_for_rviz/odom_evo/src/local_map_on_odom.cpp:10[m[K:
[4.947s] [01m[K/usr/include/eigen3/Eigen/src/Core/Matrix.h:281:13:[m[K [01;36m[Knote: [m[Kcandidate: ‘[01m[KEigen::Matrix<_Scalar, _Rows, _Cols, _Options, _MaxRows, _MaxCols>& Eigen::Matrix<_Scalar, _Rows, _Cols, _Options, _MaxRows, _MaxCols>::operator=(Eigen::Matrix<_Scalar, _Rows, _Cols, _Options, _MaxRows, _MaxCols>&&) [with _Scalar = double; int _Rows = 4; int _Cols = 4; int _Options = 0; int _MaxRows = 4; int _MaxCols = 4][m[K’
[4.947s]   281 |     Matrix& [01;36m[Koperator[m[K=(Matrix&& other) EIGEN_NOEXCEPT_IF(std::is_nothrow_move_assignable<Scalar>::value)
[4.947s]       |             [01;36m[K^~~~~~~~[m[K
[4.947s] [01m[K/usr/include/eigen3/Eigen/src/Core/Matrix.h:281:32:[m[K [01;36m[Knote: [m[K  no known conversion for argument 1 from ‘[01m[KEigen::Transform<double, 3, 2>[m[K’ to ‘[01m[KEigen::Matrix<double, 4, 4>&&[m[K’
[4.947s]   281 |     Matrix& operator=([01;36m[KMatrix&& other[m[K) EIGEN_NOEXCEPT_IF(std::is_nothrow_move_assignable<Scalar>::value)
[4.947s]       |                       [01;36m[K~~~~~~~~~^~~~~[m[K
[4.947s] [01m[K/usr/include/eigen3/Eigen/src/Core/Matrix.h:392:13:[m[K [01;36m[Knote: [m[Kcandidate: ‘[01m[Ktemplate<class OtherDerived> Eigen::Matrix<_Scalar, _Rows, _Cols, _Options, _MaxRows, _MaxCols>& Eigen::Matrix<_Scalar, _Rows, _Cols, _Options, _MaxRows, _MaxCols>::operator=(const Eigen::RotationBase<OtherDerived, Eigen::Matrix<_Scalar, _Rows, _Cols, _Options, _MaxRows, _MaxCols>::ColsAtCompileTime>&) [with OtherDerived = OtherDerived; _Scalar = double; int _Rows = 4; int _Cols = 4; int _Options = 0; int _MaxRows = 4; int _MaxCols = 4][m[K’
[4.947s]   392 |     Matrix& [01;36m[Koperator[m[K=(const RotationBase<OtherDerived,ColsAtCompileTime>& r);
[4.947s]       |             [01;36m[K^~~~~~~~[m[K
[4.947s] [01m[K/usr/include/eigen3/Eigen/src/Core/Matrix.h:392:13:[m[K [01;36m[Knote: [m[K  template argument deduction/substitution failed:
[4.948s] In file included from [01m[K/home/baixiaobo/work/chassiss_odom_ws/ros2_for_rviz/odom_evo/src/local_map_on_odom.cpp:11[m[K:
[4.948s] [01m[K/home/baixiaobo/work/chassiss_odom_ws/ros2_for_rviz/odom_evo/include/odom_publisher_for_rviz.hpp:122:25:[m[K [01;36m[Knote: [m[K  ‘[01m[KEigen::Transform<double, 3, 2>[m[K’ is not derived from ‘[01m[Kconst Eigen::RotationBase<OtherDerived, 4>[m[K’
[4.948s]   122 |             transform = [01;36m[Ktransform_affine[m[K;
[4.948s]       |                         [01;36m[K^~~~~~~~~~~~~~~~[m[K
[4.951s] [01m[K/home/baixiaobo/work/chassiss_odom_ws/ros2_for_rviz/odom_evo/include/odom_publisher_for_rviz.hpp:164:50:[m[K [01;31m[Kerror: [m[K‘[01m[Kwx[m[K’ was not declared in this scope; did you mean ‘[01m[Kqx[m[K’?
[4.951s]   164 |                 Eigen::Quaterniond quaternion(qw,[01;31m[Kwx[m[K,qy,qz);
[4.951s]       |                                                  [01;31m[K^~[m[K
[4.951s]       |                                                  [32m[Kqx[m[K
[4.951s] [01m[K/home/baixiaobo/work/chassiss_odom_ws/ros2_for_rviz/odom_evo/include/odom_publisher_for_rviz.hpp:165:39:[m[K [01;31m[Kerror: [m[Kinvalid use of non-static member function ‘[01m[KEigen::QuaternionBase<Derived>::Matrix3 Eigen::QuaternionBase<Derived>::toRotationMatrix() const [with Derived = Eigen::Quaternion<double>; Eigen::QuaternionBase<Derived>::Matrix3 = Eigen::Matrix<double, 3, 3>; typename Eigen::internal::traits<T>::Scalar = double][m[K’
[4.951s]   165 |                 rotation = quaternion.[01;31m[KtoRotationMatrix[m[K;
[4.951s]       |                                       [01;31m[K^~~~~~~~~~~~~~~~[m[K
[4.951s] In file included from [01m[K/usr/include/eigen3/Eigen/Geometry:42[m[K,
[4.951s]                  from [01m[K/usr/include/eigen3/Eigen/Dense:6[m[K,
[4.951s]                  from [01m[K/home/baixiaobo/work/chassiss_odom_ws/ros2_for_rviz/odom_evo/include/odom_header.h:27[m[K,
[4.951s]                  from [01m[K/home/baixiaobo/work/chassiss_odom_ws/ros2_for_rviz/odom_evo/include/odom_subscriber_for_rviz.hpp:9[m[K,
[4.951s]                  from [01m[K/home/baixiaobo/work/chassiss_odom_ws/ros2_for_rviz/odom_evo/src/local_map_on_odom.cpp:10[m[K:
[4.951s] [01m[K/usr/include/eigen3/Eigen/src/Geometry/Quaternion.h:531:1:[m[K [01;36m[Knote: [m[Kdeclared here
[4.951s]   531 | [01;36m[KQuaternionBase<Derived>[m[K::toRotationMatrix(void) const
[4.951s]       | [01;36m[K^~~~~~~~~~~~~~~~~~~~~~~[m[K
[4.951s] In file included from [01m[K/home/baixiaobo/work/chassiss_odom_ws/ros2_for_rviz/odom_evo/src/local_map_on_odom.cpp:11[m[K:
[4.951s] [01m[K/home/baixiaobo/work/chassiss_odom_ws/ros2_for_rviz/odom_evo/include/odom_publisher_for_rviz.hpp:160:23:[m[K [01;35m[Kwarning: [m[Kunused variable ‘[01m[Kqx[m[K’ [[01;35m[K-Wunused-variable[m[K]
[4.951s]   160 |                 float [01;35m[Kqx[m[K = odom_input.at(i).odom().pose_quaternion().x();
[4.951s]       |                       [01;35m[K^~[m[K
[4.953s] [01m[K/home/baixiaobo/work/chassiss_odom_ws/ros2_for_rviz/odom_evo/include/odom_publisher_for_rviz.hpp:187:46:[m[K [01;31m[Kerror: [m[K‘[01m[Kwx[m[K’ was not declared in this scope; did you mean ‘[01m[Kqx[m[K’?
[4.953s]   187 |             Eigen::Quaterniond quaternion(qw,[01;31m[Kwx[m[K,qy,qz);
[4.953s]       |                                              [01;31m[K^~[m[K
[4.953s]       |                                              [32m[Kqx[m[K
[4.953s] [01m[K/home/baixiaobo/work/chassiss_odom_ws/ros2_for_rviz/odom_evo/include/odom_publisher_for_rviz.hpp:188:35:[m[K [01;31m[Kerror: [m[Kinvalid use of non-static member function ‘[01m[KEigen::QuaternionBase<Derived>::Matrix3 Eigen::QuaternionBase<Derived>::toRotationMatrix() const [with Derived = Eigen::Quaternion<double>; Eigen::QuaternionBase<Derived>::Matrix3 = Eigen::Matrix<double, 3, 3>; typename Eigen::internal::traits<T>::Scalar = double][m[K’
[4.953s]   188 |             rotation = quaternion.[01;31m[KtoRotationMatrix[m[K;
[4.953s]       |                                   [01;31m[K^~~~~~~~~~~~~~~~[m[K
[4.954s] In file included from [01m[K/usr/include/eigen3/Eigen/Geometry:42[m[K,
[4.954s]                  from [01m[K/usr/include/eigen3/Eigen/Dense:6[m[K,
[4.954s]                  from [01m[K/home/baixiaobo/work/chassiss_odom_ws/ros2_for_rviz/odom_evo/include/odom_header.h:27[m[K,
[4.954s]                  from [01m[K/home/baixiaobo/work/chassiss_odom_ws/ros2_for_rviz/odom_evo/include/odom_subscriber_for_rviz.hpp:9[m[K,
[4.954s]                  from [01m[K/home/baixiaobo/work/chassiss_odom_ws/ros2_for_rviz/odom_evo/src/local_map_on_odom.cpp:10[m[K:
[4.954s] [01m[K/usr/include/eigen3/Eigen/src/Geometry/Quaternion.h:531:1:[m[K [01;36m[Knote: [m[Kdeclared here
[4.954s]   531 | [01;36m[KQuaternionBase<Derived>[m[K::toRotationMatrix(void) const
[4.954s]       | [01;36m[K^~~~~~~~~~~~~~~~~~~~~~~[m[K
[4.954s] In file included from [01m[K/home/baixiaobo/work/chassiss_odom_ws/ros2_for_rviz/odom_evo/src/local_map_on_odom.cpp:11[m[K:
[4.954s] [01m[K/home/baixiaobo/work/chassiss_odom_ws/ros2_for_rviz/odom_evo/include/odom_publisher_for_rviz.hpp:203:25:[m[K [01;31m[Kerror: [m[Kno match for ‘[01m[Koperator=[m[K’ (operand types are ‘[01m[KEigen::Matrix<double, 4, 4>[m[K’ and ‘[01m[KEigen::Transform<double, 3, 2>[m[K’)
[4.954s]   203 |             transform = [01;31m[Ktransform_affine[m[K;
[4.954s]       |                         [01;31m[K^~~~~~~~~~~~~~~~[m[K
[4.954s] In file included from [01m[K/usr/include/eigen3/Eigen/Core:437[m[K,
[4.954s]                  from [01m[K/usr/include/eigen3/Eigen/Dense:1[m[K,
[4.954s]                  from [01m[K/home/baixiaobo/work/chassiss_odom_ws/ros2_for_rviz/odom_evo/include/odom_header.h:27[m[K,
[4.954s]                  from [01m[K/home/baixiaobo/work/chassiss_odom_ws/ros2_for_rviz/odom_evo/include/odom_subscriber_for_rviz.hpp:9[m[K,
[4.954s]                  from [01m[K/home/baixiaobo/work/chassiss_odom_ws/ros2_for_rviz/odom_evo/src/local_map_on_odom.cpp:10[m[K:
[4.954s] [01m[K/usr/include/eigen3/Eigen/src/Core/Matrix.h:206:33:[m[K [01;36m[Knote: [m[Kcandidate: ‘[01m[KEigen::Matrix<_Scalar, _Rows, _Cols, _Options, _MaxRows, _MaxCols>& Eigen::Matrix<_Scalar, _Rows, _Cols, _Options, _MaxRows, _MaxCols>::operator=(const Eigen::Matrix<_Scalar, _Rows, _Cols, _Options, _MaxRows, _MaxCols>&) [with _Scalar = double; int _Rows = 4; int _Cols = 4; int _Options = 0; int _MaxRows = 4; int _MaxCols = 4][m[K’
[4.955s]   206 |     EIGEN_STRONG_INLINE Matrix& [01;36m[Koperator[m[K=(const Matrix& other)
[4.955s]       |                                 [01;36m[K^~~~~~~~[m[K
[4.955s] [01m[K/usr/include/eigen3/Eigen/src/Core/Matrix.h:206:57:[m[K [01;36m[Knote: [m[K  no known conversion for argument 1 from ‘[01m[KEigen::Transform<double, 3, 2>[m[K’ to ‘[01m[Kconst Eigen::Matrix<double, 4, 4>&[m[K’
[4.955s]   206 |     EIGEN_STRONG_INLINE Matrix& operator=([01;36m[Kconst Matrix& other[m[K)
[4.955s]       |                                           [01;36m[K~~~~~~~~~~~~~~^~~~~[m[K
[4.955s] [01m[K/usr/include/eigen3/Eigen/src/Core/Matrix.h:223:33:[m[K [01;36m[Knote: [m[Kcandidate: ‘[01m[Ktemplate<class OtherDerived> Eigen::Matrix<_Scalar, _Rows, _Cols, _Options, _MaxRows, _MaxCols>& Eigen::Matrix<_Scalar, _Rows, _Cols, _Options, _MaxRows, _MaxCols>::operator=(const Eigen::DenseBase<OtherDerived>&) [with OtherDerived = OtherDerived; _Scalar = double; int _Rows = 4; int _Cols = 4; int _Options = 0; int _MaxRows = 4; int _MaxCols = 4][m[K’
[4.955s]   223 |     EIGEN_STRONG_INLINE Matrix& [01;36m[Koperator[m[K=(const DenseBase<OtherDerived>& other)
[4.955s]       |                                 [01;36m[K^~~~~~~~[m[K
[4.955s] [01m[K/usr/include/eigen3/Eigen/src/Core/Matrix.h:223:33:[m[K [01;36m[Knote: [m[K  template argument deduction/substitution failed:
[4.955s] In file included from [01m[K/home/baixiaobo/work/chassiss_odom_ws/ros2_for_rviz/odom_evo/src/local_map_on_odom.cpp:11[m[K:
[4.955s] [01m[K/home/baixiaobo/work/chassiss_odom_ws/ros2_for_rviz/odom_evo/include/odom_publisher_for_rviz.hpp:203:25:[m[K [01;36m[Knote: [m[K  ‘[01m[KEigen::Transform<double, 3, 2>[m[K’ is not derived from ‘[01m[Kconst Eigen::DenseBase<Derived>[m[K’
[4.955s]   203 |             transform = [01;36m[Ktransform_affine[m[K;
[4.955s]       |                         [01;36m[K^~~~~~~~~~~~~~~~[m[K
[4.955s] In file included from [01m[K/usr/include/eigen3/Eigen/Core:437[m[K,
[4.955s]                  from [01m[K/usr/include/eigen3/Eigen/Dense:1[m[K,
[4.955s]                  from [01m[K/home/baixiaobo/work/chassiss_odom_ws/ros2_for_rviz/odom_evo/include/odom_header.h:27[m[K,
[4.955s]                  from [01m[K/home/baixiaobo/work/chassiss_odom_ws/ros2_for_rviz/odom_evo/include/odom_subscriber_for_rviz.hpp:9[m[K,
[4.955s]                  from [01m[K/home/baixiaobo/work/chassiss_odom_ws/ros2_for_rviz/odom_evo/src/local_map_on_odom.cpp:10[m[K:
[4.955s] [01m[K/usr/include/eigen3/Eigen/src/Core/Matrix.h:236:33:[m[K [01;36m[Knote: [m[Kcandidate: ‘[01m[Ktemplate<class OtherDerived> Eigen::Matrix<_Scalar, _Rows, _Cols, _Options, _MaxRows, _MaxCols>& Eigen::Matrix<_Scalar, _Rows, _Cols, _Options, _MaxRows, _MaxCols>::operator=(const Eigen::EigenBase<OtherDerived>&) [with OtherDerived = OtherDerived; _Scalar = double; int _Rows = 4; int _Cols = 4; int _Options = 0; int _MaxRows = 4; int _MaxCols = 4][m[K’
[4.955s]   236 |     EIGEN_STRONG_INLINE Matrix& [01;36m[Koperator[m[K=(const EigenBase<OtherDerived> &other)
[4.955s]       |                                 [01;36m[K^~~~~~~~[m[K
[4.955s] [01m[K/usr/include/eigen3/Eigen/src/Core/Matrix.h:236:33:[m[K [01;36m[Knote: [m[K  template argument deduction/substitution failed:
[4.955s] In file included from [01m[K/home/baixiaobo/work/chassiss_odom_ws/ros2_for_rviz/odom_evo/src/local_map_on_odom.cpp:11[m[K:
[4.955s] [01m[K/home/baixiaobo/work/chassiss_odom_ws/ros2_for_rviz/odom_evo/include/odom_publisher_for_rviz.hpp:203:25:[m[K [01;36m[Knote: [m[K  ‘[01m[KEigen::Transform<double, 3, 2>[m[K’ is not derived from ‘[01m[Kconst Eigen::EigenBase<Derived>[m[K’
[4.955s]   203 |             transform = [01;36m[Ktransform_affine[m[K;
[4.955s]       |                         [01;36m[K^~~~~~~~~~~~~~~~[m[K
[4.955s] In file included from [01m[K/usr/include/eigen3/Eigen/Core:437[m[K,
[4.956s]                  from [01m[K/usr/include/eigen3/Eigen/Dense:1[m[K,
[4.956s]                  from [01m[K/home/baixiaobo/work/chassiss_odom_ws/ros2_for_rviz/odom_evo/include/odom_header.h:27[m[K,
[4.956s]                  from [01m[K/home/baixiaobo/work/chassiss_odom_ws/ros2_for_rviz/odom_evo/include/odom_subscriber_for_rviz.hpp:9[m[K,
[4.956s]                  from [01m[K/home/baixiaobo/work/chassiss_odom_ws/ros2_for_rviz/odom_evo/src/local_map_on_odom.cpp:10[m[K:
[4.956s] [01m[K/usr/include/eigen3/Eigen/src/Core/Matrix.h:243:33:[m[K [01;36m[Knote: [m[Kcandidate: ‘[01m[Ktemplate<class OtherDerived> Eigen::Matrix<_Scalar, _Rows, _Cols, _Options, _MaxRows, _MaxCols>& Eigen::Matrix<_Scalar, _Rows, _Cols, _Options, _MaxRows, _MaxCols>::operator=(const Eigen::ReturnByValue<OtherDerived>&) [with OtherDerived = OtherDerived; _Scalar = double; int _Rows = 4; int _Cols = 4; int _Options = 0; int _MaxRows = 4; int _MaxCols = 4][m[K’
[4.956s]   243 |     EIGEN_STRONG_INLINE Matrix& [01;36m[Koperator[m[K=(const ReturnByValue<OtherDerived>& func)
[4.956s]       |                                 [01;36m[K^~~~~~~~[m[K
[4.956s] [01m[K/usr/include/eigen3/Eigen/src/Core/Matrix.h:243:33:[m[K [01;36m[Knote: [m[K  template argument deduction/substitution failed:
[4.956s] In file included from [01m[K/home/baixiaobo/work/chassiss_odom_ws/ros2_for_rviz/odom_evo/src/local_map_on_odom.cpp:11[m[K:
[4.956s] [01m[K/home/baixiaobo/work/chassiss_odom_ws/ros2_for_rviz/odom_evo/include/odom_publisher_for_rviz.hpp:203:25:[m[K [01;36m[Knote: [m[K  ‘[01m[KEigen::Transform<double, 3, 2>[m[K’ is not derived from ‘[01m[Kconst Eigen::ReturnByValue<Derived>[m[K’
[4.956s]   203 |             transform = [01;36m[Ktransform_affine[m[K;
[4.956s]       |                         [01;36m[K^~~~~~~~~~~~~~~~[m[K
[4.956s] In file included from [01m[K/usr/include/eigen3/Eigen/Core:437[m[K,
[4.956s]                  from [01m[K/usr/include/eigen3/Eigen/Dense:1[m[K,
[4.956s]                  from [01m[K/home/baixiaobo/work/chassiss_odom_ws/ros2_for_rviz/odom_evo/include/odom_header.h:27[m[K,
[4.956s]                  from [01m[K/home/baixiaobo/work/chassiss_odom_ws/ros2_for_rviz/odom_evo/include/odom_subscriber_for_rviz.hpp:9[m[K,
[4.956s]                  from [01m[K/home/baixiaobo/work/chassiss_odom_ws/ros2_for_rviz/odom_evo/src/local_map_on_odom.cpp:10[m[K:
[4.956s] [01m[K/usr/include/eigen3/Eigen/src/Core/Matrix.h:281:13:[m[K [01;36m[Knote: [m[Kcandidate: ‘[01m[KEigen::Matrix<_Scalar, _Rows, _Cols, _Options, _MaxRows, _MaxCols>& Eigen::Matrix<_Scalar, _Rows, _Cols, _Options, _MaxRows, _MaxCols>::operator=(Eigen::Matrix<_Scalar, _Rows, _Cols, _Options, _MaxRows, _MaxCols>&&) [with _Scalar = double; int _Rows = 4; int _Cols = 4; int _Options = 0; int _MaxRows = 4; int _MaxCols = 4][m[K’
[4.956s]   281 |     Matrix& [01;36m[Koperator[m[K=(Matrix&& other) EIGEN_NOEXCEPT_IF(std::is_nothrow_move_assignable<Scalar>::value)
[4.956s]       |             [01;36m[K^~~~~~~~[m[K
[4.956s] [01m[K/usr/include/eigen3/Eigen/src/Core/Matrix.h:281:32:[m[K [01;36m[Knote: [m[K  no known conversion for argument 1 from ‘[01m[KEigen::Transform<double, 3, 2>[m[K’ to ‘[01m[KEigen::Matrix<double, 4, 4>&&[m[K’
[4.956s]   281 |     Matrix& operator=([01;36m[KMatrix&& other[m[K) EIGEN_NOEXCEPT_IF(std::is_nothrow_move_assignable<Scalar>::value)
[4.956s]       |                       [01;36m[K~~~~~~~~~^~~~~[m[K
[4.956s] [01m[K/usr/include/eigen3/Eigen/src/Core/Matrix.h:392:13:[m[K [01;36m[Knote: [m[Kcandidate: ‘[01m[Ktemplate<class OtherDerived> Eigen::Matrix<_Scalar, _Rows, _Cols, _Options, _MaxRows, _MaxCols>& Eigen::Matrix<_Scalar, _Rows, _Cols, _Options, _MaxRows, _MaxCols>::operator=(const Eigen::RotationBase<OtherDerived, Eigen::Matrix<_Scalar, _Rows, _Cols, _Options, _MaxRows, _MaxCols>::ColsAtCompileTime>&) [with OtherDerived = OtherDerived; _Scalar = double; int _Rows = 4; int _Cols = 4; int _Options = 0; int _MaxRows = 4; int _MaxCols = 4][m[K’
[4.956s]   392 |     Matrix& [01;36m[Koperator[m[K=(const RotationBase<OtherDerived,ColsAtCompileTime>& r);
[4.956s]       |             [01;36m[K^~~~~~~~[m[K
[4.957s] [01m[K/usr/include/eigen3/Eigen/src/Core/Matrix.h:392:13:[m[K [01;36m[Knote: [m[K  template argument deduction/substitution failed:
[4.957s] In file included from [01m[K/home/baixiaobo/work/chassiss_odom_ws/ros2_for_rviz/odom_evo/src/local_map_on_odom.cpp:11[m[K:
[4.957s] [01m[K/home/baixiaobo/work/chassiss_odom_ws/ros2_for_rviz/odom_evo/include/odom_publisher_for_rviz.hpp:203:25:[m[K [01;36m[Knote: [m[K  ‘[01m[KEigen::Transform<double, 3, 2>[m[K’ is not derived from ‘[01m[Kconst Eigen::RotationBase<OtherDerived, 4>[m[K’
[4.957s]   203 |             transform = [01;36m[Ktransform_affine[m[K;
[4.957s]       |                         [01;36m[K^~~~~~~~~~~~~~~~[m[K
[4.958s] [01m[K/home/baixiaobo/work/chassiss_odom_ws/ros2_for_rviz/odom_evo/include/odom_publisher_for_rviz.hpp:245:50:[m[K [01;31m[Kerror: [m[K‘[01m[Kwx[m[K’ was not declared in this scope; did you mean ‘[01m[Kqx[m[K’?
[4.958s]   245 |                 Eigen::Quaterniond quaternion(qw,[01;31m[Kwx[m[K,qy,qz);
[4.958s]       |                                                  [01;31m[K^~[m[K
[4.958s]       |                                                  [32m[Kqx[m[K
[4.958s] [01m[K/home/baixiaobo/work/chassiss_odom_ws/ros2_for_rviz/odom_evo/include/odom_publisher_for_rviz.hpp:246:39:[m[K [01;31m[Kerror: [m[Kinvalid use of non-static member function ‘[01m[KEigen::QuaternionBase<Derived>::Matrix3 Eigen::QuaternionBase<Derived>::toRotationMatrix() const [with Derived = Eigen::Quaternion<double>; Eigen::QuaternionBase<Derived>::Matrix3 = Eigen::Matrix<double, 3, 3>; typename Eigen::internal::traits<T>::Scalar = double][m[K’
[4.958s]   246 |                 rotation = quaternion.[01;31m[KtoRotationMatrix[m[K;
[4.958s]       |                                       [01;31m[K^~~~~~~~~~~~~~~~[m[K
[4.958s] In file included from [01m[K/usr/include/eigen3/Eigen/Geometry:42[m[K,
[4.958s]                  from [01m[K/usr/include/eigen3/Eigen/Dense:6[m[K,
[4.958s]                  from [01m[K/home/baixiaobo/work/chassiss_odom_ws/ros2_for_rviz/odom_evo/include/odom_header.h:27[m[K,
[4.958s]                  from [01m[K/home/baixiaobo/work/chassiss_odom_ws/ros2_for_rviz/odom_evo/include/odom_subscriber_for_rviz.hpp:9[m[K,
[4.958s]                  from [01m[K/home/baixiaobo/work/chassiss_odom_ws/ros2_for_rviz/odom_evo/src/local_map_on_odom.cpp:10[m[K:
[4.958s] [01m[K/usr/include/eigen3/Eigen/src/Geometry/Quaternion.h:531:1:[m[K [01;36m[Knote: [m[Kdeclared here
[4.958s]   531 | [01;36m[KQuaternionBase<Derived>[m[K::toRotationMatrix(void) const
[4.958s]       | [01;36m[K^~~~~~~~~~~~~~~~~~~~~~~[m[K
[4.958s] In file included from [01m[K/home/baixiaobo/work/chassiss_odom_ws/ros2_for_rviz/odom_evo/src/local_map_on_odom.cpp:11[m[K:
[4.958s] [01m[K/home/baixiaobo/work/chassiss_odom_ws/ros2_for_rviz/odom_evo/include/odom_publisher_for_rviz.hpp:241:23:[m[K [01;35m[Kwarning: [m[Kunused variable ‘[01m[Kqx[m[K’ [[01;35m[K-Wunused-variable[m[K]
[4.958s]   241 |                 float [01;35m[Kqx[m[K = odom_input.at(i).odom().pose_quaternion().x();
[4.958s]       |                       [01;35m[K^~[m[K
[4.960s] [01m[K/home/baixiaobo/work/chassiss_odom_ws/ros2_for_rviz/odom_evo/include/odom_publisher_for_rviz.hpp:268:46:[m[K [01;31m[Kerror: [m[K‘[01m[Kwx[m[K’ was not declared in this scope; did you mean ‘[01m[Kqx[m[K’?
[4.960s]   268 |             Eigen::Quaterniond quaternion(qw,[01;31m[Kwx[m[K,qy,qz);
[4.960s]       |                                              [01;31m[K^~[m[K
[4.960s]       |                                              [32m[Kqx[m[K
[4.960s] [01m[K/home/baixiaobo/work/chassiss_odom_ws/ros2_for_rviz/odom_evo/include/odom_publisher_for_rviz.hpp:269:35:[m[K [01;31m[Kerror: [m[Kinvalid use of non-static member function ‘[01m[KEigen::QuaternionBase<Derived>::Matrix3 Eigen::QuaternionBase<Derived>::toRotationMatrix() const [with Derived = Eigen::Quaternion<double>; Eigen::QuaternionBase<Derived>::Matrix3 = Eigen::Matrix<double, 3, 3>; typename Eigen::internal::traits<T>::Scalar = double][m[K’
[4.960s]   269 |             rotation = quaternion.[01;31m[KtoRotationMatrix[m[K;
[4.960s]       |                                   [01;31m[K^~~~~~~~~~~~~~~~[m[K
[4.960s] In file included from [01m[K/usr/include/eigen3/Eigen/Geometry:42[m[K,
[4.960s]                  from [01m[K/usr/include/eigen3/Eigen/Dense:6[m[K,
[4.960s]                  from [01m[K/home/baixiaobo/work/chassiss_odom_ws/ros2_for_rviz/odom_evo/include/odom_header.h:27[m[K,
[4.960s]                  from [01m[K/home/baixiaobo/work/chassiss_odom_ws/ros2_for_rviz/odom_evo/include/odom_subscriber_for_rviz.hpp:9[m[K,
[4.960s]                  from [01m[K/home/baixiaobo/work/chassiss_odom_ws/ros2_for_rviz/odom_evo/src/local_map_on_odom.cpp:10[m[K:
[4.960s] [01m[K/usr/include/eigen3/Eigen/src/Geometry/Quaternion.h:531:1:[m[K [01;36m[Knote: [m[Kdeclared here
[4.961s]   531 | [01;36m[KQuaternionBase<Derived>[m[K::toRotationMatrix(void) const
[4.961s]       | [01;36m[K^~~~~~~~~~~~~~~~~~~~~~~[m[K
[4.961s] In file included from [01m[K/home/baixiaobo/work/chassiss_odom_ws/ros2_for_rviz/odom_evo/src/local_map_on_odom.cpp:11[m[K:
[4.961s] [01m[K/home/baixiaobo/work/chassiss_odom_ws/ros2_for_rviz/odom_evo/include/odom_publisher_for_rviz.hpp:284:25:[m[K [01;31m[Kerror: [m[Kno match for ‘[01m[Koperator=[m[K’ (operand types are ‘[01m[KEigen::Matrix<double, 4, 4>[m[K’ and ‘[01m[KEigen::Transform<double, 3, 2>[m[K’)
[4.961s]   284 |             transform = [01;31m[Ktransform_affine[m[K;
[4.961s]       |                         [01;31m[K^~~~~~~~~~~~~~~~[m[K
[4.961s] In file included from [01m[K/usr/include/eigen3/Eigen/Core:437[m[K,
[4.961s]                  from [01m[K/usr/include/eigen3/Eigen/Dense:1[m[K,
[4.961s]                  from [01m[K/home/baixiaobo/work/chassiss_odom_ws/ros2_for_rviz/odom_evo/include/odom_header.h:27[m[K,
[4.961s]                  from [01m[K/home/baixiaobo/work/chassiss_odom_ws/ros2_for_rviz/odom_evo/include/odom_subscriber_for_rviz.hpp:9[m[K,
[4.961s]                  from [01m[K/home/baixiaobo/work/chassiss_odom_ws/ros2_for_rviz/odom_evo/src/local_map_on_odom.cpp:10[m[K:
[4.961s] [01m[K/usr/include/eigen3/Eigen/src/Core/Matrix.h:206:33:[m[K [01;36m[Knote: [m[Kcandidate: ‘[01m[KEigen::Matrix<_Scalar, _Rows, _Cols, _Options, _MaxRows, _MaxCols>& Eigen::Matrix<_Scalar, _Rows, _Cols, _Options, _MaxRows, _MaxCols>::operator=(const Eigen::Matrix<_Scalar, _Rows, _Cols, _Options, _MaxRows, _MaxCols>&) [with _Scalar = double; int _Rows = 4; int _Cols = 4; int _Options = 0; int _MaxRows = 4; int _MaxCols = 4][m[K’
[4.961s]   206 |     EIGEN_STRONG_INLINE Matrix& [01;36m[Koperator[m[K=(const Matrix& other)
[4.961s]       |                                 [01;36m[K^~~~~~~~[m[K
[4.961s] [01m[K/usr/include/eigen3/Eigen/src/Core/Matrix.h:206:57:[m[K [01;36m[Knote: [m[K  no known conversion for argument 1 from ‘[01m[KEigen::Transform<double, 3, 2>[m[K’ to ‘[01m[Kconst Eigen::Matrix<double, 4, 4>&[m[K’
[4.961s]   206 |     EIGEN_STRONG_INLINE Matrix& operator=([01;36m[Kconst Matrix& other[m[K)
[4.962s]       |                                           [01;36m[K~~~~~~~~~~~~~~^~~~~[m[K
[4.962s] [01m[K/usr/include/eigen3/Eigen/src/Core/Matrix.h:223:33:[m[K [01;36m[Knote: [m[Kcandidate: ‘[01m[Ktemplate<class OtherDerived> Eigen::Matrix<_Scalar, _Rows, _Cols, _Options, _MaxRows, _MaxCols>& Eigen::Matrix<_Scalar, _Rows, _Cols, _Options, _MaxRows, _MaxCols>::operator=(const Eigen::DenseBase<OtherDerived>&) [with OtherDerived = OtherDerived; _Scalar = double; int _Rows = 4; int _Cols = 4; int _Options = 0; int _MaxRows = 4; int _MaxCols = 4][m[K’
[4.962s]   223 |     EIGEN_STRONG_INLINE Matrix& [01;36m[Koperator[m[K=(const DenseBase<OtherDerived>& other)
[4.962s]       |                                 [01;36m[K^~~~~~~~[m[K
[4.962s] [01m[K/usr/include/eigen3/Eigen/src/Core/Matrix.h:223:33:[m[K [01;36m[Knote: [m[K  template argument deduction/substitution failed:
[4.962s] In file included from [01m[K/home/baixiaobo/work/chassiss_odom_ws/ros2_for_rviz/odom_evo/src/local_map_on_odom.cpp:11[m[K:
[4.962s] [01m[K/home/baixiaobo/work/chassiss_odom_ws/ros2_for_rviz/odom_evo/include/odom_publisher_for_rviz.hpp:284:25:[m[K [01;36m[Knote: [m[K  ‘[01m[KEigen::Transform<double, 3, 2>[m[K’ is not derived from ‘[01m[Kconst Eigen::DenseBase<Derived>[m[K’
[4.962s]   284 |             transform = [01;36m[Ktransform_affine[m[K;
[4.962s]       |                         [01;36m[K^~~~~~~~~~~~~~~~[m[K
[4.962s] In file included from [01m[K/usr/include/eigen3/Eigen/Core:437[m[K,
[4.962s]                  from [01m[K/usr/include/eigen3/Eigen/Dense:1[m[K,
[4.962s]                  from [01m[K/home/baixiaobo/work/chassiss_odom_ws/ros2_for_rviz/odom_evo/include/odom_header.h:27[m[K,
[4.962s]                  from [01m[K/home/baixiaobo/work/chassiss_odom_ws/ros2_for_rviz/odom_evo/include/odom_subscriber_for_rviz.hpp:9[m[K,
[4.962s]                  from [01m[K/home/baixiaobo/work/chassiss_odom_ws/ros2_for_rviz/odom_evo/src/local_map_on_odom.cpp:10[m[K:
[4.962s] [01m[K/usr/include/eigen3/Eigen/src/Core/Matrix.h:236:33:[m[K [01;36m[Knote: [m[Kcandidate: ‘[01m[Ktemplate<class OtherDerived> Eigen::Matrix<_Scalar, _Rows, _Cols, _Options, _MaxRows, _MaxCols>& Eigen::Matrix<_Scalar, _Rows, _Cols, _Options, _MaxRows, _MaxCols>::operator=(const Eigen::EigenBase<OtherDerived>&) [with OtherDerived = OtherDerived; _Scalar = double; int _Rows = 4; int _Cols = 4; int _Options = 0; int _MaxRows = 4; int _MaxCols = 4][m[K’
[4.962s]   236 |     EIGEN_STRONG_INLINE Matrix& [01;36m[Koperator[m[K=(const EigenBase<OtherDerived> &other)
[4.962s]       |                                 [01;36m[K^~~~~~~~[m[K
[4.962s] [01m[K/usr/include/eigen3/Eigen/src/Core/Matrix.h:236:33:[m[K [01;36m[Knote: [m[K  template argument deduction/substitution failed:
[4.962s] In file included from [01m[K/home/baixiaobo/work/chassiss_odom_ws/ros2_for_rviz/odom_evo/src/local_map_on_odom.cpp:11[m[K:
[4.962s] [01m[K/home/baixiaobo/work/chassiss_odom_ws/ros2_for_rviz/odom_evo/include/odom_publisher_for_rviz.hpp:284:25:[m[K [01;36m[Knote: [m[K  ‘[01m[KEigen::Transform<double, 3, 2>[m[K’ is not derived from ‘[01m[Kconst Eigen::EigenBase<Derived>[m[K’
[4.962s]   284 |             transform = [01;36m[Ktransform_affine[m[K;
[4.962s]       |                         [01;36m[K^~~~~~~~~~~~~~~~[m[K
[4.962s] In file included from [01m[K/usr/include/eigen3/Eigen/Core:437[m[K,
[4.962s]                  from [01m[K/usr/include/eigen3/Eigen/Dense:1[m[K,
[4.962s]                  from [01m[K/home/baixiaobo/work/chassiss_odom_ws/ros2_for_rviz/odom_evo/include/odom_header.h:27[m[K,
[4.962s]                  from [01m[K/home/baixiaobo/work/chassiss_odom_ws/ros2_for_rviz/odom_evo/include/odom_subscriber_for_rviz.hpp:9[m[K,
[4.962s]                  from [01m[K/home/baixiaobo/work/chassiss_odom_ws/ros2_for_rviz/odom_evo/src/local_map_on_odom.cpp:10[m[K:
[4.963s] [01m[K/usr/include/eigen3/Eigen/src/Core/Matrix.h:243:33:[m[K [01;36m[Knote: [m[Kcandidate: ‘[01m[Ktemplate<class OtherDerived> Eigen::Matrix<_Scalar, _Rows, _Cols, _Options, _MaxRows, _MaxCols>& Eigen::Matrix<_Scalar, _Rows, _Cols, _Options, _MaxRows, _MaxCols>::operator=(const Eigen::ReturnByValue<OtherDerived>&) [with OtherDerived = OtherDerived; _Scalar = double; int _Rows = 4; int _Cols = 4; int _Options = 0; int _MaxRows = 4; int _MaxCols = 4][m[K’
[4.963s]   243 |     EIGEN_STRONG_INLINE Matrix& [01;36m[Koperator[m[K=(const ReturnByValue<OtherDerived>& func)
[4.963s]       |                                 [01;36m[K^~~~~~~~[m[K
[4.963s] [01m[K/usr/include/eigen3/Eigen/src/Core/Matrix.h:243:33:[m[K [01;36m[Knote: [m[K  template argument deduction/substitution failed:
[4.963s] In file included from [01m[K/home/baixiaobo/work/chassiss_odom_ws/ros2_for_rviz/odom_evo/src/local_map_on_odom.cpp:11[m[K:
[4.963s] [01m[K/home/baixiaobo/work/chassiss_odom_ws/ros2_for_rviz/odom_evo/include/odom_publisher_for_rviz.hpp:284:25:[m[K [01;36m[Knote: [m[K  ‘[01m[KEigen::Transform<double, 3, 2>[m[K’ is not derived from ‘[01m[Kconst Eigen::ReturnByValue<Derived>[m[K’
[4.963s]   284 |             transform = [01;36m[Ktransform_affine[m[K;
[4.963s]       |                         [01;36m[K^~~~~~~~~~~~~~~~[m[K
[4.963s] In file included from [01m[K/usr/include/eigen3/Eigen/Core:437[m[K,
[4.963s]                  from [01m[K/usr/include/eigen3/Eigen/Dense:1[m[K,
[4.963s]                  from [01m[K/home/baixiaobo/work/chassiss_odom_ws/ros2_for_rviz/odom_evo/include/odom_header.h:27[m[K,
[4.963s]                  from [01m[K/home/baixiaobo/work/chassiss_odom_ws/ros2_for_rviz/odom_evo/include/odom_subscriber_for_rviz.hpp:9[m[K,
[4.963s]                  from [01m[K/home/baixiaobo/work/chassiss_odom_ws/ros2_for_rviz/odom_evo/src/local_map_on_odom.cpp:10[m[K:
[4.963s] [01m[K/usr/include/eigen3/Eigen/src/Core/Matrix.h:281:13:[m[K [01;36m[Knote: [m[Kcandidate: ‘[01m[KEigen::Matrix<_Scalar, _Rows, _Cols, _Options, _MaxRows, _MaxCols>& Eigen::Matrix<_Scalar, _Rows, _Cols, _Options, _MaxRows, _MaxCols>::operator=(Eigen::Matrix<_Scalar, _Rows, _Cols, _Options, _MaxRows, _MaxCols>&&) [with _Scalar = double; int _Rows = 4; int _Cols = 4; int _Options = 0; int _MaxRows = 4; int _MaxCols = 4][m[K’
[4.963s]   281 |     Matrix& [01;36m[Koperator[m[K=(Matrix&& other) EIGEN_NOEXCEPT_IF(std::is_nothrow_move_assignable<Scalar>::value)
[4.963s]       |             [01;36m[K^~~~~~~~[m[K
[4.963s] [01m[K/usr/include/eigen3/Eigen/src/Core/Matrix.h:281:32:[m[K [01;36m[Knote: [m[K  no known conversion for argument 1 from ‘[01m[KEigen::Transform<double, 3, 2>[m[K’ to ‘[01m[KEigen::Matrix<double, 4, 4>&&[m[K’
[4.963s]   281 |     Matrix& operator=([01;36m[KMatrix&& other[m[K) EIGEN_NOEXCEPT_IF(std::is_nothrow_move_assignable<Scalar>::value)
[4.963s]       |                       [01;36m[K~~~~~~~~~^~~~~[m[K
[4.963s] [01m[K/usr/include/eigen3/Eigen/src/Core/Matrix.h:392:13:[m[K [01;36m[Knote: [m[Kcandidate: ‘[01m[Ktemplate<class OtherDerived> Eigen::Matrix<_Scalar, _Rows, _Cols, _Options, _MaxRows, _MaxCols>& Eigen::Matrix<_Scalar, _Rows, _Cols, _Options, _MaxRows, _MaxCols>::operator=(const Eigen::RotationBase<OtherDerived, Eigen::Matrix<_Scalar, _Rows, _Cols, _Options, _MaxRows, _MaxCols>::ColsAtCompileTime>&) [with OtherDerived = OtherDerived; _Scalar = double; int _Rows = 4; int _Cols = 4; int _Options = 0; int _MaxRows = 4; int _MaxCols = 4][m[K’
[4.963s]   392 |     Matrix& [01;36m[Koperator[m[K=(const RotationBase<OtherDerived,ColsAtCompileTime>& r);
[4.963s]       |             [01;36m[K^~~~~~~~[m[K
[4.963s] [01m[K/usr/include/eigen3/Eigen/src/Core/Matrix.h:392:13:[m[K [01;36m[Knote: [m[K  template argument deduction/substitution failed:
[4.963s] In file included from [01m[K/home/baixiaobo/work/chassiss_odom_ws/ros2_for_rviz/odom_evo/src/local_map_on_odom.cpp:11[m[K:
[4.963s] [01m[K/home/baixiaobo/work/chassiss_odom_ws/ros2_for_rviz/odom_evo/include/odom_publisher_for_rviz.hpp:284:25:[m[K [01;36m[Knote: [m[K  ‘[01m[KEigen::Transform<double, 3, 2>[m[K’ is not derived from ‘[01m[Kconst Eigen::RotationBase<OtherDerived, 4>[m[K’
[4.963s]   284 |             transform = [01;36m[Ktransform_affine[m[K;
[4.963s]       |                         [01;36m[K^~~~~~~~~~~~~~~~[m[K
[9.888s] make[2]: *** [CMakeFiles/odom_map_tum.dir/build.make:76: CMakeFiles/odom_map_tum.dir/src/local_map_on_odom.cpp.o] Error 1
[9.888s] make[1]: *** [CMakeFiles/Makefile2:137: CMakeFiles/odom_map_tum.dir/all] Error 2
[9.889s] make: *** [Makefile:146: all] Error 2
[9.890s] Invoked command in '/home/baixiaobo/work/chassiss_odom_ws/ros2_for_rviz/odom_evo/build/odom_map_tum' returned '2': CMAKE_PREFIX_PATH=${CMAKE_PREFIX_PATH}:/home/baixiaobo/work/chassiss_odom_ws/ros2_for_rviz/odom_evo/install/odom_map:/opt/ros/galactic CONDA_PROMPT_MODIFIER=(new_python3.6) /usr/local/bin/cmake --build /home/baixiaobo/work/chassiss_odom_ws/ros2_for_rviz/odom_evo/build/odom_map_tum -- -j16 -l16
