[0.013s] Invoking command in '/home/baixiaobo/work/chassiss_odom_ws/ros2_for_rviz/odom_evo/build/odom_map_tum': CMAKE_PREFIX_PATH=${CMAKE_PREFIX_PATH}:/home/baixiaobo/work/chassiss_odom_ws/ros2_for_rviz/odom_evo/install/odom_map:/opt/ros/galactic CONDA_PROMPT_MODIFIER=(new_python3.6) /usr/local/bin/cmake --build /home/baixiaobo/work/chassiss_odom_ws/ros2_for_rviz/odom_evo/build/odom_map_tum -- -j16 -l16
[0.042s] [35m[1mConsolidate compiler generated dependencies of target odom_map_tum[0m
[0.092s] [  2%] [32mBuilding CXX object CMakeFiles/odom_map_tum.dir/src/local_map_on_odom.cpp.o[0m
[1.351s] In file included from [01m[K/home/baixiaobo/work/chassiss_odom_ws/ros2_for_rviz/odom_evo/include/odom_subscriber_for_rviz.hpp:9[m[K,
[1.351s]                  from [01m[K/home/baixiaobo/work/chassiss_odom_ws/ros2_for_rviz/odom_evo/src/local_map_on_odom.cpp:10[m[K:
[1.352s] [01m[K/home/baixiaobo/work/chassiss_odom_ws/ros2_for_rviz/odom_evo/include/odom_header.h:60:33:[m[K [01;35m[Kwarning: [m[Kmissing terminating " character
[1.352s]    60 | #include "nav_msgs/msg/path.hpp"[01;35m[K"[m[K
[1.352s]       |                                 [01;35m[K^[m[K
[1.352s] [01m[K/home/baixiaobo/work/chassiss_odom_ws/ros2_for_rviz/odom_evo/include/odom_header.h:60:33:[m[K [01;35m[Kwarning: [m[Kextra tokens at end of #include directive
[1.389s] In file included from [01m[K/home/baixiaobo/work/chassiss_odom_ws/ros2_for_rviz/odom_evo/src/local_map_on_odom.cpp:12[m[K:
[1.389s] [01m[K/home/baixiaobo/work/chassiss_odom_ws/ros2_for_rviz/odom_evo/include/odom_header.h:60:33:[m[K [01;35m[Kwarning: [m[Kmissing terminating " character
[1.389s]    60 | #include "nav_msgs/msg/path.hpp"[01;35m[K"[m[K
[1.389s]       |                                 [01;35m[K^[m[K
[5.206s] In file included from [01m[K/home/baixiaobo/work/chassiss_odom_ws/ros2_for_rviz/odom_evo/src/local_map_on_odom.cpp:11[m[K:
[5.206s] [01m[K/home/baixiaobo/work/chassiss_odom_ws/ros2_for_rviz/odom_evo/include/odom_publisher_for_rviz.hpp:[m[K In member function ‘[01m[Kvoid OdomPublisher::Publish(std::deque<odom::proto::Frame>&, std::string)[m[K’:
[5.206s] [01m[K/home/baixiaobo/work/chassiss_odom_ws/ros2_for_rviz/odom_evo/include/odom_publisher_for_rviz.hpp:122:25:[m[K [01;31m[Kerror: [m[Kno match for ‘[01m[Koperator=[m[K’ (operand types are ‘[01m[KEigen::Matrix<double, 4, 4>[m[K’ and ‘[01m[KEigen::Transform<double, 3, 2>[m[K’)
[5.206s]   122 |             transform = [01;31m[Ktransform_affine[m[K;
[5.206s]       |                         [01;31m[K^~~~~~~~~~~~~~~~[m[K
[5.206s] In file included from [01m[K/usr/include/eigen3/Eigen/Core:437[m[K,
[5.206s]                  from [01m[K/usr/include/eigen3/Eigen/Dense:1[m[K,
[5.206s]                  from [01m[K/home/baixiaobo/work/chassiss_odom_ws/ros2_for_rviz/odom_evo/include/odom_header.h:27[m[K,
[5.206s]                  from [01m[K/home/baixiaobo/work/chassiss_odom_ws/ros2_for_rviz/odom_evo/include/odom_subscriber_for_rviz.hpp:9[m[K,
[5.206s]                  from [01m[K/home/baixiaobo/work/chassiss_odom_ws/ros2_for_rviz/odom_evo/src/local_map_on_odom.cpp:10[m[K:
[5.206s] [01m[K/usr/include/eigen3/Eigen/src/Core/Matrix.h:206:33:[m[K [01;36m[Knote: [m[Kcandidate: ‘[01m[KEigen::Matrix<_Scalar, _Rows, _Cols, _Options, _MaxRows, _MaxCols>& Eigen::Matrix<_Scalar, _Rows, _Cols, _Options, _MaxRows, _MaxCols>::operator=(const Eigen::Matrix<_Scalar, _Rows, _Cols, _Options, _MaxRows, _MaxCols>&) [with _Scalar = double; int _Rows = 4; int _Cols = 4; int _Options = 0; int _MaxRows = 4; int _MaxCols = 4][m[K’
[5.206s]   206 |     EIGEN_STRONG_INLINE Matrix& [01;36m[Koperator[m[K=(const Matrix& other)
[5.206s]       |                                 [01;36m[K^~~~~~~~[m[K
[5.207s] [01m[K/usr/include/eigen3/Eigen/src/Core/Matrix.h:206:57:[m[K [01;36m[Knote: [m[K  no known conversion for argument 1 from ‘[01m[KEigen::Transform<double, 3, 2>[m[K’ to ‘[01m[Kconst Eigen::Matrix<double, 4, 4>&[m[K’
[5.207s]   206 |     EIGEN_STRONG_INLINE Matrix& operator=([01;36m[Kconst Matrix& other[m[K)
[5.207s]       |                                           [01;36m[K~~~~~~~~~~~~~~^~~~~[m[K
[5.207s] [01m[K/usr/include/eigen3/Eigen/src/Core/Matrix.h:223:33:[m[K [01;36m[Knote: [m[Kcandidate: ‘[01m[Ktemplate<class OtherDerived> Eigen::Matrix<_Scalar, _Rows, _Cols, _Options, _MaxRows, _MaxCols>& Eigen::Matrix<_Scalar, _Rows, _Cols, _Options, _MaxRows, _MaxCols>::operator=(const Eigen::DenseBase<OtherDerived>&) [with OtherDerived = OtherDerived; _Scalar = double; int _Rows = 4; int _Cols = 4; int _Options = 0; int _MaxRows = 4; int _MaxCols = 4][m[K’
[5.207s]   223 |     EIGEN_STRONG_INLINE Matrix& [01;36m[Koperator[m[K=(const DenseBase<OtherDerived>& other)
[5.207s]       |                                 [01;36m[K^~~~~~~~[m[K
[5.207s] [01m[K/usr/include/eigen3/Eigen/src/Core/Matrix.h:223:33:[m[K [01;36m[Knote: [m[K  template argument deduction/substitution failed:
[5.207s] In file included from [01m[K/home/baixiaobo/work/chassiss_odom_ws/ros2_for_rviz/odom_evo/src/local_map_on_odom.cpp:11[m[K:
[5.207s] [01m[K/home/baixiaobo/work/chassiss_odom_ws/ros2_for_rviz/odom_evo/include/odom_publisher_for_rviz.hpp:122:25:[m[K [01;36m[Knote: [m[K  ‘[01m[KEigen::Transform<double, 3, 2>[m[K’ is not derived from ‘[01m[Kconst Eigen::DenseBase<Derived>[m[K’
[5.207s]   122 |             transform = [01;36m[Ktransform_affine[m[K;
[5.207s]       |                         [01;36m[K^~~~~~~~~~~~~~~~[m[K
[5.207s] In file included from [01m[K/usr/include/eigen3/Eigen/Core:437[m[K,
[5.207s]                  from [01m[K/usr/include/eigen3/Eigen/Dense:1[m[K,
[5.207s]                  from [01m[K/home/baixiaobo/work/chassiss_odom_ws/ros2_for_rviz/odom_evo/include/odom_header.h:27[m[K,
[5.207s]                  from [01m[K/home/baixiaobo/work/chassiss_odom_ws/ros2_for_rviz/odom_evo/include/odom_subscriber_for_rviz.hpp:9[m[K,
[5.207s]                  from [01m[K/home/baixiaobo/work/chassiss_odom_ws/ros2_for_rviz/odom_evo/src/local_map_on_odom.cpp:10[m[K:
[5.207s] [01m[K/usr/include/eigen3/Eigen/src/Core/Matrix.h:236:33:[m[K [01;36m[Knote: [m[Kcandidate: ‘[01m[Ktemplate<class OtherDerived> Eigen::Matrix<_Scalar, _Rows, _Cols, _Options, _MaxRows, _MaxCols>& Eigen::Matrix<_Scalar, _Rows, _Cols, _Options, _MaxRows, _MaxCols>::operator=(const Eigen::EigenBase<OtherDerived>&) [with OtherDerived = OtherDerived; _Scalar = double; int _Rows = 4; int _Cols = 4; int _Options = 0; int _MaxRows = 4; int _MaxCols = 4][m[K’
[5.207s]   236 |     EIGEN_STRONG_INLINE Matrix& [01;36m[Koperator[m[K=(const EigenBase<OtherDerived> &other)
[5.207s]       |                                 [01;36m[K^~~~~~~~[m[K
[5.207s] [01m[K/usr/include/eigen3/Eigen/src/Core/Matrix.h:236:33:[m[K [01;36m[Knote: [m[K  template argument deduction/substitution failed:
[5.207s] In file included from [01m[K/home/baixiaobo/work/chassiss_odom_ws/ros2_for_rviz/odom_evo/src/local_map_on_odom.cpp:11[m[K:
[5.207s] [01m[K/home/baixiaobo/work/chassiss_odom_ws/ros2_for_rviz/odom_evo/include/odom_publisher_for_rviz.hpp:122:25:[m[K [01;36m[Knote: [m[K  ‘[01m[KEigen::Transform<double, 3, 2>[m[K’ is not derived from ‘[01m[Kconst Eigen::EigenBase<Derived>[m[K’
[5.207s]   122 |             transform = [01;36m[Ktransform_affine[m[K;
[5.207s]       |                         [01;36m[K^~~~~~~~~~~~~~~~[m[K
[5.207s] In file included from [01m[K/usr/include/eigen3/Eigen/Core:437[m[K,
[5.207s]                  from [01m[K/usr/include/eigen3/Eigen/Dense:1[m[K,
[5.208s]                  from [01m[K/home/baixiaobo/work/chassiss_odom_ws/ros2_for_rviz/odom_evo/include/odom_header.h:27[m[K,
[5.208s]                  from [01m[K/home/baixiaobo/work/chassiss_odom_ws/ros2_for_rviz/odom_evo/include/odom_subscriber_for_rviz.hpp:9[m[K,
[5.208s]                  from [01m[K/home/baixiaobo/work/chassiss_odom_ws/ros2_for_rviz/odom_evo/src/local_map_on_odom.cpp:10[m[K:
[5.208s] [01m[K/usr/include/eigen3/Eigen/src/Core/Matrix.h:243:33:[m[K [01;36m[Knote: [m[Kcandidate: ‘[01m[Ktemplate<class OtherDerived> Eigen::Matrix<_Scalar, _Rows, _Cols, _Options, _MaxRows, _MaxCols>& Eigen::Matrix<_Scalar, _Rows, _Cols, _Options, _MaxRows, _MaxCols>::operator=(const Eigen::ReturnByValue<OtherDerived>&) [with OtherDerived = OtherDerived; _Scalar = double; int _Rows = 4; int _Cols = 4; int _Options = 0; int _MaxRows = 4; int _MaxCols = 4][m[K’
[5.208s]   243 |     EIGEN_STRONG_INLINE Matrix& [01;36m[Koperator[m[K=(const ReturnByValue<OtherDerived>& func)
[5.208s]       |                                 [01;36m[K^~~~~~~~[m[K
[5.208s] [01m[K/usr/include/eigen3/Eigen/src/Core/Matrix.h:243:33:[m[K [01;36m[Knote: [m[K  template argument deduction/substitution failed:
[5.208s] In file included from [01m[K/home/baixiaobo/work/chassiss_odom_ws/ros2_for_rviz/odom_evo/src/local_map_on_odom.cpp:11[m[K:
[5.208s] [01m[K/home/baixiaobo/work/chassiss_odom_ws/ros2_for_rviz/odom_evo/include/odom_publisher_for_rviz.hpp:122:25:[m[K [01;36m[Knote: [m[K  ‘[01m[KEigen::Transform<double, 3, 2>[m[K’ is not derived from ‘[01m[Kconst Eigen::ReturnByValue<Derived>[m[K’
[5.208s]   122 |             transform = [01;36m[Ktransform_affine[m[K;
[5.208s]       |                         [01;36m[K^~~~~~~~~~~~~~~~[m[K
[5.208s] In file included from [01m[K/usr/include/eigen3/Eigen/Core:437[m[K,
[5.208s]                  from [01m[K/usr/include/eigen3/Eigen/Dense:1[m[K,
[5.208s]                  from [01m[K/home/baixiaobo/work/chassiss_odom_ws/ros2_for_rviz/odom_evo/include/odom_header.h:27[m[K,
[5.208s]                  from [01m[K/home/baixiaobo/work/chassiss_odom_ws/ros2_for_rviz/odom_evo/include/odom_subscriber_for_rviz.hpp:9[m[K,
[5.208s]                  from [01m[K/home/baixiaobo/work/chassiss_odom_ws/ros2_for_rviz/odom_evo/src/local_map_on_odom.cpp:10[m[K:
[5.208s] [01m[K/usr/include/eigen3/Eigen/src/Core/Matrix.h:281:13:[m[K [01;36m[Knote: [m[Kcandidate: ‘[01m[KEigen::Matrix<_Scalar, _Rows, _Cols, _Options, _MaxRows, _MaxCols>& Eigen::Matrix<_Scalar, _Rows, _Cols, _Options, _MaxRows, _MaxCols>::operator=(Eigen::Matrix<_Scalar, _Rows, _Cols, _Options, _MaxRows, _MaxCols>&&) [with _Scalar = double; int _Rows = 4; int _Cols = 4; int _Options = 0; int _MaxRows = 4; int _MaxCols = 4][m[K’
[5.208s]   281 |     Matrix& [01;36m[Koperator[m[K=(Matrix&& other) EIGEN_NOEXCEPT_IF(std::is_nothrow_move_assignable<Scalar>::value)
[5.208s]       |             [01;36m[K^~~~~~~~[m[K
[5.208s] [01m[K/usr/include/eigen3/Eigen/src/Core/Matrix.h:281:32:[m[K [01;36m[Knote: [m[K  no known conversion for argument 1 from ‘[01m[KEigen::Transform<double, 3, 2>[m[K’ to ‘[01m[KEigen::Matrix<double, 4, 4>&&[m[K’
[5.208s]   281 |     Matrix& operator=([01;36m[KMatrix&& other[m[K) EIGEN_NOEXCEPT_IF(std::is_nothrow_move_assignable<Scalar>::value)
[5.208s]       |                       [01;36m[K~~~~~~~~~^~~~~[m[K
[5.208s] [01m[K/usr/include/eigen3/Eigen/src/Core/Matrix.h:392:13:[m[K [01;36m[Knote: [m[Kcandidate: ‘[01m[Ktemplate<class OtherDerived> Eigen::Matrix<_Scalar, _Rows, _Cols, _Options, _MaxRows, _MaxCols>& Eigen::Matrix<_Scalar, _Rows, _Cols, _Options, _MaxRows, _MaxCols>::operator=(const Eigen::RotationBase<OtherDerived, Eigen::Matrix<_Scalar, _Rows, _Cols, _Options, _MaxRows, _MaxCols>::ColsAtCompileTime>&) [with OtherDerived = OtherDerived; _Scalar = double; int _Rows = 4; int _Cols = 4; int _Options = 0; int _MaxRows = 4; int _MaxCols = 4][m[K’
[5.208s]   392 |     Matrix& [01;36m[Koperator[m[K=(const RotationBase<OtherDerived,ColsAtCompileTime>& r);
[5.208s]       |             [01;36m[K^~~~~~~~[m[K
[5.209s] [01m[K/usr/include/eigen3/Eigen/src/Core/Matrix.h:392:13:[m[K [01;36m[Knote: [m[K  template argument deduction/substitution failed:
[5.209s] In file included from [01m[K/home/baixiaobo/work/chassiss_odom_ws/ros2_for_rviz/odom_evo/src/local_map_on_odom.cpp:11[m[K:
[5.209s] [01m[K/home/baixiaobo/work/chassiss_odom_ws/ros2_for_rviz/odom_evo/include/odom_publisher_for_rviz.hpp:122:25:[m[K [01;36m[Knote: [m[K  ‘[01m[KEigen::Transform<double, 3, 2>[m[K’ is not derived from ‘[01m[Kconst Eigen::RotationBase<OtherDerived, 4>[m[K’
[5.209s]   122 |             transform = [01;36m[Ktransform_affine[m[K;
[5.209s]       |                         [01;36m[K^~~~~~~~~~~~~~~~[m[K
[5.213s] [01m[K/home/baixiaobo/work/chassiss_odom_ws/ros2_for_rviz/odom_evo/include/odom_publisher_for_rviz.hpp:164:50:[m[K [01;31m[Kerror: [m[K‘[01m[Kwx[m[K’ was not declared in this scope; did you mean ‘[01m[Kqx[m[K’?
[5.213s]   164 |                 Eigen::Quaterniond quaternion(qw,[01;31m[Kwx[m[K,qy,qz);
[5.213s]       |                                                  [01;31m[K^~[m[K
[5.213s]       |                                                  [32m[Kqx[m[K
[5.213s] [01m[K/home/baixiaobo/work/chassiss_odom_ws/ros2_for_rviz/odom_evo/include/odom_publisher_for_rviz.hpp:165:39:[m[K [01;31m[Kerror: [m[Kinvalid use of non-static member function ‘[01m[KEigen::QuaternionBase<Derived>::Matrix3 Eigen::QuaternionBase<Derived>::toRotationMatrix() const [with Derived = Eigen::Quaternion<double>; Eigen::QuaternionBase<Derived>::Matrix3 = Eigen::Matrix<double, 3, 3>; typename Eigen::internal::traits<T>::Scalar = double][m[K’
[5.213s]   165 |                 rotation = quaternion.[01;31m[KtoRotationMatrix[m[K;
[5.213s]       |                                       [01;31m[K^~~~~~~~~~~~~~~~[m[K
[5.213s] In file included from [01m[K/usr/include/eigen3/Eigen/Geometry:42[m[K,
[5.213s]                  from [01m[K/usr/include/eigen3/Eigen/Dense:6[m[K,
[5.213s]                  from [01m[K/home/baixiaobo/work/chassiss_odom_ws/ros2_for_rviz/odom_evo/include/odom_header.h:27[m[K,
[5.213s]                  from [01m[K/home/baixiaobo/work/chassiss_odom_ws/ros2_for_rviz/odom_evo/include/odom_subscriber_for_rviz.hpp:9[m[K,
[5.214s]                  from [01m[K/home/baixiaobo/work/chassiss_odom_ws/ros2_for_rviz/odom_evo/src/local_map_on_odom.cpp:10[m[K:
[5.214s] [01m[K/usr/include/eigen3/Eigen/src/Geometry/Quaternion.h:531:1:[m[K [01;36m[Knote: [m[Kdeclared here
[5.214s]   531 | [01;36m[KQuaternionBase<Derived>[m[K::toRotationMatrix(void) const
[5.214s]       | [01;36m[K^~~~~~~~~~~~~~~~~~~~~~~[m[K
[5.214s] In file included from [01m[K/home/baixiaobo/work/chassiss_odom_ws/ros2_for_rviz/odom_evo/src/local_map_on_odom.cpp:11[m[K:
[5.214s] [01m[K/home/baixiaobo/work/chassiss_odom_ws/ros2_for_rviz/odom_evo/include/odom_publisher_for_rviz.hpp:160:23:[m[K [01;35m[Kwarning: [m[Kunused variable ‘[01m[Kqx[m[K’ [[01;35m[K-Wunused-variable[m[K]
[5.214s]   160 |                 float [01;35m[Kqx[m[K = odom_input.at(i).odom().pose_quaternion().x();
[5.214s]       |                       [01;35m[K^~[m[K
[5.216s] [01m[K/home/baixiaobo/work/chassiss_odom_ws/ros2_for_rviz/odom_evo/include/odom_publisher_for_rviz.hpp:187:46:[m[K [01;31m[Kerror: [m[K‘[01m[Kwx[m[K’ was not declared in this scope; did you mean ‘[01m[Kqx[m[K’?
[5.216s]   187 |             Eigen::Quaterniond quaternion(qw,[01;31m[Kwx[m[K,qy,qz);
[5.217s]       |                                              [01;31m[K^~[m[K
[5.217s]       |                                              [32m[Kqx[m[K
[5.217s] [01m[K/home/baixiaobo/work/chassiss_odom_ws/ros2_for_rviz/odom_evo/include/odom_publisher_for_rviz.hpp:188:35:[m[K [01;31m[Kerror: [m[Kinvalid use of non-static member function ‘[01m[KEigen::QuaternionBase<Derived>::Matrix3 Eigen::QuaternionBase<Derived>::toRotationMatrix() const [with Derived = Eigen::Quaternion<double>; Eigen::QuaternionBase<Derived>::Matrix3 = Eigen::Matrix<double, 3, 3>; typename Eigen::internal::traits<T>::Scalar = double][m[K’
[5.217s]   188 |             rotation = quaternion.[01;31m[KtoRotationMatrix[m[K;
[5.217s]       |                                   [01;31m[K^~~~~~~~~~~~~~~~[m[K
[5.217s] In file included from [01m[K/usr/include/eigen3/Eigen/Geometry:42[m[K,
[5.217s]                  from [01m[K/usr/include/eigen3/Eigen/Dense:6[m[K,
[5.217s]                  from [01m[K/home/baixiaobo/work/chassiss_odom_ws/ros2_for_rviz/odom_evo/include/odom_header.h:27[m[K,
[5.217s]                  from [01m[K/home/baixiaobo/work/chassiss_odom_ws/ros2_for_rviz/odom_evo/include/odom_subscriber_for_rviz.hpp:9[m[K,
[5.217s]                  from [01m[K/home/baixiaobo/work/chassiss_odom_ws/ros2_for_rviz/odom_evo/src/local_map_on_odom.cpp:10[m[K:
[5.217s] [01m[K/usr/include/eigen3/Eigen/src/Geometry/Quaternion.h:531:1:[m[K [01;36m[Knote: [m[Kdeclared here
[5.217s]   531 | [01;36m[KQuaternionBase<Derived>[m[K::toRotationMatrix(void) const
[5.217s]       | [01;36m[K^~~~~~~~~~~~~~~~~~~~~~~[m[K
[5.217s] In file included from [01m[K/home/baixiaobo/work/chassiss_odom_ws/ros2_for_rviz/odom_evo/src/local_map_on_odom.cpp:11[m[K:
[5.217s] [01m[K/home/baixiaobo/work/chassiss_odom_ws/ros2_for_rviz/odom_evo/include/odom_publisher_for_rviz.hpp:203:25:[m[K [01;31m[Kerror: [m[Kno match for ‘[01m[Koperator=[m[K’ (operand types are ‘[01m[KEigen::Matrix<double, 4, 4>[m[K’ and ‘[01m[KEigen::Transform<double, 3, 2>[m[K’)
[5.217s]   203 |             transform = [01;31m[Ktransform_affine[m[K;
[5.218s]       |                         [01;31m[K^~~~~~~~~~~~~~~~[m[K
[5.218s] In file included from [01m[K/usr/include/eigen3/Eigen/Core:437[m[K,
[5.218s]                  from [01m[K/usr/include/eigen3/Eigen/Dense:1[m[K,
[5.218s]                  from [01m[K/home/baixiaobo/work/chassiss_odom_ws/ros2_for_rviz/odom_evo/include/odom_header.h:27[m[K,
[5.218s]                  from [01m[K/home/baixiaobo/work/chassiss_odom_ws/ros2_for_rviz/odom_evo/include/odom_subscriber_for_rviz.hpp:9[m[K,
[5.218s]                  from [01m[K/home/baixiaobo/work/chassiss_odom_ws/ros2_for_rviz/odom_evo/src/local_map_on_odom.cpp:10[m[K:
[5.218s] [01m[K/usr/include/eigen3/Eigen/src/Core/Matrix.h:206:33:[m[K [01;36m[Knote: [m[Kcandidate: ‘[01m[KEigen::Matrix<_Scalar, _Rows, _Cols, _Options, _MaxRows, _MaxCols>& Eigen::Matrix<_Scalar, _Rows, _Cols, _Options, _MaxRows, _MaxCols>::operator=(const Eigen::Matrix<_Scalar, _Rows, _Cols, _Options, _MaxRows, _MaxCols>&) [with _Scalar = double; int _Rows = 4; int _Cols = 4; int _Options = 0; int _MaxRows = 4; int _MaxCols = 4][m[K’
[5.218s]   206 |     EIGEN_STRONG_INLINE Matrix& [01;36m[Koperator[m[K=(const Matrix& other)
[5.218s]       |                                 [01;36m[K^~~~~~~~[m[K
[5.218s] [01m[K/usr/include/eigen3/Eigen/src/Core/Matrix.h:206:57:[m[K [01;36m[Knote: [m[K  no known conversion for argument 1 from ‘[01m[KEigen::Transform<double, 3, 2>[m[K’ to ‘[01m[Kconst Eigen::Matrix<double, 4, 4>&[m[K’
[5.218s]   206 |     EIGEN_STRONG_INLINE Matrix& operator=([01;36m[Kconst Matrix& other[m[K)
[5.218s]       |                                           [01;36m[K~~~~~~~~~~~~~~^~~~~[m[K
[5.218s] [01m[K/usr/include/eigen3/Eigen/src/Core/Matrix.h:223:33:[m[K [01;36m[Knote: [m[Kcandidate: ‘[01m[Ktemplate<class OtherDerived> Eigen::Matrix<_Scalar, _Rows, _Cols, _Options, _MaxRows, _MaxCols>& Eigen::Matrix<_Scalar, _Rows, _Cols, _Options, _MaxRows, _MaxCols>::operator=(const Eigen::DenseBase<OtherDerived>&) [with OtherDerived = OtherDerived; _Scalar = double; int _Rows = 4; int _Cols = 4; int _Options = 0; int _MaxRows = 4; int _MaxCols = 4][m[K’
[5.218s]   223 |     EIGEN_STRONG_INLINE Matrix& [01;36m[Koperator[m[K=(const DenseBase<OtherDerived>& other)
[5.218s]       |                                 [01;36m[K^~~~~~~~[m[K
[5.218s] [01m[K/usr/include/eigen3/Eigen/src/Core/Matrix.h:223:33:[m[K [01;36m[Knote: [m[K  template argument deduction/substitution failed:
[5.218s] In file included from [01m[K/home/baixiaobo/work/chassiss_odom_ws/ros2_for_rviz/odom_evo/src/local_map_on_odom.cpp:11[m[K:
[5.218s] [01m[K/home/baixiaobo/work/chassiss_odom_ws/ros2_for_rviz/odom_evo/include/odom_publisher_for_rviz.hpp:203:25:[m[K [01;36m[Knote: [m[K  ‘[01m[KEigen::Transform<double, 3, 2>[m[K’ is not derived from ‘[01m[Kconst Eigen::DenseBase<Derived>[m[K’
[5.218s]   203 |             transform = [01;36m[Ktransform_affine[m[K;
[5.218s]       |                         [01;36m[K^~~~~~~~~~~~~~~~[m[K
[5.218s] In file included from [01m[K/usr/include/eigen3/Eigen/Core:437[m[K,
[5.218s]                  from [01m[K/usr/include/eigen3/Eigen/Dense:1[m[K,
[5.219s]                  from [01m[K/home/baixiaobo/work/chassiss_odom_ws/ros2_for_rviz/odom_evo/include/odom_header.h:27[m[K,
[5.219s]                  from [01m[K/home/baixiaobo/work/chassiss_odom_ws/ros2_for_rviz/odom_evo/include/odom_subscriber_for_rviz.hpp:9[m[K,
[5.219s]                  from [01m[K/home/baixiaobo/work/chassiss_odom_ws/ros2_for_rviz/odom_evo/src/local_map_on_odom.cpp:10[m[K:
[5.219s] [01m[K/usr/include/eigen3/Eigen/src/Core/Matrix.h:236:33:[m[K [01;36m[Knote: [m[Kcandidate: ‘[01m[Ktemplate<class OtherDerived> Eigen::Matrix<_Scalar, _Rows, _Cols, _Options, _MaxRows, _MaxCols>& Eigen::Matrix<_Scalar, _Rows, _Cols, _Options, _MaxRows, _MaxCols>::operator=(const Eigen::EigenBase<OtherDerived>&) [with OtherDerived = OtherDerived; _Scalar = double; int _Rows = 4; int _Cols = 4; int _Options = 0; int _MaxRows = 4; int _MaxCols = 4][m[K’
[5.219s]   236 |     EIGEN_STRONG_INLINE Matrix& [01;36m[Koperator[m[K=(const EigenBase<OtherDerived> &other)
[5.219s]       |                                 [01;36m[K^~~~~~~~[m[K
[5.219s] [01m[K/usr/include/eigen3/Eigen/src/Core/Matrix.h:236:33:[m[K [01;36m[Knote: [m[K  template argument deduction/substitution failed:
[5.219s] In file included from [01m[K/home/baixiaobo/work/chassiss_odom_ws/ros2_for_rviz/odom_evo/src/local_map_on_odom.cpp:11[m[K:
[5.219s] [01m[K/home/baixiaobo/work/chassiss_odom_ws/ros2_for_rviz/odom_evo/include/odom_publisher_for_rviz.hpp:203:25:[m[K [01;36m[Knote: [m[K  ‘[01m[KEigen::Transform<double, 3, 2>[m[K’ is not derived from ‘[01m[Kconst Eigen::EigenBase<Derived>[m[K’
[5.219s]   203 |             transform = [01;36m[Ktransform_affine[m[K;
[5.219s]       |                         [01;36m[K^~~~~~~~~~~~~~~~[m[K
[5.219s] In file included from [01m[K/usr/include/eigen3/Eigen/Core:437[m[K,
[5.219s]                  from [01m[K/usr/include/eigen3/Eigen/Dense:1[m[K,
[5.219s]                  from [01m[K/home/baixiaobo/work/chassiss_odom_ws/ros2_for_rviz/odom_evo/include/odom_header.h:27[m[K,
[5.219s]                  from [01m[K/home/baixiaobo/work/chassiss_odom_ws/ros2_for_rviz/odom_evo/include/odom_subscriber_for_rviz.hpp:9[m[K,
[5.219s]                  from [01m[K/home/baixiaobo/work/chassiss_odom_ws/ros2_for_rviz/odom_evo/src/local_map_on_odom.cpp:10[m[K:
[5.219s] [01m[K/usr/include/eigen3/Eigen/src/Core/Matrix.h:243:33:[m[K [01;36m[Knote: [m[Kcandidate: ‘[01m[Ktemplate<class OtherDerived> Eigen::Matrix<_Scalar, _Rows, _Cols, _Options, _MaxRows, _MaxCols>& Eigen::Matrix<_Scalar, _Rows, _Cols, _Options, _MaxRows, _MaxCols>::operator=(const Eigen::ReturnByValue<OtherDerived>&) [with OtherDerived = OtherDerived; _Scalar = double; int _Rows = 4; int _Cols = 4; int _Options = 0; int _MaxRows = 4; int _MaxCols = 4][m[K’
[5.219s]   243 |     EIGEN_STRONG_INLINE Matrix& [01;36m[Koperator[m[K=(const ReturnByValue<OtherDerived>& func)
[5.219s]       |                                 [01;36m[K^~~~~~~~[m[K
[5.219s] [01m[K/usr/include/eigen3/Eigen/src/Core/Matrix.h:243:33:[m[K [01;36m[Knote: [m[K  template argument deduction/substitution failed:
[5.219s] In file included from [01m[K/home/baixiaobo/work/chassiss_odom_ws/ros2_for_rviz/odom_evo/src/local_map_on_odom.cpp:11[m[K:
[5.219s] [01m[K/home/baixiaobo/work/chassiss_odom_ws/ros2_for_rviz/odom_evo/include/odom_publisher_for_rviz.hpp:203:25:[m[K [01;36m[Knote: [m[K  ‘[01m[KEigen::Transform<double, 3, 2>[m[K’ is not derived from ‘[01m[Kconst Eigen::ReturnByValue<Derived>[m[K’
[5.220s]   203 |             transform = [01;36m[Ktransform_affine[m[K;
[5.220s]       |                         [01;36m[K^~~~~~~~~~~~~~~~[m[K
[5.220s] In file included from [01m[K/usr/include/eigen3/Eigen/Core:437[m[K,
[5.220s]                  from [01m[K/usr/include/eigen3/Eigen/Dense:1[m[K,
[5.220s]                  from [01m[K/home/baixiaobo/work/chassiss_odom_ws/ros2_for_rviz/odom_evo/include/odom_header.h:27[m[K,
[5.220s]                  from [01m[K/home/baixiaobo/work/chassiss_odom_ws/ros2_for_rviz/odom_evo/include/odom_subscriber_for_rviz.hpp:9[m[K,
[5.220s]                  from [01m[K/home/baixiaobo/work/chassiss_odom_ws/ros2_for_rviz/odom_evo/src/local_map_on_odom.cpp:10[m[K:
[5.220s] [01m[K/usr/include/eigen3/Eigen/src/Core/Matrix.h:281:13:[m[K [01;36m[Knote: [m[Kcandidate: ‘[01m[KEigen::Matrix<_Scalar, _Rows, _Cols, _Options, _MaxRows, _MaxCols>& Eigen::Matrix<_Scalar, _Rows, _Cols, _Options, _MaxRows, _MaxCols>::operator=(Eigen::Matrix<_Scalar, _Rows, _Cols, _Options, _MaxRows, _MaxCols>&&) [with _Scalar = double; int _Rows = 4; int _Cols = 4; int _Options = 0; int _MaxRows = 4; int _MaxCols = 4][m[K’
[5.220s]   281 |     Matrix& [01;36m[Koperator[m[K=(Matrix&& other) EIGEN_NOEXCEPT_IF(std::is_nothrow_move_assignable<Scalar>::value)
[5.220s]       |             [01;36m[K^~~~~~~~[m[K
[5.220s] [01m[K/usr/include/eigen3/Eigen/src/Core/Matrix.h:281:32:[m[K [01;36m[Knote: [m[K  no known conversion for argument 1 from ‘[01m[KEigen::Transform<double, 3, 2>[m[K’ to ‘[01m[KEigen::Matrix<double, 4, 4>&&[m[K’
[5.220s]   281 |     Matrix& operator=([01;36m[KMatrix&& other[m[K) EIGEN_NOEXCEPT_IF(std::is_nothrow_move_assignable<Scalar>::value)
[5.220s]       |                       [01;36m[K~~~~~~~~~^~~~~[m[K
[5.220s] [01m[K/usr/include/eigen3/Eigen/src/Core/Matrix.h:392:13:[m[K [01;36m[Knote: [m[Kcandidate: ‘[01m[Ktemplate<class OtherDerived> Eigen::Matrix<_Scalar, _Rows, _Cols, _Options, _MaxRows, _MaxCols>& Eigen::Matrix<_Scalar, _Rows, _Cols, _Options, _MaxRows, _MaxCols>::operator=(const Eigen::RotationBase<OtherDerived, Eigen::Matrix<_Scalar, _Rows, _Cols, _Options, _MaxRows, _MaxCols>::ColsAtCompileTime>&) [with OtherDerived = OtherDerived; _Scalar = double; int _Rows = 4; int _Cols = 4; int _Options = 0; int _MaxRows = 4; int _MaxCols = 4][m[K’
[5.220s]   392 |     Matrix& [01;36m[Koperator[m[K=(const RotationBase<OtherDerived,ColsAtCompileTime>& r);
[5.220s]       |             [01;36m[K^~~~~~~~[m[K
[5.220s] [01m[K/usr/include/eigen3/Eigen/src/Core/Matrix.h:392:13:[m[K [01;36m[Knote: [m[K  template argument deduction/substitution failed:
[5.220s] In file included from [01m[K/home/baixiaobo/work/chassiss_odom_ws/ros2_for_rviz/odom_evo/src/local_map_on_odom.cpp:11[m[K:
[5.220s] [01m[K/home/baixiaobo/work/chassiss_odom_ws/ros2_for_rviz/odom_evo/include/odom_publisher_for_rviz.hpp:203:25:[m[K [01;36m[Knote: [m[K  ‘[01m[KEigen::Transform<double, 3, 2>[m[K’ is not derived from ‘[01m[Kconst Eigen::RotationBase<OtherDerived, 4>[m[K’
[5.220s]   203 |             transform = [01;36m[Ktransform_affine[m[K;
[5.220s]       |                         [01;36m[K^~~~~~~~~~~~~~~~[m[K
[5.222s] [01m[K/home/baixiaobo/work/chassiss_odom_ws/ros2_for_rviz/odom_evo/include/odom_publisher_for_rviz.hpp:245:50:[m[K [01;31m[Kerror: [m[K‘[01m[Kwx[m[K’ was not declared in this scope; did you mean ‘[01m[Kqx[m[K’?
[5.222s]   245 |                 Eigen::Quaterniond quaternion(qw,[01;31m[Kwx[m[K,qy,qz);
[5.222s]       |                                                  [01;31m[K^~[m[K
[5.223s]       |                                                  [32m[Kqx[m[K
[5.223s] [01m[K/home/baixiaobo/work/chassiss_odom_ws/ros2_for_rviz/odom_evo/include/odom_publisher_for_rviz.hpp:246:39:[m[K [01;31m[Kerror: [m[Kinvalid use of non-static member function ‘[01m[KEigen::QuaternionBase<Derived>::Matrix3 Eigen::QuaternionBase<Derived>::toRotationMatrix() const [with Derived = Eigen::Quaternion<double>; Eigen::QuaternionBase<Derived>::Matrix3 = Eigen::Matrix<double, 3, 3>; typename Eigen::internal::traits<T>::Scalar = double][m[K’
[5.223s]   246 |                 rotation = quaternion.[01;31m[KtoRotationMatrix[m[K;
[5.223s]       |                                       [01;31m[K^~~~~~~~~~~~~~~~[m[K
[5.223s] In file included from [01m[K/usr/include/eigen3/Eigen/Geometry:42[m[K,
[5.223s]                  from [01m[K/usr/include/eigen3/Eigen/Dense:6[m[K,
[5.223s]                  from [01m[K/home/baixiaobo/work/chassiss_odom_ws/ros2_for_rviz/odom_evo/include/odom_header.h:27[m[K,
[5.223s]                  from [01m[K/home/baixiaobo/work/chassiss_odom_ws/ros2_for_rviz/odom_evo/include/odom_subscriber_for_rviz.hpp:9[m[K,
[5.223s]                  from [01m[K/home/baixiaobo/work/chassiss_odom_ws/ros2_for_rviz/odom_evo/src/local_map_on_odom.cpp:10[m[K:
[5.223s] [01m[K/usr/include/eigen3/Eigen/src/Geometry/Quaternion.h:531:1:[m[K [01;36m[Knote: [m[Kdeclared here
[5.223s]   531 | [01;36m[KQuaternionBase<Derived>[m[K::toRotationMatrix(void) const
[5.223s]       | [01;36m[K^~~~~~~~~~~~~~~~~~~~~~~[m[K
[5.223s] In file included from [01m[K/home/baixiaobo/work/chassiss_odom_ws/ros2_for_rviz/odom_evo/src/local_map_on_odom.cpp:11[m[K:
[5.223s] [01m[K/home/baixiaobo/work/chassiss_odom_ws/ros2_for_rviz/odom_evo/include/odom_publisher_for_rviz.hpp:241:23:[m[K [01;35m[Kwarning: [m[Kunused variable ‘[01m[Kqx[m[K’ [[01;35m[K-Wunused-variable[m[K]
[5.223s]   241 |                 float [01;35m[Kqx[m[K = odom_input.at(i).odom().pose_quaternion().x();
[5.223s]       |                       [01;35m[K^~[m[K
[5.225s] [01m[K/home/baixiaobo/work/chassiss_odom_ws/ros2_for_rviz/odom_evo/include/odom_publisher_for_rviz.hpp:268:46:[m[K [01;31m[Kerror: [m[K‘[01m[Kwx[m[K’ was not declared in this scope; did you mean ‘[01m[Kqx[m[K’?
[5.225s]   268 |             Eigen::Quaterniond quaternion(qw,[01;31m[Kwx[m[K,qy,qz);
[5.225s]       |                                              [01;31m[K^~[m[K
[5.225s]       |                                              [32m[Kqx[m[K
[5.226s] [01m[K/home/baixiaobo/work/chassiss_odom_ws/ros2_for_rviz/odom_evo/include/odom_publisher_for_rviz.hpp:269:35:[m[K [01;31m[Kerror: [m[Kinvalid use of non-static member function ‘[01m[KEigen::QuaternionBase<Derived>::Matrix3 Eigen::QuaternionBase<Derived>::toRotationMatrix() const [with Derived = Eigen::Quaternion<double>; Eigen::QuaternionBase<Derived>::Matrix3 = Eigen::Matrix<double, 3, 3>; typename Eigen::internal::traits<T>::Scalar = double][m[K’
[5.226s]   269 |             rotation = quaternion.[01;31m[KtoRotationMatrix[m[K;
[5.226s]       |                                   [01;31m[K^~~~~~~~~~~~~~~~[m[K
[5.226s] In file included from [01m[K/usr/include/eigen3/Eigen/Geometry:42[m[K,
[5.226s]                  from [01m[K/usr/include/eigen3/Eigen/Dense:6[m[K,
[5.226s]                  from [01m[K/home/baixiaobo/work/chassiss_odom_ws/ros2_for_rviz/odom_evo/include/odom_header.h:27[m[K,
[5.226s]                  from [01m[K/home/baixiaobo/work/chassiss_odom_ws/ros2_for_rviz/odom_evo/include/odom_subscriber_for_rviz.hpp:9[m[K,
[5.226s]                  from [01m[K/home/baixiaobo/work/chassiss_odom_ws/ros2_for_rviz/odom_evo/src/local_map_on_odom.cpp:10[m[K:
[5.226s] [01m[K/usr/include/eigen3/Eigen/src/Geometry/Quaternion.h:531:1:[m[K [01;36m[Knote: [m[Kdeclared here
[5.226s]   531 | [01;36m[KQuaternionBase<Derived>[m[K::toRotationMatrix(void) const
[5.226s]       | [01;36m[K^~~~~~~~~~~~~~~~~~~~~~~[m[K
[5.226s] In file included from [01m[K/home/baixiaobo/work/chassiss_odom_ws/ros2_for_rviz/odom_evo/src/local_map_on_odom.cpp:11[m[K:
[5.226s] [01m[K/home/baixiaobo/work/chassiss_odom_ws/ros2_for_rviz/odom_evo/include/odom_publisher_for_rviz.hpp:284:25:[m[K [01;31m[Kerror: [m[Kno match for ‘[01m[Koperator=[m[K’ (operand types are ‘[01m[KEigen::Matrix<double, 4, 4>[m[K’ and ‘[01m[KEigen::Transform<double, 3, 2>[m[K’)
[5.226s]   284 |             transform = [01;31m[Ktransform_affine[m[K;
[5.226s]       |                         [01;31m[K^~~~~~~~~~~~~~~~[m[K
[5.226s] In file included from [01m[K/usr/include/eigen3/Eigen/Core:437[m[K,
[5.226s]                  from [01m[K/usr/include/eigen3/Eigen/Dense:1[m[K,
[5.226s]                  from [01m[K/home/baixiaobo/work/chassiss_odom_ws/ros2_for_rviz/odom_evo/include/odom_header.h:27[m[K,
[5.226s]                  from [01m[K/home/baixiaobo/work/chassiss_odom_ws/ros2_for_rviz/odom_evo/include/odom_subscriber_for_rviz.hpp:9[m[K,
[5.227s]                  from [01m[K/home/baixiaobo/work/chassiss_odom_ws/ros2_for_rviz/odom_evo/src/local_map_on_odom.cpp:10[m[K:
[5.227s] [01m[K/usr/include/eigen3/Eigen/src/Core/Matrix.h:206:33:[m[K [01;36m[Knote: [m[Kcandidate: ‘[01m[KEigen::Matrix<_Scalar, _Rows, _Cols, _Options, _MaxRows, _MaxCols>& Eigen::Matrix<_Scalar, _Rows, _Cols, _Options, _MaxRows, _MaxCols>::operator=(const Eigen::Matrix<_Scalar, _Rows, _Cols, _Options, _MaxRows, _MaxCols>&) [with _Scalar = double; int _Rows = 4; int _Cols = 4; int _Options = 0; int _MaxRows = 4; int _MaxCols = 4][m[K’
[5.227s]   206 |     EIGEN_STRONG_INLINE Matrix& [01;36m[Koperator[m[K=(const Matrix& other)
[5.227s]       |                                 [01;36m[K^~~~~~~~[m[K
[5.227s] [01m[K/usr/include/eigen3/Eigen/src/Core/Matrix.h:206:57:[m[K [01;36m[Knote: [m[K  no known conversion for argument 1 from ‘[01m[KEigen::Transform<double, 3, 2>[m[K’ to ‘[01m[Kconst Eigen::Matrix<double, 4, 4>&[m[K’
[5.227s]   206 |     EIGEN_STRONG_INLINE Matrix& operator=([01;36m[Kconst Matrix& other[m[K)
[5.227s]       |                                           [01;36m[K~~~~~~~~~~~~~~^~~~~[m[K
[5.227s] [01m[K/usr/include/eigen3/Eigen/src/Core/Matrix.h:223:33:[m[K [01;36m[Knote: [m[Kcandidate: ‘[01m[Ktemplate<class OtherDerived> Eigen::Matrix<_Scalar, _Rows, _Cols, _Options, _MaxRows, _MaxCols>& Eigen::Matrix<_Scalar, _Rows, _Cols, _Options, _MaxRows, _MaxCols>::operator=(const Eigen::DenseBase<OtherDerived>&) [with OtherDerived = OtherDerived; _Scalar = double; int _Rows = 4; int _Cols = 4; int _Options = 0; int _MaxRows = 4; int _MaxCols = 4][m[K’
[5.227s]   223 |     EIGEN_STRONG_INLINE Matrix& [01;36m[Koperator[m[K=(const DenseBase<OtherDerived>& other)
[5.227s]       |                                 [01;36m[K^~~~~~~~[m[K
[5.227s] [01m[K/usr/include/eigen3/Eigen/src/Core/Matrix.h:223:33:[m[K [01;36m[Knote: [m[K  template argument deduction/substitution failed:
[5.227s] In file included from [01m[K/home/baixiaobo/work/chassiss_odom_ws/ros2_for_rviz/odom_evo/src/local_map_on_odom.cpp:11[m[K:
[5.227s] [01m[K/home/baixiaobo/work/chassiss_odom_ws/ros2_for_rviz/odom_evo/include/odom_publisher_for_rviz.hpp:284:25:[m[K [01;36m[Knote: [m[K  ‘[01m[KEigen::Transform<double, 3, 2>[m[K’ is not derived from ‘[01m[Kconst Eigen::DenseBase<Derived>[m[K’
[5.227s]   284 |             transform = [01;36m[Ktransform_affine[m[K;
[5.227s]       |                         [01;36m[K^~~~~~~~~~~~~~~~[m[K
[5.227s] In file included from [01m[K/usr/include/eigen3/Eigen/Core:437[m[K,
[5.227s]                  from [01m[K/usr/include/eigen3/Eigen/Dense:1[m[K,
[5.227s]                  from [01m[K/home/baixiaobo/work/chassiss_odom_ws/ros2_for_rviz/odom_evo/include/odom_header.h:27[m[K,
[5.227s]                  from [01m[K/home/baixiaobo/work/chassiss_odom_ws/ros2_for_rviz/odom_evo/include/odom_subscriber_for_rviz.hpp:9[m[K,
[5.227s]                  from [01m[K/home/baixiaobo/work/chassiss_odom_ws/ros2_for_rviz/odom_evo/src/local_map_on_odom.cpp:10[m[K:
[5.227s] [01m[K/usr/include/eigen3/Eigen/src/Core/Matrix.h:236:33:[m[K [01;36m[Knote: [m[Kcandidate: ‘[01m[Ktemplate<class OtherDerived> Eigen::Matrix<_Scalar, _Rows, _Cols, _Options, _MaxRows, _MaxCols>& Eigen::Matrix<_Scalar, _Rows, _Cols, _Options, _MaxRows, _MaxCols>::operator=(const Eigen::EigenBase<OtherDerived>&) [with OtherDerived = OtherDerived; _Scalar = double; int _Rows = 4; int _Cols = 4; int _Options = 0; int _MaxRows = 4; int _MaxCols = 4][m[K’
[5.227s]   236 |     EIGEN_STRONG_INLINE Matrix& [01;36m[Koperator[m[K=(const EigenBase<OtherDerived> &other)
[5.227s]       |                                 [01;36m[K^~~~~~~~[m[K
[5.227s] [01m[K/usr/include/eigen3/Eigen/src/Core/Matrix.h:236:33:[m[K [01;36m[Knote: [m[K  template argument deduction/substitution failed:
[5.227s] In file included from [01m[K/home/baixiaobo/work/chassiss_odom_ws/ros2_for_rviz/odom_evo/src/local_map_on_odom.cpp:11[m[K:
[5.227s] [01m[K/home/baixiaobo/work/chassiss_odom_ws/ros2_for_rviz/odom_evo/include/odom_publisher_for_rviz.hpp:284:25:[m[K [01;36m[Knote: [m[K  ‘[01m[KEigen::Transform<double, 3, 2>[m[K’ is not derived from ‘[01m[Kconst Eigen::EigenBase<Derived>[m[K’
[5.228s]   284 |             transform = [01;36m[Ktransform_affine[m[K;
[5.228s]       |                         [01;36m[K^~~~~~~~~~~~~~~~[m[K
[5.228s] In file included from [01m[K/usr/include/eigen3/Eigen/Core:437[m[K,
[5.228s]                  from [01m[K/usr/include/eigen3/Eigen/Dense:1[m[K,
[5.228s]                  from [01m[K/home/baixiaobo/work/chassiss_odom_ws/ros2_for_rviz/odom_evo/include/odom_header.h:27[m[K,
[5.228s]                  from [01m[K/home/baixiaobo/work/chassiss_odom_ws/ros2_for_rviz/odom_evo/include/odom_subscriber_for_rviz.hpp:9[m[K,
[5.228s]                  from [01m[K/home/baixiaobo/work/chassiss_odom_ws/ros2_for_rviz/odom_evo/src/local_map_on_odom.cpp:10[m[K:
[5.228s] [01m[K/usr/include/eigen3/Eigen/src/Core/Matrix.h:243:33:[m[K [01;36m[Knote: [m[Kcandidate: ‘[01m[Ktemplate<class OtherDerived> Eigen::Matrix<_Scalar, _Rows, _Cols, _Options, _MaxRows, _MaxCols>& Eigen::Matrix<_Scalar, _Rows, _Cols, _Options, _MaxRows, _MaxCols>::operator=(const Eigen::ReturnByValue<OtherDerived>&) [with OtherDerived = OtherDerived; _Scalar = double; int _Rows = 4; int _Cols = 4; int _Options = 0; int _MaxRows = 4; int _MaxCols = 4][m[K’
[5.228s]   243 |     EIGEN_STRONG_INLINE Matrix& [01;36m[Koperator[m[K=(const ReturnByValue<OtherDerived>& func)
[5.228s]       |                                 [01;36m[K^~~~~~~~[m[K
[5.228s] [01m[K/usr/include/eigen3/Eigen/src/Core/Matrix.h:243:33:[m[K [01;36m[Knote: [m[K  template argument deduction/substitution failed:
[5.228s] In file included from [01m[K/home/baixiaobo/work/chassiss_odom_ws/ros2_for_rviz/odom_evo/src/local_map_on_odom.cpp:11[m[K:
[5.228s] [01m[K/home/baixiaobo/work/chassiss_odom_ws/ros2_for_rviz/odom_evo/include/odom_publisher_for_rviz.hpp:284:25:[m[K [01;36m[Knote: [m[K  ‘[01m[KEigen::Transform<double, 3, 2>[m[K’ is not derived from ‘[01m[Kconst Eigen::ReturnByValue<Derived>[m[K’
[5.228s]   284 |             transform = [01;36m[Ktransform_affine[m[K;
[5.228s]       |                         [01;36m[K^~~~~~~~~~~~~~~~[m[K
[5.228s] In file included from [01m[K/usr/include/eigen3/Eigen/Core:437[m[K,
[5.228s]                  from [01m[K/usr/include/eigen3/Eigen/Dense:1[m[K,
[5.228s]                  from [01m[K/home/baixiaobo/work/chassiss_odom_ws/ros2_for_rviz/odom_evo/include/odom_header.h:27[m[K,
[5.228s]                  from [01m[K/home/baixiaobo/work/chassiss_odom_ws/ros2_for_rviz/odom_evo/include/odom_subscriber_for_rviz.hpp:9[m[K,
[5.228s]                  from [01m[K/home/baixiaobo/work/chassiss_odom_ws/ros2_for_rviz/odom_evo/src/local_map_on_odom.cpp:10[m[K:
[5.228s] [01m[K/usr/include/eigen3/Eigen/src/Core/Matrix.h:281:13:[m[K [01;36m[Knote: [m[Kcandidate: ‘[01m[KEigen::Matrix<_Scalar, _Rows, _Cols, _Options, _MaxRows, _MaxCols>& Eigen::Matrix<_Scalar, _Rows, _Cols, _Options, _MaxRows, _MaxCols>::operator=(Eigen::Matrix<_Scalar, _Rows, _Cols, _Options, _MaxRows, _MaxCols>&&) [with _Scalar = double; int _Rows = 4; int _Cols = 4; int _Options = 0; int _MaxRows = 4; int _MaxCols = 4][m[K’
[5.228s]   281 |     Matrix& [01;36m[Koperator[m[K=(Matrix&& other) EIGEN_NOEXCEPT_IF(std::is_nothrow_move_assignable<Scalar>::value)
[5.228s]       |             [01;36m[K^~~~~~~~[m[K
[5.228s] [01m[K/usr/include/eigen3/Eigen/src/Core/Matrix.h:281:32:[m[K [01;36m[Knote: [m[K  no known conversion for argument 1 from ‘[01m[KEigen::Transform<double, 3, 2>[m[K’ to ‘[01m[KEigen::Matrix<double, 4, 4>&&[m[K’
[5.228s]   281 |     Matrix& operator=([01;36m[KMatrix&& other[m[K) EIGEN_NOEXCEPT_IF(std::is_nothrow_move_assignable<Scalar>::value)
[5.229s]       |                       [01;36m[K~~~~~~~~~^~~~~[m[K
[5.229s] [01m[K/usr/include/eigen3/Eigen/src/Core/Matrix.h:392:13:[m[K [01;36m[Knote: [m[Kcandidate: ‘[01m[Ktemplate<class OtherDerived> Eigen::Matrix<_Scalar, _Rows, _Cols, _Options, _MaxRows, _MaxCols>& Eigen::Matrix<_Scalar, _Rows, _Cols, _Options, _MaxRows, _MaxCols>::operator=(const Eigen::RotationBase<OtherDerived, Eigen::Matrix<_Scalar, _Rows, _Cols, _Options, _MaxRows, _MaxCols>::ColsAtCompileTime>&) [with OtherDerived = OtherDerived; _Scalar = double; int _Rows = 4; int _Cols = 4; int _Options = 0; int _MaxRows = 4; int _MaxCols = 4][m[K’
[5.229s]   392 |     Matrix& [01;36m[Koperator[m[K=(const RotationBase<OtherDerived,ColsAtCompileTime>& r);
[5.229s]       |             [01;36m[K^~~~~~~~[m[K
[5.229s] [01m[K/usr/include/eigen3/Eigen/src/Core/Matrix.h:392:13:[m[K [01;36m[Knote: [m[K  template argument deduction/substitution failed:
[5.229s] In file included from [01m[K/home/baixiaobo/work/chassiss_odom_ws/ros2_for_rviz/odom_evo/src/local_map_on_odom.cpp:11[m[K:
[5.229s] [01m[K/home/baixiaobo/work/chassiss_odom_ws/ros2_for_rviz/odom_evo/include/odom_publisher_for_rviz.hpp:284:25:[m[K [01;36m[Knote: [m[K  ‘[01m[KEigen::Transform<double, 3, 2>[m[K’ is not derived from ‘[01m[Kconst Eigen::RotationBase<OtherDerived, 4>[m[K’
[5.229s]   284 |             transform = [01;36m[Ktransform_affine[m[K;
[5.229s]       |                         [01;36m[K^~~~~~~~~~~~~~~~[m[K
[10.393s] make[2]: *** [CMakeFiles/odom_map_tum.dir/build.make:76: CMakeFiles/odom_map_tum.dir/src/local_map_on_odom.cpp.o] Error 1
[10.393s] make[1]: *** [CMakeFiles/Makefile2:137: CMakeFiles/odom_map_tum.dir/all] Error 2
[10.393s] make: *** [Makefile:146: all] Error 2
[10.396s] Invoked command in '/home/baixiaobo/work/chassiss_odom_ws/ros2_for_rviz/odom_evo/build/odom_map_tum' returned '2': CMAKE_PREFIX_PATH=${CMAKE_PREFIX_PATH}:/home/baixiaobo/work/chassiss_odom_ws/ros2_for_rviz/odom_evo/install/odom_map:/opt/ros/galactic CONDA_PROMPT_MODIFIER=(new_python3.6) /usr/local/bin/cmake --build /home/baixiaobo/work/chassiss_odom_ws/ros2_for_rviz/odom_evo/build/odom_map_tum -- -j16 -l16
