-- Found ament_cmake: 1.1.5 (/opt/ros/galactic/share/ament_cmake/cmake)
-- Using PYTHON_EXECUTABLE: /home/baixiaobo/anaconda3/bin/python3
-- Found rclcpp: 9.2.1 (/opt/ros/galactic/share/rclcpp/cmake)
-- Using all available rosidl_typesupport_c: rosidl_typesupport_fastrtps_c;rosidl_typesupport_introspection_c
-- Found rosidl_adapter: 2.2.2 (/opt/ros/galactic/share/rosidl_adapter/cmake)
-- Using all available rosidl_typesupport_cpp: rosidl_typesupport_fastrtps_cpp;rosidl_typesupport_introspection_cpp
-- Found rmw_implementation_cmake: 3.3.1 (/opt/ros/galactic/share/rmw_implementation_cmake/cmake)
-- Found rmw_cyclonedds_cpp: 0.22.5 (/opt/ros/galactic/share/rmw_cyclonedds_cpp/cmake)
-- Using RMW implementation 'rmw_cyclonedds_cpp' as default
-- Found sensor_msgs: 2.2.4 (/opt/ros/galactic/share/sensor_msgs/cmake)
-- Eigen found (include: /usr/include/eigen3, version: 3.3.4)
-- The imported target "vtkParseOGLExt" references the file
   "/usr/bin/vtkParseOGLExt-7.1"
but this file does not exist.  Possible reasons include:
* The file was deleted, renamed, or moved to another location.
* An install or uninstall procedure did not complete successfully.
* The installation package was faulty and contained
   "/usr/lib/cmake/vtk-7.1/VTKTargets.cmake"
but not all the files it references.

-- The imported target "vtkRenderingPythonTkWidgets" references the file
   "/usr/lib/x86_64-linux-gnu/libvtkRenderingPythonTkWidgets.so"
but this file does not exist.  Possible reasons include:
* The file was deleted, renamed, or moved to another location.
* An install or uninstall procedure did not complete successfully.
* The installation package was faulty and contained
   "/usr/lib/cmake/vtk-7.1/VTKTargets.cmake"
but not all the files it references.

-- The imported target "vtk" references the file
   "/usr/bin/vtk"
but this file does not exist.  Possible reasons include:
* The file was deleted, renamed, or moved to another location.
* An install or uninstall procedure did not complete successfully.
* The installation package was faulty and contained
   "/usr/lib/cmake/vtk-7.1/VTKTargets.cmake"
but not all the files it references.

-- The imported target "pvtk" references the file
   "/usr/bin/pvtk"
but this file does not exist.  Possible reasons include:
* The file was deleted, renamed, or moved to another location.
* An install or uninstall procedure did not complete successfully.
* The installation package was faulty and contained
   "/usr/lib/cmake/vtk-7.1/VTKTargets.cmake"
but not all the files it references.

-- OpenNI found (include: /usr/include/ni, lib: /usr/lib/libOpenNI.so)
-- OpenNI2 found (include: /usr/include/openni2, lib: /usr/lib/libOpenNI2.so)
-- OpenNI found (include: /usr/include/ni, lib: /usr/lib/libOpenNI.so)
-- OpenNI2 found (include: /usr/include/openni2, lib: /usr/lib/libOpenNI2.so)
-- QHULL found (include: /usr/include, lib: optimized;/usr/lib/x86_64-linux-gnu/libqhull.so;debug;/usr/lib/x86_64-linux-gnu/libqhull.so)
-- OpenNI found (include: /usr/include/ni, lib: /usr/lib/libOpenNI.so)
-- Found nav_msgs: 2.2.4 (/opt/ros/galactic/share/nav_msgs/cmake)
-- Found rosidl_default_generators: 1.1.1 (/opt/ros/galactic/share/rosidl_default_generators/cmake)
-- Found tf2: 0.17.3 (/opt/ros/galactic/share/tf2/cmake)
-- Found tf2_ros: 0.17.3 (/opt/ros/galactic/share/tf2_ros/cmake)
-- Found ament_lint_auto: 0.10.7 (/opt/ros/galactic/share/ament_lint_auto/cmake)
-- Configuring incomplete, errors occurred!
See also "/home/baixiaobo/work/chassiss_odom_ws/ros2_for_rviz/ChassisOdomMap/build/odom_map_for_rviz/CMakeFiles/CMakeOutput.log".
See also "/home/baixiaobo/work/chassiss_odom_ws/ros2_for_rviz/ChassisOdomMap/build/odom_map_for_rviz/CMakeFiles/CMakeError.log".
