-- Found ament_cmake: 1.1.5 (/opt/ros/galactic/share/ament_cmake/cmake)
-- Using PYTHON_EXECUTABLE: /home/baixiaobo/anaconda3/bin/python3
-- Found rclcpp: 9.2.1 (/opt/ros/galactic/share/rclcpp/cmake)
-- Using all available rosidl_typesupport_c: rosidl_typesupport_fastrtps_c;rosidl_typesupport_introspection_c
-- Found rosidl_adapter: 2.2.2 (/opt/ros/galactic/share/rosidl_adapter/cmake)
-- Using all available rosidl_typesupport_cpp: rosidl_typesupport_fastrtps_cpp;rosidl_typesupport_introspection_cpp
-- Found rmw_implementation_cmake: 3.3.1 (/opt/ros/galactic/share/rmw_implementation_cmake/cmake)
-- Found rmw_fastrtps_cpp: 5.0.2 (/opt/ros/galactic/share/rmw_fastrtps_cpp/cmake)
-- Using RMW implementation 'rmw_fastrtps_cpp' as default
-- Found sensor_msgs: 2.2.4 (/opt/ros/galactic/share/sensor_msgs/cmake)
-- Eigen found (include: /usr/include/eigen3, version: 3.3.4)
-- The imported target "vtkParseOGLExt" references the file
   "/usr/bin/vtkParseOGLExt-7.1"
but this file does not exist.  Possible reasons include:
* The file was deleted, renamed, or moved to another location.
* An install or uninstall procedure did not complete successfully.
* The installation package was faulty and contained
   "/usr/lib/cmake/vtk-7.1/VTKTargets.cmake"
but not all the files it references.

-- The imported target "vtkRenderingPythonTkWidgets" references the file
   "/usr/lib/x86_64-linux-gnu/libvtkRenderingPythonTkWidgets.so"
but this file does not exist.  Possible reasons include:
* The file was deleted, renamed, or moved to another location.
* An install or uninstall procedure did not complete successfully.
* The installation package was faulty and contained
   "/usr/lib/cmake/vtk-7.1/VTKTargets.cmake"
but not all the files it references.

-- The imported target "vtk" references the file
   "/usr/bin/vtk"
but this file does not exist.  Possible reasons include:
* The file was deleted, renamed, or moved to another location.
* An install or uninstall procedure did not complete successfully.
* The installation package was faulty and contained
   "/usr/lib/cmake/vtk-7.1/VTKTargets.cmake"
but not all the files it references.

-- The imported target "pvtk" references the file
   "/usr/bin/pvtk"
but this file does not exist.  Possible reasons include:
* The file was deleted, renamed, or moved to another location.
* An install or uninstall procedure did not complete successfully.
* The installation package was faulty and contained
   "/usr/lib/cmake/vtk-7.1/VTKTargets.cmake"
but not all the files it references.

-- OpenNI found (include: /usr/include/ni, lib: /usr/lib/libOpenNI.so)
-- OpenNI2 found (include: /usr/include/openni2, lib: /usr/lib/libOpenNI2.so)
-- OpenNI found (include: /usr/include/ni, lib: /usr/lib/libOpenNI.so)
-- OpenNI2 found (include: /usr/include/openni2, lib: /usr/lib/libOpenNI2.so)
-- QHULL found (include: /usr/include, lib: optimized;/usr/lib/x86_64-linux-gnu/libqhull.so;debug;/usr/lib/x86_64-linux-gnu/libqhull.so)
-- OpenNI found (include: /usr/include/ni, lib: /usr/lib/libOpenNI.so)
-- Found nav_msgs: 2.2.4 (/opt/ros/galactic/share/nav_msgs/cmake)
-- Found rosidl_default_generators: 1.1.1 (/opt/ros/galactic/share/rosidl_default_generators/cmake)
-- Found tf2: 0.17.3 (/opt/ros/galactic/share/tf2/cmake)
-- Found tf2_ros: 0.17.3 (/opt/ros/galactic/share/tf2_ros/cmake)
-- Found ament_lint_auto: 0.10.7 (/opt/ros/galactic/share/ament_lint_auto/cmake)
-- Found calmcar: 0.0.0 (/home/baixiaobo/work/chassiss_odom_ws/ros2_for_rviz/odom_evo/install/calmcar/share/calmcar/cmake)
-- Added test 'copyright' to check source files copyright and LICENSE
-- Added test 'cppcheck' to perform static code analysis on C / C++ code
-- Configured cppcheck include dirs: /home/baixiaobo/work/chassiss_odom_ws/ros2_for_rviz/odom_evo/driver/rs_driver/src;/home/baixiaobo/work/chassiss_odom_ws/ros2_for_rviz/odom_evo/include;/home/baixiaobo/work/chassiss_odom_ws/ros2_for_rviz/odom_evo/proto;/home/baixiaobo/work/chassiss_odom_ws/ros2_for_rviz/odom_evo/install/calmcar/include
-- Configured cppcheck exclude dirs and/or files: 
-- Added test 'cpplint' to check C / C++ code against the Google style
-- Configured cpplint exclude dirs and/or files: 
-- Added test 'flake8' to check Python code syntax and style conventions
-- Added test 'lint_cmake' to check CMake code style
-- Added test 'pep257' to check Python code against some of the style conventions in PEP 257
-- Added test 'uncrustify' to check C / C++ code style
-- Configured uncrustify additional arguments: 
-- Added test 'xmllint' to check XML markup files
-- Configuring done
-- Generating done
-- Build files have been written to: /home/baixiaobo/work/chassiss_odom_ws/ros2_for_rviz/odom_evo/build/odom_map_tum
[35m[1mConsolidate compiler generated dependencies of target odom_map_tum[0m
[  4%] [32mBuilding CXX object CMakeFiles/odom_map_tum.dir/proto/ads_ehr.pb.cc.o[0m
[  6%] [32mBuilding CXX object CMakeFiles/odom_map_tum.dir/src/local_map_on_odom.cpp.o[0m
[  6%] [32mBuilding CXX object CMakeFiles/odom_map_tum.dir/proto/ads_pred.pb.cc.o[0m
[  8%] [32mBuilding CXX object CMakeFiles/odom_map_tum.dir/proto/fusion_lane_out_v1_0.pb.cc.o[0m
[ 13%] [32mBuilding CXX object CMakeFiles/odom_map_tum.dir/proto/fusion_od_out_v1_0.pb.cc.o[0m
[ 13%] [32mBuilding CXX object CMakeFiles/odom_map_tum.dir/proto/geometry.pb.cc.o[0m
[ 15%] [32mBuilding CXX object CMakeFiles/odom_map_tum.dir/proto/fusion_od.pb.cc.o[0m
[ 17%] [32mBuilding CXX object CMakeFiles/odom_map_tum.dir/proto/gnss_in.pb.cc.o[0m
[ 19%] [32mBuilding CXX object CMakeFiles/odom_map_tum.dir/proto/header.pb.cc.o[0m
[ 21%] [32mBuilding CXX object CMakeFiles/odom_map_tum.dir/proto/imu.pb.cc.o[0m
[ 23%] [32mBuilding CXX object CMakeFiles/odom_map_tum.dir/proto/ins_in.pb.cc.o[0m
[ 26%] [32mBuilding CXX object CMakeFiles/odom_map_tum.dir/proto/lidar_obj.pb.cc.o[0m
[ 28%] [32mBuilding CXX object CMakeFiles/odom_map_tum.dir/proto/lidar_track_obj.pb.cc.o[0m
[ 30%] [32mBuilding CXX object CMakeFiles/odom_map_tum.dir/proto/map.pb.cc.o[0m
[ 32%] [32mBuilding CXX object CMakeFiles/odom_map_tum.dir/proto/mobileye.pb.cc.o[0m
[ 34%] [32mBuilding CXX object CMakeFiles/odom_map_tum.dir/proto/odom.pb.cc.o[0m
[ 36%] [32mBuilding CXX object CMakeFiles/odom_map_tum.dir/proto/perception.pb.cc.o[0m
[ 39%] [32mBuilding CXX object CMakeFiles/odom_map_tum.dir/proto/perception_barricade.pb.cc.o[0m
[ 41%] [32mBuilding CXX object CMakeFiles/odom_map_tum.dir/proto/perception_road.pb.cc.o[0m
[ 43%] [32mBuilding CXX object CMakeFiles/odom_map_tum.dir/proto/perception_sensor_info.pb.cc.o[0m
[ 45%] [32mBuilding CXX object CMakeFiles/odom_map_tum.dir/proto/perception_types.pb.cc.o[0m
[ 47%] [32mBuilding CXX object CMakeFiles/odom_map_tum.dir/proto/perception_vehicle.pb.cc.o[0m
[ 50%] [32mBuilding CXX object CMakeFiles/odom_map_tum.dir/proto/radar_ars_od.pb.cc.o[0m
[ 52%] [32mBuilding CXX object CMakeFiles/odom_map_tum.dir/proto/radar_srr5.pb.cc.o[0m
[ 54%] [32mBuilding CXX object CMakeFiles/odom_map_tum.dir/proto/radar_srr_fc_fs.pb.cc.o[0m
[ 56%] [32mBuilding CXX object CMakeFiles/odom_map_tum.dir/proto/radar_srr_fc_lane.pb.cc.o[0m
[ 58%] [32mBuilding CXX object CMakeFiles/odom_map_tum.dir/proto/radar_srr_fc_od.pb.cc.o[0m
[ 60%] [32mBuilding CXX object CMakeFiles/odom_map_tum.dir/proto/radar_srr_rc_fs.pb.cc.o[0m
[ 63%] [32mBuilding CXX object CMakeFiles/odom_map_tum.dir/proto/radar_srr_rc_lane.pb.cc.o[0m
[ 65%] [32mBuilding CXX object CMakeFiles/odom_map_tum.dir/proto/radar_srr_rc_od.pb.cc.o[0m
[ 67%] [32mBuilding CXX object CMakeFiles/odom_map_tum.dir/proto/tsr.pb.cc.o[0m
[ 69%] [32m[1mLinking CXX executable odom_map_tum[0m
[100%] Built target odom_map_tum
-- Install configuration: "RELEASE"
-- Installing: /home/baixiaobo/work/chassiss_odom_ws/ros2_for_rviz/odom_evo/install/odom_map_tum/lib/odom_map_tum/odom_map_tum
-- Set runtime path of "/home/baixiaobo/work/chassiss_odom_ws/ros2_for_rviz/odom_evo/install/odom_map_tum/lib/odom_map_tum/odom_map_tum" to ""
-- Up-to-date: /home/baixiaobo/work/chassiss_odom_ws/ros2_for_rviz/odom_evo/install/odom_map_tum/share/ament_index/resource_index/package_run_dependencies/odom_map_tum
-- Installing: /home/baixiaobo/work/chassiss_odom_ws/ros2_for_rviz/odom_evo/install/odom_map_tum/share/ament_index/resource_index/parent_prefix_path/odom_map_tum
-- Up-to-date: /home/baixiaobo/work/chassiss_odom_ws/ros2_for_rviz/odom_evo/install/odom_map_tum/share/odom_map_tum/environment/ament_prefix_path.sh
-- Installing: /home/baixiaobo/work/chassiss_odom_ws/ros2_for_rviz/odom_evo/install/odom_map_tum/share/odom_map_tum/environment/ament_prefix_path.dsv
-- Up-to-date: /home/baixiaobo/work/chassiss_odom_ws/ros2_for_rviz/odom_evo/install/odom_map_tum/share/odom_map_tum/environment/path.sh
-- Installing: /home/baixiaobo/work/chassiss_odom_ws/ros2_for_rviz/odom_evo/install/odom_map_tum/share/odom_map_tum/environment/path.dsv
-- Up-to-date: /home/baixiaobo/work/chassiss_odom_ws/ros2_for_rviz/odom_evo/install/odom_map_tum/share/odom_map_tum/local_setup.bash
-- Up-to-date: /home/baixiaobo/work/chassiss_odom_ws/ros2_for_rviz/odom_evo/install/odom_map_tum/share/odom_map_tum/local_setup.sh
-- Up-to-date: /home/baixiaobo/work/chassiss_odom_ws/ros2_for_rviz/odom_evo/install/odom_map_tum/share/odom_map_tum/local_setup.zsh
-- Installing: /home/baixiaobo/work/chassiss_odom_ws/ros2_for_rviz/odom_evo/install/odom_map_tum/share/odom_map_tum/local_setup.dsv
-- Installing: /home/baixiaobo/work/chassiss_odom_ws/ros2_for_rviz/odom_evo/install/odom_map_tum/share/odom_map_tum/package.dsv
-- Up-to-date: /home/baixiaobo/work/chassiss_odom_ws/ros2_for_rviz/odom_evo/install/odom_map_tum/share/ament_index/resource_index/packages/odom_map_tum
-- Up-to-date: /home/baixiaobo/work/chassiss_odom_ws/ros2_for_rviz/odom_evo/install/odom_map_tum/share/odom_map_tum/cmake/ament_cmake_export_dependencies-extras.cmake
-- Up-to-date: /home/baixiaobo/work/chassiss_odom_ws/ros2_for_rviz/odom_evo/install/odom_map_tum/share/odom_map_tum/cmake/odom_map_tumConfig.cmake
-- Up-to-date: /home/baixiaobo/work/chassiss_odom_ws/ros2_for_rviz/odom_evo/install/odom_map_tum/share/odom_map_tum/cmake/odom_map_tumConfig-version.cmake
-- Up-to-date: /home/baixiaobo/work/chassiss_odom_ws/ros2_for_rviz/odom_evo/install/odom_map_tum/share/odom_map_tum/package.xml
