[0.016s] Invoking command in '/home/baixiaobo/work/chassiss_odom_ws/ros2_for_rviz/ChassisOdomMap/build/odom_map_for_rviz': CMAKE_PREFIX_PATH=${CMAKE_PREFIX_PATH}:/opt/ros/galactic /usr/local/bin/cmake --build /home/baixiaobo/work/chassiss_odom_ws/ros2_for_rviz/ChassisOdomMap/build/odom_map_for_rviz -- -j16 -l16
[0.043s] [35m[1mConsolidate compiler generated dependencies of target odom_map_for_rviz[0m
[0.088s] [  2%] [32mBuilding CXX object CMakeFiles/odom_map_for_rviz.dir/src/local_map_on_odom.cpp.o[0m
[4.830s] In file included from [01m[K/home/baixiaobo/work/chassiss_odom_ws/ros2_for_rviz/ChassisOdomMap/src/local_map_on_odom.cpp:9[m[K:
[4.830s] [01m[K/home/baixiaobo/work/chassiss_odom_ws/ros2_for_rviz/ChassisOdomMap/include/baselink_to_map_tf_for_rviz.hpp:[m[K In constructor ‘[01m[KTfPublisher::TfPublisher(std::shared_ptr<rclcpp::Node>&, std::deque<odom::proto::Frame>)[m[K’:
[4.830s] [01m[K/home/baixiaobo/work/chassiss_odom_ws/ros2_for_rviz/ChassisOdomMap/include/baselink_to_map_tf_for_rviz.hpp:20:35:[m[K [01;35m[Kwarning: [m[K‘[01m[KTfPublisher::node_[m[K’ will be initialized after [[01;35m[K-Wreorder[m[K]
[4.830s]    20 |     std::shared_ptr<rclcpp::Node> [01;35m[Knode_[m[K;
[4.830s]       |                                   [01;35m[K^~~~~[m[K
[4.831s] [01m[K/home/baixiaobo/work/chassiss_odom_ws/ros2_for_rviz/ChassisOdomMap/include/baselink_to_map_tf_for_rviz.hpp:17:36:[m[K [01;35m[Kwarning: [m[K  ‘[01m[Kstd::deque<odom::proto::Frame> TfPublisher::odom_frame_[m[K’ [[01;35m[K-Wreorder[m[K]
[4.831s]    17 |     std::deque<odom::proto::Frame> [01;35m[Kodom_frame_[m[K;
[4.831s]       |                                    [01;35m[K^~~~~~~~~~~[m[K
[4.831s] [01m[K/home/baixiaobo/work/chassiss_odom_ws/ros2_for_rviz/ChassisOdomMap/include/baselink_to_map_tf_for_rviz.hpp:25:1:[m[K [01;35m[Kwarning: [m[K  when initialized here [[01;35m[K-Wreorder[m[K]
[4.831s]    25 | [01;35m[KTfPublisher[m[K::TfPublisher(std::shared_ptr<rclcpp::Node> &node,std::deque<odom::proto::Frame> odom_frame) : node_(node),odom_frame_(odom_frame)
[4.831s]       | [01;35m[K^~~~~~~~~~~[m[K
[14.007s] [  5%] [32m[1mLinking CXX executable odom_map_for_rviz[0m
[15.615s] [100%] Built target odom_map_for_rviz
[15.625s] Invoked command in '/home/baixiaobo/work/chassiss_odom_ws/ros2_for_rviz/ChassisOdomMap/build/odom_map_for_rviz' returned '0': CMAKE_PREFIX_PATH=${CMAKE_PREFIX_PATH}:/opt/ros/galactic /usr/local/bin/cmake --build /home/baixiaobo/work/chassiss_odom_ws/ros2_for_rviz/ChassisOdomMap/build/odom_map_for_rviz -- -j16 -l16
[15.670s] Invoking command in '/home/baixiaobo/work/chassiss_odom_ws/ros2_for_rviz/ChassisOdomMap/build/odom_map_for_rviz': CMAKE_PREFIX_PATH=${CMAKE_PREFIX_PATH}:/opt/ros/galactic /usr/local/bin/cmake --install /home/baixiaobo/work/chassiss_odom_ws/ros2_for_rviz/ChassisOdomMap/build/odom_map_for_rviz
[15.671s] -- Install configuration: "RELEASE"
[15.671s] -- Installing: /home/baixiaobo/work/chassiss_odom_ws/ros2_for_rviz/ChassisOdomMap/install/odom_map_for_rviz/lib/odom_map_for_rviz/odom_map_for_rviz
[15.676s] -- Set runtime path of "/home/baixiaobo/work/chassiss_odom_ws/ros2_for_rviz/ChassisOdomMap/install/odom_map_for_rviz/lib/odom_map_for_rviz/odom_map_for_rviz" to ""
[15.676s] -- Up-to-date: /home/baixiaobo/work/chassiss_odom_ws/ros2_for_rviz/ChassisOdomMap/install/odom_map_for_rviz/share/ament_index/resource_index/package_run_dependencies/odom_map_for_rviz
[15.676s] -- Up-to-date: /home/baixiaobo/work/chassiss_odom_ws/ros2_for_rviz/ChassisOdomMap/install/odom_map_for_rviz/share/ament_index/resource_index/parent_prefix_path/odom_map_for_rviz
[15.676s] -- Up-to-date: /home/baixiaobo/work/chassiss_odom_ws/ros2_for_rviz/ChassisOdomMap/install/odom_map_for_rviz/share/odom_map_for_rviz/environment/ament_prefix_path.sh
[15.676s] -- Up-to-date: /home/baixiaobo/work/chassiss_odom_ws/ros2_for_rviz/ChassisOdomMap/install/odom_map_for_rviz/share/odom_map_for_rviz/environment/ament_prefix_path.dsv
[15.676s] -- Up-to-date: /home/baixiaobo/work/chassiss_odom_ws/ros2_for_rviz/ChassisOdomMap/install/odom_map_for_rviz/share/odom_map_for_rviz/environment/path.sh
[15.676s] -- Up-to-date: /home/baixiaobo/work/chassiss_odom_ws/ros2_for_rviz/ChassisOdomMap/install/odom_map_for_rviz/share/odom_map_for_rviz/environment/path.dsv
[15.676s] -- Up-to-date: /home/baixiaobo/work/chassiss_odom_ws/ros2_for_rviz/ChassisOdomMap/install/odom_map_for_rviz/share/odom_map_for_rviz/local_setup.bash
[15.676s] -- Up-to-date: /home/baixiaobo/work/chassiss_odom_ws/ros2_for_rviz/ChassisOdomMap/install/odom_map_for_rviz/share/odom_map_for_rviz/local_setup.sh
[15.677s] -- Up-to-date: /home/baixiaobo/work/chassiss_odom_ws/ros2_for_rviz/ChassisOdomMap/install/odom_map_for_rviz/share/odom_map_for_rviz/local_setup.zsh
[15.677s] -- Up-to-date: /home/baixiaobo/work/chassiss_odom_ws/ros2_for_rviz/ChassisOdomMap/install/odom_map_for_rviz/share/odom_map_for_rviz/local_setup.dsv
[15.677s] -- Installing: /home/baixiaobo/work/chassiss_odom_ws/ros2_for_rviz/ChassisOdomMap/install/odom_map_for_rviz/share/odom_map_for_rviz/package.dsv
[15.677s] -- Up-to-date: /home/baixiaobo/work/chassiss_odom_ws/ros2_for_rviz/ChassisOdomMap/install/odom_map_for_rviz/share/ament_index/resource_index/packages/odom_map_for_rviz
[15.677s] -- Up-to-date: /home/baixiaobo/work/chassiss_odom_ws/ros2_for_rviz/ChassisOdomMap/install/odom_map_for_rviz/share/odom_map_for_rviz/cmake/ament_cmake_export_dependencies-extras.cmake
[15.677s] -- Up-to-date: /home/baixiaobo/work/chassiss_odom_ws/ros2_for_rviz/ChassisOdomMap/install/odom_map_for_rviz/share/odom_map_for_rviz/cmake/odom_map_for_rvizConfig.cmake
[15.678s] -- Up-to-date: /home/baixiaobo/work/chassiss_odom_ws/ros2_for_rviz/ChassisOdomMap/install/odom_map_for_rviz/share/odom_map_for_rviz/cmake/odom_map_for_rvizConfig-version.cmake
[15.678s] -- Up-to-date: /home/baixiaobo/work/chassiss_odom_ws/ros2_for_rviz/ChassisOdomMap/install/odom_map_for_rviz/share/odom_map_for_rviz/package.xml
[15.678s] Invoked command in '/home/baixiaobo/work/chassiss_odom_ws/ros2_for_rviz/ChassisOdomMap/build/odom_map_for_rviz' returned '0': CMAKE_PREFIX_PATH=${CMAKE_PREFIX_PATH}:/opt/ros/galactic /usr/local/bin/cmake --install /home/baixiaobo/work/chassiss_odom_ws/ros2_for_rviz/ChassisOdomMap/build/odom_map_for_rviz
