[0.013s] Invoking command in '/home/baixiaobo/work/chassiss_odom_ws/ros2_for_rviz/odom_evo/build/odom_map_tum': CMAKE_PREFIX_PATH=${CMAKE_PREFIX_PATH}:/home/baixiaobo/work/chassiss_odom_ws/ros2_for_rviz/odom_evo/install/odom_map:/opt/ros/galactic /usr/local/bin/cmake --build /home/baixiaobo/work/chassiss_odom_ws/ros2_for_rviz/odom_evo/build/odom_map_tum -- -j16 -l16
[0.041s] [35m[1mConsolidate compiler generated dependencies of target odom_map_tum[0m
[0.103s] [  2%] [32mBuilding CXX object CMakeFiles/odom_map_tum.dir/src/local_map_on_odom.cpp.o[0m
[1.306s] In file included from [01m[K/home/baixiaobo/work/chassiss_odom_ws/ros2_for_rviz/odom_evo/include/odom_subscriber_for_rviz.hpp:9[m[K,
[1.306s]                  from [01m[K/home/baixiaobo/work/chassiss_odom_ws/ros2_for_rviz/odom_evo/src/local_map_on_odom.cpp:10[m[K:
[1.306s] [01m[K/home/baixiaobo/work/chassiss_odom_ws/ros2_for_rviz/odom_evo/include/odom_header.h:60:33:[m[K [01;35m[Kwarning: [m[Kmissing terminating " character
[1.306s]    60 | #include "nav_msgs/msg/path.hpp"[01;35m[K"[m[K
[1.307s]       |                                 [01;35m[K^[m[K
[1.307s] [01m[K/home/baixiaobo/work/chassiss_odom_ws/ros2_for_rviz/odom_evo/include/odom_header.h:60:33:[m[K [01;35m[Kwarning: [m[Kextra tokens at end of #include directive
[1.343s] In file included from [01m[K/home/baixiaobo/work/chassiss_odom_ws/ros2_for_rviz/odom_evo/src/local_map_on_odom.cpp:12[m[K:
[1.343s] [01m[K/home/baixiaobo/work/chassiss_odom_ws/ros2_for_rviz/odom_evo/include/odom_header.h:60:33:[m[K [01;35m[Kwarning: [m[Kmissing terminating " character
[1.344s]    60 | #include "nav_msgs/msg/path.hpp"[01;35m[K"[m[K
[1.344s]       |                                 [01;35m[K^[m[K
[4.877s] In file included from [01m[K/home/baixiaobo/work/chassiss_odom_ws/ros2_for_rviz/odom_evo/src/local_map_on_odom.cpp:11[m[K:
[4.877s] [01m[K/home/baixiaobo/work/chassiss_odom_ws/ros2_for_rviz/odom_evo/include/odom_publisher_for_rviz.hpp:[m[K In member function ‘[01m[Kvoid OdomPublisher::Publish(std::deque<odom::proto::Frame>&, std::string)[m[K’:
[4.877s] [01m[K/home/baixiaobo/work/chassiss_odom_ws/ros2_for_rviz/odom_evo/include/odom_publisher_for_rviz.hpp:68:36:[m[K [01;35m[Kwarning: [m[Kformat ‘[01m[K%d[m[K’ expects argument of type ‘[01m[Kint[m[K’, but argument 2 has type ‘[01m[Kgoogle::protobuf::uint64[m[K’ {aka ‘[01m[Klong unsigned int[m[K’} [[01;35m[K-Wformat=[m[K]
[4.877s]    68 |             printf("chassis_time: [01;35m[K%d[m[K\n",[32m[Kodom_input.at(i).header().sys_timestamp()[m[K);
[4.877s]       |                                   [01;35m[K~^[m[K    [32m[K~~~~~~~~~~~~~~~~~~~~~~~~~~~~~~~~~~~~~~~~~[m[K
[4.877s]       |                                    [01;35m[K|[m[K                                           [32m[K|[m[K
[4.877s]       |                                    [01;35m[Kint[m[K                                         [32m[Kgoogle::protobuf::uint64 {aka long unsigned int}[m[K
[4.877s]       |                                   [32m[K%ld[m[K
[4.883s] [01m[K/home/baixiaobo/work/chassiss_odom_ws/ros2_for_rviz/odom_evo/include/odom_publisher_for_rviz.hpp:97:34:[m[K [01;35m[Kwarning: [m[Kformat ‘[01m[K%d[m[K’ expects argument of type ‘[01m[Kint[m[K’, but argument 2 has type ‘[01m[Kgoogle::protobuf::uint64[m[K’ {aka ‘[01m[Klong unsigned int[m[K’} [[01;35m[K-Wformat=[m[K]
[4.883s]    97 |             printf("wheel_time: [01;35m[K%d[m[K\n",[32m[Kodom_input.at(i).header().sys_timestamp()[m[K);
[4.883s]       |                                 [01;35m[K~^[m[K    [32m[K~~~~~~~~~~~~~~~~~~~~~~~~~~~~~~~~~~~~~~~~~[m[K
[4.883s]       |                                  [01;35m[K|[m[K                                           [32m[K|[m[K
[4.883s]       |                                  [01;35m[Kint[m[K                                         [32m[Kgoogle::protobuf::uint64 {aka long unsigned int}[m[K
[4.883s]       |                                 [32m[K%ld[m[K
[4.884s] [01m[K/home/baixiaobo/work/chassiss_odom_ws/ros2_for_rviz/odom_evo/include/odom_publisher_for_rviz.hpp:125:34:[m[K [01;35m[Kwarning: [m[Kformat ‘[01m[K%d[m[K’ expects argument of type ‘[01m[Kint[m[K’, but argument 2 has type ‘[01m[Kgoogle::protobuf::uint64[m[K’ {aka ‘[01m[Klong unsigned int[m[K’} [[01;35m[K-Wformat=[m[K]
[4.884s]   125 |             printf("wheel_time: [01;35m[K%d[m[K\n",[32m[Kodom_input.at(i).header().sys_timestamp()[m[K);
[4.884s]       |                                 [01;35m[K~^[m[K    [32m[K~~~~~~~~~~~~~~~~~~~~~~~~~~~~~~~~~~~~~~~~~[m[K
[4.884s]       |                                  [01;35m[K|[m[K                                           [32m[K|[m[K
[4.885s]       |                                  [01;35m[Kint[m[K                                         [32m[Kgoogle::protobuf::uint64 {aka long unsigned int}[m[K
[4.885s]       |                                 [32m[K%ld[m[K
[14.569s] [  4%] [32m[1mLinking CXX executable odom_map_tum[0m
[16.495s] [100%] Built target odom_map_tum
[16.505s] Invoked command in '/home/baixiaobo/work/chassiss_odom_ws/ros2_for_rviz/odom_evo/build/odom_map_tum' returned '0': CMAKE_PREFIX_PATH=${CMAKE_PREFIX_PATH}:/home/baixiaobo/work/chassiss_odom_ws/ros2_for_rviz/odom_evo/install/odom_map:/opt/ros/galactic /usr/local/bin/cmake --build /home/baixiaobo/work/chassiss_odom_ws/ros2_for_rviz/odom_evo/build/odom_map_tum -- -j16 -l16
[16.571s] Invoking command in '/home/baixiaobo/work/chassiss_odom_ws/ros2_for_rviz/odom_evo/build/odom_map_tum': CMAKE_PREFIX_PATH=${CMAKE_PREFIX_PATH}:/home/baixiaobo/work/chassiss_odom_ws/ros2_for_rviz/odom_evo/install/odom_map:/opt/ros/galactic /usr/local/bin/cmake --install /home/baixiaobo/work/chassiss_odom_ws/ros2_for_rviz/odom_evo/build/odom_map_tum
[16.573s] -- Install configuration: "RELEASE"
[16.573s] -- Installing: /home/baixiaobo/work/chassiss_odom_ws/ros2_for_rviz/odom_evo/install/odom_map_tum/lib/odom_map_tum/odom_map_tum
[16.579s] -- Set runtime path of "/home/baixiaobo/work/chassiss_odom_ws/ros2_for_rviz/odom_evo/install/odom_map_tum/lib/odom_map_tum/odom_map_tum" to ""
[16.579s] -- Up-to-date: /home/baixiaobo/work/chassiss_odom_ws/ros2_for_rviz/odom_evo/install/odom_map_tum/share/ament_index/resource_index/package_run_dependencies/odom_map_tum
[16.579s] -- Up-to-date: /home/baixiaobo/work/chassiss_odom_ws/ros2_for_rviz/odom_evo/install/odom_map_tum/share/ament_index/resource_index/parent_prefix_path/odom_map_tum
[16.579s] -- Up-to-date: /home/baixiaobo/work/chassiss_odom_ws/ros2_for_rviz/odom_evo/install/odom_map_tum/share/odom_map_tum/environment/ament_prefix_path.sh
[16.579s] -- Up-to-date: /home/baixiaobo/work/chassiss_odom_ws/ros2_for_rviz/odom_evo/install/odom_map_tum/share/odom_map_tum/environment/ament_prefix_path.dsv
[16.579s] -- Up-to-date: /home/baixiaobo/work/chassiss_odom_ws/ros2_for_rviz/odom_evo/install/odom_map_tum/share/odom_map_tum/environment/path.sh
[16.579s] -- Up-to-date: /home/baixiaobo/work/chassiss_odom_ws/ros2_for_rviz/odom_evo/install/odom_map_tum/share/odom_map_tum/environment/path.dsv
[16.579s] -- Up-to-date: /home/baixiaobo/work/chassiss_odom_ws/ros2_for_rviz/odom_evo/install/odom_map_tum/share/odom_map_tum/local_setup.bash
[16.579s] -- Up-to-date: /home/baixiaobo/work/chassiss_odom_ws/ros2_for_rviz/odom_evo/install/odom_map_tum/share/odom_map_tum/local_setup.sh
[16.579s] -- Up-to-date: /home/baixiaobo/work/chassiss_odom_ws/ros2_for_rviz/odom_evo/install/odom_map_tum/share/odom_map_tum/local_setup.zsh
[16.580s] -- Up-to-date: /home/baixiaobo/work/chassiss_odom_ws/ros2_for_rviz/odom_evo/install/odom_map_tum/share/odom_map_tum/local_setup.dsv
[16.580s] -- Installing: /home/baixiaobo/work/chassiss_odom_ws/ros2_for_rviz/odom_evo/install/odom_map_tum/share/odom_map_tum/package.dsv
[16.580s] -- Up-to-date: /home/baixiaobo/work/chassiss_odom_ws/ros2_for_rviz/odom_evo/install/odom_map_tum/share/ament_index/resource_index/packages/odom_map_tum
[16.580s] -- Up-to-date: /home/baixiaobo/work/chassiss_odom_ws/ros2_for_rviz/odom_evo/install/odom_map_tum/share/odom_map_tum/cmake/ament_cmake_export_dependencies-extras.cmake
[16.580s] -- Up-to-date: /home/baixiaobo/work/chassiss_odom_ws/ros2_for_rviz/odom_evo/install/odom_map_tum/share/odom_map_tum/cmake/odom_map_tumConfig.cmake
[16.580s] -- Up-to-date: /home/baixiaobo/work/chassiss_odom_ws/ros2_for_rviz/odom_evo/install/odom_map_tum/share/odom_map_tum/cmake/odom_map_tumConfig-version.cmake
[16.580s] -- Up-to-date: /home/baixiaobo/work/chassiss_odom_ws/ros2_for_rviz/odom_evo/install/odom_map_tum/share/odom_map_tum/package.xml
[16.581s] Invoked command in '/home/baixiaobo/work/chassiss_odom_ws/ros2_for_rviz/odom_evo/build/odom_map_tum' returned '0': CMAKE_PREFIX_PATH=${CMAKE_PREFIX_PATH}:/home/baixiaobo/work/chassiss_odom_ws/ros2_for_rviz/odom_evo/install/odom_map:/opt/ros/galactic /usr/local/bin/cmake --install /home/baixiaobo/work/chassiss_odom_ws/ros2_for_rviz/odom_evo/build/odom_map_tum
