[0.014s] Invoking command in '/home/baixiaobo/work/chassiss_odom_ws/ros2_for_rviz/odom_evo/build/odom_map_tum': CMAKE_PREFIX_PATH=${CMAKE_PREFIX_PATH}:/home/baixiaobo/work/chassiss_odom_ws/ros2_for_rviz/odom_evo/install/odom_map:/opt/ros/galactic /usr/local/bin/cmake --build /home/baixiaobo/work/chassiss_odom_ws/ros2_for_rviz/odom_evo/build/odom_map_tum -- -j16 -l16
[0.057s] [  2%] [32mBuilding CXX object CMakeFiles/odom_map_tum.dir/src/local_map_on_odom.cpp.o[0m
[1.382s] In file included from [01m[K/home/baixiaobo/work/chassiss_odom_ws/ros2_for_rviz/odom_evo/include/odom_subscriber_for_rviz.hpp:9[m[K,
[1.382s]                  from [01m[K/home/baixiaobo/work/chassiss_odom_ws/ros2_for_rviz/odom_evo/src/local_map_on_odom.cpp:10[m[K:
[1.382s] [01m[K/home/baixiaobo/work/chassiss_odom_ws/ros2_for_rviz/odom_evo/include/odom_header.h:60:33:[m[K [01;35m[Kwarning: [m[Kmissing terminating " character
[1.382s]    60 | #include "nav_msgs/msg/path.hpp"[01;35m[K"[m[K
[1.382s]       |                                 [01;35m[K^[m[K
[1.382s] [01m[K/home/baixiaobo/work/chassiss_odom_ws/ros2_for_rviz/odom_evo/include/odom_header.h:60:33:[m[K [01;35m[Kwarning: [m[Kextra tokens at end of #include directive
[1.429s] In file included from [01m[K/home/baixiaobo/work/chassiss_odom_ws/ros2_for_rviz/odom_evo/src/local_map_on_odom.cpp:12[m[K:
[1.429s] [01m[K/home/baixiaobo/work/chassiss_odom_ws/ros2_for_rviz/odom_evo/include/odom_header.h:60:33:[m[K [01;35m[Kwarning: [m[Kmissing terminating " character
[1.429s]    60 | #include "nav_msgs/msg/path.hpp"[01;35m[K"[m[K
[1.429s]       |                                 [01;35m[K^[m[K
[18.284s] [  5%] [32m[1mLinking CXX executable odom_map_tum[0m
[20.133s] [100%] Built target odom_map_tum
[20.137s] Invoked command in '/home/baixiaobo/work/chassiss_odom_ws/ros2_for_rviz/odom_evo/build/odom_map_tum' returned '0': CMAKE_PREFIX_PATH=${CMAKE_PREFIX_PATH}:/home/baixiaobo/work/chassiss_odom_ws/ros2_for_rviz/odom_evo/install/odom_map:/opt/ros/galactic /usr/local/bin/cmake --build /home/baixiaobo/work/chassiss_odom_ws/ros2_for_rviz/odom_evo/build/odom_map_tum -- -j16 -l16
[20.188s] Invoking command in '/home/baixiaobo/work/chassiss_odom_ws/ros2_for_rviz/odom_evo/build/odom_map_tum': CMAKE_PREFIX_PATH=${CMAKE_PREFIX_PATH}:/home/baixiaobo/work/chassiss_odom_ws/ros2_for_rviz/odom_evo/install/odom_map:/opt/ros/galactic /usr/local/bin/cmake --install /home/baixiaobo/work/chassiss_odom_ws/ros2_for_rviz/odom_evo/build/odom_map_tum
[20.190s] -- Install configuration: "RELEASE"
[20.190s] -- Installing: /home/baixiaobo/work/chassiss_odom_ws/ros2_for_rviz/odom_evo/install/odom_map_tum/lib/odom_map_tum/odom_map_tum
[20.195s] -- Set runtime path of "/home/baixiaobo/work/chassiss_odom_ws/ros2_for_rviz/odom_evo/install/odom_map_tum/lib/odom_map_tum/odom_map_tum" to ""
[20.195s] -- Up-to-date: /home/baixiaobo/work/chassiss_odom_ws/ros2_for_rviz/odom_evo/install/odom_map_tum/share/ament_index/resource_index/package_run_dependencies/odom_map_tum
[20.195s] -- Up-to-date: /home/baixiaobo/work/chassiss_odom_ws/ros2_for_rviz/odom_evo/install/odom_map_tum/share/ament_index/resource_index/parent_prefix_path/odom_map_tum
[20.195s] -- Up-to-date: /home/baixiaobo/work/chassiss_odom_ws/ros2_for_rviz/odom_evo/install/odom_map_tum/share/odom_map_tum/environment/ament_prefix_path.sh
[20.195s] -- Up-to-date: /home/baixiaobo/work/chassiss_odom_ws/ros2_for_rviz/odom_evo/install/odom_map_tum/share/odom_map_tum/environment/ament_prefix_path.dsv
[20.195s] -- Up-to-date: /home/baixiaobo/work/chassiss_odom_ws/ros2_for_rviz/odom_evo/install/odom_map_tum/share/odom_map_tum/environment/path.sh
[20.195s] -- Up-to-date: /home/baixiaobo/work/chassiss_odom_ws/ros2_for_rviz/odom_evo/install/odom_map_tum/share/odom_map_tum/environment/path.dsv
[20.195s] -- Up-to-date: /home/baixiaobo/work/chassiss_odom_ws/ros2_for_rviz/odom_evo/install/odom_map_tum/share/odom_map_tum/local_setup.bash
[20.195s] -- Up-to-date: /home/baixiaobo/work/chassiss_odom_ws/ros2_for_rviz/odom_evo/install/odom_map_tum/share/odom_map_tum/local_setup.sh
[20.195s] -- Up-to-date: /home/baixiaobo/work/chassiss_odom_ws/ros2_for_rviz/odom_evo/install/odom_map_tum/share/odom_map_tum/local_setup.zsh
[20.195s] -- Up-to-date: /home/baixiaobo/work/chassiss_odom_ws/ros2_for_rviz/odom_evo/install/odom_map_tum/share/odom_map_tum/local_setup.dsv
[20.195s] -- Installing: /home/baixiaobo/work/chassiss_odom_ws/ros2_for_rviz/odom_evo/install/odom_map_tum/share/odom_map_tum/package.dsv
[20.195s] -- Up-to-date: /home/baixiaobo/work/chassiss_odom_ws/ros2_for_rviz/odom_evo/install/odom_map_tum/share/ament_index/resource_index/packages/odom_map_tum
[20.196s] -- Up-to-date: /home/baixiaobo/work/chassiss_odom_ws/ros2_for_rviz/odom_evo/install/odom_map_tum/share/odom_map_tum/cmake/ament_cmake_export_dependencies-extras.cmake
[20.196s] -- Up-to-date: /home/baixiaobo/work/chassiss_odom_ws/ros2_for_rviz/odom_evo/install/odom_map_tum/share/odom_map_tum/cmake/odom_map_tumConfig.cmake
[20.197s] -- Up-to-date: /home/baixiaobo/work/chassiss_odom_ws/ros2_for_rviz/odom_evo/install/odom_map_tum/share/odom_map_tum/cmake/odom_map_tumConfig-version.cmake
[20.197s] -- Up-to-date: /home/baixiaobo/work/chassiss_odom_ws/ros2_for_rviz/odom_evo/install/odom_map_tum/share/odom_map_tum/package.xml
[20.197s] Invoked command in '/home/baixiaobo/work/chassiss_odom_ws/ros2_for_rviz/odom_evo/build/odom_map_tum' returned '0': CMAKE_PREFIX_PATH=${CMAKE_PREFIX_PATH}:/home/baixiaobo/work/chassiss_odom_ws/ros2_for_rviz/odom_evo/install/odom_map:/opt/ros/galactic /usr/local/bin/cmake --install /home/baixiaobo/work/chassiss_odom_ws/ros2_for_rviz/odom_evo/build/odom_map_tum
