[0.243s] DEBUG:colcon:Command line arguments: ['/usr/bin/colcon', 'build']
[0.243s] DEBUG:colcon:Parsed command line arguments: Namespace(allow_overriding=[], ament_cmake_args=None, base_paths=['.'], build_base='build', catkin_cmake_args=None, catkin_skip_building_tests=False, cmake_args=None, cmake_clean_cache=False, cmake_clean_first=False, cmake_force_configure=False, cmake_target=None, cmake_target_skip_unavailable=False, continue_on_error=False, event_handlers=None, executor='parallel', ignore_user_meta=False, install_base='install', log_base=None, log_level=None, main=<bound method BuildVerb.main of <colcon_core.verb.build.BuildVerb object at 0x7f169b9ae9a0>>, merge_install=False, metas=['./colcon.meta'], packages_above=None, packages_above_and_dependencies=None, packages_above_depth=None, packages_end=None, packages_ignore=None, packages_ignore_regex=None, packages_select=None, packages_select_build_failed=False, packages_select_by_dep=None, packages_select_regex=None, packages_select_test_failures=False, packages_skip=None, packages_skip_build_finished=False, packages_skip_by_dep=None, packages_skip_regex=None, packages_skip_test_passed=False, packages_skip_up_to=None, packages_start=None, packages_up_to=None, packages_up_to_regex=None, parallel_workers=16, paths=None, symlink_install=False, test_result_base=None, verb_extension=<colcon_core.verb.build.BuildVerb object at 0x7f169b9ae9a0>, verb_name='build', verb_parser=<colcon_defaults.argument_parser.defaults.DefaultArgumentsDecorator object at 0x7f169b092f40>)
[0.272s] Level 1:colcon.colcon_core.package_discovery:discover_packages(colcon_meta) check parameters
[0.272s] Level 1:colcon.colcon_core.package_discovery:discover_packages(recursive) check parameters
[0.272s] Level 1:colcon.colcon_core.package_discovery:discover_packages(ignore) check parameters
[0.272s] Level 1:colcon.colcon_core.package_discovery:discover_packages(path) check parameters
[0.272s] Level 1:colcon.colcon_core.package_discovery:discover_packages(colcon_meta) discover
[0.272s] Level 1:colcon.colcon_core.package_discovery:discover_packages(recursive) discover
[0.272s] INFO:colcon.colcon_core.package_discovery:Crawling recursively for packages in '/home/baixiaobo/work/chassiss_odom_ws/ros2_for_rviz/ChassisOdomMap'
[0.272s] Level 1:colcon.colcon_core.package_identification:_identify(.) by extensions ['ignore', 'ignore_ament_install']
[0.272s] Level 1:colcon.colcon_core.package_identification:_identify(.) by extension 'ignore'
[0.272s] Level 1:colcon.colcon_core.package_identification:_identify(.) by extension 'ignore_ament_install'
[0.272s] Level 1:colcon.colcon_core.package_identification:_identify(.) by extensions ['colcon_pkg']
[0.272s] Level 1:colcon.colcon_core.package_identification:_identify(.) by extension 'colcon_pkg'
[0.272s] Level 1:colcon.colcon_core.package_identification:_identify(.) by extensions ['colcon_meta']
[0.272s] Level 1:colcon.colcon_core.package_identification:_identify(.) by extension 'colcon_meta'
[0.272s] Level 1:colcon.colcon_core.package_identification:_identify(.) by extensions ['ros']
[0.272s] Level 1:colcon.colcon_core.package_identification:_identify(.) by extension 'ros'
[0.282s] DEBUG:colcon.colcon_core.package_identification:Package '.' with type 'ros.ament_cmake' and name 'odom_map_for_rviz'
[0.282s] Level 1:colcon.colcon_core.package_discovery:discover_packages(recursive) using defaults
[0.282s] Level 1:colcon.colcon_core.package_discovery:discover_packages(ignore) discover
[0.282s] Level 1:colcon.colcon_core.package_discovery:discover_packages(ignore) using defaults
[0.282s] Level 1:colcon.colcon_core.package_discovery:discover_packages(path) discover
[0.282s] Level 1:colcon.colcon_core.package_discovery:discover_packages(path) using defaults
[0.298s] Level 1:colcon.colcon_core.package_discovery:discover_packages(prefix_path) check parameters
[0.298s] Level 1:colcon.colcon_core.package_discovery:discover_packages(prefix_path) discover
[0.300s] DEBUG:colcon.colcon_installed_package_information.package_discovery:Found 5 installed packages in /home/baixiaobo/work/chassiss_odom_ws/ros2_for_rviz/ChassisOdomMap/install
[0.301s] DEBUG:colcon.colcon_installed_package_information.package_discovery:Found 268 installed packages in /opt/ros/galactic
[0.302s] Level 1:colcon.colcon_core.package_discovery:discover_packages(prefix_path) using defaults
[0.351s] Level 5:colcon.colcon_core.verb:set package 'odom_map_for_rviz' build argument 'cmake_args' from command line to 'None'
[0.351s] Level 5:colcon.colcon_core.verb:set package 'odom_map_for_rviz' build argument 'cmake_target' from command line to 'None'
[0.351s] Level 5:colcon.colcon_core.verb:set package 'odom_map_for_rviz' build argument 'cmake_target_skip_unavailable' from command line to 'False'
[0.351s] Level 5:colcon.colcon_core.verb:set package 'odom_map_for_rviz' build argument 'cmake_clean_cache' from command line to 'False'
[0.351s] Level 5:colcon.colcon_core.verb:set package 'odom_map_for_rviz' build argument 'cmake_clean_first' from command line to 'False'
[0.351s] Level 5:colcon.colcon_core.verb:set package 'odom_map_for_rviz' build argument 'cmake_force_configure' from command line to 'False'
[0.351s] Level 5:colcon.colcon_core.verb:set package 'odom_map_for_rviz' build argument 'ament_cmake_args' from command line to 'None'
[0.351s] Level 5:colcon.colcon_core.verb:set package 'odom_map_for_rviz' build argument 'catkin_cmake_args' from command line to 'None'
[0.351s] Level 5:colcon.colcon_core.verb:set package 'odom_map_for_rviz' build argument 'catkin_skip_building_tests' from command line to 'False'
[0.351s] DEBUG:colcon.colcon_core.verb:Building package 'odom_map_for_rviz' with the following arguments: {'ament_cmake_args': None, 'build_base': '/home/baixiaobo/work/chassiss_odom_ws/ros2_for_rviz/ChassisOdomMap/build/odom_map_for_rviz', 'catkin_cmake_args': None, 'catkin_skip_building_tests': False, 'cmake_args': None, 'cmake_clean_cache': False, 'cmake_clean_first': False, 'cmake_force_configure': False, 'cmake_target': None, 'cmake_target_skip_unavailable': False, 'install_base': '/home/baixiaobo/work/chassiss_odom_ws/ros2_for_rviz/ChassisOdomMap/install/odom_map_for_rviz', 'merge_install': False, 'path': '/home/baixiaobo/work/chassiss_odom_ws/ros2_for_rviz/ChassisOdomMap', 'symlink_install': False, 'test_result_base': None}
[0.352s] INFO:colcon.colcon_core.executor:Executing jobs using 'parallel' executor
[0.356s] DEBUG:colcon.colcon_parallel_executor.executor.parallel:run_until_complete
[0.356s] INFO:colcon.colcon_ros.task.ament_cmake.build:Building ROS package in '/home/baixiaobo/work/chassiss_odom_ws/ros2_for_rviz/ChassisOdomMap' with build type 'ament_cmake'
[0.356s] INFO:colcon.colcon_cmake.task.cmake.build:Building CMake package in '/home/baixiaobo/work/chassiss_odom_ws/ros2_for_rviz/ChassisOdomMap'
[0.359s] INFO:colcon.colcon_core.plugin_system:Skipping extension 'colcon_core.shell.bat': Not used on non-Windows systems
[0.359s] INFO:colcon.colcon_core.shell:Skip shell extension 'powershell' for command environment: Not usable outside of PowerShell
[0.359s] DEBUG:colcon.colcon_core.shell:Skip shell extension 'dsv' for command environment
[0.376s] DEBUG:colcon.colcon_core.event_handler.log_command:Invoking command in '/home/baixiaobo/work/chassiss_odom_ws/ros2_for_rviz/ChassisOdomMap/build/odom_map_for_rviz': CMAKE_PREFIX_PATH=${CMAKE_PREFIX_PATH}:/opt/ros/galactic /usr/local/bin/cmake /home/baixiaobo/work/chassiss_odom_ws/ros2_for_rviz/ChassisOdomMap -DCMAKE_INSTALL_PREFIX=/home/baixiaobo/work/chassiss_odom_ws/ros2_for_rviz/ChassisOdomMap/install/odom_map_for_rviz
[1.683s] DEBUG:colcon.colcon_core.event_handler.log_command:Invoked command in '/home/baixiaobo/work/chassiss_odom_ws/ros2_for_rviz/ChassisOdomMap/build/odom_map_for_rviz' returned '1': CMAKE_PREFIX_PATH=${CMAKE_PREFIX_PATH}:/opt/ros/galactic /usr/local/bin/cmake /home/baixiaobo/work/chassiss_odom_ws/ros2_for_rviz/ChassisOdomMap -DCMAKE_INSTALL_PREFIX=/home/baixiaobo/work/chassiss_odom_ws/ros2_for_rviz/ChassisOdomMap/install/odom_map_for_rviz
[1.689s] Level 1:colcon.colcon_core.environment:create_environment_scripts_only(odom_map_for_rviz)
[1.693s] Level 1:colcon.colcon_core.environment:checking '/home/baixiaobo/work/chassiss_odom_ws/ros2_for_rviz/ChassisOdomMap/install/odom_map_for_rviz' for CMake module files
[1.693s] Level 1:colcon.colcon_core.environment:checking '/home/baixiaobo/work/chassiss_odom_ws/ros2_for_rviz/ChassisOdomMap/install/odom_map_for_rviz' for CMake config files
[1.694s] Level 1:colcon.colcon_core.environment:checking '/home/baixiaobo/work/chassiss_odom_ws/ros2_for_rviz/ChassisOdomMap/install/odom_map_for_rviz/bin'
[1.694s] Level 1:colcon.colcon_core.environment:checking '/home/baixiaobo/work/chassiss_odom_ws/ros2_for_rviz/ChassisOdomMap/install/odom_map_for_rviz/lib/pkgconfig/odom_map_for_rviz.pc'
[1.694s] Level 1:colcon.colcon_core.environment:checking '/home/baixiaobo/work/chassiss_odom_ws/ros2_for_rviz/ChassisOdomMap/install/odom_map_for_rviz/lib/python3.8/site-packages'
[1.694s] Level 1:colcon.colcon_core.environment:checking '/home/baixiaobo/work/chassiss_odom_ws/ros2_for_rviz/ChassisOdomMap/install/odom_map_for_rviz/bin'
[1.695s] INFO:colcon.colcon_core.shell:Creating package script '/home/baixiaobo/work/chassiss_odom_ws/ros2_for_rviz/ChassisOdomMap/install/odom_map_for_rviz/share/odom_map_for_rviz/package.ps1'
[1.696s] INFO:colcon.colcon_core.shell:Creating package descriptor '/home/baixiaobo/work/chassiss_odom_ws/ros2_for_rviz/ChassisOdomMap/install/odom_map_for_rviz/share/odom_map_for_rviz/package.dsv'
[1.696s] INFO:colcon.colcon_core.shell:Creating package script '/home/baixiaobo/work/chassiss_odom_ws/ros2_for_rviz/ChassisOdomMap/install/odom_map_for_rviz/share/odom_map_for_rviz/package.sh'
[1.696s] INFO:colcon.colcon_core.shell:Creating package script '/home/baixiaobo/work/chassiss_odom_ws/ros2_for_rviz/ChassisOdomMap/install/odom_map_for_rviz/share/odom_map_for_rviz/package.bash'
[1.697s] INFO:colcon.colcon_core.shell:Creating package script '/home/baixiaobo/work/chassiss_odom_ws/ros2_for_rviz/ChassisOdomMap/install/odom_map_for_rviz/share/odom_map_for_rviz/package.zsh'
[1.697s] Level 1:colcon.colcon_core.environment:create_file_with_runtime_dependencies(/home/baixiaobo/work/chassiss_odom_ws/ros2_for_rviz/ChassisOdomMap/install/odom_map_for_rviz/share/colcon-core/packages/odom_map_for_rviz)
[1.707s] DEBUG:colcon.colcon_parallel_executor.executor.parallel:closing loop
[1.708s] DEBUG:colcon.colcon_parallel_executor.executor.parallel:loop closed
[1.708s] DEBUG:colcon.colcon_parallel_executor.executor.parallel:run_until_complete finished with '1'
[1.708s] DEBUG:colcon.colcon_core.event_reactor:joining thread
[1.711s] INFO:colcon.colcon_core.plugin_system:Skipping extension 'colcon_notification.desktop_notification.terminal_notifier': Not used on non-Darwin systems
[1.712s] INFO:colcon.colcon_core.plugin_system:Skipping extension 'colcon_notification.desktop_notification.win32': Not used on non-Windows systems
[1.712s] INFO:colcon.colcon_notification.desktop_notification:Sending desktop notification using 'notify2'
[1.721s] DEBUG:colcon.colcon_core.event_reactor:joined thread
[1.722s] INFO:colcon.colcon_core.shell:Creating prefix script '/home/baixiaobo/work/chassiss_odom_ws/ros2_for_rviz/ChassisOdomMap/install/local_setup.ps1'
[1.723s] INFO:colcon.colcon_core.shell:Creating prefix util module '/home/baixiaobo/work/chassiss_odom_ws/ros2_for_rviz/ChassisOdomMap/install/_local_setup_util_ps1.py'
[1.723s] INFO:colcon.colcon_core.shell:Creating prefix chain script '/home/baixiaobo/work/chassiss_odom_ws/ros2_for_rviz/ChassisOdomMap/install/setup.ps1'
[1.724s] INFO:colcon.colcon_core.shell:Creating prefix script '/home/baixiaobo/work/chassiss_odom_ws/ros2_for_rviz/ChassisOdomMap/install/local_setup.sh'
[1.725s] INFO:colcon.colcon_core.shell:Creating prefix util module '/home/baixiaobo/work/chassiss_odom_ws/ros2_for_rviz/ChassisOdomMap/install/_local_setup_util_sh.py'
[1.725s] INFO:colcon.colcon_core.shell:Creating prefix chain script '/home/baixiaobo/work/chassiss_odom_ws/ros2_for_rviz/ChassisOdomMap/install/setup.sh'
[1.726s] INFO:colcon.colcon_core.shell:Creating prefix script '/home/baixiaobo/work/chassiss_odom_ws/ros2_for_rviz/ChassisOdomMap/install/local_setup.bash'
[1.726s] INFO:colcon.colcon_core.shell:Creating prefix chain script '/home/baixiaobo/work/chassiss_odom_ws/ros2_for_rviz/ChassisOdomMap/install/setup.bash'
[1.727s] INFO:colcon.colcon_core.shell:Creating prefix script '/home/baixiaobo/work/chassiss_odom_ws/ros2_for_rviz/ChassisOdomMap/install/local_setup.zsh'
[1.727s] INFO:colcon.colcon_core.shell:Creating prefix chain script '/home/baixiaobo/work/chassiss_odom_ws/ros2_for_rviz/ChassisOdomMap/install/setup.zsh'
