[0.014s] Invoking command in '/home/baixiaobo/work/chassiss_odom_ws/ros2_for_rviz/build/odom_map_for_rviz': CMAKE_PREFIX_PATH=${CMAKE_PREFIX_PATH}:/home/baixiaobo/work/chassiss_odom_ws/ros2_for_rviz/install/odom_map:/opt/ros/galactic /usr/local/bin/cmake --build /home/baixiaobo/work/chassiss_odom_ws/ros2_for_rviz/build/odom_map_for_rviz -- -j16 -l16
[0.049s] [35m[1mConsolidate compiler generated dependencies of target odom_map_for_rviz[0m
[0.096s] [  2%] [32mBuilding CXX object CMakeFiles/odom_map_for_rviz.dir/src/local_map_on_odom.cpp.o[0m
[1.397s] In file included from [01m[K/home/baixiaobo/work/chassiss_odom_ws/ros2_for_rviz/include/odom_ins_subscriber_for_rviz.hpp:9[m[K,
[1.397s]                  from [01m[K/home/baixiaobo/work/chassiss_odom_ws/ros2_for_rviz/src/local_map_on_odom.cpp:16[m[K:
[1.397s] [01m[K/home/baixiaobo/work/chassiss_odom_ws/ros2_for_rviz/include/odom_header.h:60:33:[m[K [01;35m[Kwarning: [m[Kmissing terminating " character
[1.397s]    60 | #include "nav_msgs/msg/path.hpp"[01;35m[K"[m[K
[1.397s]       |                                 [01;35m[K^[m[K
[1.397s] [01m[K/home/baixiaobo/work/chassiss_odom_ws/ros2_for_rviz/include/odom_header.h:60:33:[m[K [01;35m[Kwarning: [m[Kextra tokens at end of #include directive
[1.455s] In file included from [01m[K/home/baixiaobo/work/chassiss_odom_ws/ros2_for_rviz/src/local_map_on_odom.cpp:19[m[K:
[1.455s] [01m[K/home/baixiaobo/work/chassiss_odom_ws/ros2_for_rviz/include/odom_header.h:60:33:[m[K [01;35m[Kwarning: [m[Kmissing terminating " character
[1.455s]    60 | #include "nav_msgs/msg/path.hpp"[01;35m[K"[m[K
[1.455s]       |                                 [01;35m[K^[m[K
[16.367s] [  5%] [32m[1mLinking CXX executable odom_map_for_rviz[0m
[18.185s] [100%] Built target odom_map_for_rviz
[18.188s] Invoked command in '/home/baixiaobo/work/chassiss_odom_ws/ros2_for_rviz/build/odom_map_for_rviz' returned '0': CMAKE_PREFIX_PATH=${CMAKE_PREFIX_PATH}:/home/baixiaobo/work/chassiss_odom_ws/ros2_for_rviz/install/odom_map:/opt/ros/galactic /usr/local/bin/cmake --build /home/baixiaobo/work/chassiss_odom_ws/ros2_for_rviz/build/odom_map_for_rviz -- -j16 -l16
[18.238s] Invoking command in '/home/baixiaobo/work/chassiss_odom_ws/ros2_for_rviz/build/odom_map_for_rviz': CMAKE_PREFIX_PATH=${CMAKE_PREFIX_PATH}:/home/baixiaobo/work/chassiss_odom_ws/ros2_for_rviz/install/odom_map:/opt/ros/galactic /usr/local/bin/cmake --install /home/baixiaobo/work/chassiss_odom_ws/ros2_for_rviz/build/odom_map_for_rviz
[18.240s] -- Install configuration: "RELEASE"
[18.240s] -- Installing: /home/baixiaobo/work/chassiss_odom_ws/ros2_for_rviz/install/odom_map_for_rviz/lib/odom_map_for_rviz/odom_map_for_rviz
[18.245s] -- Set runtime path of "/home/baixiaobo/work/chassiss_odom_ws/ros2_for_rviz/install/odom_map_for_rviz/lib/odom_map_for_rviz/odom_map_for_rviz" to ""
[18.245s] -- Up-to-date: /home/baixiaobo/work/chassiss_odom_ws/ros2_for_rviz/install/odom_map_for_rviz/share/ament_index/resource_index/package_run_dependencies/odom_map_for_rviz
[18.245s] -- Up-to-date: /home/baixiaobo/work/chassiss_odom_ws/ros2_for_rviz/install/odom_map_for_rviz/share/ament_index/resource_index/parent_prefix_path/odom_map_for_rviz
[18.245s] -- Up-to-date: /home/baixiaobo/work/chassiss_odom_ws/ros2_for_rviz/install/odom_map_for_rviz/share/odom_map_for_rviz/environment/ament_prefix_path.sh
[18.245s] -- Up-to-date: /home/baixiaobo/work/chassiss_odom_ws/ros2_for_rviz/install/odom_map_for_rviz/share/odom_map_for_rviz/environment/ament_prefix_path.dsv
[18.245s] -- Up-to-date: /home/baixiaobo/work/chassiss_odom_ws/ros2_for_rviz/install/odom_map_for_rviz/share/odom_map_for_rviz/environment/path.sh
[18.245s] -- Up-to-date: /home/baixiaobo/work/chassiss_odom_ws/ros2_for_rviz/install/odom_map_for_rviz/share/odom_map_for_rviz/environment/path.dsv
[18.245s] -- Up-to-date: /home/baixiaobo/work/chassiss_odom_ws/ros2_for_rviz/install/odom_map_for_rviz/share/odom_map_for_rviz/local_setup.bash
[18.245s] -- Up-to-date: /home/baixiaobo/work/chassiss_odom_ws/ros2_for_rviz/install/odom_map_for_rviz/share/odom_map_for_rviz/local_setup.sh
[18.245s] -- Up-to-date: /home/baixiaobo/work/chassiss_odom_ws/ros2_for_rviz/install/odom_map_for_rviz/share/odom_map_for_rviz/local_setup.zsh
[18.245s] -- Up-to-date: /home/baixiaobo/work/chassiss_odom_ws/ros2_for_rviz/install/odom_map_for_rviz/share/odom_map_for_rviz/local_setup.dsv
[18.245s] -- Installing: /home/baixiaobo/work/chassiss_odom_ws/ros2_for_rviz/install/odom_map_for_rviz/share/odom_map_for_rviz/package.dsv
[18.245s] -- Up-to-date: /home/baixiaobo/work/chassiss_odom_ws/ros2_for_rviz/install/odom_map_for_rviz/share/ament_index/resource_index/packages/odom_map_for_rviz
[18.245s] -- Up-to-date: /home/baixiaobo/work/chassiss_odom_ws/ros2_for_rviz/install/odom_map_for_rviz/share/odom_map_for_rviz/cmake/ament_cmake_export_dependencies-extras.cmake
[18.245s] -- Up-to-date: /home/baixiaobo/work/chassiss_odom_ws/ros2_for_rviz/install/odom_map_for_rviz/share/odom_map_for_rviz/cmake/odom_map_for_rvizConfig.cmake
[18.246s] -- Up-to-date: /home/baixiaobo/work/chassiss_odom_ws/ros2_for_rviz/install/odom_map_for_rviz/share/odom_map_for_rviz/cmake/odom_map_for_rvizConfig-version.cmake
[18.247s] -- Up-to-date: /home/baixiaobo/work/chassiss_odom_ws/ros2_for_rviz/install/odom_map_for_rviz/share/odom_map_for_rviz/package.xml
[18.247s] Invoked command in '/home/baixiaobo/work/chassiss_odom_ws/ros2_for_rviz/build/odom_map_for_rviz' returned '0': CMAKE_PREFIX_PATH=${CMAKE_PREFIX_PATH}:/home/baixiaobo/work/chassiss_odom_ws/ros2_for_rviz/install/odom_map:/opt/ros/galactic /usr/local/bin/cmake --install /home/baixiaobo/work/chassiss_odom_ws/ros2_for_rviz/build/odom_map_for_rviz
