[0.011s] Invoking command in '/home/baixiaobo/work/chassiss_odom_ws/ros2_for_rviz/odom_evo/build/odom_map_tum': CMAKE_PREFIX_PATH=${CMAKE_PREFIX_PATH}:/home/baixiaobo/work/chassiss_odom_ws/ros2_for_rviz/odom_evo/install/odom_map:/opt/ros/galactic /usr/local/bin/cmake /home/baixiaobo/work/chassiss_odom_ws/ros2_for_rviz/odom_evo -DCMAKE_INSTALL_PREFIX=/home/baixiaobo/work/chassiss_odom_ws/ros2_for_rviz/odom_evo/install/odom_map_tum
[0.046s] -- The C compiler identification is GNU 7.5.0
[0.082s] -- The CXX compiler identification is GNU 9.4.0
[0.086s] -- Detecting C compiler ABI info
[0.120s] -- Detecting C compiler ABI info - done
[0.126s] -- Check for working C compiler: /usr/bin/cc - skipped
[0.126s] -- Detecting C compile features
[0.126s] -- Detecting C compile features - done
[0.129s] -- Detecting CXX compiler ABI info
[0.168s] -- Detecting CXX compiler ABI info - done
[0.173s] -- Check for working CXX compiler: /usr/bin/c++ - skipped
[0.174s] -- Detecting CXX compile features
[0.174s] -- Detecting CXX compile features - done
[0.317s] -- Found Protobuf: /usr/lib/x86_64-linux-gnu/libprotobuf.so;-lpthread (found version "3.6.1") 
[0.323s] -- Found ament_cmake: 1.1.5 (/opt/ros/galactic/share/ament_cmake/cmake)
[0.343s] -- Found PythonInterp: /home/baixiaobo/anaconda3/bin/python3 (found suitable version "3.7", minimum required is "3") 
[0.343s] -- Using PYTHON_EXECUTABLE: /home/baixiaobo/anaconda3/bin/python3
[0.425s] -- Found rclcpp: 9.2.1 (/opt/ros/galactic/share/rclcpp/cmake)
[0.461s] -- Using all available rosidl_typesupport_c: rosidl_typesupport_fastrtps_c;rosidl_typesupport_introspection_c
[0.466s] -- Found rosidl_adapter: 2.2.2 (/opt/ros/galactic/share/rosidl_adapter/cmake)
[0.518s] -- Found OpenSSL: /usr/lib/x86_64-linux-gnu/libcrypto.so (found version "1.1.1f")  
[0.541s] -- Found FastRTPS: /opt/ros/galactic/include  
[0.598s] -- Using all available rosidl_typesupport_cpp: rosidl_typesupport_fastrtps_cpp;rosidl_typesupport_introspection_cpp
[0.642s] -- Found rmw_implementation_cmake: 3.3.1 (/opt/ros/galactic/share/rmw_implementation_cmake/cmake)
[0.644s] -- Found rmw_cyclonedds_cpp: 0.22.5 (/opt/ros/galactic/share/rmw_cyclonedds_cpp/cmake)
[0.657s] -- Using RMW implementation 'rmw_cyclonedds_cpp' as default
[0.658s] -- Found Threads: TRUE  
[0.744s] -- Found sensor_msgs: 2.2.4 (/opt/ros/galactic/share/sensor_msgs/cmake)
[0.821s] -- Checking for module 'eigen3'
[0.830s] --   Found eigen3, version 3.3.4
[0.851s] -- Found Eigen: /usr/include/eigen3 (Required is at least version "3.1") 
[0.851s] -- Eigen found (include: /usr/include/eigen3, version: 3.3.4)
[0.901s] -- Checking for module 'flann'
[0.911s] --   Found flann, version 1.9.1
[0.936s] -- Found FLANN: /usr/lib/x86_64-linux-gnu/libflann_cpp.so  
[0.960s] -- The imported target "vtkParseOGLExt" references the file
[0.960s]    "/usr/bin/vtkParseOGLExt-7.1"
[0.960s] but this file does not exist.  Possible reasons include:
[0.960s] * The file was deleted, renamed, or moved to another location.
[0.961s] * An install or uninstall procedure did not complete successfully.
[0.961s] * The installation package was faulty and contained
[0.961s]    "/usr/lib/cmake/vtk-7.1/VTKTargets.cmake"
[0.961s] but not all the files it references.
[0.961s] 
[0.961s] -- The imported target "vtkRenderingPythonTkWidgets" references the file
[0.961s]    "/usr/lib/x86_64-linux-gnu/libvtkRenderingPythonTkWidgets.so"
[0.961s] but this file does not exist.  Possible reasons include:
[0.961s] * The file was deleted, renamed, or moved to another location.
[0.961s] * An install or uninstall procedure did not complete successfully.
[0.961s] * The installation package was faulty and contained
[0.961s]    "/usr/lib/cmake/vtk-7.1/VTKTargets.cmake"
[0.961s] but not all the files it references.
[0.961s] 
[0.961s] -- The imported target "vtk" references the file
[0.961s]    "/usr/bin/vtk"
[0.961s] but this file does not exist.  Possible reasons include:
[0.961s] * The file was deleted, renamed, or moved to another location.
[0.961s] * An install or uninstall procedure did not complete successfully.
[0.961s] * The installation package was faulty and contained
[0.961s]    "/usr/lib/cmake/vtk-7.1/VTKTargets.cmake"
[0.962s] but not all the files it references.
[0.962s] 
[0.962s] -- The imported target "pvtk" references the file
[0.962s]    "/usr/bin/pvtk"
[0.962s] but this file does not exist.  Possible reasons include:
[0.962s] * The file was deleted, renamed, or moved to another location.
[0.962s] * An install or uninstall procedure did not complete successfully.
[0.962s] * The installation package was faulty and contained
[0.962s]    "/usr/lib/cmake/vtk-7.1/VTKTargets.cmake"
[0.962s] but not all the files it references.
[0.962s] 
[0.977s] -- Checking for module 'libusb-1.0'
[0.986s] --   Found libusb-1.0, version 1.0.23
[1.010s] [33mCMake Warning (dev) at /usr/local/share/cmake-3.22/Modules/FindPackageHandleStandardArgs.cmake:438 (message):
[1.010s]   The package name passed to `find_package_handle_standard_args` (USB_10)
[1.010s]   does not match the name of the calling package (OpenNI).  This can lead to
[1.010s]   problems in calling code that expects `find_package` result variables
[1.010s]   (e.g., `_FOUND`) to follow a certain pattern.
[1.010s] Call Stack (most recent call first):
[1.010s]   /usr/lib/x86_64-linux-gnu/cmake/pcl/Modules/FindOpenNI.cmake:28 (find_package_handle_standard_args)
[1.010s]   /usr/lib/x86_64-linux-gnu/cmake/pcl/PCLConfig.cmake:179 (find_package)
[1.010s]   /usr/lib/x86_64-linux-gnu/cmake/pcl/PCLConfig.cmake:322 (find_openni)
[1.010s]   /usr/lib/x86_64-linux-gnu/cmake/pcl/PCLConfig.cmake:548 (find_external_library)
[1.010s]   CMakeLists.txt:39 (find_package)
[1.010s] This warning is for project developers.  Use -Wno-dev to suppress it.
[1.010s] [0m
[1.010s] -- Found USB_10: /usr/lib/x86_64-linux-gnu/libusb-1.0.so  
[1.042s] -- OpenNI found (include: /usr/include/ni, lib: /usr/lib/libOpenNI.so)
[1.045s] [33mCMake Warning (dev) at /usr/local/share/cmake-3.22/Modules/FindPackageHandleStandardArgs.cmake:438 (message):
[1.045s]   The package name passed to `find_package_handle_standard_args` (USB_10)
[1.045s]   does not match the name of the calling package (OpenNI2).  This can lead to
[1.045s]   problems in calling code that expects `find_package` result variables
[1.045s]   (e.g., `_FOUND`) to follow a certain pattern.
[1.046s] Call Stack (most recent call first):
[1.046s]   /usr/lib/x86_64-linux-gnu/cmake/pcl/Modules/FindOpenNI2.cmake:28 (find_package_handle_standard_args)
[1.046s]   /usr/lib/x86_64-linux-gnu/cmake/pcl/PCLConfig.cmake:193 (find_package)
[1.046s]   /usr/lib/x86_64-linux-gnu/cmake/pcl/PCLConfig.cmake:324 (find_openni2)
[1.046s]   /usr/lib/x86_64-linux-gnu/cmake/pcl/PCLConfig.cmake:548 (find_external_library)
[1.046s]   CMakeLists.txt:39 (find_package)
[1.046s] This warning is for project developers.  Use -Wno-dev to suppress it.
[1.046s] [0m
[1.079s] -- OpenNI2 found (include: /usr/include/openni2, lib: /usr/lib/libOpenNI2.so)
[1.086s] [33mCMake Warning (dev) at /usr/local/share/cmake-3.22/Modules/FindPackageHandleStandardArgs.cmake:438 (message):
[1.086s]   The package name passed to `find_package_handle_standard_args` (libusb-1.0)
[1.086s]   does not match the name of the calling package (PCL).  This can lead to
[1.086s]   problems in calling code that expects `find_package` result variables
[1.086s]   (e.g., `_FOUND`) to follow a certain pattern.
[1.086s] Call Stack (most recent call first):
[1.086s]   /usr/lib/x86_64-linux-gnu/cmake/pcl/PCLConfig.cmake:291 (find_package_handle_standard_args)
[1.086s]   /usr/lib/x86_64-linux-gnu/cmake/pcl/PCLConfig.cmake:338 (find_libusb)
[1.086s]   /usr/lib/x86_64-linux-gnu/cmake/pcl/PCLConfig.cmake:548 (find_external_library)
[1.086s]   CMakeLists.txt:39 (find_package)
[1.086s] This warning is for project developers.  Use -Wno-dev to suppress it.
[1.087s] [0m
[1.087s] -- Found libusb-1.0: /usr/include  
[1.089s] [33mCMake Warning (dev) at /usr/local/share/cmake-3.22/Modules/FindPackageHandleStandardArgs.cmake:438 (message):
[1.089s]   The package name passed to `find_package_handle_standard_args` (USB_10)
[1.089s]   does not match the name of the calling package (OpenNI).  This can lead to
[1.089s]   problems in calling code that expects `find_package` result variables
[1.089s]   (e.g., `_FOUND`) to follow a certain pattern.
[1.090s] Call Stack (most recent call first):
[1.090s]   /usr/lib/x86_64-linux-gnu/cmake/pcl/Modules/FindOpenNI.cmake:28 (find_package_handle_standard_args)
[1.090s]   /usr/lib/x86_64-linux-gnu/cmake/pcl/PCLConfig.cmake:179 (find_package)
[1.090s]   /usr/lib/x86_64-linux-gnu/cmake/pcl/PCLConfig.cmake:322 (find_openni)
[1.090s]   /usr/lib/x86_64-linux-gnu/cmake/pcl/PCLConfig.cmake:548 (find_external_library)
[1.090s]   CMakeLists.txt:39 (find_package)
[1.090s] This warning is for project developers.  Use -Wno-dev to suppress it.
[1.090s] [0m
[1.090s] -- OpenNI found (include: /usr/include/ni, lib: /usr/lib/libOpenNI.so)
[1.094s] [33mCMake Warning (dev) at /usr/local/share/cmake-3.22/Modules/FindPackageHandleStandardArgs.cmake:438 (message):
[1.094s]   The package name passed to `find_package_handle_standard_args` (USB_10)
[1.094s]   does not match the name of the calling package (OpenNI2).  This can lead to
[1.094s]   problems in calling code that expects `find_package` result variables
[1.094s]   (e.g., `_FOUND`) to follow a certain pattern.
[1.094s] Call Stack (most recent call first):
[1.094s]   /usr/lib/x86_64-linux-gnu/cmake/pcl/Modules/FindOpenNI2.cmake:28 (find_package_handle_standard_args)
[1.094s]   /usr/lib/x86_64-linux-gnu/cmake/pcl/PCLConfig.cmake:193 (find_package)
[1.094s]   /usr/lib/x86_64-linux-gnu/cmake/pcl/PCLConfig.cmake:324 (find_openni2)
[1.094s]   /usr/lib/x86_64-linux-gnu/cmake/pcl/PCLConfig.cmake:548 (find_external_library)
[1.094s]   CMakeLists.txt:39 (find_package)
[1.094s] This warning is for project developers.  Use -Wno-dev to suppress it.
[1.094s] [0m
[1.094s] -- OpenNI2 found (include: /usr/include/openni2, lib: /usr/lib/libOpenNI2.so)
[1.120s] -- Found Qhull: optimized;/usr/lib/x86_64-linux-gnu/libqhull.so;debug;/usr/lib/x86_64-linux-gnu/libqhull.so  
[1.120s] -- QHULL found (include: /usr/include, lib: optimized;/usr/lib/x86_64-linux-gnu/libqhull.so;debug;/usr/lib/x86_64-linux-gnu/libqhull.so)
[1.124s] [33mCMake Warning (dev) at /usr/local/share/cmake-3.22/Modules/FindPackageHandleStandardArgs.cmake:438 (message):
[1.124s]   The package name passed to `find_package_handle_standard_args` (USB_10)
[1.124s]   does not match the name of the calling package (OpenNI).  This can lead to
[1.124s]   problems in calling code that expects `find_package` result variables
[1.124s]   (e.g., `_FOUND`) to follow a certain pattern.
[1.124s] Call Stack (most recent call first):
[1.124s]   /usr/lib/x86_64-linux-gnu/cmake/pcl/Modules/FindOpenNI.cmake:28 (find_package_handle_standard_args)
[1.124s]   /usr/lib/x86_64-linux-gnu/cmake/pcl/PCLConfig.cmake:179 (find_package)
[1.124s]   /usr/lib/x86_64-linux-gnu/cmake/pcl/PCLConfig.cmake:322 (find_openni)
[1.124s]   /usr/lib/x86_64-linux-gnu/cmake/pcl/PCLConfig.cmake:548 (find_external_library)
[1.124s]   CMakeLists.txt:39 (find_package)
[1.124s] This warning is for project developers.  Use -Wno-dev to suppress it.
[1.124s] [0m
[1.124s] -- OpenNI found (include: /usr/include/ni, lib: /usr/lib/libOpenNI.so)
[1.131s] [33mCMake Warning (dev) at /usr/local/share/cmake-3.22/Modules/FindPackageHandleStandardArgs.cmake:438 (message):
[1.131s]   The package name passed to `find_package_handle_standard_args` (PCL_COMMON)
[1.131s]   does not match the name of the calling package (PCL).  This can lead to
[1.131s]   problems in calling code that expects `find_package` result variables
[1.131s]   (e.g., `_FOUND`) to follow a certain pattern.
[1.132s] Call Stack (most recent call first):
[1.132s]   /usr/lib/x86_64-linux-gnu/cmake/pcl/PCLConfig.cmake:616 (find_package_handle_standard_args)
[1.132s]   CMakeLists.txt:39 (find_package)
[1.132s] This warning is for project developers.  Use -Wno-dev to suppress it.
[1.132s] [0m
[1.132s] -- Found PCL_COMMON: /usr/lib/x86_64-linux-gnu/libpcl_common.so  
[1.132s] [33mCMake Warning (dev) at /usr/local/share/cmake-3.22/Modules/FindPackageHandleStandardArgs.cmake:438 (message):
[1.132s]   The package name passed to `find_package_handle_standard_args` (PCL_KDTREE)
[1.132s]   does not match the name of the calling package (PCL).  This can lead to
[1.132s]   problems in calling code that expects `find_package` result variables
[1.132s]   (e.g., `_FOUND`) to follow a certain pattern.
[1.132s] Call Stack (most recent call first):
[1.132s]   /usr/lib/x86_64-linux-gnu/cmake/pcl/PCLConfig.cmake:616 (find_package_handle_standard_args)
[1.132s]   CMakeLists.txt:39 (find_package)
[1.132s] This warning is for project developers.  Use -Wno-dev to suppress it.
[1.132s] [0m
[1.132s] -- Found PCL_KDTREE: /usr/lib/x86_64-linux-gnu/libpcl_kdtree.so  
[1.133s] [33mCMake Warning (dev) at /usr/local/share/cmake-3.22/Modules/FindPackageHandleStandardArgs.cmake:438 (message):
[1.133s]   The package name passed to `find_package_handle_standard_args` (PCL_OCTREE)
[1.133s]   does not match the name of the calling package (PCL).  This can lead to
[1.133s]   problems in calling code that expects `find_package` result variables
[1.133s]   (e.g., `_FOUND`) to follow a certain pattern.
[1.133s] Call Stack (most recent call first):
[1.133s]   /usr/lib/x86_64-linux-gnu/cmake/pcl/PCLConfig.cmake:616 (find_package_handle_standard_args)
[1.133s]   CMakeLists.txt:39 (find_package)
[1.133s] This warning is for project developers.  Use -Wno-dev to suppress it.
[1.133s] [0m
[1.133s] -- Found PCL_OCTREE: /usr/lib/x86_64-linux-gnu/libpcl_octree.so  
[1.134s] [33mCMake Warning (dev) at /usr/local/share/cmake-3.22/Modules/FindPackageHandleStandardArgs.cmake:438 (message):
[1.134s]   The package name passed to `find_package_handle_standard_args` (PCL_SEARCH)
[1.134s]   does not match the name of the calling package (PCL).  This can lead to
[1.134s]   problems in calling code that expects `find_package` result variables
[1.134s]   (e.g., `_FOUND`) to follow a certain pattern.
[1.134s] Call Stack (most recent call first):
[1.134s]   /usr/lib/x86_64-linux-gnu/cmake/pcl/PCLConfig.cmake:616 (find_package_handle_standard_args)
[1.134s]   CMakeLists.txt:39 (find_package)
[1.134s] This warning is for project developers.  Use -Wno-dev to suppress it.
[1.134s] [0m
[1.134s] -- Found PCL_SEARCH: /usr/lib/x86_64-linux-gnu/libpcl_search.so  
[1.134s] [33mCMake Warning (dev) at /usr/local/share/cmake-3.22/Modules/FindPackageHandleStandardArgs.cmake:438 (message):
[1.134s]   The package name passed to `find_package_handle_standard_args`
[1.134s]   (PCL_SAMPLE_CONSENSUS) does not match the name of the calling package
[1.134s]   (PCL).  This can lead to problems in calling code that expects
[1.134s]   `find_package` result variables (e.g., `_FOUND`) to follow a certain
[1.135s]   pattern.
[1.135s] Call Stack (most recent call first):
[1.135s]   /usr/lib/x86_64-linux-gnu/cmake/pcl/PCLConfig.cmake:616 (find_package_handle_standard_args)
[1.135s]   CMakeLists.txt:39 (find_package)
[1.135s] This warning is for project developers.  Use -Wno-dev to suppress it.
[1.135s] [0m
[1.135s] -- Found PCL_SAMPLE_CONSENSUS: /usr/lib/x86_64-linux-gnu/libpcl_sample_consensus.so  
[1.135s] [33mCMake Warning (dev) at /usr/local/share/cmake-3.22/Modules/FindPackageHandleStandardArgs.cmake:438 (message):
[1.135s]   The package name passed to `find_package_handle_standard_args`
[1.135s]   (PCL_FILTERS) does not match the name of the calling package (PCL).  This
[1.135s]   can lead to problems in calling code that expects `find_package` result
[1.135s]   variables (e.g., `_FOUND`) to follow a certain pattern.
[1.135s] Call Stack (most recent call first):
[1.135s]   /usr/lib/x86_64-linux-gnu/cmake/pcl/PCLConfig.cmake:616 (find_package_handle_standard_args)
[1.135s]   CMakeLists.txt:39 (find_package)
[1.136s] This warning is for project developers.  Use -Wno-dev to suppress it.
[1.136s] [0m
[1.136s] -- Found PCL_FILTERS: /usr/lib/x86_64-linux-gnu/libpcl_filters.so  
[1.136s] [33mCMake Warning (dev) at /usr/local/share/cmake-3.22/Modules/FindPackageHandleStandardArgs.cmake:438 (message):
[1.136s]   The package name passed to `find_package_handle_standard_args` (PCL_2D)
[1.136s]   does not match the name of the calling package (PCL).  This can lead to
[1.136s]   problems in calling code that expects `find_package` result variables
[1.136s]   (e.g., `_FOUND`) to follow a certain pattern.
[1.136s] Call Stack (most recent call first):
[1.136s]   /usr/lib/x86_64-linux-gnu/cmake/pcl/PCLConfig.cmake:619 (find_package_handle_standard_args)
[1.136s]   CMakeLists.txt:39 (find_package)
[1.136s] This warning is for project developers.  Use -Wno-dev to suppress it.
[1.136s] [0m
[1.136s] -- Found PCL_2D: /usr/include/pcl-1.10  
[1.136s] [33mCMake Warning (dev) at /usr/local/share/cmake-3.22/Modules/FindPackageHandleStandardArgs.cmake:438 (message):
[1.136s]   The package name passed to `find_package_handle_standard_args`
[1.136s]   (PCL_GEOMETRY) does not match the name of the calling package (PCL).  This
[1.136s]   can lead to problems in calling code that expects `find_package` result
[1.136s]   variables (e.g., `_FOUND`) to follow a certain pattern.
[1.136s] Call Stack (most recent call first):
[1.136s]   /usr/lib/x86_64-linux-gnu/cmake/pcl/PCLConfig.cmake:619 (find_package_handle_standard_args)
[1.136s]   CMakeLists.txt:39 (find_package)
[1.136s] This warning is for project developers.  Use -Wno-dev to suppress it.
[1.137s] [0m
[1.137s] -- Found PCL_GEOMETRY: /usr/include/pcl-1.10  
[1.137s] [33mCMake Warning (dev) at /usr/local/share/cmake-3.22/Modules/FindPackageHandleStandardArgs.cmake:438 (message):
[1.137s]   The package name passed to `find_package_handle_standard_args` (PCL_IO)
[1.137s]   does not match the name of the calling package (PCL).  This can lead to
[1.137s]   problems in calling code that expects `find_package` result variables
[1.137s]   (e.g., `_FOUND`) to follow a certain pattern.
[1.137s] Call Stack (most recent call first):
[1.137s]   /usr/lib/x86_64-linux-gnu/cmake/pcl/PCLConfig.cmake:616 (find_package_handle_standard_args)
[1.137s]   CMakeLists.txt:39 (find_package)
[1.137s] This warning is for project developers.  Use -Wno-dev to suppress it.
[1.137s] [0m
[1.137s] -- Found PCL_IO: /usr/lib/x86_64-linux-gnu/libpcl_io.so  
[1.137s] [33mCMake Warning (dev) at /usr/local/share/cmake-3.22/Modules/FindPackageHandleStandardArgs.cmake:438 (message):
[1.137s]   The package name passed to `find_package_handle_standard_args`
[1.137s]   (PCL_FEATURES) does not match the name of the calling package (PCL).  This
[1.137s]   can lead to problems in calling code that expects `find_package` result
[1.137s]   variables (e.g., `_FOUND`) to follow a certain pattern.
[1.137s] Call Stack (most recent call first):
[1.137s]   /usr/lib/x86_64-linux-gnu/cmake/pcl/PCLConfig.cmake:616 (find_package_handle_standard_args)
[1.137s]   CMakeLists.txt:39 (find_package)
[1.138s] This warning is for project developers.  Use -Wno-dev to suppress it.
[1.138s] [0m
[1.138s] -- Found PCL_FEATURES: /usr/lib/x86_64-linux-gnu/libpcl_features.so  
[1.138s] [33mCMake Warning (dev) at /usr/local/share/cmake-3.22/Modules/FindPackageHandleStandardArgs.cmake:438 (message):
[1.138s]   The package name passed to `find_package_handle_standard_args` (PCL_ML)
[1.138s]   does not match the name of the calling package (PCL).  This can lead to
[1.138s]   problems in calling code that expects `find_package` result variables
[1.138s]   (e.g., `_FOUND`) to follow a certain pattern.
[1.138s] Call Stack (most recent call first):
[1.138s]   /usr/lib/x86_64-linux-gnu/cmake/pcl/PCLConfig.cmake:616 (find_package_handle_standard_args)
[1.138s]   CMakeLists.txt:39 (find_package)
[1.138s] This warning is for project developers.  Use -Wno-dev to suppress it.
[1.138s] [0m
[1.138s] -- Found PCL_ML: /usr/lib/x86_64-linux-gnu/libpcl_ml.so  
[1.139s] [33mCMake Warning (dev) at /usr/local/share/cmake-3.22/Modules/FindPackageHandleStandardArgs.cmake:438 (message):
[1.139s]   The package name passed to `find_package_handle_standard_args`
[1.139s]   (PCL_SEGMENTATION) does not match the name of the calling package (PCL).
[1.139s]   This can lead to problems in calling code that expects `find_package`
[1.139s]   result variables (e.g., `_FOUND`) to follow a certain pattern.
[1.139s] Call Stack (most recent call first):
[1.139s]   /usr/lib/x86_64-linux-gnu/cmake/pcl/PCLConfig.cmake:616 (find_package_handle_standard_args)
[1.139s]   CMakeLists.txt:39 (find_package)
[1.139s] This warning is for project developers.  Use -Wno-dev to suppress it.
[1.139s] [0m
[1.139s] -- Found PCL_SEGMENTATION: /usr/lib/x86_64-linux-gnu/libpcl_segmentation.so  
[1.140s] [33mCMake Warning (dev) at /usr/local/share/cmake-3.22/Modules/FindPackageHandleStandardArgs.cmake:438 (message):
[1.140s]   The package name passed to `find_package_handle_standard_args`
[1.140s]   (PCL_VISUALIZATION) does not match the name of the calling package (PCL).
[1.140s]   This can lead to problems in calling code that expects `find_package`
[1.140s]   result variables (e.g., `_FOUND`) to follow a certain pattern.
[1.140s] Call Stack (most recent call first):
[1.140s]   /usr/lib/x86_64-linux-gnu/cmake/pcl/PCLConfig.cmake:616 (find_package_handle_standard_args)
[1.140s]   CMakeLists.txt:39 (find_package)
[1.140s] This warning is for project developers.  Use -Wno-dev to suppress it.
[1.140s] [0m
[1.140s] -- Found PCL_VISUALIZATION: /usr/lib/x86_64-linux-gnu/libpcl_visualization.so  
[1.140s] [33mCMake Warning (dev) at /usr/local/share/cmake-3.22/Modules/FindPackageHandleStandardArgs.cmake:438 (message):
[1.141s]   The package name passed to `find_package_handle_standard_args`
[1.141s]   (PCL_SURFACE) does not match the name of the calling package (PCL).  This
[1.141s]   can lead to problems in calling code that expects `find_package` result
[1.141s]   variables (e.g., `_FOUND`) to follow a certain pattern.
[1.141s] Call Stack (most recent call first):
[1.141s]   /usr/lib/x86_64-linux-gnu/cmake/pcl/PCLConfig.cmake:616 (find_package_handle_standard_args)
[1.141s]   CMakeLists.txt:39 (find_package)
[1.141s] This warning is for project developers.  Use -Wno-dev to suppress it.
[1.141s] [0m
[1.141s] -- Found PCL_SURFACE: /usr/lib/x86_64-linux-gnu/libpcl_surface.so  
[1.141s] [33mCMake Warning (dev) at /usr/local/share/cmake-3.22/Modules/FindPackageHandleStandardArgs.cmake:438 (message):
[1.141s]   The package name passed to `find_package_handle_standard_args`
[1.141s]   (PCL_REGISTRATION) does not match the name of the calling package (PCL).
[1.141s]   This can lead to problems in calling code that expects `find_package`
[1.141s]   result variables (e.g., `_FOUND`) to follow a certain pattern.
[1.141s] Call Stack (most recent call first):
[1.142s]   /usr/lib/x86_64-linux-gnu/cmake/pcl/PCLConfig.cmake:616 (find_package_handle_standard_args)
[1.142s]   CMakeLists.txt:39 (find_package)
[1.142s] This warning is for project developers.  Use -Wno-dev to suppress it.
[1.142s] [0m
[1.142s] -- Found PCL_REGISTRATION: /usr/lib/x86_64-linux-gnu/libpcl_registration.so  
[1.142s] [33mCMake Warning (dev) at /usr/local/share/cmake-3.22/Modules/FindPackageHandleStandardArgs.cmake:438 (message):
[1.142s]   The package name passed to `find_package_handle_standard_args`
[1.142s]   (PCL_KEYPOINTS) does not match the name of the calling package (PCL).  This
[1.142s]   can lead to problems in calling code that expects `find_package` result
[1.142s]   variables (e.g., `_FOUND`) to follow a certain pattern.
[1.142s] Call Stack (most recent call first):
[1.142s]   /usr/lib/x86_64-linux-gnu/cmake/pcl/PCLConfig.cmake:616 (find_package_handle_standard_args)
[1.142s]   CMakeLists.txt:39 (find_package)
[1.142s] This warning is for project developers.  Use -Wno-dev to suppress it.
[1.143s] [0m
[1.143s] -- Found PCL_KEYPOINTS: /usr/lib/x86_64-linux-gnu/libpcl_keypoints.so  
[1.143s] [33mCMake Warning (dev) at /usr/local/share/cmake-3.22/Modules/FindPackageHandleStandardArgs.cmake:438 (message):
[1.143s]   The package name passed to `find_package_handle_standard_args`
[1.143s]   (PCL_TRACKING) does not match the name of the calling package (PCL).  This
[1.143s]   can lead to problems in calling code that expects `find_package` result
[1.143s]   variables (e.g., `_FOUND`) to follow a certain pattern.
[1.143s] Call Stack (most recent call first):
[1.143s]   /usr/lib/x86_64-linux-gnu/cmake/pcl/PCLConfig.cmake:616 (find_package_handle_standard_args)
[1.143s]   CMakeLists.txt:39 (find_package)
[1.143s] This warning is for project developers.  Use -Wno-dev to suppress it.
[1.143s] [0m
[1.143s] -- Found PCL_TRACKING: /usr/lib/x86_64-linux-gnu/libpcl_tracking.so  
[1.144s] [33mCMake Warning (dev) at /usr/local/share/cmake-3.22/Modules/FindPackageHandleStandardArgs.cmake:438 (message):
[1.144s]   The package name passed to `find_package_handle_standard_args`
[1.144s]   (PCL_RECOGNITION) does not match the name of the calling package (PCL).
[1.144s]   This can lead to problems in calling code that expects `find_package`
[1.144s]   result variables (e.g., `_FOUND`) to follow a certain pattern.
[1.144s] Call Stack (most recent call first):
[1.144s]   /usr/lib/x86_64-linux-gnu/cmake/pcl/PCLConfig.cmake:616 (find_package_handle_standard_args)
[1.144s]   CMakeLists.txt:39 (find_package)
[1.144s] This warning is for project developers.  Use -Wno-dev to suppress it.
[1.144s] [0m
[1.144s] -- Found PCL_RECOGNITION: /usr/lib/x86_64-linux-gnu/libpcl_recognition.so  
[1.145s] [33mCMake Warning (dev) at /usr/local/share/cmake-3.22/Modules/FindPackageHandleStandardArgs.cmake:438 (message):
[1.145s]   The package name passed to `find_package_handle_standard_args` (PCL_STEREO)
[1.145s]   does not match the name of the calling package (PCL).  This can lead to
[1.145s]   problems in calling code that expects `find_package` result variables
[1.145s]   (e.g., `_FOUND`) to follow a certain pattern.
[1.145s] Call Stack (most recent call first):
[1.145s]   /usr/lib/x86_64-linux-gnu/cmake/pcl/PCLConfig.cmake:616 (find_package_handle_standard_args)
[1.145s]   CMakeLists.txt:39 (find_package)
[1.145s] This warning is for project developers.  Use -Wno-dev to suppress it.
[1.145s] [0m
[1.145s] -- Found PCL_STEREO: /usr/lib/x86_64-linux-gnu/libpcl_stereo.so  
[1.145s] [33mCMake Warning (dev) at /usr/local/share/cmake-3.22/Modules/FindPackageHandleStandardArgs.cmake:438 (message):
[1.146s]   The package name passed to `find_package_handle_standard_args` (PCL_APPS)
[1.146s]   does not match the name of the calling package (PCL).  This can lead to
[1.146s]   problems in calling code that expects `find_package` result variables
[1.146s]   (e.g., `_FOUND`) to follow a certain pattern.
[1.146s] Call Stack (most recent call first):
[1.146s]   /usr/lib/x86_64-linux-gnu/cmake/pcl/PCLConfig.cmake:616 (find_package_handle_standard_args)
[1.146s]   CMakeLists.txt:39 (find_package)
[1.146s] This warning is for project developers.  Use -Wno-dev to suppress it.
[1.146s] [0m
[1.146s] -- Found PCL_APPS: /usr/lib/x86_64-linux-gnu/libpcl_apps.so  
[1.146s] -- Found PCL_IN_HAND_SCANNER: /usr/include/pcl-1.10  
[1.146s] [33mCMake Warning (dev) at /usr/local/share/cmake-3.22/Modules/FindPackageHandleStandardArgs.cmake:438 (message):
[1.146s]   The package name passed to `find_package_handle_standard_args`
[1.146s]   (PCL_IN_HAND_SCANNER) does not match the name of the calling package (PCL).
[1.146s]   This can lead to problems in calling code that expects `find_package`
[1.146s]   result variables (e.g., `_FOUND`) to follow a certain pattern.
[1.146s] Call Stack (most recent call first):
[1.146s]   /usr/lib/x86_64-linux-gnu/cmake/pcl/PCLConfig.cmake:619 (find_package_handle_standard_args)
[1.147s]   CMakeLists.txt:39 (find_package)
[1.147s] This warning is for project developers.  Use -Wno-dev to suppress it.
[1.147s] [0m
[1.147s] [33mCMake Warning (dev) at /usr/local/share/cmake-3.22/Modules/FindPackageHandleStandardArgs.cmake:438 (message):
[1.147s]   The package name passed to `find_package_handle_standard_args`
[1.147s]   (PCL_POINT_CLOUD_EDITOR) does not match the name of the calling package
[1.147s]   (PCL).  This can lead to problems in calling code that expects
[1.147s]   `find_package` result variables (e.g., `_FOUND`) to follow a certain
[1.147s]   pattern.
[1.147s] Call Stack (most recent call first):
[1.147s]   /usr/lib/x86_64-linux-gnu/cmake/pcl/PCLConfig.cmake:619 (find_package_handle_standard_args)
[1.147s]   CMakeLists.txt:39 (find_package)
[1.147s] This warning is for project developers.  Use -Wno-dev to suppress it.
[1.147s] [0m
[1.147s] -- Found PCL_POINT_CLOUD_EDITOR: /usr/include/pcl-1.10  
[1.147s] [33mCMake Warning (dev) at /usr/local/share/cmake-3.22/Modules/FindPackageHandleStandardArgs.cmake:438 (message):
[1.147s]   The package name passed to `find_package_handle_standard_args`
[1.147s]   (PCL_OUTOFCORE) does not match the name of the calling package (PCL).  This
[1.147s]   can lead to problems in calling code that expects `find_package` result
[1.147s]   variables (e.g., `_FOUND`) to follow a certain pattern.
[1.147s] Call Stack (most recent call first):
[1.147s]   /usr/lib/x86_64-linux-gnu/cmake/pcl/PCLConfig.cmake:616 (find_package_handle_standard_args)
[1.147s]   CMakeLists.txt:39 (find_package)
[1.147s] This warning is for project developers.  Use -Wno-dev to suppress it.
[1.148s] [0m
[1.148s] -- Found PCL_OUTOFCORE: /usr/lib/x86_64-linux-gnu/libpcl_outofcore.so  
[1.148s] [33mCMake Warning (dev) at /usr/local/share/cmake-3.22/Modules/FindPackageHandleStandardArgs.cmake:438 (message):
[1.148s]   The package name passed to `find_package_handle_standard_args` (PCL_PEOPLE)
[1.148s]   does not match the name of the calling package (PCL).  This can lead to
[1.148s]   problems in calling code that expects `find_package` result variables
[1.148s]   (e.g., `_FOUND`) to follow a certain pattern.
[1.148s] Call Stack (most recent call first):
[1.148s]   /usr/lib/x86_64-linux-gnu/cmake/pcl/PCLConfig.cmake:616 (find_package_handle_standard_args)
[1.148s]   CMakeLists.txt:39 (find_package)
[1.148s] This warning is for project developers.  Use -Wno-dev to suppress it.
[1.148s] [0m
[1.148s] -- Found PCL_PEOPLE: /usr/lib/x86_64-linux-gnu/libpcl_people.so  
[1.156s] -- Found OpenCV: /usr (found version "4.2.0") 
[1.158s] -- Found nav_msgs: 2.2.4 (/opt/ros/galactic/share/nav_msgs/cmake)
[1.202s] -- Found rosidl_default_generators: 1.1.1 (/opt/ros/galactic/share/rosidl_default_generators/cmake)
[1.212s] -- Found Boost: /usr/include (found version "1.71.0")  
[1.214s] -- Found tf2: 0.17.3 (/opt/ros/galactic/share/tf2/cmake)
[1.222s] -- Found tf2_ros: 0.17.3 (/opt/ros/galactic/share/tf2_ros/cmake)
[1.437s] -- Found ament_lint_auto: 0.10.7 (/opt/ros/galactic/share/ament_lint_auto/cmake)
[1.481s] [31mCMake Error at /opt/ros/galactic/share/ament_cmake_core/cmake/core/ament_package_xml.cmake:53 (message):
[1.481s]   ament_package_xml() package name 'odom_map_tum' in '/package.xml' does not
[1.481s]   match current PROJECT_NAME 'odom_map_for_rviz'.  You must call project()
[1.481s]   with the same package name before.
[1.481s] Call Stack (most recent call first):
[1.481s]   /opt/ros/galactic/share/ament_lint_auto/cmake/ament_lint_auto_find_test_dependencies.cmake:31 (ament_package_xml)
[1.481s]   CMakeLists.txt:65 (ament_lint_auto_find_test_dependencies)
[1.481s] 
[1.481s] [0m
[1.481s] -- Configuring incomplete, errors occurred!
[1.481s] See also "/home/baixiaobo/work/chassiss_odom_ws/ros2_for_rviz/odom_evo/build/odom_map_tum/CMakeFiles/CMakeOutput.log".
[1.481s] See also "/home/baixiaobo/work/chassiss_odom_ws/ros2_for_rviz/odom_evo/build/odom_map_tum/CMakeFiles/CMakeError.log".
[1.492s] Invoked command in '/home/baixiaobo/work/chassiss_odom_ws/ros2_for_rviz/odom_evo/build/odom_map_tum' returned '1': CMAKE_PREFIX_PATH=${CMAKE_PREFIX_PATH}:/home/baixiaobo/work/chassiss_odom_ws/ros2_for_rviz/odom_evo/install/odom_map:/opt/ros/galactic /usr/local/bin/cmake /home/baixiaobo/work/chassiss_odom_ws/ros2_for_rviz/odom_evo -DCMAKE_INSTALL_PREFIX=/home/baixiaobo/work/chassiss_odom_ws/ros2_for_rviz/odom_evo/install/odom_map_tum
