[0.014s] Invoking command in '/home/baixiaobo/work/chassiss_odom_ws/ros2_for_rviz/build/odom_map_for_rviz': CMAKE_PREFIX_PATH=/opt/ros/galactic /usr/local/bin/cmake --build /home/baixiaobo/work/chassiss_odom_ws/ros2_for_rviz/build/odom_map_for_rviz -- -j16 -l16
[0.039s] [35m[1mConsolidate compiler generated dependencies of target odom_map_for_rviz[0m
[0.089s] [  2%] [32mBuilding CXX object CMakeFiles/odom_map_for_rviz.dir/src/local_map_on_odom.cpp.o[0m
[1.334s] In file included from [01m[K/home/baixiaobo/work/chassiss_odom_ws/ros2_for_rviz/include/odom_ins_subscriber_for_rviz.hpp:9[m[K,
[1.334s]                  from [01m[K/home/baixiaobo/work/chassiss_odom_ws/ros2_for_rviz/src/local_map_on_odom.cpp:9[m[K:
[1.334s] [01m[K/home/baixiaobo/work/chassiss_odom_ws/ros2_for_rviz/include/odom_header.h:60:33:[m[K [01;35m[Kwarning: [m[Kmissing terminating " character
[1.334s]    60 | #include "nav_msgs/msg/path.hpp"[01;35m[K"[m[K
[1.334s]       |                                 [01;35m[K^[m[K
[1.334s] [01m[K/home/baixiaobo/work/chassiss_odom_ws/ros2_for_rviz/include/odom_header.h:60:33:[m[K [01;35m[Kwarning: [m[Kextra tokens at end of #include directive
[1.376s] In file included from [01m[K/home/baixiaobo/work/chassiss_odom_ws/ros2_for_rviz/src/local_map_on_odom.cpp:12[m[K:
[1.376s] [01m[K/home/baixiaobo/work/chassiss_odom_ws/ros2_for_rviz/include/odom_header.h:60:33:[m[K [01;35m[Kwarning: [m[Kmissing terminating " character
[1.376s]    60 | #include "nav_msgs/msg/path.hpp"[01;35m[K"[m[K
[1.376s]       |                                 [01;35m[K^[m[K
[15.396s] [  5%] [32m[1mLinking CXX executable odom_map_for_rviz[0m
[17.214s] [100%] Built target odom_map_for_rviz
[17.223s] Invoked command in '/home/baixiaobo/work/chassiss_odom_ws/ros2_for_rviz/build/odom_map_for_rviz' returned '0': CMAKE_PREFIX_PATH=/opt/ros/galactic /usr/local/bin/cmake --build /home/baixiaobo/work/chassiss_odom_ws/ros2_for_rviz/build/odom_map_for_rviz -- -j16 -l16
[17.270s] Invoking command in '/home/baixiaobo/work/chassiss_odom_ws/ros2_for_rviz/build/odom_map_for_rviz': CMAKE_PREFIX_PATH=/opt/ros/galactic /usr/local/bin/cmake --install /home/baixiaobo/work/chassiss_odom_ws/ros2_for_rviz/build/odom_map_for_rviz
[17.272s] -- Install configuration: "RELEASE"
[17.273s] -- Installing: /home/baixiaobo/work/chassiss_odom_ws/ros2_for_rviz/install/odom_map_for_rviz/lib/odom_map_for_rviz/odom_map_for_rviz
[17.277s] -- Set runtime path of "/home/baixiaobo/work/chassiss_odom_ws/ros2_for_rviz/install/odom_map_for_rviz/lib/odom_map_for_rviz/odom_map_for_rviz" to ""
[17.277s] -- Installing: /home/baixiaobo/work/chassiss_odom_ws/ros2_for_rviz/install/odom_map_for_rviz/share/ament_index/resource_index/package_run_dependencies/odom_map_for_rviz
[17.277s] -- Installing: /home/baixiaobo/work/chassiss_odom_ws/ros2_for_rviz/install/odom_map_for_rviz/share/ament_index/resource_index/parent_prefix_path/odom_map_for_rviz
[17.277s] -- Up-to-date: /home/baixiaobo/work/chassiss_odom_ws/ros2_for_rviz/install/odom_map_for_rviz/share/odom_map_for_rviz/environment/ament_prefix_path.sh
[17.278s] -- Installing: /home/baixiaobo/work/chassiss_odom_ws/ros2_for_rviz/install/odom_map_for_rviz/share/odom_map_for_rviz/environment/ament_prefix_path.dsv
[17.278s] -- Up-to-date: /home/baixiaobo/work/chassiss_odom_ws/ros2_for_rviz/install/odom_map_for_rviz/share/odom_map_for_rviz/environment/path.sh
[17.278s] -- Installing: /home/baixiaobo/work/chassiss_odom_ws/ros2_for_rviz/install/odom_map_for_rviz/share/odom_map_for_rviz/environment/path.dsv
[17.278s] -- Installing: /home/baixiaobo/work/chassiss_odom_ws/ros2_for_rviz/install/odom_map_for_rviz/share/odom_map_for_rviz/local_setup.bash
[17.278s] -- Installing: /home/baixiaobo/work/chassiss_odom_ws/ros2_for_rviz/install/odom_map_for_rviz/share/odom_map_for_rviz/local_setup.sh
[17.278s] -- Installing: /home/baixiaobo/work/chassiss_odom_ws/ros2_for_rviz/install/odom_map_for_rviz/share/odom_map_for_rviz/local_setup.zsh
[17.278s] -- Installing: /home/baixiaobo/work/chassiss_odom_ws/ros2_for_rviz/install/odom_map_for_rviz/share/odom_map_for_rviz/local_setup.dsv
[17.278s] -- Installing: /home/baixiaobo/work/chassiss_odom_ws/ros2_for_rviz/install/odom_map_for_rviz/share/odom_map_for_rviz/package.dsv
[17.278s] -- Installing: /home/baixiaobo/work/chassiss_odom_ws/ros2_for_rviz/install/odom_map_for_rviz/share/ament_index/resource_index/packages/odom_map_for_rviz
[17.278s] -- Installing: /home/baixiaobo/work/chassiss_odom_ws/ros2_for_rviz/install/odom_map_for_rviz/share/odom_map_for_rviz/cmake/ament_cmake_export_dependencies-extras.cmake
[17.278s] -- Installing: /home/baixiaobo/work/chassiss_odom_ws/ros2_for_rviz/install/odom_map_for_rviz/share/odom_map_for_rviz/cmake/odom_map_for_rvizConfig.cmake
[17.278s] -- Installing: /home/baixiaobo/work/chassiss_odom_ws/ros2_for_rviz/install/odom_map_for_rviz/share/odom_map_for_rviz/cmake/odom_map_for_rvizConfig-version.cmake
[17.278s] -- Up-to-date: /home/baixiaobo/work/chassiss_odom_ws/ros2_for_rviz/install/odom_map_for_rviz/share/odom_map_for_rviz/package.xml
[17.280s] Invoked command in '/home/baixiaobo/work/chassiss_odom_ws/ros2_for_rviz/build/odom_map_for_rviz' returned '0': CMAKE_PREFIX_PATH=/opt/ros/galactic /usr/local/bin/cmake --install /home/baixiaobo/work/chassiss_odom_ws/ros2_for_rviz/build/odom_map_for_rviz
