[0.017s] Invoking command in '/home/baixiaobo/work/chassiss_odom_ws/ros2_for_rviz/ChassisOdomMap/build/odom_map_for_rviz': CMAKE_PREFIX_PATH=${CMAKE_PREFIX_PATH}:/opt/ros/galactic /usr/local/bin/cmake --build /home/baixiaobo/work/chassiss_odom_ws/ros2_for_rviz/ChassisOdomMap/build/odom_map_for_rviz -- -j16 -l16
[0.064s] [  2%] [32mBuilding CXX object CMakeFiles/odom_map_for_rviz.dir/src/local_map_on_odom.cpp.o[0m
[15.338s] [  5%] [32m[1mLinking CXX executable odom_map_for_rviz[0m
[17.055s] [100%] Built target odom_map_for_rviz
[17.064s] Invoked command in '/home/baixiaobo/work/chassiss_odom_ws/ros2_for_rviz/ChassisOdomMap/build/odom_map_for_rviz' returned '0': CMAKE_PREFIX_PATH=${CMAKE_PREFIX_PATH}:/opt/ros/galactic /usr/local/bin/cmake --build /home/baixiaobo/work/chassiss_odom_ws/ros2_for_rviz/ChassisOdomMap/build/odom_map_for_rviz -- -j16 -l16
[17.112s] Invoking command in '/home/baixiaobo/work/chassiss_odom_ws/ros2_for_rviz/ChassisOdomMap/build/odom_map_for_rviz': CMAKE_PREFIX_PATH=${CMAKE_PREFIX_PATH}:/opt/ros/galactic /usr/local/bin/cmake --install /home/baixiaobo/work/chassiss_odom_ws/ros2_for_rviz/ChassisOdomMap/build/odom_map_for_rviz
[17.114s] -- Install configuration: "RELEASE"
[17.114s] -- Installing: /home/baixiaobo/work/chassiss_odom_ws/ros2_for_rviz/ChassisOdomMap/install/odom_map_for_rviz/lib/odom_map_for_rviz/odom_map_for_rviz
[17.119s] -- Set runtime path of "/home/baixiaobo/work/chassiss_odom_ws/ros2_for_rviz/ChassisOdomMap/install/odom_map_for_rviz/lib/odom_map_for_rviz/odom_map_for_rviz" to ""
[17.119s] -- Up-to-date: /home/baixiaobo/work/chassiss_odom_ws/ros2_for_rviz/ChassisOdomMap/install/odom_map_for_rviz/share/ament_index/resource_index/package_run_dependencies/odom_map_for_rviz
[17.119s] -- Up-to-date: /home/baixiaobo/work/chassiss_odom_ws/ros2_for_rviz/ChassisOdomMap/install/odom_map_for_rviz/share/ament_index/resource_index/parent_prefix_path/odom_map_for_rviz
[17.119s] -- Up-to-date: /home/baixiaobo/work/chassiss_odom_ws/ros2_for_rviz/ChassisOdomMap/install/odom_map_for_rviz/share/odom_map_for_rviz/environment/ament_prefix_path.sh
[17.119s] -- Up-to-date: /home/baixiaobo/work/chassiss_odom_ws/ros2_for_rviz/ChassisOdomMap/install/odom_map_for_rviz/share/odom_map_for_rviz/environment/ament_prefix_path.dsv
[17.119s] -- Up-to-date: /home/baixiaobo/work/chassiss_odom_ws/ros2_for_rviz/ChassisOdomMap/install/odom_map_for_rviz/share/odom_map_for_rviz/environment/path.sh
[17.119s] -- Up-to-date: /home/baixiaobo/work/chassiss_odom_ws/ros2_for_rviz/ChassisOdomMap/install/odom_map_for_rviz/share/odom_map_for_rviz/environment/path.dsv
[17.120s] -- Up-to-date: /home/baixiaobo/work/chassiss_odom_ws/ros2_for_rviz/ChassisOdomMap/install/odom_map_for_rviz/share/odom_map_for_rviz/local_setup.bash
[17.120s] -- Up-to-date: /home/baixiaobo/work/chassiss_odom_ws/ros2_for_rviz/ChassisOdomMap/install/odom_map_for_rviz/share/odom_map_for_rviz/local_setup.sh
[17.120s] -- Up-to-date: /home/baixiaobo/work/chassiss_odom_ws/ros2_for_rviz/ChassisOdomMap/install/odom_map_for_rviz/share/odom_map_for_rviz/local_setup.zsh
[17.120s] -- Up-to-date: /home/baixiaobo/work/chassiss_odom_ws/ros2_for_rviz/ChassisOdomMap/install/odom_map_for_rviz/share/odom_map_for_rviz/local_setup.dsv
[17.120s] -- Installing: /home/baixiaobo/work/chassiss_odom_ws/ros2_for_rviz/ChassisOdomMap/install/odom_map_for_rviz/share/odom_map_for_rviz/package.dsv
[17.120s] -- Up-to-date: /home/baixiaobo/work/chassiss_odom_ws/ros2_for_rviz/ChassisOdomMap/install/odom_map_for_rviz/share/ament_index/resource_index/packages/odom_map_for_rviz
[17.120s] -- Up-to-date: /home/baixiaobo/work/chassiss_odom_ws/ros2_for_rviz/ChassisOdomMap/install/odom_map_for_rviz/share/odom_map_for_rviz/cmake/ament_cmake_export_dependencies-extras.cmake
[17.120s] -- Up-to-date: /home/baixiaobo/work/chassiss_odom_ws/ros2_for_rviz/ChassisOdomMap/install/odom_map_for_rviz/share/odom_map_for_rviz/cmake/odom_map_for_rvizConfig.cmake
[17.120s] -- Up-to-date: /home/baixiaobo/work/chassiss_odom_ws/ros2_for_rviz/ChassisOdomMap/install/odom_map_for_rviz/share/odom_map_for_rviz/cmake/odom_map_for_rvizConfig-version.cmake
[17.120s] -- Up-to-date: /home/baixiaobo/work/chassiss_odom_ws/ros2_for_rviz/ChassisOdomMap/install/odom_map_for_rviz/share/odom_map_for_rviz/package.xml
[17.121s] Invoked command in '/home/baixiaobo/work/chassiss_odom_ws/ros2_for_rviz/ChassisOdomMap/build/odom_map_for_rviz' returned '0': CMAKE_PREFIX_PATH=${CMAKE_PREFIX_PATH}:/opt/ros/galactic /usr/local/bin/cmake --install /home/baixiaobo/work/chassiss_odom_ws/ros2_for_rviz/ChassisOdomMap/build/odom_map_for_rviz
